 Number of processors =           12
 Calculating potentials ...
muffin tin radii and interstitial parameters
 iph, rnrm(iph)*bohr, rmt(iph)*bohr, folp(iph)
    0  1.01797E+00  8.91366E-01  1.15000E+00
    1  1.80396E+00  1.73475E+00  1.10265E+00
    2  1.42667E+00  1.24835E+00  1.15000E+00
    3  1.03289E+00  9.15279E-01  1.15000E+00
              Core-valence separation
 ecv=   -34.000
 mu_old=     2.926
              SCF ITERATION NUMBER  1  OUT OF  30
 Calculating energy and space dependent l-DOS.  It takes time ...
     point #   1  energy = -34.000
     Doing FMS for a cluster of   24 atoms around iph =   0 in fmsie
    0   FMS matrix (LUD) at point   1, number of state kets = 216
     Doing FMS for a cluster of   23 atoms around iph =   1 in fmsie
    0   FMS matrix (LUD) at point   1, number of state kets = 207
     Doing FMS for a cluster of   26 atoms around iph =   2 in fmsie
    0   FMS matrix (LUD) at point   1, number of state kets = 234
     Doing FMS for a cluster of   28 atoms around iph =   3 in fmsie
    0   FMS matrix (LUD) at point   1, number of state kets = 252
  Electronic configuration
   iph    il      N_el
     0     0    1.790
     0     1    4.550
     0     2    0.121
     0     3    0.000
     1     0    0.287
     1     1    6.387
     1     2    0.954
     1     3    0.000
     2     0    0.684
     2     1    0.780
     2     2    6.767
     2     3    0.000
     3     0    1.804
     3     1    4.566
     3     2    0.106
     3     3    0.000
 mu_new=    -7.726
 Charge transfer:  iph  charge(iph)
       0   -0.088
       1    0.077
       2    0.143
       3   -0.091
              SCF ITERATION NUMBER  2  OUT OF  30
 Calculating energy and space dependent l-DOS.  It takes time ...
     point #   1  energy = -34.000
     Doing FMS for a cluster of   24 atoms around iph =   0 in fmsie
    0   FMS matrix (LUD) at point   1, number of state kets = 216
     Doing FMS for a cluster of   23 atoms around iph =   1 in fmsie
    0   FMS matrix (LUD) at point   1, number of state kets = 207
     Doing FMS for a cluster of   26 atoms around iph =   2 in fmsie
    0   FMS matrix (LUD) at point   1, number of state kets = 234
     Doing FMS for a cluster of   28 atoms around iph =   3 in fmsie
    0   FMS matrix (LUD) at point   1, number of state kets = 252
  Electronic configuration
   iph    il      N_el
     0     0    1.774
     0     1    4.320
     0     2    0.121
     0     3    0.000
     1     0    0.294
     1     1    6.395
     1     2    0.974
     1     3    0.000
     2     0    0.710
     2     1    0.781
     2     2    7.237
     2     3    0.000
     3     0    1.786
     3     1    4.328
     3     2    0.106
     3     3    0.000
 mu_new=    -7.934
 Charge transfer:  iph  charge(iph)
       0   -0.197
       1    0.297
       2    0.255
       3   -0.202
              SCF ITERATION NUMBER  3  OUT OF  30
 Calculating energy and space dependent l-DOS.  It takes time ...
     point #   1  energy = -34.000
     Doing FMS for a cluster of   24 atoms around iph =   0 in fmsie
    0   FMS matrix (LUD) at point   1, number of state kets = 216
     Doing FMS for a cluster of   23 atoms around iph =   1 in fmsie
    0   FMS matrix (LUD) at point   1, number of state kets = 207
     Doing FMS for a cluster of   26 atoms around iph =   2 in fmsie
    0   FMS matrix (LUD) at point   1, number of state kets = 234
     Doing FMS for a cluster of   28 atoms around iph =   3 in fmsie
    0   FMS matrix (LUD) at point   1, number of state kets = 252
  Electronic configuration
   iph    il      N_el
     0     0    1.761
     0     1    4.137
     0     2    0.124
     0     3    0.000
     1     0    0.313
     1     1    6.422
     1     2    1.083
     1     3    0.000
     2     0    0.736
     2     1    0.806
     2     2    7.426
     2     3    0.000
     3     0    1.777
     3     1    4.176
     3     2    0.109
     3     3    0.000
 mu_new=    -7.342
 Charge transfer:  iph  charge(iph)
       0   -0.164
       1    0.289
       2    0.210
       3   -0.177
              SCF ITERATION NUMBER  4  OUT OF  30
 Calculating energy and space dependent l-DOS.  It takes time ...
     point #   1  energy = -34.000
     Doing FMS for a cluster of   24 atoms around iph =   0 in fmsie
    0   FMS matrix (LUD) at point   1, number of state kets = 216
     Doing FMS for a cluster of   23 atoms around iph =   1 in fmsie
    0   FMS matrix (LUD) at point   1, number of state kets = 207
     Doing FMS for a cluster of   26 atoms around iph =   2 in fmsie
    0   FMS matrix (LUD) at point   1, number of state kets = 234
     Doing FMS for a cluster of   28 atoms around iph =   3 in fmsie
    0   FMS matrix (LUD) at point   1, number of state kets = 252
  Electronic configuration
   iph    il      N_el
     0     0    1.768
     0     1    4.237
     0     2    0.124
     0     3    0.000
     1     0    0.309
     1     1    6.416
     1     2    1.066
     1     3    0.000
     2     0    0.726
     2     1    0.804
     2     2    7.262
     2     3    0.000
     3     0    1.782
     3     1    4.265
     3     2    0.109
     3     3    0.000
 mu_new=    -7.249
 Charge transfer:  iph  charge(iph)
       0   -0.157
       1    0.274
       2    0.211
       3   -0.174
              SCF ITERATION NUMBER  5  OUT OF  30
 Calculating energy and space dependent l-DOS.  It takes time ...
     point #   1  energy = -34.000
     Doing FMS for a cluster of   24 atoms around iph =   0 in fmsie
    0   FMS matrix (LUD) at point   1, number of state kets = 216
     Doing FMS for a cluster of   23 atoms around iph =   1 in fmsie
    0   FMS matrix (LUD) at point   1, number of state kets = 207
     Doing FMS for a cluster of   26 atoms around iph =   2 in fmsie
    0   FMS matrix (LUD) at point   1, number of state kets = 234
     Doing FMS for a cluster of   28 atoms around iph =   3 in fmsie
    0   FMS matrix (LUD) at point   1, number of state kets = 252
  Electronic configuration
   iph    il      N_el
     0     0    1.769
     0     1    4.258
     0     2    0.123
     0     3    0.000
     1     0    0.306
     1     1    6.411
     1     2    1.047
     1     3    0.000
     2     0    0.724
     2     1    0.800
     2     2    7.258
     2     3    0.000
     3     0    1.782
     3     1    4.277
     3     2    0.109
     3     3    0.000
 mu_new=    -7.310
 Charge transfer:  iph  charge(iph)
       0   -0.155
       1    0.265
       2    0.213
       3   -0.172
              SCF ITERATION NUMBER  6  OUT OF  30
 Calculating energy and space dependent l-DOS.  It takes time ...
     point #   1  energy = -34.000
     Doing FMS for a cluster of   24 atoms around iph =   0 in fmsie
    0   FMS matrix (LUD) at point   1, number of state kets = 216
     Doing FMS for a cluster of   23 atoms around iph =   1 in fmsie
    0   FMS matrix (LUD) at point   1, number of state kets = 207
     Doing FMS for a cluster of   26 atoms around iph =   2 in fmsie
    0   FMS matrix (LUD) at point   1, number of state kets = 234
     Doing FMS for a cluster of   28 atoms around iph =   3 in fmsie
    0   FMS matrix (LUD) at point   1, number of state kets = 252
  Electronic configuration
   iph    il      N_el
     0     0    1.769
     0     1    4.261
     0     2    0.123
     0     3    0.000
     1     0    0.304
     1     1    6.408
     1     2    1.036
     1     3    0.000
     2     0    0.723
     2     1    0.797
     2     2    7.264
     2     3    0.000
     3     0    1.783
     3     1    4.280
     3     2    0.108
     3     3    0.000
 mu_new=    -7.361
 Charge transfer:  iph  charge(iph)
       0   -0.154
       1    0.258
       2    0.215
       3   -0.172
              SCF ITERATION NUMBER  7  OUT OF  30
 Calculating energy and space dependent l-DOS.  It takes time ...
     point #   1  energy = -34.000
     Doing FMS for a cluster of   24 atoms around iph =   0 in fmsie
    0   FMS matrix (LUD) at point   1, number of state kets = 216
     Doing FMS for a cluster of   23 atoms around iph =   1 in fmsie
    0   FMS matrix (LUD) at point   1, number of state kets = 207
     Doing FMS for a cluster of   26 atoms around iph =   2 in fmsie
    0   FMS matrix (LUD) at point   1, number of state kets = 234
     Doing FMS for a cluster of   28 atoms around iph =   3 in fmsie
    0   FMS matrix (LUD) at point   1, number of state kets = 252
  Electronic configuration
   iph    il      N_el
     0     0    1.770
     0     1    4.263
     0     2    0.123
     0     3    0.000
     1     0    0.303
     1     1    6.406
     1     2    1.028
     1     3    0.000
     2     0    0.723
     2     1    0.795
     2     2    7.269
     2     3    0.000
     3     0    1.783
     3     1    4.282
     3     2    0.108
     3     3    0.000
 mu_new=    -7.405
 Charge transfer:  iph  charge(iph)
       0   -0.155
       1    0.259
       2    0.214
       3   -0.172
              SCF ITERATION NUMBER  8  OUT OF  30
 Calculating energy and space dependent l-DOS.  It takes time ...
     point #   1  energy = -34.000
     Doing FMS for a cluster of   24 atoms around iph =   0 in fmsie
    0   FMS matrix (LUD) at point   1, number of state kets = 216
     Doing FMS for a cluster of   23 atoms around iph =   1 in fmsie
    0   FMS matrix (LUD) at point   1, number of state kets = 207
     Doing FMS for a cluster of   26 atoms around iph =   2 in fmsie
    0   FMS matrix (LUD) at point   1, number of state kets = 234
     Doing FMS for a cluster of   28 atoms around iph =   3 in fmsie
    0   FMS matrix (LUD) at point   1, number of state kets = 252
  Electronic configuration
   iph    il      N_el
     0     0    1.770
     0     1    4.263
     0     2    0.123
     0     3    0.000
     1     0    0.303
     1     1    6.406
     1     2    1.029
     1     3    0.000
     2     0    0.723
     2     1    0.795
     2     2    7.268
     2     3    0.000
     3     0    1.783
     3     1    4.282
     3     2    0.108
     3     3    0.000
 mu_new=    -7.404
 Charge transfer:  iph  charge(iph)
       0   -0.155
       1    0.261
       2    0.214
       3   -0.172
              SCF ITERATION NUMBER  9  OUT OF  30
 Calculating energy and space dependent l-DOS.  It takes time ...
     point #   1  energy = -34.000
     Doing FMS for a cluster of   24 atoms around iph =   0 in fmsie
    0   FMS matrix (LUD) at point   1, number of state kets = 216
     Doing FMS for a cluster of   23 atoms around iph =   1 in fmsie
    0   FMS matrix (LUD) at point   1, number of state kets = 207
     Doing FMS for a cluster of   26 atoms around iph =   2 in fmsie
    0   FMS matrix (LUD) at point   1, number of state kets = 234
     Doing FMS for a cluster of   28 atoms around iph =   3 in fmsie
    0   FMS matrix (LUD) at point   1, number of state kets = 252
  Electronic configuration
   iph    il      N_el
     0     0    1.770
     0     1    4.260
     0     2    0.124
     0     3    0.000
     1     0    0.304
     1     1    6.407
     1     2    1.039
     1     3    0.000
     2     0    0.723
     2     1    0.796
     2     2    7.265
     2     3    0.000
     3     0    1.783
     3     1    4.278
     3     2    0.110
     3     3    0.000
 mu_new=    -7.404
 Charge transfer:  iph  charge(iph)
       0   -0.155
       1    0.260
       2    0.215
       3   -0.172
              SCF ITERATION NUMBER 10  OUT OF  30
 Calculating energy and space dependent l-DOS.  It takes time ...
     point #   1  energy = -34.000
     Doing FMS for a cluster of   24 atoms around iph =   0 in fmsie
    0   FMS matrix (LUD) at point   1, number of state kets = 216
     Doing FMS for a cluster of   23 atoms around iph =   1 in fmsie
    0   FMS matrix (LUD) at point   1, number of state kets = 207
     Doing FMS for a cluster of   26 atoms around iph =   2 in fmsie
    0   FMS matrix (LUD) at point   1, number of state kets = 234
     Doing FMS for a cluster of   28 atoms around iph =   3 in fmsie
    0   FMS matrix (LUD) at point   1, number of state kets = 252
  Electronic configuration
   iph    il      N_el
     0     0    1.770
     0     1    4.260
     0     2    0.125
     0     3    0.000
     1     0    0.304
     1     1    6.407
     1     2    1.042
     1     3    0.000
     2     0    0.723
     2     1    0.797
     2     2    7.263
     2     3    0.000
     3     0    1.783
     3     1    4.277
     3     2    0.111
     3     3    0.000
 mu_new=    -7.404
 Charge transfer:  iph  charge(iph)
       0   -0.156
       1    0.264
       2    0.213
       3   -0.173
              SCF ITERATION NUMBER 11  OUT OF  30
 Calculating energy and space dependent l-DOS.  It takes time ...
     point #   1  energy = -34.000
     Doing FMS for a cluster of   24 atoms around iph =   0 in fmsie
    0   FMS matrix (LUD) at point   1, number of state kets = 216
     Doing FMS for a cluster of   23 atoms around iph =   1 in fmsie
    0   FMS matrix (LUD) at point   1, number of state kets = 207
     Doing FMS for a cluster of   26 atoms around iph =   2 in fmsie
    0   FMS matrix (LUD) at point   1, number of state kets = 234
     Doing FMS for a cluster of   28 atoms around iph =   3 in fmsie
    0   FMS matrix (LUD) at point   1, number of state kets = 252
  Electronic configuration
   iph    il      N_el
     0     0    1.770
     0     1    4.263
     0     2    0.123
     0     3    0.000
     1     0    0.303
     1     1    6.407
     1     2    1.031
     1     3    0.000
     2     0    0.723
     2     1    0.795
     2     2    7.268
     2     3    0.000
     3     0    1.783
     3     1    4.281
     3     2    0.108
     3     3    0.000
 mu_new=    -7.404
 Charge transfer:  iph  charge(iph)
       0   -0.156
       1    0.266
       2    0.213
       3   -0.173
              SCF ITERATION NUMBER 12  OUT OF  30
 Calculating energy and space dependent l-DOS.  It takes time ...
     point #   1  energy = -34.000
     Doing FMS for a cluster of   24 atoms around iph =   0 in fmsie
    0   FMS matrix (LUD) at point   1, number of state kets = 216
     Doing FMS for a cluster of   23 atoms around iph =   1 in fmsie
    0   FMS matrix (LUD) at point   1, number of state kets = 207
     Doing FMS for a cluster of   26 atoms around iph =   2 in fmsie
    0   FMS matrix (LUD) at point   1, number of state kets = 234
     Doing FMS for a cluster of   28 atoms around iph =   3 in fmsie
    0   FMS matrix (LUD) at point   1, number of state kets = 252
  Electronic configuration
   iph    il      N_el
     0     0    1.770
     0     1    4.263
     0     2    0.123
     0     3    0.000
     1     0    0.303
     1     1    6.407
     1     2    1.032
     1     3    0.000
     2     0    0.723
     2     1    0.795
     2     2    7.267
     2     3    0.000
     3     0    1.783
     3     1    4.281
     3     2    0.108
     3     3    0.000
 mu_new=    -7.402
 Charge transfer:  iph  charge(iph)
       0   -0.155
       1    0.262
       2    0.214
       3   -0.172
              SCF ITERATION NUMBER 13  OUT OF  30
 Calculating energy and space dependent l-DOS.  It takes time ...
     point #   1  energy = -34.000
     Doing FMS for a cluster of   24 atoms around iph =   0 in fmsie
    0   FMS matrix (LUD) at point   1, number of state kets = 216
     Doing FMS for a cluster of   23 atoms around iph =   1 in fmsie
    0   FMS matrix (LUD) at point   1, number of state kets = 207
     Doing FMS for a cluster of   26 atoms around iph =   2 in fmsie
    0   FMS matrix (LUD) at point   1, number of state kets = 234
     Doing FMS for a cluster of   28 atoms around iph =   3 in fmsie
    0   FMS matrix (LUD) at point   1, number of state kets = 252
  Electronic configuration
   iph    il      N_el
     0     0    1.770
     0     1    4.261
     0     2    0.125
     0     3    0.000
     1     0    0.304
     1     1    6.407
     1     2    1.040
     1     3    0.000
     2     0    0.723
     2     1    0.796
     2     2    7.263
     2     3    0.000
     3     0    1.783
     3     1    4.279
     3     2    0.110
     3     3    0.000
 mu_new=    -7.402
 Charge transfer:  iph  charge(iph)
       0   -0.156
       1    0.273
       2    0.211
       3   -0.174
              SCF ITERATION NUMBER 14  OUT OF  30
 Calculating energy and space dependent l-DOS.  It takes time ...
     point #   1  energy = -34.000
     Doing FMS for a cluster of   24 atoms around iph =   0 in fmsie
    0   FMS matrix (LUD) at point   1, number of state kets = 216
     Doing FMS for a cluster of   23 atoms around iph =   1 in fmsie
    0   FMS matrix (LUD) at point   1, number of state kets = 207
     Doing FMS for a cluster of   26 atoms around iph =   2 in fmsie
    0   FMS matrix (LUD) at point   1, number of state kets = 234
     Doing FMS for a cluster of   28 atoms around iph =   3 in fmsie
    0   FMS matrix (LUD) at point   1, number of state kets = 252
  Electronic configuration
   iph    il      N_el
     0     0    1.770
     0     1    4.263
     0     2    0.123
     0     3    0.000
     1     0    0.304
     1     1    6.408
     1     2    1.035
     1     3    0.000
     2     0    0.723
     2     1    0.795
     2     2    7.265
     2     3    0.000
     3     0    1.783
     3     1    4.281
     3     2    0.108
     3     3    0.000
 mu_new=    -7.396
 Charge transfer:  iph  charge(iph)
       0   -0.154
       1    0.248
       2    0.218
       3   -0.171
              SCF ITERATION NUMBER 15  OUT OF  30
 Calculating energy and space dependent l-DOS.  It takes time ...
     point #   1  energy = -34.000
     Doing FMS for a cluster of   24 atoms around iph =   0 in fmsie
    0   FMS matrix (LUD) at point   1, number of state kets = 216
     Doing FMS for a cluster of   23 atoms around iph =   1 in fmsie
    0   FMS matrix (LUD) at point   1, number of state kets = 207
     Doing FMS for a cluster of   26 atoms around iph =   2 in fmsie
    0   FMS matrix (LUD) at point   1, number of state kets = 234
     Doing FMS for a cluster of   28 atoms around iph =   3 in fmsie
    0   FMS matrix (LUD) at point   1, number of state kets = 252
  Electronic configuration
   iph    il      N_el
     0     0    1.770
     0     1    4.252
     0     2    0.132
     0     3    0.000
     1     0    0.306
     1     1    6.408
     1     2    1.074
     1     3    0.000
     2     0    0.724
     2     1    0.802
     2     2    7.245
     2     3    0.000
     3     0    1.784
     3     1    4.267
     3     2    0.117
     3     3    0.000
 mu_new=    -7.396
 Charge transfer:  iph  charge(iph)
       0   -0.159
       1    0.302
       2    0.203
       3   -0.177
negative dens  10  0 -642.414299 - usually due to harmless precision errors, but check DOS to make sure
negative dens  10  3 -521.620629 - usually due to harmless precision errors, but check DOS to make sure
              SCF ITERATION NUMBER 16  OUT OF  30
 Calculating energy and space dependent l-DOS.  It takes time ...
     point #   1  energy = -34.000
     Doing FMS for a cluster of   24 atoms around iph =   0 in fmsie
    0   FMS matrix (LUD) at point   1, number of state kets = 216
     Doing FMS for a cluster of   23 atoms around iph =   1 in fmsie
    0   FMS matrix (LUD) at point   1, number of state kets = 207
     Doing FMS for a cluster of   26 atoms around iph =   2 in fmsie
    0   FMS matrix (LUD) at point   1, number of state kets = 234
     Doing FMS for a cluster of   28 atoms around iph =   3 in fmsie
    0   FMS matrix (LUD) at point   1, number of state kets = 252
  Electronic configuration
   iph    il      N_el
     0     0    1.770
     0     1    4.264
     0     2    0.123
     0     3    0.000
     1     0    0.305
     1     1    6.411
     1     2    1.048
     1     3    0.000
     2     0    0.723
     2     1    0.797
     2     2    7.257
     2     3    0.000
     3     0    1.783
     3     1    4.280
     3     2    0.108
     3     3    0.000
 mu_new=    -7.370
 Charge transfer:  iph  charge(iph)
       0   -0.150
       1    0.196
       2    0.233
       3   -0.165
              SCF ITERATION NUMBER 17  OUT OF  30
 Calculating energy and space dependent l-DOS.  It takes time ...
     point #   1  energy = -34.000
     Doing FMS for a cluster of   24 atoms around iph =   0 in fmsie
    0   FMS matrix (LUD) at point   1, number of state kets = 216
     Doing FMS for a cluster of   23 atoms around iph =   1 in fmsie
    0   FMS matrix (LUD) at point   1, number of state kets = 207
     Doing FMS for a cluster of   26 atoms around iph =   2 in fmsie
    0   FMS matrix (LUD) at point   1, number of state kets = 234
     Doing FMS for a cluster of   28 atoms around iph =   3 in fmsie
    0   FMS matrix (LUD) at point   1, number of state kets = 252
  Electronic configuration
   iph    il      N_el
     0     0    1.769
     0     1    4.262
     0     2    0.122
     0     3    0.000
     1     0    0.299
     1     1    6.399
     1     2    1.003
     1     3    0.000
     2     0    0.722
     2     1    0.791
     2     2    7.286
     2     3    0.000
     3     0    1.782
     3     1    4.284
     3     2    0.108
     3     3    0.000
 mu_new=    -7.465
 Charge transfer:  iph  charge(iph)
       0   -0.155
       1    0.261
       2    0.214
       3   -0.172
              SCF ITERATION NUMBER 18  OUT OF  30
 Calculating energy and space dependent l-DOS.  It takes time ...
     point #   1  energy = -34.000
     Doing FMS for a cluster of   24 atoms around iph =   0 in fmsie
    0   FMS matrix (LUD) at point   1, number of state kets = 216
     Doing FMS for a cluster of   23 atoms around iph =   1 in fmsie
    0   FMS matrix (LUD) at point   1, number of state kets = 207
     Doing FMS for a cluster of   26 atoms around iph =   2 in fmsie
    0   FMS matrix (LUD) at point   1, number of state kets = 234
     Doing FMS for a cluster of   28 atoms around iph =   3 in fmsie
    0   FMS matrix (LUD) at point   1, number of state kets = 252
  Electronic configuration
   iph    il      N_el
     0     0    1.770
     0     1    4.263
     0     2    0.123
     0     3    0.000
     1     0    0.303
     1     1    6.406
     1     2    1.030
     1     3    0.000
     2     0    0.723
     2     1    0.795
     2     2    7.268
     2     3    0.000
     3     0    1.783
     3     1    4.282
     3     2    0.108
     3     3    0.000
 mu_new=    -7.407
 Charge transfer:  iph  charge(iph)
       0   -0.155
       1    0.261
       2    0.214
       3   -0.172
              SCF ITERATION NUMBER 19  OUT OF  30
 Calculating energy and space dependent l-DOS.  It takes time ...
     point #   1  energy = -34.000
     Doing FMS for a cluster of   24 atoms around iph =   0 in fmsie
    0   FMS matrix (LUD) at point   1, number of state kets = 216
     Doing FMS for a cluster of   23 atoms around iph =   1 in fmsie
    0   FMS matrix (LUD) at point   1, number of state kets = 207
     Doing FMS for a cluster of   26 atoms around iph =   2 in fmsie
    0   FMS matrix (LUD) at point   1, number of state kets = 234
     Doing FMS for a cluster of   28 atoms around iph =   3 in fmsie
    0   FMS matrix (LUD) at point   1, number of state kets = 252
  Electronic configuration
   iph    il      N_el
     0     0    1.770
     0     1    4.262
     0     2    0.123
     0     3    0.000
     1     0    0.303
     1     1    6.406
     1     2    1.032
     1     3    0.000
     2     0    0.723
     2     1    0.795
     2     2    7.268
     2     3    0.000
     3     0    1.783
     3     1    4.281
     3     2    0.108
     3     3    0.000
 mu_new=    -7.407
 Charge transfer:  iph  charge(iph)
       0   -0.155
       1    0.261
       2    0.214
       3   -0.172
              SCF ITERATION NUMBER 20  OUT OF  30
 Calculating energy and space dependent l-DOS.  It takes time ...
     point #   1  energy = -34.000
     Doing FMS for a cluster of   24 atoms around iph =   0 in fmsie
    0   FMS matrix (LUD) at point   1, number of state kets = 216
     Doing FMS for a cluster of   23 atoms around iph =   1 in fmsie
    0   FMS matrix (LUD) at point   1, number of state kets = 207
     Doing FMS for a cluster of   26 atoms around iph =   2 in fmsie
    0   FMS matrix (LUD) at point   1, number of state kets = 234
     Doing FMS for a cluster of   28 atoms around iph =   3 in fmsie
    0   FMS matrix (LUD) at point   1, number of state kets = 252
  Electronic configuration
   iph    il      N_el
     0     0    1.770
     0     1    4.262
     0     2    0.123
     0     3    0.000
     1     0    0.303
     1     1    6.406
     1     2    1.032
     1     3    0.000
     2     0    0.723
     2     1    0.795
     2     2    7.268
     2     3    0.000
     3     0    1.783
     3     1    4.281
     3     2    0.108
     3     3    0.000
 mu_new=    -7.407
 Charge transfer:  iph  charge(iph)
       0   -0.155
       1    0.259
       2    0.215
       3   -0.172
              SCF ITERATION NUMBER 21  OUT OF  30
 Calculating energy and space dependent l-DOS.  It takes time ...
     point #   1  energy = -34.000
     Doing FMS for a cluster of   24 atoms around iph =   0 in fmsie
    0   FMS matrix (LUD) at point   1, number of state kets = 216
     Doing FMS for a cluster of   23 atoms around iph =   1 in fmsie
    0   FMS matrix (LUD) at point   1, number of state kets = 207
     Doing FMS for a cluster of   26 atoms around iph =   2 in fmsie
    0   FMS matrix (LUD) at point   1, number of state kets = 234
     Doing FMS for a cluster of   28 atoms around iph =   3 in fmsie
    0   FMS matrix (LUD) at point   1, number of state kets = 252
  Electronic configuration
   iph    il      N_el
     0     0    1.770
     0     1    4.261
     0     2    0.124
     0     3    0.000
     1     0    0.303
     1     1    6.406
     1     2    1.035
     1     3    0.000
     2     0    0.723
     2     1    0.795
     2     2    7.266
     2     3    0.000
     3     0    1.783
     3     1    4.280
     3     2    0.109
     3     3    0.000
 mu_new=    -7.407
 Charge transfer:  iph  charge(iph)
       0   -0.155
       1    0.262
       2    0.214
       3   -0.172
              SCF ITERATION NUMBER 22  OUT OF  30
 Calculating energy and space dependent l-DOS.  It takes time ...
     point #   1  energy = -34.000
     Doing FMS for a cluster of   24 atoms around iph =   0 in fmsie
    0   FMS matrix (LUD) at point   1, number of state kets = 216
     Doing FMS for a cluster of   23 atoms around iph =   1 in fmsie
    0   FMS matrix (LUD) at point   1, number of state kets = 207
     Doing FMS for a cluster of   26 atoms around iph =   2 in fmsie
    0   FMS matrix (LUD) at point   1, number of state kets = 234
     Doing FMS for a cluster of   28 atoms around iph =   3 in fmsie
    0   FMS matrix (LUD) at point   1, number of state kets = 252
  Electronic configuration
   iph    il      N_el
     0     0    1.770
     0     1    4.263
     0     2    0.123
     0     3    0.000
     1     0    0.303
     1     1    6.406
     1     2    1.031
     1     3    0.000
     2     0    0.723
     2     1    0.795
     2     2    7.268
     2     3    0.000
     3     0    1.783
     3     1    4.281
     3     2    0.108
     3     3    0.000
 mu_new=    -7.407
 Charge transfer:  iph  charge(iph)
       0   -0.156
       1    0.267
       2    0.213
       3   -0.173
              SCF ITERATION NUMBER 23  OUT OF  30
 Calculating energy and space dependent l-DOS.  It takes time ...
     point #   1  energy = -34.000
     Doing FMS for a cluster of   24 atoms around iph =   0 in fmsie
    0   FMS matrix (LUD) at point   1, number of state kets = 216
     Doing FMS for a cluster of   23 atoms around iph =   1 in fmsie
    0   FMS matrix (LUD) at point   1, number of state kets = 207
     Doing FMS for a cluster of   26 atoms around iph =   2 in fmsie
    0   FMS matrix (LUD) at point   1, number of state kets = 234
     Doing FMS for a cluster of   28 atoms around iph =   3 in fmsie
    0   FMS matrix (LUD) at point   1, number of state kets = 252
  Electronic configuration
   iph    il      N_el
     0     0    1.770
     0     1    4.263
     0     2    0.123
     0     3    0.000
     1     0    0.303
     1     1    6.407
     1     2    1.032
     1     3    0.000
     2     0    0.723
     2     1    0.795
     2     2    7.267
     2     3    0.000
     3     0    1.783
     3     1    4.281
     3     2    0.108
     3     3    0.000
 mu_new=    -7.403
 Charge transfer:  iph  charge(iph)
       0   -0.155
       1    0.259
       2    0.215
       3   -0.172
              SCF ITERATION NUMBER 24  OUT OF  30
 Calculating energy and space dependent l-DOS.  It takes time ...
     point #   1  energy = -34.000
     Doing FMS for a cluster of   24 atoms around iph =   0 in fmsie
    0   FMS matrix (LUD) at point   1, number of state kets = 216
     Doing FMS for a cluster of   23 atoms around iph =   1 in fmsie
    0   FMS matrix (LUD) at point   1, number of state kets = 207
     Doing FMS for a cluster of   26 atoms around iph =   2 in fmsie
    0   FMS matrix (LUD) at point   1, number of state kets = 234
     Doing FMS for a cluster of   28 atoms around iph =   3 in fmsie
    0   FMS matrix (LUD) at point   1, number of state kets = 252
  Electronic configuration
   iph    il      N_el
     0     0    1.770
     0     1    4.260
     0     2    0.125
     0     3    0.000
     1     0    0.304
     1     1    6.407
     1     2    1.041
     1     3    0.000
     2     0    0.723
     2     1    0.796
     2     2    7.263
     2     3    0.000
     3     0    1.783
     3     1    4.278
     3     2    0.110
     3     3    0.000
 mu_new=    -7.403
 Charge transfer:  iph  charge(iph)
       0   -0.158
       1    0.288
       2    0.207
       3   -0.175
              SCF ITERATION NUMBER 25  OUT OF  30
 Calculating energy and space dependent l-DOS.  It takes time ...
     point #   1  energy = -34.000
     Doing FMS for a cluster of   24 atoms around iph =   0 in fmsie
    0   FMS matrix (LUD) at point   1, number of state kets = 216
     Doing FMS for a cluster of   23 atoms around iph =   1 in fmsie
    0   FMS matrix (LUD) at point   1, number of state kets = 207
     Doing FMS for a cluster of   26 atoms around iph =   2 in fmsie
    0   FMS matrix (LUD) at point   1, number of state kets = 234
     Doing FMS for a cluster of   28 atoms around iph =   3 in fmsie
    0   FMS matrix (LUD) at point   1, number of state kets = 252
  Electronic configuration
   iph    il      N_el
     0     0    1.770
     0     1    4.263
     0     2    0.123
     0     3    0.000
     1     0    0.305
     1     1    6.409
     1     2    1.041
     1     3    0.000
     2     0    0.723
     2     1    0.796
     2     2    7.262
     2     3    0.000
     3     0    1.783
     3     1    4.280
     3     2    0.108
     3     3    0.000
 mu_new=    -7.385
 Charge transfer:  iph  charge(iph)
       0   -0.154
       1    0.250
       2    0.217
       3   -0.171
              SCF ITERATION NUMBER 26  OUT OF  30
 Calculating energy and space dependent l-DOS.  It takes time ...
     point #   1  energy = -34.000
     Doing FMS for a cluster of   24 atoms around iph =   0 in fmsie
    0   FMS matrix (LUD) at point   1, number of state kets = 216
     Doing FMS for a cluster of   23 atoms around iph =   1 in fmsie
    0   FMS matrix (LUD) at point   1, number of state kets = 207
     Doing FMS for a cluster of   26 atoms around iph =   2 in fmsie
    0   FMS matrix (LUD) at point   1, number of state kets = 234
     Doing FMS for a cluster of   28 atoms around iph =   3 in fmsie
    0   FMS matrix (LUD) at point   1, number of state kets = 252
  Electronic configuration
   iph    il      N_el
     0     0    1.770
     0     1    4.263
     0     2    0.123
     0     3    0.000
     1     0    0.302
     1     1    6.405
     1     2    1.025
     1     3    0.000
     2     0    0.722
     2     1    0.794
     2     2    7.272
     2     3    0.000
     3     0    1.783
     3     1    4.282
     3     2    0.108
     3     3    0.000
 mu_new=    -7.418
 Charge transfer:  iph  charge(iph)
       0   -0.155
       1    0.260
       2    0.215
       3   -0.172
              SCF ITERATION NUMBER 27  OUT OF  30
 Calculating energy and space dependent l-DOS.  It takes time ...
     point #   1  energy = -34.000
     Doing FMS for a cluster of   24 atoms around iph =   0 in fmsie
    0   FMS matrix (LUD) at point   1, number of state kets = 216
     Doing FMS for a cluster of   23 atoms around iph =   1 in fmsie
    0   FMS matrix (LUD) at point   1, number of state kets = 207
     Doing FMS for a cluster of   26 atoms around iph =   2 in fmsie
    0   FMS matrix (LUD) at point   1, number of state kets = 234
     Doing FMS for a cluster of   28 atoms around iph =   3 in fmsie
    0   FMS matrix (LUD) at point   1, number of state kets = 252
  Electronic configuration
   iph    il      N_el
     0     0    1.770
     0     1    4.263
     0     2    0.123
     0     3    0.000
     1     0    0.303
     1     1    6.406
     1     2    1.029
     1     3    0.000
     2     0    0.723
     2     1    0.795
     2     2    7.268
     2     3    0.000
     3     0    1.783
     3     1    4.282
     3     2    0.108
     3     3    0.000
 mu_new=    -7.408
 Charge transfer:  iph  charge(iph)
       0   -0.156
       1    0.263
       2    0.214
       3   -0.173
              SCF ITERATION NUMBER 28  OUT OF  30
 Calculating energy and space dependent l-DOS.  It takes time ...
     point #   1  energy = -34.000
     Doing FMS for a cluster of   24 atoms around iph =   0 in fmsie
    0   FMS matrix (LUD) at point   1, number of state kets = 216
     Doing FMS for a cluster of   23 atoms around iph =   1 in fmsie
    0   FMS matrix (LUD) at point   1, number of state kets = 207
     Doing FMS for a cluster of   26 atoms around iph =   2 in fmsie
    0   FMS matrix (LUD) at point   1, number of state kets = 234
     Doing FMS for a cluster of   28 atoms around iph =   3 in fmsie
    0   FMS matrix (LUD) at point   1, number of state kets = 252
  Electronic configuration
   iph    il      N_el
     0     0    1.770
     0     1    4.263
     0     2    0.123
     0     3    0.000
     1     0    0.303
     1     1    6.406
     1     2    1.030
     1     3    0.000
     2     0    0.723
     2     1    0.795
     2     2    7.268
     2     3    0.000
     3     0    1.783
     3     1    4.281
     3     2    0.108
     3     3    0.000
 mu_new=    -7.406
 Charge transfer:  iph  charge(iph)
       0   -0.155
       1    0.261
       2    0.214
       3   -0.172
              SCF ITERATION NUMBER 29  OUT OF  30
 Calculating energy and space dependent l-DOS.  It takes time ...
     point #   1  energy = -34.000
     Doing FMS for a cluster of   24 atoms around iph =   0 in fmsie
    0   FMS matrix (LUD) at point   1, number of state kets = 216
     Doing FMS for a cluster of   23 atoms around iph =   1 in fmsie
    0   FMS matrix (LUD) at point   1, number of state kets = 207
     Doing FMS for a cluster of   26 atoms around iph =   2 in fmsie
    0   FMS matrix (LUD) at point   1, number of state kets = 234
     Doing FMS for a cluster of   28 atoms around iph =   3 in fmsie
    0   FMS matrix (LUD) at point   1, number of state kets = 252
  Electronic configuration
   iph    il      N_el
     0     0    1.770
     0     1    4.262
     0     2    0.123
     0     3    0.000
     1     0    0.303
     1     1    6.406
     1     2    1.033
     1     3    0.000
     2     0    0.723
     2     1    0.795
     2     2    7.267
     2     3    0.000
     3     0    1.783
     3     1    4.281
     3     2    0.109
     3     3    0.000
 mu_new=    -7.406
 Charge transfer:  iph  charge(iph)
       0   -0.156
       1    0.266
       2    0.213
       3   -0.173
              SCF ITERATION NUMBER 30  OUT OF  30
 Calculating energy and space dependent l-DOS.  It takes time ...
     point #   1  energy = -34.000
     Doing FMS for a cluster of   24 atoms around iph =   0 in fmsie
    0   FMS matrix (LUD) at point   1, number of state kets = 216
     Doing FMS for a cluster of   23 atoms around iph =   1 in fmsie
    0   FMS matrix (LUD) at point   1, number of state kets = 207
     Doing FMS for a cluster of   26 atoms around iph =   2 in fmsie
    0   FMS matrix (LUD) at point   1, number of state kets = 234
     Doing FMS for a cluster of   28 atoms around iph =   3 in fmsie
    0   FMS matrix (LUD) at point   1, number of state kets = 252
  Electronic configuration
   iph    il      N_el
     0     0    1.770
     0     1    4.263
     0     2    0.123
     0     3    0.000
     1     0    0.303
     1     1    6.407
     1     2    1.032
     1     3    0.000
     2     0    0.723
     2     1    0.795
     2     2    7.268
     2     3    0.000
     3     0    1.783
     3     1    4.281
     3     2    0.108
     3     3    0.000
 mu_new=    -7.404
 Charge transfer:  iph  charge(iph)
       0   -0.155
       1    0.257
       2    0.215
       3   -0.172
:WARNING Convergence not reached; ran out of iterations.
 Done with module 1: potentials.
 total time       20.1632759571075     
 communicate time  0.313484668731689     
