 Number of processors =           12
 Calculating potentials ...
muffin tin radii and interstitial parameters
 iph, rnrm(iph)*bohr, rmt(iph)*bohr, folp(iph)
    0  1.05931E+00  9.87887E-01  1.15000E+00
    1  1.84424E+00  1.77101E+00  1.10678E+00
    2  1.44790E+00  1.36750E+00  1.15000E+00
    3  1.03762E+00  9.49991E-01  1.15000E+00
              Core-valence separation
 ecv=   -32.500
 mu_old=     4.763
              SCF ITERATION NUMBER  1  OUT OF  30
 Calculating energy and space dependent l-DOS.  It takes time ...
     point #   1  energy = -32.500
     Doing FMS for a cluster of   24 atoms around iph =   0 in fmsie
    0   FMS matrix (LUD) at point   1, number of state kets = 216
     Doing FMS for a cluster of   28 atoms around iph =   1 in fmsie
    0   FMS matrix (LUD) at point   1, number of state kets = 252
     Doing FMS for a cluster of   20 atoms around iph =   2 in fmsie
    0   FMS matrix (LUD) at point   1, number of state kets = 180
     Doing FMS for a cluster of   26 atoms around iph =   3 in fmsie
    0   FMS matrix (LUD) at point   1, number of state kets = 234
  Electronic configuration
   iph    il      N_el
     0     0    1.834
     0     1    4.512
     0     2    0.105
     0     3    0.000
     1     0    0.363
     1     1    6.462
     1     2    1.179
     1     3    0.000
     2     0    0.561
     2     1    0.732
     2     2    6.842
     2     3    0.000
     3     0    1.800
     3     1    4.504
     3     2    0.128
     3     3    0.000
 mu_new=    -6.134
 Charge transfer:  iph  charge(iph)
       0   -0.086
       1    0.002
       2    0.164
       3   -0.082
              SCF ITERATION NUMBER  2  OUT OF  30
 Calculating energy and space dependent l-DOS.  It takes time ...
     point #   1  energy = -32.500
     Doing FMS for a cluster of   24 atoms around iph =   0 in fmsie
    0   FMS matrix (LUD) at point   1, number of state kets = 216
     Doing FMS for a cluster of   28 atoms around iph =   1 in fmsie
    0   FMS matrix (LUD) at point   1, number of state kets = 252
     Doing FMS for a cluster of   20 atoms around iph =   2 in fmsie
    0   FMS matrix (LUD) at point   1, number of state kets = 180
     Doing FMS for a cluster of   26 atoms around iph =   3 in fmsie
    0   FMS matrix (LUD) at point   1, number of state kets = 234
  Electronic configuration
   iph    il      N_el
     0     0    1.819
     0     1    4.299
     0     2    0.103
     0     3    0.000
     1     0    0.367
     1     1    6.469
     1     2    1.147
     1     3    0.000
     2     0    0.603
     2     1    0.771
     2     2    7.205
     2     3    0.000
     3     0    1.786
     3     1    4.300
     3     2    0.125
     3     3    0.000
 mu_new=    -6.348
 Charge transfer:  iph  charge(iph)
       0   -0.215
       1    0.019
       2    0.408
       3   -0.205
              SCF ITERATION NUMBER  3  OUT OF  30
 Calculating energy and space dependent l-DOS.  It takes time ...
     point #   1  energy = -32.500
     Doing FMS for a cluster of   24 atoms around iph =   0 in fmsie
    0   FMS matrix (LUD) at point   1, number of state kets = 216
     Doing FMS for a cluster of   28 atoms around iph =   1 in fmsie
    0   FMS matrix (LUD) at point   1, number of state kets = 252
     Doing FMS for a cluster of   20 atoms around iph =   2 in fmsie
    0   FMS matrix (LUD) at point   1, number of state kets = 180
     Doing FMS for a cluster of   26 atoms around iph =   3 in fmsie
    0   FMS matrix (LUD) at point   1, number of state kets = 234
  Electronic configuration
   iph    il      N_el
     0     0    1.811
     0     1    4.167
     0     2    0.105
     0     3    0.000
     1     0    0.381
     1     1    6.482
     1     2    1.185
     1     3    0.000
     2     0    0.641
     2     1    0.809
     2     2    7.462
     2     3    0.000
     3     0    1.776
     3     1    4.139
     3     2    0.127
     3     3    0.000
 mu_new=    -6.014
 Charge transfer:  iph  charge(iph)
       0   -0.189
       1    0.003
       2    0.344
       3   -0.172
              SCF ITERATION NUMBER  4  OUT OF  30
 Calculating energy and space dependent l-DOS.  It takes time ...
     point #   1  energy = -32.500
     Doing FMS for a cluster of   24 atoms around iph =   0 in fmsie
    0   FMS matrix (LUD) at point   1, number of state kets = 216
     Doing FMS for a cluster of   28 atoms around iph =   1 in fmsie
    0   FMS matrix (LUD) at point   1, number of state kets = 252
     Doing FMS for a cluster of   20 atoms around iph =   2 in fmsie
    0   FMS matrix (LUD) at point   1, number of state kets = 180
     Doing FMS for a cluster of   26 atoms around iph =   3 in fmsie
    0   FMS matrix (LUD) at point   1, number of state kets = 234
  Electronic configuration
   iph    il      N_el
     0     0    1.816
     0     1    4.263
     0     2    0.105
     0     3    0.000
     1     0    0.375
     1     1    6.475
     1     2    1.173
     1     3    0.000
     2     0    0.621
     2     1    0.790
     2     2    7.281
     2     3    0.000
     3     0    1.781
     3     1    4.244
     3     2    0.128
     3     3    0.000
 mu_new=    -5.896
 Charge transfer:  iph  charge(iph)
       0   -0.189
       1   -0.003
       2    0.337
       3   -0.168
              SCF ITERATION NUMBER  5  OUT OF  30
 Calculating energy and space dependent l-DOS.  It takes time ...
     point #   1  energy = -32.500
     Doing FMS for a cluster of   24 atoms around iph =   0 in fmsie
    0   FMS matrix (LUD) at point   1, number of state kets = 216
     Doing FMS for a cluster of   28 atoms around iph =   1 in fmsie
    0   FMS matrix (LUD) at point   1, number of state kets = 252
     Doing FMS for a cluster of   20 atoms around iph =   2 in fmsie
    0   FMS matrix (LUD) at point   1, number of state kets = 180
     Doing FMS for a cluster of   26 atoms around iph =   3 in fmsie
    0   FMS matrix (LUD) at point   1, number of state kets = 234
  Electronic configuration
   iph    il      N_el
     0     0    1.817
     0     1    4.271
     0     2    0.105
     0     3    0.000
     1     0    0.373
     1     1    6.472
     1     2    1.163
     1     3    0.000
     2     0    0.618
     2     1    0.786
     2     2    7.257
     2     3    0.000
     3     0    1.782
     3     1    4.260
     3     2    0.128
     3     3    0.000
 mu_new=    -5.919
 Charge transfer:  iph  charge(iph)
       0   -0.190
       1   -0.005
       2    0.338
       3   -0.168
              SCF ITERATION NUMBER  6  OUT OF  30
 Calculating energy and space dependent l-DOS.  It takes time ...
     point #   1  energy = -32.500
     Doing FMS for a cluster of   24 atoms around iph =   0 in fmsie
    0   FMS matrix (LUD) at point   1, number of state kets = 216
     Doing FMS for a cluster of   28 atoms around iph =   1 in fmsie
    0   FMS matrix (LUD) at point   1, number of state kets = 252
     Doing FMS for a cluster of   20 atoms around iph =   2 in fmsie
    0   FMS matrix (LUD) at point   1, number of state kets = 180
     Doing FMS for a cluster of   26 atoms around iph =   3 in fmsie
    0   FMS matrix (LUD) at point   1, number of state kets = 234
  Electronic configuration
   iph    il      N_el
     0     0    1.816
     0     1    4.269
     0     2    0.105
     0     3    0.000
     1     0    0.372
     1     1    6.470
     1     2    1.157
     1     3    0.000
     2     0    0.617
     2     1    0.785
     2     2    7.259
     2     3    0.000
     3     0    1.782
     3     1    4.259
     3     2    0.127
     3     3    0.000
 mu_new=    -5.957
 Charge transfer:  iph  charge(iph)
       0   -0.191
       1   -0.003
       2    0.338
       3   -0.169
              SCF ITERATION NUMBER  7  OUT OF  30
 Calculating energy and space dependent l-DOS.  It takes time ...
     point #   1  energy = -32.500
     Doing FMS for a cluster of   24 atoms around iph =   0 in fmsie
    0   FMS matrix (LUD) at point   1, number of state kets = 216
     Doing FMS for a cluster of   28 atoms around iph =   1 in fmsie
    0   FMS matrix (LUD) at point   1, number of state kets = 252
     Doing FMS for a cluster of   20 atoms around iph =   2 in fmsie
    0   FMS matrix (LUD) at point   1, number of state kets = 180
     Doing FMS for a cluster of   26 atoms around iph =   3 in fmsie
    0   FMS matrix (LUD) at point   1, number of state kets = 234
  Electronic configuration
   iph    il      N_el
     0     0    1.816
     0     1    4.269
     0     2    0.105
     0     3    0.000
     1     0    0.371
     1     1    6.469
     1     2    1.152
     1     3    0.000
     2     0    0.617
     2     1    0.784
     2     2    7.262
     2     3    0.000
     3     0    1.782
     3     1    4.260
     3     2    0.127
     3     3    0.000
 mu_new=    -5.991
 Charge transfer:  iph  charge(iph)
       0   -0.190
       1   -0.001
       2    0.338
       3   -0.169
              SCF ITERATION NUMBER  8  OUT OF  30
 Calculating energy and space dependent l-DOS.  It takes time ...
     point #   1  energy = -32.500
     Doing FMS for a cluster of   24 atoms around iph =   0 in fmsie
    0   FMS matrix (LUD) at point   1, number of state kets = 216
     Doing FMS for a cluster of   28 atoms around iph =   1 in fmsie
    0   FMS matrix (LUD) at point   1, number of state kets = 252
     Doing FMS for a cluster of   20 atoms around iph =   2 in fmsie
    0   FMS matrix (LUD) at point   1, number of state kets = 180
     Doing FMS for a cluster of   26 atoms around iph =   3 in fmsie
    0   FMS matrix (LUD) at point   1, number of state kets = 234
  Electronic configuration
   iph    il      N_el
     0     0    1.816
     0     1    4.270
     0     2    0.105
     0     3    0.000
     1     0    0.371
     1     1    6.469
     1     2    1.153
     1     3    0.000
     2     0    0.617
     2     1    0.784
     2     2    7.262
     2     3    0.000
     3     0    1.782
     3     1    4.259
     3     2    0.127
     3     3    0.000
 mu_new=    -5.994
 Charge transfer:  iph  charge(iph)
       0   -0.190
       1    0.006
       2    0.337
       3   -0.169
              SCF ITERATION NUMBER  9  OUT OF  30
 Calculating energy and space dependent l-DOS.  It takes time ...
     point #   1  energy = -32.500
     Doing FMS for a cluster of   24 atoms around iph =   0 in fmsie
    0   FMS matrix (LUD) at point   1, number of state kets = 216
     Doing FMS for a cluster of   28 atoms around iph =   1 in fmsie
    0   FMS matrix (LUD) at point   1, number of state kets = 252
     Doing FMS for a cluster of   20 atoms around iph =   2 in fmsie
    0   FMS matrix (LUD) at point   1, number of state kets = 180
     Doing FMS for a cluster of   26 atoms around iph =   3 in fmsie
    0   FMS matrix (LUD) at point   1, number of state kets = 234
  Electronic configuration
   iph    il      N_el
     0     0    1.816
     0     1    4.270
     0     2    0.104
     0     3    0.000
     1     0    0.372
     1     1    6.470
     1     2    1.155
     1     3    0.000
     2     0    0.617
     2     1    0.784
     2     2    7.262
     2     3    0.000
     3     0    1.782
     3     1    4.260
     3     2    0.127
     3     3    0.000
 mu_new=    -6.002
 Charge transfer:  iph  charge(iph)
       0   -0.190
       1    0.006
       2    0.337
       3   -0.169
              SCF ITERATION NUMBER 10  OUT OF  30
 Calculating energy and space dependent l-DOS.  It takes time ...
     point #   1  energy = -32.500
     Doing FMS for a cluster of   24 atoms around iph =   0 in fmsie
    0   FMS matrix (LUD) at point   1, number of state kets = 216
     Doing FMS for a cluster of   28 atoms around iph =   1 in fmsie
    0   FMS matrix (LUD) at point   1, number of state kets = 252
     Doing FMS for a cluster of   20 atoms around iph =   2 in fmsie
    0   FMS matrix (LUD) at point   1, number of state kets = 180
     Doing FMS for a cluster of   26 atoms around iph =   3 in fmsie
    0   FMS matrix (LUD) at point   1, number of state kets = 234
  Electronic configuration
   iph    il      N_el
     0     0    1.816
     0     1    4.270
     0     2    0.104
     0     3    0.000
     1     0    0.371
     1     1    6.470
     1     2    1.154
     1     3    0.000
     2     0    0.617
     2     1    0.784
     2     2    7.262
     2     3    0.000
     3     0    1.782
     3     1    4.260
     3     2    0.127
     3     3    0.000
 mu_new=    -6.003
 Charge transfer:  iph  charge(iph)
       0   -0.190
       1    0.006
       2    0.337
       3   -0.169
              SCF ITERATION NUMBER 11  OUT OF  30
 Calculating energy and space dependent l-DOS.  It takes time ...
     point #   1  energy = -32.500
     Doing FMS for a cluster of   24 atoms around iph =   0 in fmsie
    0   FMS matrix (LUD) at point   1, number of state kets = 216
     Doing FMS for a cluster of   28 atoms around iph =   1 in fmsie
    0   FMS matrix (LUD) at point   1, number of state kets = 252
     Doing FMS for a cluster of   20 atoms around iph =   2 in fmsie
    0   FMS matrix (LUD) at point   1, number of state kets = 180
     Doing FMS for a cluster of   26 atoms around iph =   3 in fmsie
    0   FMS matrix (LUD) at point   1, number of state kets = 234
  Electronic configuration
   iph    il      N_el
     0     0    1.816
     0     1    4.270
     0     2    0.104
     0     3    0.000
     1     0    0.371
     1     1    6.470
     1     2    1.154
     1     3    0.000
     2     0    0.617
     2     1    0.784
     2     2    7.262
     2     3    0.000
     3     0    1.782
     3     1    4.260
     3     2    0.127
     3     3    0.000
 mu_new=    -6.003
 Charge transfer:  iph  charge(iph)
       0   -0.190
       1    0.006
       2    0.337
       3   -0.169
              SCF ITERATION NUMBER 12  OUT OF  30
 Calculating energy and space dependent l-DOS.  It takes time ...
     point #   1  energy = -32.500
     Doing FMS for a cluster of   24 atoms around iph =   0 in fmsie
    0   FMS matrix (LUD) at point   1, number of state kets = 216
     Doing FMS for a cluster of   28 atoms around iph =   1 in fmsie
    0   FMS matrix (LUD) at point   1, number of state kets = 252
     Doing FMS for a cluster of   20 atoms around iph =   2 in fmsie
    0   FMS matrix (LUD) at point   1, number of state kets = 180
     Doing FMS for a cluster of   26 atoms around iph =   3 in fmsie
    0   FMS matrix (LUD) at point   1, number of state kets = 234
  Electronic configuration
   iph    il      N_el
     0     0    1.816
     0     1    4.270
     0     2    0.104
     0     3    0.000
     1     0    0.371
     1     1    6.469
     1     2    1.154
     1     3    0.000
     2     0    0.617
     2     1    0.784
     2     2    7.262
     2     3    0.000
     3     0    1.782
     3     1    4.260
     3     2    0.127
     3     3    0.000
 mu_new=    -6.004
 Charge transfer:  iph  charge(iph)
       0   -0.190
       1    0.006
       2    0.337
       3   -0.169
              SCF ITERATION NUMBER 13  OUT OF  30
 Calculating energy and space dependent l-DOS.  It takes time ...
     point #   1  energy = -32.500
     Doing FMS for a cluster of   24 atoms around iph =   0 in fmsie
    0   FMS matrix (LUD) at point   1, number of state kets = 216
     Doing FMS for a cluster of   28 atoms around iph =   1 in fmsie
    0   FMS matrix (LUD) at point   1, number of state kets = 252
     Doing FMS for a cluster of   20 atoms around iph =   2 in fmsie
    0   FMS matrix (LUD) at point   1, number of state kets = 180
     Doing FMS for a cluster of   26 atoms around iph =   3 in fmsie
    0   FMS matrix (LUD) at point   1, number of state kets = 234
  Electronic configuration
   iph    il      N_el
     0     0    1.816
     0     1    4.270
     0     2    0.104
     0     3    0.000
     1     0    0.371
     1     1    6.469
     1     2    1.153
     1     3    0.000
     2     0    0.617
     2     1    0.784
     2     2    7.262
     2     3    0.000
     3     0    1.782
     3     1    4.260
     3     2    0.127
     3     3    0.000
 mu_new=    -6.004
 Charge transfer:  iph  charge(iph)
       0   -0.190
       1    0.006
       2    0.337
       3   -0.169
 Convergence reached.
 Done with module 1: potentials.
 total time       8.55994296073914     
 communicate time  0.187885284423828     
