 Number of processors =           12
 Calculating potentials ...
muffin tin radii and interstitial parameters
 iph, rnrm(iph)*bohr, rmt(iph)*bohr, folp(iph)
    0  1.03762E+00  9.01359E-01  1.15000E+00
    1  1.79541E+00  1.72837E+00  1.09951E+00
    2  1.42061E+00  1.24220E+00  1.15000E+00
    3  1.05870E+00  1.00058E+00  1.15000E+00
              Core-valence separation
 ecv=   -34.000
 mu_old=     2.513
              SCF ITERATION NUMBER  1  OUT OF  30
 Calculating energy and space dependent l-DOS.  It takes time ...
     point #   1  energy = -34.000
     Doing FMS for a cluster of   22 atoms around iph =   0 in fmsie
    0   FMS matrix (LUD) at point   1, number of state kets = 198
     Doing FMS for a cluster of   25 atoms around iph =   1 in fmsie
    0   FMS matrix (LUD) at point   1, number of state kets = 225
     Doing FMS for a cluster of   20 atoms around iph =   2 in fmsie
    0   FMS matrix (LUD) at point   1, number of state kets = 180
     Doing FMS for a cluster of   20 atoms around iph =   3 in fmsie
    0   FMS matrix (LUD) at point   1, number of state kets = 180
  Electronic configuration
   iph    il      N_el
     0     0    1.821
     0     1    4.460
     0     2    0.151
     0     3    0.000
     1     0    0.320
     1     1    6.410
     1     2    1.108
     1     3    0.000
     2     0    0.600
     2     1    0.874
     2     2    6.024
     2     3    0.000
     3     0    1.854
     3     1    4.815
     3     2    0.122
     3     3    0.000
 mu_new=    -6.715
 Charge transfer:  iph  charge(iph)
       0   -0.082
       1    0.035
       2    0.290
       3   -0.154
              SCF ITERATION NUMBER  2  OUT OF  30
 Calculating energy and space dependent l-DOS.  It takes time ...
     point #   1  energy = -34.000
     Doing FMS for a cluster of   22 atoms around iph =   0 in fmsie
    0   FMS matrix (LUD) at point   1, number of state kets = 198
     Doing FMS for a cluster of   25 atoms around iph =   1 in fmsie
    0   FMS matrix (LUD) at point   1, number of state kets = 225
     Doing FMS for a cluster of   20 atoms around iph =   2 in fmsie
    0   FMS matrix (LUD) at point   1, number of state kets = 180
     Doing FMS for a cluster of   20 atoms around iph =   3 in fmsie
    0   FMS matrix (LUD) at point   1, number of state kets = 180
  Electronic configuration
   iph    il      N_el
     0     0    1.802
     0     1    4.004
     0     2    0.145
     0     3    0.000
     1     0    0.312
     1     1    6.404
     1     2    1.068
     1     3    0.000
     2     0    0.655
     2     1    0.868
     2     2    6.747
     2     3    0.000
     3     0    1.832
     3     1    4.471
     3     2    0.115
     3     3    0.000
 mu_new=    -7.447
 Charge transfer:  iph  charge(iph)
       0    0.006
       1    0.161
       2    0.595
       3   -0.337
              SCF ITERATION NUMBER  3  OUT OF  30
 Calculating energy and space dependent l-DOS.  It takes time ...
     point #   1  energy = -34.000
     Doing FMS for a cluster of   22 atoms around iph =   0 in fmsie
    0   FMS matrix (LUD) at point   1, number of state kets = 198
     Doing FMS for a cluster of   25 atoms around iph =   1 in fmsie
    0   FMS matrix (LUD) at point   1, number of state kets = 225
     Doing FMS for a cluster of   20 atoms around iph =   2 in fmsie
    0   FMS matrix (LUD) at point   1, number of state kets = 180
     Doing FMS for a cluster of   20 atoms around iph =   3 in fmsie
    0   FMS matrix (LUD) at point   1, number of state kets = 180
  Electronic configuration
   iph    il      N_el
     0     0    1.817
     0     1    4.262
     0     2    0.143
     0     3    0.000
     1     0    0.321
     1     1    6.409
     1     2    1.096
     1     3    0.000
     2     0    0.693
     2     1    0.868
     2     2    7.340
     2     3    0.000
     3     0    1.817
     3     1    4.163
     3     2    0.113
     3     3    0.000
 mu_new=    -7.728
 Charge transfer:  iph  charge(iph)
       0   -0.037
       1    0.193
       2    0.522
       3   -0.309
              SCF ITERATION NUMBER  4  OUT OF  30
 Calculating energy and space dependent l-DOS.  It takes time ...
     point #   1  energy = -34.000
     Doing FMS for a cluster of   22 atoms around iph =   0 in fmsie
    0   FMS matrix (LUD) at point   1, number of state kets = 198
     Doing FMS for a cluster of   25 atoms around iph =   1 in fmsie
    0   FMS matrix (LUD) at point   1, number of state kets = 225
     Doing FMS for a cluster of   20 atoms around iph =   2 in fmsie
    0   FMS matrix (LUD) at point   1, number of state kets = 180
     Doing FMS for a cluster of   20 atoms around iph =   3 in fmsie
    0   FMS matrix (LUD) at point   1, number of state kets = 180
  Electronic configuration
   iph    il      N_el
     0     0    1.810
     0     1    4.174
     0     2    0.145
     0     3    0.000
     1     0    0.316
     1     1    6.405
     1     2    1.088
     1     3    0.000
     2     0    0.672
     2     1    0.872
     2     2    6.949
     2     3    0.000
     3     0    1.826
     3     1    4.360
     3     2    0.116
     3     3    0.000
 mu_new=    -7.357
 Charge transfer:  iph  charge(iph)
       0   -0.057
       1    0.200
       2    0.528
       3   -0.314
              SCF ITERATION NUMBER  5  OUT OF  30
 Calculating energy and space dependent l-DOS.  It takes time ...
     point #   1  energy = -34.000
     Doing FMS for a cluster of   22 atoms around iph =   0 in fmsie
    0   FMS matrix (LUD) at point   1, number of state kets = 198
     Doing FMS for a cluster of   25 atoms around iph =   1 in fmsie
    0   FMS matrix (LUD) at point   1, number of state kets = 225
     Doing FMS for a cluster of   20 atoms around iph =   2 in fmsie
    0   FMS matrix (LUD) at point   1, number of state kets = 180
     Doing FMS for a cluster of   20 atoms around iph =   3 in fmsie
    0   FMS matrix (LUD) at point   1, number of state kets = 180
  Electronic configuration
   iph    il      N_el
     0     0    1.807
     0     1    4.102
     0     2    0.145
     0     3    0.000
     1     0    0.315
     1     1    6.403
     1     2    1.085
     1     3    0.000
     2     0    0.672
     2     1    0.871
     2     2    6.931
     2     3    0.000
     3     0    1.826
     3     1    4.370
     3     2    0.116
     3     3    0.000
 mu_new=    -7.351
 Charge transfer:  iph  charge(iph)
       0   -0.056
       1    0.199
       2    0.527
       3   -0.313
              SCF ITERATION NUMBER  6  OUT OF  30
 Calculating energy and space dependent l-DOS.  It takes time ...
     point #   1  energy = -34.000
     Doing FMS for a cluster of   22 atoms around iph =   0 in fmsie
    0   FMS matrix (LUD) at point   1, number of state kets = 198
     Doing FMS for a cluster of   25 atoms around iph =   1 in fmsie
    0   FMS matrix (LUD) at point   1, number of state kets = 225
     Doing FMS for a cluster of   20 atoms around iph =   2 in fmsie
    0   FMS matrix (LUD) at point   1, number of state kets = 180
     Doing FMS for a cluster of   20 atoms around iph =   3 in fmsie
    0   FMS matrix (LUD) at point   1, number of state kets = 180
  Electronic configuration
   iph    il      N_el
     0     0    1.807
     0     1    4.103
     0     2    0.145
     0     3    0.000
     1     0    0.314
     1     1    6.403
     1     2    1.082
     1     3    0.000
     2     0    0.671
     2     1    0.870
     2     2    6.933
     2     3    0.000
     3     0    1.826
     3     1    4.371
     3     2    0.116
     3     3    0.000
 mu_new=    -7.370
 Charge transfer:  iph  charge(iph)
       0   -0.056
       1    0.200
       2    0.527
       3   -0.313
              SCF ITERATION NUMBER  7  OUT OF  30
 Calculating energy and space dependent l-DOS.  It takes time ...
     point #   1  energy = -34.000
     Doing FMS for a cluster of   22 atoms around iph =   0 in fmsie
    0   FMS matrix (LUD) at point   1, number of state kets = 198
     Doing FMS for a cluster of   25 atoms around iph =   1 in fmsie
    0   FMS matrix (LUD) at point   1, number of state kets = 225
     Doing FMS for a cluster of   20 atoms around iph =   2 in fmsie
    0   FMS matrix (LUD) at point   1, number of state kets = 180
     Doing FMS for a cluster of   20 atoms around iph =   3 in fmsie
    0   FMS matrix (LUD) at point   1, number of state kets = 180
  Electronic configuration
   iph    il      N_el
     0     0    1.807
     0     1    4.103
     0     2    0.145
     0     3    0.000
     1     0    0.314
     1     1    6.402
     1     2    1.080
     1     3    0.000
     2     0    0.671
     2     1    0.869
     2     2    6.934
     2     3    0.000
     3     0    1.826
     3     1    4.372
     3     2    0.115
     3     3    0.000
 mu_new=    -7.384
 Charge transfer:  iph  charge(iph)
       0   -0.055
       1    0.202
       2    0.527
       3   -0.314
              SCF ITERATION NUMBER  8  OUT OF  30
 Calculating energy and space dependent l-DOS.  It takes time ...
     point #   1  energy = -34.000
     Doing FMS for a cluster of   22 atoms around iph =   0 in fmsie
    0   FMS matrix (LUD) at point   1, number of state kets = 198
     Doing FMS for a cluster of   25 atoms around iph =   1 in fmsie
    0   FMS matrix (LUD) at point   1, number of state kets = 225
     Doing FMS for a cluster of   20 atoms around iph =   2 in fmsie
    0   FMS matrix (LUD) at point   1, number of state kets = 180
     Doing FMS for a cluster of   20 atoms around iph =   3 in fmsie
    0   FMS matrix (LUD) at point   1, number of state kets = 180
  Electronic configuration
   iph    il      N_el
     0     0    1.807
     0     1    4.104
     0     2    0.145
     0     3    0.000
     1     0    0.314
     1     1    6.402
     1     2    1.078
     1     3    0.000
     2     0    0.671
     2     1    0.868
     2     2    6.936
     2     3    0.000
     3     0    1.827
     3     1    4.372
     3     2    0.115
     3     3    0.000
 mu_new=    -7.404
 Charge transfer:  iph  charge(iph)
       0   -0.055
       1    0.203
       2    0.526
       3   -0.314
              SCF ITERATION NUMBER  9  OUT OF  30
 Calculating energy and space dependent l-DOS.  It takes time ...
     point #   1  energy = -34.000
     Doing FMS for a cluster of   22 atoms around iph =   0 in fmsie
    0   FMS matrix (LUD) at point   1, number of state kets = 198
     Doing FMS for a cluster of   25 atoms around iph =   1 in fmsie
    0   FMS matrix (LUD) at point   1, number of state kets = 225
     Doing FMS for a cluster of   20 atoms around iph =   2 in fmsie
    0   FMS matrix (LUD) at point   1, number of state kets = 180
     Doing FMS for a cluster of   20 atoms around iph =   3 in fmsie
    0   FMS matrix (LUD) at point   1, number of state kets = 180
  Electronic configuration
   iph    il      N_el
     0     0    1.806
     0     1    4.098
     0     2    0.151
     0     3    0.000
     1     0    0.317
     1     1    6.405
     1     2    1.118
     1     3    0.000
     2     0    0.671
     2     1    0.873
     2     2    6.915
     2     3    0.000
     3     0    1.827
     3     1    4.361
     3     2    0.123
     3     3    0.000
 mu_new=    -7.404
 Charge transfer:  iph  charge(iph)
       0   -0.055
       1    0.202
       2    0.527
       3   -0.314
              SCF ITERATION NUMBER 10  OUT OF  30
 Calculating energy and space dependent l-DOS.  It takes time ...
     point #   1  energy = -34.000
     Doing FMS for a cluster of   22 atoms around iph =   0 in fmsie
    0   FMS matrix (LUD) at point   1, number of state kets = 198
     Doing FMS for a cluster of   25 atoms around iph =   1 in fmsie
    0   FMS matrix (LUD) at point   1, number of state kets = 225
     Doing FMS for a cluster of   20 atoms around iph =   2 in fmsie
    0   FMS matrix (LUD) at point   1, number of state kets = 180
     Doing FMS for a cluster of   20 atoms around iph =   3 in fmsie
    0   FMS matrix (LUD) at point   1, number of state kets = 180
  Electronic configuration
   iph    il      N_el
     0     0    1.807
     0     1    4.103
     0     2    0.145
     0     3    0.000
     1     0    0.314
     1     1    6.402
     1     2    1.078
     1     3    0.000
     2     0    0.671
     2     1    0.868
     2     2    6.936
     2     3    0.000
     3     0    1.827
     3     1    4.372
     3     2    0.115
     3     3    0.000
 mu_new=    -7.407
 Charge transfer:  iph  charge(iph)
       0   -0.055
       1    0.202
       2    0.527
       3   -0.314
              SCF ITERATION NUMBER 11  OUT OF  30
 Calculating energy and space dependent l-DOS.  It takes time ...
     point #   1  energy = -34.000
     Doing FMS for a cluster of   22 atoms around iph =   0 in fmsie
    0   FMS matrix (LUD) at point   1, number of state kets = 198
     Doing FMS for a cluster of   25 atoms around iph =   1 in fmsie
    0   FMS matrix (LUD) at point   1, number of state kets = 225
     Doing FMS for a cluster of   20 atoms around iph =   2 in fmsie
    0   FMS matrix (LUD) at point   1, number of state kets = 180
     Doing FMS for a cluster of   20 atoms around iph =   3 in fmsie
    0   FMS matrix (LUD) at point   1, number of state kets = 180
  Electronic configuration
   iph    il      N_el
     0     0    1.807
     0     1    4.103
     0     2    0.145
     0     3    0.000
     1     0    0.314
     1     1    6.402
     1     2    1.078
     1     3    0.000
     2     0    0.671
     2     1    0.868
     2     2    6.936
     2     3    0.000
     3     0    1.827
     3     1    4.372
     3     2    0.115
     3     3    0.000
 mu_new=    -7.407
 Charge transfer:  iph  charge(iph)
       0   -0.055
       1    0.202
       2    0.527
       3   -0.314
 Convergence reached.
 Done with module 1: potentials.
 total time       6.51017689704895     
 communicate time  0.192382335662842     
