 Number of processors =           12
 Calculating potentials ...
muffin tin radii and interstitial parameters
 iph, rnrm(iph)*bohr, rmt(iph)*bohr, folp(iph)
    0  1.06945E+00  1.01935E+00  1.12954E+00
    1  1.79957E+00  1.73849E+00  1.08930E+00
    2  1.46610E+00  1.38935E+00  1.14797E+00
    3  1.06945E+00  1.01935E+00  1.12954E+00
              Core-valence separation
 ecv=   -33.500
 mu_old=     2.060
              SCF ITERATION NUMBER  1  OUT OF  30
 Calculating energy and space dependent l-DOS.  It takes time ...
     point #   1  energy = -33.500
     Doing FMS for a cluster of   26 atoms around iph =   0 in fmsie
    0   FMS matrix (LUD) at point   1, number of state kets = 234
     Doing FMS for a cluster of   32 atoms around iph =   1 in fmsie
    0   FMS matrix (LUD) at point   1, number of state kets = 288
     Doing FMS for a cluster of   25 atoms around iph =   2 in fmsie
    0   FMS matrix (LUD) at point   1, number of state kets = 225
     Doing FMS for a cluster of   26 atoms around iph =   3 in fmsie
    0   FMS matrix (LUD) at point   1, number of state kets = 234
  Electronic configuration
   iph    il      N_el
     0     0    1.846
     0     1    4.603
     0     2    0.087
     0     3    0.000
     1     0    0.351
     1     1    6.449
     1     2    1.153
     1     3    0.000
     2     0    0.537
     2     1    0.698
     2     2    6.713
     2     3    0.000
     3     0    1.846
     3     1    4.603
     3     2    0.087
     3     3    0.000
 mu_new=    -6.803
 Charge transfer:  iph  charge(iph)
       0   -0.103
       1    0.011
       2    0.203
       3   -0.103
              SCF ITERATION NUMBER  2  OUT OF  30
 Calculating energy and space dependent l-DOS.  It takes time ...
     point #   1  energy = -33.500
     Doing FMS for a cluster of   26 atoms around iph =   0 in fmsie
    0   FMS matrix (LUD) at point   1, number of state kets = 234
     Doing FMS for a cluster of   32 atoms around iph =   1 in fmsie
    0   FMS matrix (LUD) at point   1, number of state kets = 288
     Doing FMS for a cluster of   25 atoms around iph =   2 in fmsie
    0   FMS matrix (LUD) at point   1, number of state kets = 225
     Doing FMS for a cluster of   26 atoms around iph =   3 in fmsie
    0   FMS matrix (LUD) at point   1, number of state kets = 234
  Electronic configuration
   iph    il      N_el
     0     0    1.828
     0     1    4.349
     0     2    0.081
     0     3    0.000
     1     0    0.358
     1     1    6.451
     1     2    1.119
     1     3    0.000
     2     0    0.588
     2     1    0.744
     2     2    7.181
     2     3    0.000
     3     0    1.828
     3     1    4.349
     3     2    0.081
     3     3    0.000
 mu_new=    -7.181
 Charge transfer:  iph  charge(iph)
       0   -0.243
       1    0.066
       2    0.460
       3   -0.243
              SCF ITERATION NUMBER  3  OUT OF  30
 Calculating energy and space dependent l-DOS.  It takes time ...
     point #   1  energy = -33.500
     Doing FMS for a cluster of   26 atoms around iph =   0 in fmsie
    0   FMS matrix (LUD) at point   1, number of state kets = 234
     Doing FMS for a cluster of   32 atoms around iph =   1 in fmsie
    0   FMS matrix (LUD) at point   1, number of state kets = 288
     Doing FMS for a cluster of   25 atoms around iph =   2 in fmsie
    0   FMS matrix (LUD) at point   1, number of state kets = 225
     Doing FMS for a cluster of   26 atoms around iph =   3 in fmsie
    0   FMS matrix (LUD) at point   1, number of state kets = 234
  Electronic configuration
   iph    il      N_el
     0     0    1.818
     0     1    4.183
     0     2    0.082
     0     3    0.000
     1     0    0.364
     1     1    6.446
     1     2    1.119
     1     3    0.000
     2     0    0.626
     2     1    0.780
     2     2    7.458
     2     3    0.000
     3     0    1.818
     3     1    4.183
     3     2    0.082
     3     3    0.000
 mu_new=    -7.113
 Charge transfer:  iph  charge(iph)
       0   -0.215
       1    0.070
       2    0.403
       3   -0.215
              SCF ITERATION NUMBER  4  OUT OF  30
 Calculating energy and space dependent l-DOS.  It takes time ...
     point #   1  energy = -33.500
     Doing FMS for a cluster of   26 atoms around iph =   0 in fmsie
    0   FMS matrix (LUD) at point   1, number of state kets = 234
     Doing FMS for a cluster of   32 atoms around iph =   1 in fmsie
    0   FMS matrix (LUD) at point   1, number of state kets = 288
     Doing FMS for a cluster of   25 atoms around iph =   2 in fmsie
    0   FMS matrix (LUD) at point   1, number of state kets = 225
     Doing FMS for a cluster of   26 atoms around iph =   3 in fmsie
    0   FMS matrix (LUD) at point   1, number of state kets = 234
  Electronic configuration
   iph    il      N_el
     0     0    1.823
     0     1    4.296
     0     2    0.082
     0     3    0.000
     1     0    0.360
     1     1    6.445
     1     2    1.114
     1     3    0.000
     2     0    0.604
     2     1    0.759
     2     2    7.266
     2     3    0.000
     3     0    1.823
     3     1    4.296
     3     2    0.082
     3     3    0.000
 mu_new=    -6.952
 Charge transfer:  iph  charge(iph)
       0   -0.213
       1    0.073
       2    0.397
       3   -0.213
              SCF ITERATION NUMBER  5  OUT OF  30
 Calculating energy and space dependent l-DOS.  It takes time ...
     point #   1  energy = -33.500
     Doing FMS for a cluster of   26 atoms around iph =   0 in fmsie
    0   FMS matrix (LUD) at point   1, number of state kets = 234
     Doing FMS for a cluster of   32 atoms around iph =   1 in fmsie
    0   FMS matrix (LUD) at point   1, number of state kets = 288
     Doing FMS for a cluster of   25 atoms around iph =   2 in fmsie
    0   FMS matrix (LUD) at point   1, number of state kets = 225
     Doing FMS for a cluster of   26 atoms around iph =   3 in fmsie
    0   FMS matrix (LUD) at point   1, number of state kets = 234
  Electronic configuration
   iph    il      N_el
     0     0    1.824
     0     1    4.308
     0     2    0.082
     0     3    0.000
     1     0    0.360
     1     1    6.445
     1     2    1.112
     1     3    0.000
     2     0    0.601
     2     1    0.756
     2     2    7.247
     2     3    0.000
     3     0    1.824
     3     1    4.308
     3     2    0.082
     3     3    0.000
 mu_new=    -6.952
 Charge transfer:  iph  charge(iph)
       0   -0.214
       1    0.075
       2    0.397
       3   -0.214
              SCF ITERATION NUMBER  6  OUT OF  30
 Calculating energy and space dependent l-DOS.  It takes time ...
     point #   1  energy = -33.500
     Doing FMS for a cluster of   26 atoms around iph =   0 in fmsie
    0   FMS matrix (LUD) at point   1, number of state kets = 234
     Doing FMS for a cluster of   32 atoms around iph =   1 in fmsie
    0   FMS matrix (LUD) at point   1, number of state kets = 288
     Doing FMS for a cluster of   25 atoms around iph =   2 in fmsie
    0   FMS matrix (LUD) at point   1, number of state kets = 225
     Doing FMS for a cluster of   26 atoms around iph =   3 in fmsie
    0   FMS matrix (LUD) at point   1, number of state kets = 234
  Electronic configuration
   iph    il      N_el
     0     0    1.824
     0     1    4.308
     0     2    0.082
     0     3    0.000
     1     0    0.360
     1     1    6.445
     1     2    1.111
     1     3    0.000
     2     0    0.601
     2     1    0.756
     2     2    7.248
     2     3    0.000
     3     0    1.824
     3     1    4.308
     3     2    0.082
     3     3    0.000
 mu_new=    -6.969
 Charge transfer:  iph  charge(iph)
       0   -0.214
       1    0.081
       2    0.396
       3   -0.214
              SCF ITERATION NUMBER  7  OUT OF  30
 Calculating energy and space dependent l-DOS.  It takes time ...
     point #   1  energy = -33.500
     Doing FMS for a cluster of   26 atoms around iph =   0 in fmsie
    0   FMS matrix (LUD) at point   1, number of state kets = 234
     Doing FMS for a cluster of   32 atoms around iph =   1 in fmsie
    0   FMS matrix (LUD) at point   1, number of state kets = 288
     Doing FMS for a cluster of   25 atoms around iph =   2 in fmsie
    0   FMS matrix (LUD) at point   1, number of state kets = 225
     Doing FMS for a cluster of   26 atoms around iph =   3 in fmsie
    0   FMS matrix (LUD) at point   1, number of state kets = 234
  Electronic configuration
   iph    il      N_el
     0     0    1.824
     0     1    4.309
     0     2    0.082
     0     3    0.000
     1     0    0.359
     1     1    6.444
     1     2    1.111
     1     3    0.000
     2     0    0.600
     2     1    0.755
     2     2    7.250
     2     3    0.000
     3     0    1.824
     3     1    4.309
     3     2    0.082
     3     3    0.000
 mu_new=    -6.999
 Charge transfer:  iph  charge(iph)
       0   -0.214
       1    0.082
       2    0.396
       3   -0.214
              SCF ITERATION NUMBER  8  OUT OF  30
 Calculating energy and space dependent l-DOS.  It takes time ...
     point #   1  energy = -33.500
     Doing FMS for a cluster of   26 atoms around iph =   0 in fmsie
    0   FMS matrix (LUD) at point   1, number of state kets = 234
     Doing FMS for a cluster of   32 atoms around iph =   1 in fmsie
    0   FMS matrix (LUD) at point   1, number of state kets = 288
     Doing FMS for a cluster of   25 atoms around iph =   2 in fmsie
    0   FMS matrix (LUD) at point   1, number of state kets = 225
     Doing FMS for a cluster of   26 atoms around iph =   3 in fmsie
    0   FMS matrix (LUD) at point   1, number of state kets = 234
  Electronic configuration
   iph    il      N_el
     0     0    1.824
     0     1    4.309
     0     2    0.082
     0     3    0.000
     1     0    0.359
     1     1    6.444
     1     2    1.111
     1     3    0.000
     2     0    0.600
     2     1    0.755
     2     2    7.250
     2     3    0.000
     3     0    1.824
     3     1    4.309
     3     2    0.082
     3     3    0.000
 mu_new=    -7.000
 Charge transfer:  iph  charge(iph)
       0   -0.214
       1    0.085
       2    0.395
       3   -0.214
              SCF ITERATION NUMBER  9  OUT OF  30
 Calculating energy and space dependent l-DOS.  It takes time ...
     point #   1  energy = -33.500
     Doing FMS for a cluster of   26 atoms around iph =   0 in fmsie
    0   FMS matrix (LUD) at point   1, number of state kets = 234
     Doing FMS for a cluster of   32 atoms around iph =   1 in fmsie
    0   FMS matrix (LUD) at point   1, number of state kets = 288
     Doing FMS for a cluster of   25 atoms around iph =   2 in fmsie
    0   FMS matrix (LUD) at point   1, number of state kets = 225
     Doing FMS for a cluster of   26 atoms around iph =   3 in fmsie
    0   FMS matrix (LUD) at point   1, number of state kets = 234
  Electronic configuration
   iph    il      N_el
     0     0    1.824
     0     1    4.308
     0     2    0.082
     0     3    0.000
     1     0    0.360
     1     1    6.445
     1     2    1.113
     1     3    0.000
     2     0    0.600
     2     1    0.755
     2     2    7.249
     2     3    0.000
     3     0    1.824
     3     1    4.308
     3     2    0.082
     3     3    0.000
 mu_new=    -7.000
 Charge transfer:  iph  charge(iph)
       0   -0.214
       1    0.085
       2    0.395
       3   -0.214
              SCF ITERATION NUMBER 10  OUT OF  30
 Calculating energy and space dependent l-DOS.  It takes time ...
     point #   1  energy = -33.500
     Doing FMS for a cluster of   26 atoms around iph =   0 in fmsie
    0   FMS matrix (LUD) at point   1, number of state kets = 234
     Doing FMS for a cluster of   32 atoms around iph =   1 in fmsie
    0   FMS matrix (LUD) at point   1, number of state kets = 288
     Doing FMS for a cluster of   25 atoms around iph =   2 in fmsie
    0   FMS matrix (LUD) at point   1, number of state kets = 225
     Doing FMS for a cluster of   26 atoms around iph =   3 in fmsie
    0   FMS matrix (LUD) at point   1, number of state kets = 234
  Electronic configuration
   iph    il      N_el
     0     0    1.824
     0     1    4.308
     0     2    0.082
     0     3    0.000
     1     0    0.359
     1     1    6.445
     1     2    1.112
     1     3    0.000
     2     0    0.600
     2     1    0.755
     2     2    7.250
     2     3    0.000
     3     0    1.824
     3     1    4.308
     3     2    0.082
     3     3    0.000
 mu_new=    -7.000
 Charge transfer:  iph  charge(iph)
       0   -0.214
       1    0.085
       2    0.395
       3   -0.214
              SCF ITERATION NUMBER 11  OUT OF  30
 Calculating energy and space dependent l-DOS.  It takes time ...
     point #   1  energy = -33.500
     Doing FMS for a cluster of   26 atoms around iph =   0 in fmsie
    0   FMS matrix (LUD) at point   1, number of state kets = 234
     Doing FMS for a cluster of   32 atoms around iph =   1 in fmsie
    0   FMS matrix (LUD) at point   1, number of state kets = 288
     Doing FMS for a cluster of   25 atoms around iph =   2 in fmsie
    0   FMS matrix (LUD) at point   1, number of state kets = 225
     Doing FMS for a cluster of   26 atoms around iph =   3 in fmsie
    0   FMS matrix (LUD) at point   1, number of state kets = 234
  Electronic configuration
   iph    il      N_el
     0     0    1.824
     0     1    4.309
     0     2    0.082
     0     3    0.000
     1     0    0.359
     1     1    6.445
     1     2    1.112
     1     3    0.000
     2     0    0.600
     2     1    0.755
     2     2    7.249
     2     3    0.000
     3     0    1.824
     3     1    4.309
     3     2    0.082
     3     3    0.000
 mu_new=    -7.000
 Charge transfer:  iph  charge(iph)
       0   -0.214
       1    0.085
       2    0.395
       3   -0.214
 Convergence reached.
 Done with module 1: potentials.
 total time       7.84187293052673     
 communicate time  8.045434951782227E-002
