 Number of processors =           12
 Calculating LDOS ...
              LDOS calculation for specified grid
 Calculating energy and space dependent l-DOS.
 It takes time ...
     potential type  0
     potential type  1
     potential type  2
 Number of energy points = 101
 Doing FMS for a cluster of 129 atoms around iph =  0
    7   FMS matrix (LUD) at point  20, number of state kets =2064
    3   FMS matrix (LUD) at point  40, number of state kets =2064
   11   FMS matrix (LUD) at point  60, number of state kets =2064
    7   FMS matrix (LUD) at point  80, number of state kets =2064
    3   FMS matrix (LUD) at point 100, number of state kets =2064
 Number of energy points = 101
 Doing FMS for a cluster of 117 atoms around iph =  1
    7   FMS matrix (LUD) at point  20, number of state kets =1872
    3   FMS matrix (LUD) at point  40, number of state kets =1872
   11   FMS matrix (LUD) at point  60, number of state kets =1872
    7   FMS matrix (LUD) at point  80, number of state kets =1872
    3   FMS matrix (LUD) at point 100, number of state kets =1872
 Number of energy points = 101
 Doing FMS for a cluster of 129 atoms around iph =  2
    7   FMS matrix (LUD) at point  20, number of state kets =2064
    3   FMS matrix (LUD) at point  40, number of state kets =2064
   11   FMS matrix (LUD) at point  60, number of state kets =2064
    7   FMS matrix (LUD) at point  80, number of state kets =2064
    3   FMS matrix (LUD) at point 100, number of state kets =2064
 Calculating chi and rho...    0
 Calculating chi and rho...    1
 Calculating chi and rho...    2
 Done with LDOS.
 total time       51.4738099575043     
 communicate time  0.251555204391479     
