 Number of processors =           12
 Calculating potentials ...
muffin tin radii and interstitial parameters
 iph, rnrm(iph)*bohr, rmt(iph)*bohr, folp(iph)
    0  1.04424E+00  9.78367E-01  1.15000E+00
    1  1.78616E+00  1.72462E+00  1.09083E+00
    2  1.43932E+00  1.30611E+00  1.15000E+00
    3  1.04477E+00  9.79755E-01  1.15000E+00
              Core-valence separation
 ecv=   -35.000
 mu_old=     0.737
              SCF ITERATION NUMBER  1  OUT OF  30
 Calculating energy and space dependent l-DOS.  It takes time ...
     point #   1  energy = -35.000
     Doing FMS for a cluster of   26 atoms around iph =   0 in fmsie
    0   FMS matrix (LUD) at point   1, number of state kets = 234
     Doing FMS for a cluster of   26 atoms around iph =   1 in fmsie
    0   FMS matrix (LUD) at point   1, number of state kets = 234
     Doing FMS for a cluster of   29 atoms around iph =   2 in fmsie
    0   FMS matrix (LUD) at point   1, number of state kets = 261
     Doing FMS for a cluster of   26 atoms around iph =   3 in fmsie
    0   FMS matrix (LUD) at point   1, number of state kets = 234
  Electronic configuration
   iph    il      N_el
     0     0    1.805
     0     1    4.664
     0     2    0.100
     0     3    0.000
     1     0    0.289
     1     1    6.346
     1     2    0.903
     1     3    0.000
     2     0    0.660
     2     1    0.738
     2     2    6.697
     2     3    0.000
     3     0    1.806
     3     1    4.662
     3     2    0.100
     3     3    0.000
 mu_new=    -8.656
 Charge transfer:  iph  charge(iph)
       0   -0.110
       1    0.094
       2    0.172
       3   -0.109
              SCF ITERATION NUMBER  2  OUT OF  30
 Calculating energy and space dependent l-DOS.  It takes time ...
     point #   1  energy = -35.000
     Doing FMS for a cluster of   26 atoms around iph =   0 in fmsie
    0   FMS matrix (LUD) at point   1, number of state kets = 234
     Doing FMS for a cluster of   26 atoms around iph =   1 in fmsie
    0   FMS matrix (LUD) at point   1, number of state kets = 234
     Doing FMS for a cluster of   29 atoms around iph =   2 in fmsie
    0   FMS matrix (LUD) at point   1, number of state kets = 261
     Doing FMS for a cluster of   26 atoms around iph =   3 in fmsie
    0   FMS matrix (LUD) at point   1, number of state kets = 234
  Electronic configuration
   iph    il      N_el
     0     0    1.789
     0     1    4.428
     0     2    0.097
     0     3    0.000
     1     0    0.283
     1     1    6.342
     1     2    0.899
     1     3    0.000
     2     0    0.690
     2     1    0.767
     2     2    7.156
     2     3    0.000
     3     0    1.790
     3     1    4.426
     3     2    0.097
     3     3    0.000
 mu_new=    -9.050
 Charge transfer:  iph  charge(iph)
       0   -0.298
       1    0.444
       2    0.372
       3   -0.297
              SCF ITERATION NUMBER  3  OUT OF  30
 Calculating energy and space dependent l-DOS.  It takes time ...
     point #   1  energy = -35.000
     Doing FMS for a cluster of   26 atoms around iph =   0 in fmsie
    0   FMS matrix (LUD) at point   1, number of state kets = 234
     Doing FMS for a cluster of   26 atoms around iph =   1 in fmsie
    0   FMS matrix (LUD) at point   1, number of state kets = 234
     Doing FMS for a cluster of   29 atoms around iph =   2 in fmsie
    0   FMS matrix (LUD) at point   1, number of state kets = 261
     Doing FMS for a cluster of   26 atoms around iph =   3 in fmsie
    0   FMS matrix (LUD) at point   1, number of state kets = 234
  Electronic configuration
   iph    il      N_el
     0     0    1.772
     0     1    4.165
     0     2    0.098
     0     3    0.000
     1     0    0.301
     1     1    6.366
     1     2    1.001
     1     3    0.000
     2     0    0.726
     2     1    0.814
     2     2    7.552
     2     3    0.000
     3     0    1.772
     3     1    4.166
     3     2    0.098
     3     3    0.000
 mu_new=    -8.804
 Charge transfer:  iph  charge(iph)
       0   -0.245
       1    0.428
       2    0.274
       3   -0.244
              SCF ITERATION NUMBER  4  OUT OF  30
 Calculating energy and space dependent l-DOS.  It takes time ...
     point #   1  energy = -35.000
     Doing FMS for a cluster of   26 atoms around iph =   0 in fmsie
    0   FMS matrix (LUD) at point   1, number of state kets = 234
     Doing FMS for a cluster of   26 atoms around iph =   1 in fmsie
    0   FMS matrix (LUD) at point   1, number of state kets = 234
     Doing FMS for a cluster of   29 atoms around iph =   2 in fmsie
    0   FMS matrix (LUD) at point   1, number of state kets = 261
     Doing FMS for a cluster of   26 atoms around iph =   3 in fmsie
    0   FMS matrix (LUD) at point   1, number of state kets = 234
  Electronic configuration
   iph    il      N_el
     0     0    1.781
     0     1    4.323
     0     2    0.099
     0     3    0.000
     1     0    0.297
     1     1    6.363
     1     2    0.984
     1     3    0.000
     2     0    0.706
     2     1    0.793
     2     2    7.270
     2     3    0.000
     3     0    1.782
     3     1    4.323
     3     2    0.099
     3     3    0.000
 mu_new=    -8.646
 Charge transfer:  iph  charge(iph)
       0   -0.237
       1    0.417
       2    0.264
       3   -0.236
              SCF ITERATION NUMBER  5  OUT OF  30
 Calculating energy and space dependent l-DOS.  It takes time ...
     point #   1  energy = -35.000
     Doing FMS for a cluster of   26 atoms around iph =   0 in fmsie
    0   FMS matrix (LUD) at point   1, number of state kets = 234
     Doing FMS for a cluster of   26 atoms around iph =   1 in fmsie
    0   FMS matrix (LUD) at point   1, number of state kets = 234
     Doing FMS for a cluster of   29 atoms around iph =   2 in fmsie
    0   FMS matrix (LUD) at point   1, number of state kets = 261
     Doing FMS for a cluster of   26 atoms around iph =   3 in fmsie
    0   FMS matrix (LUD) at point   1, number of state kets = 234
  Electronic configuration
   iph    il      N_el
     0     0    1.784
     0     1    4.347
     0     2    0.103
     0     3    0.000
     1     0    0.296
     1     1    6.360
     1     2    0.990
     1     3    0.000
     2     0    0.703
     2     1    0.790
     2     2    7.218
     2     3    0.000
     3     0    1.784
     3     1    4.346
     3     2    0.103
     3     3    0.000
 mu_new=    -8.646
 Charge transfer:  iph  charge(iph)
       0   -0.236
       1    0.404
       2    0.270
       3   -0.236
              SCF ITERATION NUMBER  6  OUT OF  30
 Calculating energy and space dependent l-DOS.  It takes time ...
     point #   1  energy = -35.000
     Doing FMS for a cluster of   26 atoms around iph =   0 in fmsie
    0   FMS matrix (LUD) at point   1, number of state kets = 234
     Doing FMS for a cluster of   26 atoms around iph =   1 in fmsie
    0   FMS matrix (LUD) at point   1, number of state kets = 234
     Doing FMS for a cluster of   29 atoms around iph =   2 in fmsie
    0   FMS matrix (LUD) at point   1, number of state kets = 261
     Doing FMS for a cluster of   26 atoms around iph =   3 in fmsie
    0   FMS matrix (LUD) at point   1, number of state kets = 234
  Electronic configuration
   iph    il      N_el
     0     0    1.784
     0     1    4.336
     0     2    0.110
     0     3    0.000
     1     0    0.298
     1     1    6.360
     1     2    1.019
     1     3    0.000
     2     0    0.704
     2     1    0.794
     2     2    7.202
     2     3    0.000
     3     0    1.785
     3     1    4.336
     3     2    0.110
     3     3    0.000
 mu_new=    -8.646
 Charge transfer:  iph  charge(iph)
       0   -0.237
       1    0.411
       2    0.267
       3   -0.236
              SCF ITERATION NUMBER  7  OUT OF  30
 Calculating energy and space dependent l-DOS.  It takes time ...
     point #   1  energy = -35.000
     Doing FMS for a cluster of   26 atoms around iph =   0 in fmsie
    0   FMS matrix (LUD) at point   1, number of state kets = 234
     Doing FMS for a cluster of   26 atoms around iph =   1 in fmsie
    0   FMS matrix (LUD) at point   1, number of state kets = 234
     Doing FMS for a cluster of   29 atoms around iph =   2 in fmsie
    0   FMS matrix (LUD) at point   1, number of state kets = 261
     Doing FMS for a cluster of   26 atoms around iph =   3 in fmsie
    0   FMS matrix (LUD) at point   1, number of state kets = 234
  Electronic configuration
   iph    il      N_el
     0     0    1.784
     0     1    4.341
     0     2    0.107
     0     3    0.000
     1     0    0.297
     1     1    6.360
     1     2    1.008
     1     3    0.000
     2     0    0.704
     2     1    0.792
     2     2    7.208
     2     3    0.000
     3     0    1.784
     3     1    4.340
     3     2    0.107
     3     3    0.000
 mu_new=    -8.646
 Charge transfer:  iph  charge(iph)
       0   -0.238
       1    0.426
       2    0.262
       3   -0.237
              SCF ITERATION NUMBER  8  OUT OF  30
 Calculating energy and space dependent l-DOS.  It takes time ...
     point #   1  energy = -35.000
     Doing FMS for a cluster of   26 atoms around iph =   0 in fmsie
    0   FMS matrix (LUD) at point   1, number of state kets = 234
     Doing FMS for a cluster of   26 atoms around iph =   1 in fmsie
    0   FMS matrix (LUD) at point   1, number of state kets = 234
     Doing FMS for a cluster of   29 atoms around iph =   2 in fmsie
    0   FMS matrix (LUD) at point   1, number of state kets = 261
     Doing FMS for a cluster of   26 atoms around iph =   3 in fmsie
    0   FMS matrix (LUD) at point   1, number of state kets = 234
  Electronic configuration
   iph    il      N_el
     0     0    1.784
     0     1    4.344
     0     2    0.104
     0     3    0.000
     1     0    0.297
     1     1    6.361
     1     2    0.999
     1     3    0.000
     2     0    0.703
     2     1    0.791
     2     2    7.214
     2     3    0.000
     3     0    1.784
     3     1    4.344
     3     2    0.104
     3     3    0.000
 mu_new=    -8.646
 Charge transfer:  iph  charge(iph)
       0   -0.222
       1    0.214
       2    0.337
       3   -0.222
              SCF ITERATION NUMBER  9  OUT OF  30
 Calculating energy and space dependent l-DOS.  It takes time ...
     point #   1  energy = -35.000
     Doing FMS for a cluster of   26 atoms around iph =   0 in fmsie
    0   FMS matrix (LUD) at point   1, number of state kets = 234
     Doing FMS for a cluster of   26 atoms around iph =   1 in fmsie
    0   FMS matrix (LUD) at point   1, number of state kets = 234
     Doing FMS for a cluster of   29 atoms around iph =   2 in fmsie
    0   FMS matrix (LUD) at point   1, number of state kets = 261
     Doing FMS for a cluster of   26 atoms around iph =   3 in fmsie
    0   FMS matrix (LUD) at point   1, number of state kets = 234
  Electronic configuration
   iph    il      N_el
     0     0    1.785
     0     1    4.355
     0     2    0.097
     0     3    0.000
     1     0    0.278
     1     1    6.328
     1     2    0.878
     1     3    0.000
     2     0    0.704
     2     1    0.776
     2     2    7.306
     2     3    0.000
     3     0    1.785
     3     1    4.354
     3     2    0.097
     3     3    0.000
 mu_new=    -8.979
 Charge transfer:  iph  charge(iph)
       0   -0.231
       1    0.334
       2    0.295
       3   -0.231
              SCF ITERATION NUMBER 10  OUT OF  30
 Calculating energy and space dependent l-DOS.  It takes time ...
     point #   1  energy = -35.000
     Doing FMS for a cluster of   26 atoms around iph =   0 in fmsie
    0   FMS matrix (LUD) at point   1, number of state kets = 234
     Doing FMS for a cluster of   26 atoms around iph =   1 in fmsie
    0   FMS matrix (LUD) at point   1, number of state kets = 234
     Doing FMS for a cluster of   29 atoms around iph =   2 in fmsie
    0   FMS matrix (LUD) at point   1, number of state kets = 261
     Doing FMS for a cluster of   26 atoms around iph =   3 in fmsie
    0   FMS matrix (LUD) at point   1, number of state kets = 234
  Electronic configuration
   iph    il      N_el
     0     0    1.784
     0     1    4.355
     0     2    0.098
     0     3    0.000
     1     0    0.285
     1     1    6.343
     1     2    0.922
     1     3    0.000
     2     0    0.703
     2     1    0.780
     2     2    7.268
     2     3    0.000
     3     0    1.784
     3     1    4.354
     3     2    0.098
     3     3    0.000
 mu_new=    -8.845
 Charge transfer:  iph  charge(iph)
       0   -0.237
       1    0.412
       2    0.268
       3   -0.237
              SCF ITERATION NUMBER 11  OUT OF  30
 Calculating energy and space dependent l-DOS.  It takes time ...
     point #   1  energy = -35.000
     Doing FMS for a cluster of   26 atoms around iph =   0 in fmsie
    0   FMS matrix (LUD) at point   1, number of state kets = 234
     Doing FMS for a cluster of   26 atoms around iph =   1 in fmsie
    0   FMS matrix (LUD) at point   1, number of state kets = 234
     Doing FMS for a cluster of   29 atoms around iph =   2 in fmsie
    0   FMS matrix (LUD) at point   1, number of state kets = 261
     Doing FMS for a cluster of   26 atoms around iph =   3 in fmsie
    0   FMS matrix (LUD) at point   1, number of state kets = 234
  Electronic configuration
   iph    il      N_el
     0     0    1.784
     0     1    4.354
     0     2    0.098
     0     3    0.000
     1     0    0.291
     1     1    6.354
     1     2    0.955
     1     3    0.000
     2     0    0.702
     2     1    0.783
     2     2    7.243
     2     3    0.000
     3     0    1.784
     3     1    4.353
     3     2    0.098
     3     3    0.000
 mu_new=    -8.756
 Charge transfer:  iph  charge(iph)
       0   -0.237
       1    0.408
       2    0.269
       3   -0.236
              SCF ITERATION NUMBER 12  OUT OF  30
 Calculating energy and space dependent l-DOS.  It takes time ...
     point #   1  energy = -35.000
     Doing FMS for a cluster of   26 atoms around iph =   0 in fmsie
    0   FMS matrix (LUD) at point   1, number of state kets = 234
     Doing FMS for a cluster of   26 atoms around iph =   1 in fmsie
    0   FMS matrix (LUD) at point   1, number of state kets = 234
     Doing FMS for a cluster of   29 atoms around iph =   2 in fmsie
    0   FMS matrix (LUD) at point   1, number of state kets = 261
     Doing FMS for a cluster of   26 atoms around iph =   3 in fmsie
    0   FMS matrix (LUD) at point   1, number of state kets = 234
  Electronic configuration
   iph    il      N_el
     0     0    1.784
     0     1    4.354
     0     2    0.099
     0     3    0.000
     1     0    0.291
     1     1    6.353
     1     2    0.955
     1     3    0.000
     2     0    0.702
     2     1    0.784
     2     2    7.242
     2     3    0.000
     3     0    1.784
     3     1    4.353
     3     2    0.099
     3     3    0.000
 mu_new=    -8.756
 Charge transfer:  iph  charge(iph)
       0   -0.236
       1    0.395
       2    0.273
       3   -0.235
              SCF ITERATION NUMBER 13  OUT OF  30
 Calculating energy and space dependent l-DOS.  It takes time ...
     point #   1  energy = -35.000
     Doing FMS for a cluster of   26 atoms around iph =   0 in fmsie
    0   FMS matrix (LUD) at point   1, number of state kets = 234
     Doing FMS for a cluster of   26 atoms around iph =   1 in fmsie
    0   FMS matrix (LUD) at point   1, number of state kets = 234
     Doing FMS for a cluster of   29 atoms around iph =   2 in fmsie
    0   FMS matrix (LUD) at point   1, number of state kets = 261
     Doing FMS for a cluster of   26 atoms around iph =   3 in fmsie
    0   FMS matrix (LUD) at point   1, number of state kets = 234
  Electronic configuration
   iph    il      N_el
     0     0    1.784
     0     1    4.351
     0     2    0.101
     0     3    0.000
     1     0    0.291
     1     1    6.353
     1     2    0.961
     1     3    0.000
     2     0    0.703
     2     1    0.785
     2     2    7.239
     2     3    0.000
     3     0    1.784
     3     1    4.351
     3     2    0.101
     3     3    0.000
 mu_new=    -8.756
 Charge transfer:  iph  charge(iph)
       0   -0.236
       1    0.395
       2    0.274
       3   -0.235
              SCF ITERATION NUMBER 14  OUT OF  30
 Calculating energy and space dependent l-DOS.  It takes time ...
     point #   1  energy = -35.000
     Doing FMS for a cluster of   26 atoms around iph =   0 in fmsie
    0   FMS matrix (LUD) at point   1, number of state kets = 234
     Doing FMS for a cluster of   26 atoms around iph =   1 in fmsie
    0   FMS matrix (LUD) at point   1, number of state kets = 234
     Doing FMS for a cluster of   29 atoms around iph =   2 in fmsie
    0   FMS matrix (LUD) at point   1, number of state kets = 261
     Doing FMS for a cluster of   26 atoms around iph =   3 in fmsie
    0   FMS matrix (LUD) at point   1, number of state kets = 234
  Electronic configuration
   iph    il      N_el
     0     0    1.784
     0     1    4.351
     0     2    0.101
     0     3    0.000
     1     0    0.291
     1     1    6.353
     1     2    0.961
     1     3    0.000
     2     0    0.703
     2     1    0.785
     2     2    7.239
     2     3    0.000
     3     0    1.784
     3     1    4.350
     3     2    0.101
     3     3    0.000
 mu_new=    -8.756
 Charge transfer:  iph  charge(iph)
       0   -0.236
       1    0.395
       2    0.274
       3   -0.235
              SCF ITERATION NUMBER 15  OUT OF  30
 Calculating energy and space dependent l-DOS.  It takes time ...
     point #   1  energy = -35.000
     Doing FMS for a cluster of   26 atoms around iph =   0 in fmsie
    0   FMS matrix (LUD) at point   1, number of state kets = 234
     Doing FMS for a cluster of   26 atoms around iph =   1 in fmsie
    0   FMS matrix (LUD) at point   1, number of state kets = 234
     Doing FMS for a cluster of   29 atoms around iph =   2 in fmsie
    0   FMS matrix (LUD) at point   1, number of state kets = 261
     Doing FMS for a cluster of   26 atoms around iph =   3 in fmsie
    0   FMS matrix (LUD) at point   1, number of state kets = 234
  Electronic configuration
   iph    il      N_el
     0     0    1.784
     0     1    4.351
     0     2    0.101
     0     3    0.000
     1     0    0.291
     1     1    6.353
     1     2    0.961
     1     3    0.000
     2     0    0.703
     2     1    0.785
     2     2    7.239
     2     3    0.000
     3     0    1.784
     3     1    4.350
     3     2    0.101
     3     3    0.000
 mu_new=    -8.756
 Charge transfer:  iph  charge(iph)
       0   -0.236
       1    0.395
       2    0.274
       3   -0.235
 Convergence reached.
 Done with module 1: potentials.
 total time       12.2097530364990     
 communicate time  0.186878681182861     
