 Number of processors =           12
 Calculating potentials ...
muffin tin radii and interstitial parameters
 iph, rnrm(iph)*bohr, rmt(iph)*bohr, folp(iph)
    0  1.04447E+00  9.78552E-01  1.15000E+00
    1  1.78562E+00  1.72403E+00  1.09093E+00
    2  1.43916E+00  1.30574E+00  1.15000E+00
    3  1.04499E+00  9.80273E-01  1.15000E+00
              Core-valence separation
 ecv=   -35.000
 mu_old=     0.734
              SCF ITERATION NUMBER  1  OUT OF  30
 Calculating energy and space dependent l-DOS.  It takes time ...
     point #   1  energy = -35.000
     Doing FMS for a cluster of   26 atoms around iph =   0 in fmsie
    0   FMS matrix (LUD) at point   1, number of state kets = 234
     Doing FMS for a cluster of   26 atoms around iph =   1 in fmsie
    0   FMS matrix (LUD) at point   1, number of state kets = 234
     Doing FMS for a cluster of   29 atoms around iph =   2 in fmsie
    0   FMS matrix (LUD) at point   1, number of state kets = 261
     Doing FMS for a cluster of   26 atoms around iph =   3 in fmsie
    0   FMS matrix (LUD) at point   1, number of state kets = 234
  Electronic configuration
   iph    il      N_el
     0     0    1.806
     0     1    4.664
     0     2    0.100
     0     3    0.000
     1     0    0.288
     1     1    6.346
     1     2    0.903
     1     3    0.000
     2     0    0.660
     2     1    0.738
     2     2    6.696
     2     3    0.000
     3     0    1.806
     3     1    4.663
     3     2    0.100
     3     3    0.000
 mu_new=    -8.657
 Charge transfer:  iph  charge(iph)
       0   -0.110
       1    0.095
       2    0.172
       3   -0.110
              SCF ITERATION NUMBER  2  OUT OF  30
 Calculating energy and space dependent l-DOS.  It takes time ...
     point #   1  energy = -35.000
     Doing FMS for a cluster of   26 atoms around iph =   0 in fmsie
    0   FMS matrix (LUD) at point   1, number of state kets = 234
     Doing FMS for a cluster of   26 atoms around iph =   1 in fmsie
    0   FMS matrix (LUD) at point   1, number of state kets = 234
     Doing FMS for a cluster of   29 atoms around iph =   2 in fmsie
    0   FMS matrix (LUD) at point   1, number of state kets = 261
     Doing FMS for a cluster of   26 atoms around iph =   3 in fmsie
    0   FMS matrix (LUD) at point   1, number of state kets = 234
  Electronic configuration
   iph    il      N_el
     0     0    1.789
     0     1    4.427
     0     2    0.097
     0     3    0.000
     1     0    0.282
     1     1    6.342
     1     2    0.899
     1     3    0.000
     2     0    0.690
     2     1    0.767
     2     2    7.155
     2     3    0.000
     3     0    1.790
     3     1    4.427
     3     2    0.097
     3     3    0.000
 mu_new=    -9.051
 Charge transfer:  iph  charge(iph)
       0   -0.298
       1    0.445
       2    0.373
       3   -0.298
              SCF ITERATION NUMBER  3  OUT OF  30
 Calculating energy and space dependent l-DOS.  It takes time ...
     point #   1  energy = -35.000
     Doing FMS for a cluster of   26 atoms around iph =   0 in fmsie
    0   FMS matrix (LUD) at point   1, number of state kets = 234
     Doing FMS for a cluster of   26 atoms around iph =   1 in fmsie
    0   FMS matrix (LUD) at point   1, number of state kets = 234
     Doing FMS for a cluster of   29 atoms around iph =   2 in fmsie
    0   FMS matrix (LUD) at point   1, number of state kets = 261
     Doing FMS for a cluster of   26 atoms around iph =   3 in fmsie
    0   FMS matrix (LUD) at point   1, number of state kets = 234
  Electronic configuration
   iph    il      N_el
     0     0    1.772
     0     1    4.165
     0     2    0.098
     0     3    0.000
     1     0    0.300
     1     1    6.366
     1     2    1.001
     1     3    0.000
     2     0    0.726
     2     1    0.814
     2     2    7.552
     2     3    0.000
     3     0    1.772
     3     1    4.166
     3     2    0.098
     3     3    0.000
 mu_new=    -8.806
 Charge transfer:  iph  charge(iph)
       0   -0.245
       1    0.429
       2    0.275
       3   -0.245
              SCF ITERATION NUMBER  4  OUT OF  30
 Calculating energy and space dependent l-DOS.  It takes time ...
     point #   1  energy = -35.000
     Doing FMS for a cluster of   26 atoms around iph =   0 in fmsie
    0   FMS matrix (LUD) at point   1, number of state kets = 234
     Doing FMS for a cluster of   26 atoms around iph =   1 in fmsie
    0   FMS matrix (LUD) at point   1, number of state kets = 234
     Doing FMS for a cluster of   29 atoms around iph =   2 in fmsie
    0   FMS matrix (LUD) at point   1, number of state kets = 261
     Doing FMS for a cluster of   26 atoms around iph =   3 in fmsie
    0   FMS matrix (LUD) at point   1, number of state kets = 234
  Electronic configuration
   iph    il      N_el
     0     0    1.782
     0     1    4.323
     0     2    0.099
     0     3    0.000
     1     0    0.296
     1     1    6.362
     1     2    0.984
     1     3    0.000
     2     0    0.707
     2     1    0.793
     2     2    7.270
     2     3    0.000
     3     0    1.782
     3     1    4.324
     3     2    0.099
     3     3    0.000
 mu_new=    -8.648
 Charge transfer:  iph  charge(iph)
       0   -0.237
       1    0.418
       2    0.265
       3   -0.237
              SCF ITERATION NUMBER  5  OUT OF  30
 Calculating energy and space dependent l-DOS.  It takes time ...
     point #   1  energy = -35.000
     Doing FMS for a cluster of   26 atoms around iph =   0 in fmsie
    0   FMS matrix (LUD) at point   1, number of state kets = 234
     Doing FMS for a cluster of   26 atoms around iph =   1 in fmsie
    0   FMS matrix (LUD) at point   1, number of state kets = 234
     Doing FMS for a cluster of   29 atoms around iph =   2 in fmsie
    0   FMS matrix (LUD) at point   1, number of state kets = 261
     Doing FMS for a cluster of   26 atoms around iph =   3 in fmsie
    0   FMS matrix (LUD) at point   1, number of state kets = 234
  Electronic configuration
   iph    il      N_el
     0     0    1.784
     0     1    4.347
     0     2    0.103
     0     3    0.000
     1     0    0.295
     1     1    6.359
     1     2    0.990
     1     3    0.000
     2     0    0.703
     2     1    0.790
     2     2    7.217
     2     3    0.000
     3     0    1.784
     3     1    4.347
     3     2    0.103
     3     3    0.000
 mu_new=    -8.648
 Charge transfer:  iph  charge(iph)
       0   -0.236
       1    0.406
       2    0.270
       3   -0.236
              SCF ITERATION NUMBER  6  OUT OF  30
 Calculating energy and space dependent l-DOS.  It takes time ...
     point #   1  energy = -35.000
     Doing FMS for a cluster of   26 atoms around iph =   0 in fmsie
    0   FMS matrix (LUD) at point   1, number of state kets = 234
     Doing FMS for a cluster of   26 atoms around iph =   1 in fmsie
    0   FMS matrix (LUD) at point   1, number of state kets = 234
     Doing FMS for a cluster of   29 atoms around iph =   2 in fmsie
    0   FMS matrix (LUD) at point   1, number of state kets = 261
     Doing FMS for a cluster of   26 atoms around iph =   3 in fmsie
    0   FMS matrix (LUD) at point   1, number of state kets = 234
  Electronic configuration
   iph    il      N_el
     0     0    1.785
     0     1    4.336
     0     2    0.110
     0     3    0.000
     1     0    0.297
     1     1    6.359
     1     2    1.019
     1     3    0.000
     2     0    0.705
     2     1    0.794
     2     2    7.201
     2     3    0.000
     3     0    1.785
     3     1    4.336
     3     2    0.110
     3     3    0.000
 mu_new=    -8.648
 Charge transfer:  iph  charge(iph)
       0   -0.237
       1    0.412
       2    0.268
       3   -0.237
              SCF ITERATION NUMBER  7  OUT OF  30
 Calculating energy and space dependent l-DOS.  It takes time ...
     point #   1  energy = -35.000
     Doing FMS for a cluster of   26 atoms around iph =   0 in fmsie
    0   FMS matrix (LUD) at point   1, number of state kets = 234
     Doing FMS for a cluster of   26 atoms around iph =   1 in fmsie
    0   FMS matrix (LUD) at point   1, number of state kets = 234
     Doing FMS for a cluster of   29 atoms around iph =   2 in fmsie
    0   FMS matrix (LUD) at point   1, number of state kets = 261
     Doing FMS for a cluster of   26 atoms around iph =   3 in fmsie
    0   FMS matrix (LUD) at point   1, number of state kets = 234
  Electronic configuration
   iph    il      N_el
     0     0    1.784
     0     1    4.340
     0     2    0.107
     0     3    0.000
     1     0    0.296
     1     1    6.359
     1     2    1.008
     1     3    0.000
     2     0    0.704
     2     1    0.793
     2     2    7.207
     2     3    0.000
     3     0    1.785
     3     1    4.340
     3     2    0.107
     3     3    0.000
 mu_new=    -8.648
 Charge transfer:  iph  charge(iph)
       0   -0.238
       1    0.427
       2    0.262
       3   -0.238
              SCF ITERATION NUMBER  8  OUT OF  30
 Calculating energy and space dependent l-DOS.  It takes time ...
     point #   1  energy = -35.000
     Doing FMS for a cluster of   26 atoms around iph =   0 in fmsie
    0   FMS matrix (LUD) at point   1, number of state kets = 234
     Doing FMS for a cluster of   26 atoms around iph =   1 in fmsie
    0   FMS matrix (LUD) at point   1, number of state kets = 234
     Doing FMS for a cluster of   29 atoms around iph =   2 in fmsie
    0   FMS matrix (LUD) at point   1, number of state kets = 261
     Doing FMS for a cluster of   26 atoms around iph =   3 in fmsie
    0   FMS matrix (LUD) at point   1, number of state kets = 234
  Electronic configuration
   iph    il      N_el
     0     0    1.784
     0     1    4.344
     0     2    0.104
     0     3    0.000
     1     0    0.296
     1     1    6.360
     1     2    0.999
     1     3    0.000
     2     0    0.704
     2     1    0.791
     2     2    7.213
     2     3    0.000
     3     0    1.784
     3     1    4.344
     3     2    0.104
     3     3    0.000
 mu_new=    -8.648
 Charge transfer:  iph  charge(iph)
       0   -0.222
       1    0.216
       2    0.337
       3   -0.222
              SCF ITERATION NUMBER  9  OUT OF  30
 Calculating energy and space dependent l-DOS.  It takes time ...
     point #   1  energy = -35.000
     Doing FMS for a cluster of   26 atoms around iph =   0 in fmsie
    0   FMS matrix (LUD) at point   1, number of state kets = 234
     Doing FMS for a cluster of   26 atoms around iph =   1 in fmsie
    0   FMS matrix (LUD) at point   1, number of state kets = 234
     Doing FMS for a cluster of   29 atoms around iph =   2 in fmsie
    0   FMS matrix (LUD) at point   1, number of state kets = 261
     Doing FMS for a cluster of   26 atoms around iph =   3 in fmsie
    0   FMS matrix (LUD) at point   1, number of state kets = 234
  Electronic configuration
   iph    il      N_el
     0     0    1.785
     0     1    4.354
     0     2    0.097
     0     3    0.000
     1     0    0.277
     1     1    6.327
     1     2    0.878
     1     3    0.000
     2     0    0.705
     2     1    0.776
     2     2    7.305
     2     3    0.000
     3     0    1.785
     3     1    4.355
     3     2    0.097
     3     3    0.000
 mu_new=    -8.981
 Charge transfer:  iph  charge(iph)
       0   -0.231
       1    0.336
       2    0.295
       3   -0.231
              SCF ITERATION NUMBER 10  OUT OF  30
 Calculating energy and space dependent l-DOS.  It takes time ...
     point #   1  energy = -35.000
     Doing FMS for a cluster of   26 atoms around iph =   0 in fmsie
    0   FMS matrix (LUD) at point   1, number of state kets = 234
     Doing FMS for a cluster of   26 atoms around iph =   1 in fmsie
    0   FMS matrix (LUD) at point   1, number of state kets = 234
     Doing FMS for a cluster of   29 atoms around iph =   2 in fmsie
    0   FMS matrix (LUD) at point   1, number of state kets = 261
     Doing FMS for a cluster of   26 atoms around iph =   3 in fmsie
    0   FMS matrix (LUD) at point   1, number of state kets = 234
  Electronic configuration
   iph    il      N_el
     0     0    1.784
     0     1    4.355
     0     2    0.098
     0     3    0.000
     1     0    0.285
     1     1    6.343
     1     2    0.922
     1     3    0.000
     2     0    0.703
     2     1    0.781
     2     2    7.268
     2     3    0.000
     3     0    1.785
     3     1    4.355
     3     2    0.098
     3     3    0.000
 mu_new=    -8.847
 Charge transfer:  iph  charge(iph)
       0   -0.237
       1    0.414
       2    0.268
       3   -0.237
              SCF ITERATION NUMBER 11  OUT OF  30
 Calculating energy and space dependent l-DOS.  It takes time ...
     point #   1  energy = -35.000
     Doing FMS for a cluster of   26 atoms around iph =   0 in fmsie
    0   FMS matrix (LUD) at point   1, number of state kets = 234
     Doing FMS for a cluster of   26 atoms around iph =   1 in fmsie
    0   FMS matrix (LUD) at point   1, number of state kets = 234
     Doing FMS for a cluster of   29 atoms around iph =   2 in fmsie
    0   FMS matrix (LUD) at point   1, number of state kets = 261
     Doing FMS for a cluster of   26 atoms around iph =   3 in fmsie
    0   FMS matrix (LUD) at point   1, number of state kets = 234
  Electronic configuration
   iph    il      N_el
     0     0    1.784
     0     1    4.354
     0     2    0.098
     0     3    0.000
     1     0    0.290
     1     1    6.353
     1     2    0.955
     1     3    0.000
     2     0    0.702
     2     1    0.784
     2     2    7.242
     2     3    0.000
     3     0    1.784
     3     1    4.354
     3     2    0.098
     3     3    0.000
 mu_new=    -8.758
 Charge transfer:  iph  charge(iph)
       0   -0.237
       1    0.410
       2    0.269
       3   -0.237
              SCF ITERATION NUMBER 12  OUT OF  30
 Calculating energy and space dependent l-DOS.  It takes time ...
     point #   1  energy = -35.000
     Doing FMS for a cluster of   26 atoms around iph =   0 in fmsie
    0   FMS matrix (LUD) at point   1, number of state kets = 234
     Doing FMS for a cluster of   26 atoms around iph =   1 in fmsie
    0   FMS matrix (LUD) at point   1, number of state kets = 234
     Doing FMS for a cluster of   29 atoms around iph =   2 in fmsie
    0   FMS matrix (LUD) at point   1, number of state kets = 261
     Doing FMS for a cluster of   26 atoms around iph =   3 in fmsie
    0   FMS matrix (LUD) at point   1, number of state kets = 234
  Electronic configuration
   iph    il      N_el
     0     0    1.784
     0     1    4.353
     0     2    0.099
     0     3    0.000
     1     0    0.290
     1     1    6.353
     1     2    0.955
     1     3    0.000
     2     0    0.702
     2     1    0.784
     2     2    7.242
     2     3    0.000
     3     0    1.784
     3     1    4.353
     3     2    0.099
     3     3    0.000
 mu_new=    -8.758
 Charge transfer:  iph  charge(iph)
       0   -0.236
       1    0.397
       2    0.274
       3   -0.236
              SCF ITERATION NUMBER 13  OUT OF  30
 Calculating energy and space dependent l-DOS.  It takes time ...
     point #   1  energy = -35.000
     Doing FMS for a cluster of   26 atoms around iph =   0 in fmsie
    0   FMS matrix (LUD) at point   1, number of state kets = 234
     Doing FMS for a cluster of   26 atoms around iph =   1 in fmsie
    0   FMS matrix (LUD) at point   1, number of state kets = 234
     Doing FMS for a cluster of   29 atoms around iph =   2 in fmsie
    0   FMS matrix (LUD) at point   1, number of state kets = 261
     Doing FMS for a cluster of   26 atoms around iph =   3 in fmsie
    0   FMS matrix (LUD) at point   1, number of state kets = 234
  Electronic configuration
   iph    il      N_el
     0     0    1.784
     0     1    4.351
     0     2    0.101
     0     3    0.000
     1     0    0.290
     1     1    6.352
     1     2    0.961
     1     3    0.000
     2     0    0.703
     2     1    0.785
     2     2    7.239
     2     3    0.000
     3     0    1.785
     3     1    4.351
     3     2    0.101
     3     3    0.000
 mu_new=    -8.758
 Charge transfer:  iph  charge(iph)
       0   -0.236
       1    0.396
       2    0.274
       3   -0.236
              SCF ITERATION NUMBER 14  OUT OF  30
 Calculating energy and space dependent l-DOS.  It takes time ...
     point #   1  energy = -35.000
     Doing FMS for a cluster of   26 atoms around iph =   0 in fmsie
    0   FMS matrix (LUD) at point   1, number of state kets = 234
     Doing FMS for a cluster of   26 atoms around iph =   1 in fmsie
    0   FMS matrix (LUD) at point   1, number of state kets = 234
     Doing FMS for a cluster of   29 atoms around iph =   2 in fmsie
    0   FMS matrix (LUD) at point   1, number of state kets = 261
     Doing FMS for a cluster of   26 atoms around iph =   3 in fmsie
    0   FMS matrix (LUD) at point   1, number of state kets = 234
  Electronic configuration
   iph    il      N_el
     0     0    1.784
     0     1    4.351
     0     2    0.101
     0     3    0.000
     1     0    0.290
     1     1    6.352
     1     2    0.961
     1     3    0.000
     2     0    0.703
     2     1    0.785
     2     2    7.238
     2     3    0.000
     3     0    1.785
     3     1    4.351
     3     2    0.101
     3     3    0.000
 mu_new=    -8.758
 Charge transfer:  iph  charge(iph)
       0   -0.236
       1    0.396
       2    0.274
       3   -0.236
              SCF ITERATION NUMBER 15  OUT OF  30
 Calculating energy and space dependent l-DOS.  It takes time ...
     point #   1  energy = -35.000
     Doing FMS for a cluster of   26 atoms around iph =   0 in fmsie
    0   FMS matrix (LUD) at point   1, number of state kets = 234
     Doing FMS for a cluster of   26 atoms around iph =   1 in fmsie
    0   FMS matrix (LUD) at point   1, number of state kets = 234
     Doing FMS for a cluster of   29 atoms around iph =   2 in fmsie
    0   FMS matrix (LUD) at point   1, number of state kets = 261
     Doing FMS for a cluster of   26 atoms around iph =   3 in fmsie
    0   FMS matrix (LUD) at point   1, number of state kets = 234
  Electronic configuration
   iph    il      N_el
     0     0    1.784
     0     1    4.351
     0     2    0.101
     0     3    0.000
     1     0    0.290
     1     1    6.352
     1     2    0.961
     1     3    0.000
     2     0    0.703
     2     1    0.785
     2     2    7.238
     2     3    0.000
     3     0    1.785
     3     1    4.351
     3     2    0.101
     3     3    0.000
 mu_new=    -8.758
 Charge transfer:  iph  charge(iph)
       0   -0.236
       1    0.397
       2    0.274
       3   -0.236
              SCF ITERATION NUMBER 16  OUT OF  30
 Calculating energy and space dependent l-DOS.  It takes time ...
     point #   1  energy = -35.000
     Doing FMS for a cluster of   26 atoms around iph =   0 in fmsie
    0   FMS matrix (LUD) at point   1, number of state kets = 234
     Doing FMS for a cluster of   26 atoms around iph =   1 in fmsie
    0   FMS matrix (LUD) at point   1, number of state kets = 234
     Doing FMS for a cluster of   29 atoms around iph =   2 in fmsie
    0   FMS matrix (LUD) at point   1, number of state kets = 261
     Doing FMS for a cluster of   26 atoms around iph =   3 in fmsie
    0   FMS matrix (LUD) at point   1, number of state kets = 234
  Electronic configuration
   iph    il      N_el
     0     0    1.784
     0     1    4.351
     0     2    0.101
     0     3    0.000
     1     0    0.290
     1     1    6.352
     1     2    0.961
     1     3    0.000
     2     0    0.703
     2     1    0.785
     2     2    7.238
     2     3    0.000
     3     0    1.785
     3     1    4.351
     3     2    0.101
     3     3    0.000
 mu_new=    -8.758
 Charge transfer:  iph  charge(iph)
       0   -0.236
       1    0.397
       2    0.274
       3   -0.236
 Convergence reached.
 Done with module 1: potentials.
 total time       12.7647678852081     
 communicate time  9.285426139831543E-002
