 Number of processors =           12
 Calculating potentials ...
muffin tin radii and interstitial parameters
 iph, rnrm(iph)*bohr, rmt(iph)*bohr, folp(iph)
    0  1.02841E+00  8.96907E-01  1.15000E+00
    1  1.81350E+00  1.73861E+00  1.11174E+00
    2  1.46891E+00  1.29277E+00  1.15000E+00
    3  1.06560E+00  9.79528E-01  1.15000E+00
              Core-valence separation
 ecv=   -34.000
 mu_old=     1.223
              SCF ITERATION NUMBER  1  OUT OF  30
 Calculating energy and space dependent l-DOS.  It takes time ...
     point #   1  energy = -34.000
     Doing FMS for a cluster of   25 atoms around iph =   0 in fmsie
    0   FMS matrix (LUD) at point   1, number of state kets = 225
     Doing FMS for a cluster of   22 atoms around iph =   1 in fmsie
    0   FMS matrix (LUD) at point   1, number of state kets = 198
     Doing FMS for a cluster of   26 atoms around iph =   2 in fmsie
    0   FMS matrix (LUD) at point   1, number of state kets = 234
     Doing FMS for a cluster of   20 atoms around iph =   3 in fmsie
    0   FMS matrix (LUD) at point   1, number of state kets = 180
  Electronic configuration
   iph    il      N_el
     0     0    1.804
     0     1    4.431
     0     2    0.117
     0     3    0.000
     1     0    0.305
     1     1    6.407
     1     2    0.987
     1     3    0.000
     2     0    0.683
     2     1    0.773
     2     2    6.402
     2     3    0.000
     3     0    1.853
     3     1    4.695
     3     2    0.099
     3     3    0.000
 mu_new=    -7.774
 Charge transfer:  iph  charge(iph)
       0   -0.067
       1    0.062
       2    0.221
       3   -0.126
              SCF ITERATION NUMBER  2  OUT OF  30
 Calculating energy and space dependent l-DOS.  It takes time ...
     point #   1  energy = -34.000
     Doing FMS for a cluster of   25 atoms around iph =   0 in fmsie
    0   FMS matrix (LUD) at point   1, number of state kets = 225
     Doing FMS for a cluster of   22 atoms around iph =   1 in fmsie
    0   FMS matrix (LUD) at point   1, number of state kets = 198
     Doing FMS for a cluster of   26 atoms around iph =   2 in fmsie
    0   FMS matrix (LUD) at point   1, number of state kets = 234
     Doing FMS for a cluster of   20 atoms around iph =   3 in fmsie
    0   FMS matrix (LUD) at point   1, number of state kets = 180
  Electronic configuration
   iph    il      N_el
     0     0    1.785
     0     1    4.185
     0     2    0.115
     0     3    0.000
     1     0    0.305
     1     1    6.398
     1     2    0.966
     1     3    0.000
     2     0    0.716
     2     1    0.788
     2     2    7.084
     2     3    0.000
     3     0    1.837
     3     1    4.355
     3     2    0.097
     3     3    0.000
 mu_new=    -8.353
 Charge transfer:  iph  charge(iph)
       0   -0.083
       1    0.270
       2    0.371
       3   -0.253
              SCF ITERATION NUMBER  3  OUT OF  30
 Calculating energy and space dependent l-DOS.  It takes time ...
     point #   1  energy = -34.000
     Doing FMS for a cluster of   25 atoms around iph =   0 in fmsie
    0   FMS matrix (LUD) at point   1, number of state kets = 225
     Doing FMS for a cluster of   22 atoms around iph =   1 in fmsie
    0   FMS matrix (LUD) at point   1, number of state kets = 198
     Doing FMS for a cluster of   26 atoms around iph =   2 in fmsie
    0   FMS matrix (LUD) at point   1, number of state kets = 234
     Doing FMS for a cluster of   20 atoms around iph =   3 in fmsie
    0   FMS matrix (LUD) at point   1, number of state kets = 180
  Electronic configuration
   iph    il      N_el
     0     0    1.781
     0     1    4.155
     0     2    0.116
     0     3    0.000
     1     0    0.315
     1     1    6.404
     1     2    1.006
     1     3    0.000
     2     0    0.736
     2     1    0.802
     2     2    7.410
     2     3    0.000
     3     0    1.829
     3     1    4.168
     3     2    0.098
     3     3    0.000
 mu_new=    -8.237
 Charge transfer:  iph  charge(iph)
       0   -0.076
       1    0.306
       2    0.311
       3   -0.232
              SCF ITERATION NUMBER  4  OUT OF  30
 Calculating energy and space dependent l-DOS.  It takes time ...
     point #   1  energy = -34.000
     Doing FMS for a cluster of   25 atoms around iph =   0 in fmsie
    0   FMS matrix (LUD) at point   1, number of state kets = 225
     Doing FMS for a cluster of   22 atoms around iph =   1 in fmsie
    0   FMS matrix (LUD) at point   1, number of state kets = 198
     Doing FMS for a cluster of   26 atoms around iph =   2 in fmsie
    0   FMS matrix (LUD) at point   1, number of state kets = 234
     Doing FMS for a cluster of   20 atoms around iph =   3 in fmsie
    0   FMS matrix (LUD) at point   1, number of state kets = 180
  Electronic configuration
   iph    il      N_el
     0     0    1.783
     0     1    4.157
     0     2    0.117
     0     3    0.000
     1     0    0.313
     1     1    6.406
     1     2    1.012
     1     3    0.000
     2     0    0.726
     2     1    0.800
     2     2    7.118
     2     3    0.000
     3     0    1.834
     3     1    4.312
     3     2    0.099
     3     3    0.000
 mu_new=    -7.980
 Charge transfer:  iph  charge(iph)
       0   -0.072
       1    0.304
       2    0.323
       3   -0.238
              SCF ITERATION NUMBER  5  OUT OF  30
 Calculating energy and space dependent l-DOS.  It takes time ...
     point #   1  energy = -34.000
     Doing FMS for a cluster of   25 atoms around iph =   0 in fmsie
    0   FMS matrix (LUD) at point   1, number of state kets = 225
     Doing FMS for a cluster of   22 atoms around iph =   1 in fmsie
    0   FMS matrix (LUD) at point   1, number of state kets = 198
     Doing FMS for a cluster of   26 atoms around iph =   2 in fmsie
    0   FMS matrix (LUD) at point   1, number of state kets = 234
     Doing FMS for a cluster of   20 atoms around iph =   3 in fmsie
    0   FMS matrix (LUD) at point   1, number of state kets = 180
  Electronic configuration
   iph    il      N_el
     0     0    1.783
     0     1    4.170
     0     2    0.116
     0     3    0.000
     1     0    0.311
     1     1    6.403
     1     2    1.002
     1     3    0.000
     2     0    0.726
     2     1    0.797
     2     2    7.154
     2     3    0.000
     3     0    1.834
     3     1    4.300
     3     2    0.098
     3     3    0.000
 mu_new=    -8.047
 Charge transfer:  iph  charge(iph)
       0   -0.072
       1    0.299
       2    0.323
       3   -0.236
              SCF ITERATION NUMBER  6  OUT OF  30
 Calculating energy and space dependent l-DOS.  It takes time ...
     point #   1  energy = -34.000
     Doing FMS for a cluster of   25 atoms around iph =   0 in fmsie
    0   FMS matrix (LUD) at point   1, number of state kets = 225
     Doing FMS for a cluster of   22 atoms around iph =   1 in fmsie
    0   FMS matrix (LUD) at point   1, number of state kets = 198
     Doing FMS for a cluster of   26 atoms around iph =   2 in fmsie
    0   FMS matrix (LUD) at point   1, number of state kets = 234
     Doing FMS for a cluster of   20 atoms around iph =   3 in fmsie
    0   FMS matrix (LUD) at point   1, number of state kets = 180
  Electronic configuration
   iph    il      N_el
     0     0    1.783
     0     1    4.170
     0     2    0.116
     0     3    0.000
     1     0    0.310
     1     1    6.402
     1     2    0.997
     1     3    0.000
     2     0    0.726
     2     1    0.796
     2     2    7.152
     2     3    0.000
     3     0    1.834
     3     1    4.304
     3     2    0.098
     3     3    0.000
 mu_new=    -8.068
 Charge transfer:  iph  charge(iph)
       0   -0.071
       1    0.296
       2    0.325
       3   -0.236
              SCF ITERATION NUMBER  7  OUT OF  30
 Calculating energy and space dependent l-DOS.  It takes time ...
     point #   1  energy = -34.000
     Doing FMS for a cluster of   25 atoms around iph =   0 in fmsie
    0   FMS matrix (LUD) at point   1, number of state kets = 225
     Doing FMS for a cluster of   22 atoms around iph =   1 in fmsie
    0   FMS matrix (LUD) at point   1, number of state kets = 198
     Doing FMS for a cluster of   26 atoms around iph =   2 in fmsie
    0   FMS matrix (LUD) at point   1, number of state kets = 234
     Doing FMS for a cluster of   20 atoms around iph =   3 in fmsie
    0   FMS matrix (LUD) at point   1, number of state kets = 180
  Electronic configuration
   iph    il      N_el
     0     0    1.783
     0     1    4.170
     0     2    0.116
     0     3    0.000
     1     0    0.309
     1     1    6.400
     1     2    0.992
     1     3    0.000
     2     0    0.725
     2     1    0.795
     2     2    7.157
     2     3    0.000
     3     0    1.834
     3     1    4.304
     3     2    0.098
     3     3    0.000
 mu_new=    -8.101
 Charge transfer:  iph  charge(iph)
       0   -0.071
       1    0.296
       2    0.325
       3   -0.236
              SCF ITERATION NUMBER  8  OUT OF  30
 Calculating energy and space dependent l-DOS.  It takes time ...
     point #   1  energy = -34.000
     Doing FMS for a cluster of   25 atoms around iph =   0 in fmsie
    0   FMS matrix (LUD) at point   1, number of state kets = 225
     Doing FMS for a cluster of   22 atoms around iph =   1 in fmsie
    0   FMS matrix (LUD) at point   1, number of state kets = 198
     Doing FMS for a cluster of   26 atoms around iph =   2 in fmsie
    0   FMS matrix (LUD) at point   1, number of state kets = 234
     Doing FMS for a cluster of   20 atoms around iph =   3 in fmsie
    0   FMS matrix (LUD) at point   1, number of state kets = 180
  Electronic configuration
   iph    il      N_el
     0     0    1.784
     0     1    4.171
     0     2    0.116
     0     3    0.000
     1     0    0.309
     1     1    6.400
     1     2    0.992
     1     3    0.000
     2     0    0.725
     2     1    0.795
     2     2    7.155
     2     3    0.000
     3     0    1.834
     3     1    4.305
     3     2    0.098
     3     3    0.000
 mu_new=    -8.102
 Charge transfer:  iph  charge(iph)
       0   -0.071
       1    0.297
       2    0.325
       3   -0.237
              SCF ITERATION NUMBER  9  OUT OF  30
 Calculating energy and space dependent l-DOS.  It takes time ...
     point #   1  energy = -34.000
     Doing FMS for a cluster of   25 atoms around iph =   0 in fmsie
    0   FMS matrix (LUD) at point   1, number of state kets = 225
     Doing FMS for a cluster of   22 atoms around iph =   1 in fmsie
    0   FMS matrix (LUD) at point   1, number of state kets = 198
     Doing FMS for a cluster of   26 atoms around iph =   2 in fmsie
    0   FMS matrix (LUD) at point   1, number of state kets = 234
     Doing FMS for a cluster of   20 atoms around iph =   3 in fmsie
    0   FMS matrix (LUD) at point   1, number of state kets = 180
  Electronic configuration
   iph    il      N_el
     0     0    1.783
     0     1    4.171
     0     2    0.116
     0     3    0.000
     1     0    0.309
     1     1    6.401
     1     2    0.992
     1     3    0.000
     2     0    0.725
     2     1    0.795
     2     2    7.157
     2     3    0.000
     3     0    1.834
     3     1    4.304
     3     2    0.098
     3     3    0.000
 mu_new=    -8.105
 Charge transfer:  iph  charge(iph)
       0   -0.071
       1    0.298
       2    0.325
       3   -0.237
              SCF ITERATION NUMBER 10  OUT OF  30
 Calculating energy and space dependent l-DOS.  It takes time ...
     point #   1  energy = -34.000
     Doing FMS for a cluster of   25 atoms around iph =   0 in fmsie
    0   FMS matrix (LUD) at point   1, number of state kets = 225
     Doing FMS for a cluster of   22 atoms around iph =   1 in fmsie
    0   FMS matrix (LUD) at point   1, number of state kets = 198
     Doing FMS for a cluster of   26 atoms around iph =   2 in fmsie
    0   FMS matrix (LUD) at point   1, number of state kets = 234
     Doing FMS for a cluster of   20 atoms around iph =   3 in fmsie
    0   FMS matrix (LUD) at point   1, number of state kets = 180
  Electronic configuration
   iph    il      N_el
     0     0    1.784
     0     1    4.170
     0     2    0.117
     0     3    0.000
     1     0    0.310
     1     1    6.401
     1     2    0.995
     1     3    0.000
     2     0    0.725
     2     1    0.795
     2     2    7.155
     2     3    0.000
     3     0    1.834
     3     1    4.303
     3     2    0.099
     3     3    0.000
 mu_new=    -8.105
 Charge transfer:  iph  charge(iph)
       0   -0.071
       1    0.298
       2    0.325
       3   -0.237
              SCF ITERATION NUMBER 11  OUT OF  30
 Calculating energy and space dependent l-DOS.  It takes time ...
     point #   1  energy = -34.000
     Doing FMS for a cluster of   25 atoms around iph =   0 in fmsie
    0   FMS matrix (LUD) at point   1, number of state kets = 225
     Doing FMS for a cluster of   22 atoms around iph =   1 in fmsie
    0   FMS matrix (LUD) at point   1, number of state kets = 198
     Doing FMS for a cluster of   26 atoms around iph =   2 in fmsie
    0   FMS matrix (LUD) at point   1, number of state kets = 234
     Doing FMS for a cluster of   20 atoms around iph =   3 in fmsie
    0   FMS matrix (LUD) at point   1, number of state kets = 180
  Electronic configuration
   iph    il      N_el
     0     0    1.784
     0     1    4.171
     0     2    0.116
     0     3    0.000
     1     0    0.309
     1     1    6.401
     1     2    0.992
     1     3    0.000
     2     0    0.725
     2     1    0.795
     2     2    7.156
     2     3    0.000
     3     0    1.834
     3     1    4.305
     3     2    0.098
     3     3    0.000
 mu_new=    -8.105
 Charge transfer:  iph  charge(iph)
       0   -0.071
       1    0.298
       2    0.325
       3   -0.237
              SCF ITERATION NUMBER 12  OUT OF  30
 Calculating energy and space dependent l-DOS.  It takes time ...
     point #   1  energy = -34.000
     Doing FMS for a cluster of   25 atoms around iph =   0 in fmsie
    0   FMS matrix (LUD) at point   1, number of state kets = 225
     Doing FMS for a cluster of   22 atoms around iph =   1 in fmsie
    0   FMS matrix (LUD) at point   1, number of state kets = 198
     Doing FMS for a cluster of   26 atoms around iph =   2 in fmsie
    0   FMS matrix (LUD) at point   1, number of state kets = 234
     Doing FMS for a cluster of   20 atoms around iph =   3 in fmsie
    0   FMS matrix (LUD) at point   1, number of state kets = 180
  Electronic configuration
   iph    il      N_el
     0     0    1.784
     0     1    4.169
     0     2    0.117
     0     3    0.000
     1     0    0.310
     1     1    6.401
     1     2    0.996
     1     3    0.000
     2     0    0.725
     2     1    0.795
     2     2    7.155
     2     3    0.000
     3     0    1.834
     3     1    4.303
     3     2    0.099
     3     3    0.000
 mu_new=    -8.105
 Charge transfer:  iph  charge(iph)
       0   -0.071
       1    0.298
       2    0.325
       3   -0.237
              SCF ITERATION NUMBER 13  OUT OF  30
 Calculating energy and space dependent l-DOS.  It takes time ...
     point #   1  energy = -34.000
     Doing FMS for a cluster of   25 atoms around iph =   0 in fmsie
    0   FMS matrix (LUD) at point   1, number of state kets = 225
     Doing FMS for a cluster of   22 atoms around iph =   1 in fmsie
    0   FMS matrix (LUD) at point   1, number of state kets = 198
     Doing FMS for a cluster of   26 atoms around iph =   2 in fmsie
    0   FMS matrix (LUD) at point   1, number of state kets = 234
     Doing FMS for a cluster of   20 atoms around iph =   3 in fmsie
    0   FMS matrix (LUD) at point   1, number of state kets = 180
  Electronic configuration
   iph    il      N_el
     0     0    1.784
     0     1    4.169
     0     2    0.117
     0     3    0.000
     1     0    0.310
     1     1    6.401
     1     2    0.996
     1     3    0.000
     2     0    0.725
     2     1    0.795
     2     2    7.155
     2     3    0.000
     3     0    1.834
     3     1    4.303
     3     2    0.099
     3     3    0.000
 mu_new=    -8.105
 Charge transfer:  iph  charge(iph)
       0   -0.071
       1    0.297
       2    0.325
       3   -0.237
              SCF ITERATION NUMBER 14  OUT OF  30
 Calculating energy and space dependent l-DOS.  It takes time ...
     point #   1  energy = -34.000
     Doing FMS for a cluster of   25 atoms around iph =   0 in fmsie
    0   FMS matrix (LUD) at point   1, number of state kets = 225
     Doing FMS for a cluster of   22 atoms around iph =   1 in fmsie
    0   FMS matrix (LUD) at point   1, number of state kets = 198
     Doing FMS for a cluster of   26 atoms around iph =   2 in fmsie
    0   FMS matrix (LUD) at point   1, number of state kets = 234
     Doing FMS for a cluster of   20 atoms around iph =   3 in fmsie
    0   FMS matrix (LUD) at point   1, number of state kets = 180
  Electronic configuration
   iph    il      N_el
     0     0    1.784
     0     1    4.171
     0     2    0.116
     0     3    0.000
     1     0    0.309
     1     1    6.400
     1     2    0.993
     1     3    0.000
     2     0    0.725
     2     1    0.795
     2     2    7.155
     2     3    0.000
     3     0    1.834
     3     1    4.304
     3     2    0.098
     3     3    0.000
 mu_new=    -8.105
 Charge transfer:  iph  charge(iph)
       0   -0.071
       1    0.297
       2    0.325
       3   -0.237
              SCF ITERATION NUMBER 15  OUT OF  30
 Calculating energy and space dependent l-DOS.  It takes time ...
     point #   1  energy = -34.000
     Doing FMS for a cluster of   25 atoms around iph =   0 in fmsie
    0   FMS matrix (LUD) at point   1, number of state kets = 225
     Doing FMS for a cluster of   22 atoms around iph =   1 in fmsie
    0   FMS matrix (LUD) at point   1, number of state kets = 198
     Doing FMS for a cluster of   26 atoms around iph =   2 in fmsie
    0   FMS matrix (LUD) at point   1, number of state kets = 234
     Doing FMS for a cluster of   20 atoms around iph =   3 in fmsie
    0   FMS matrix (LUD) at point   1, number of state kets = 180
  Electronic configuration
   iph    il      N_el
     0     0    1.784
     0     1    4.170
     0     2    0.117
     0     3    0.000
     1     0    0.310
     1     1    6.401
     1     2    0.994
     1     3    0.000
     2     0    0.725
     2     1    0.795
     2     2    7.155
     2     3    0.000
     3     0    1.834
     3     1    4.304
     3     2    0.098
     3     3    0.000
 mu_new=    -8.105
 Charge transfer:  iph  charge(iph)
       0   -0.071
       1    0.297
       2    0.325
       3   -0.237
              SCF ITERATION NUMBER 16  OUT OF  30
 Calculating energy and space dependent l-DOS.  It takes time ...
     point #   1  energy = -34.000
     Doing FMS for a cluster of   25 atoms around iph =   0 in fmsie
    0   FMS matrix (LUD) at point   1, number of state kets = 225
     Doing FMS for a cluster of   22 atoms around iph =   1 in fmsie
    0   FMS matrix (LUD) at point   1, number of state kets = 198
     Doing FMS for a cluster of   26 atoms around iph =   2 in fmsie
    0   FMS matrix (LUD) at point   1, number of state kets = 234
     Doing FMS for a cluster of   20 atoms around iph =   3 in fmsie
    0   FMS matrix (LUD) at point   1, number of state kets = 180
  Electronic configuration
   iph    il      N_el
     0     0    1.784
     0     1    4.170
     0     2    0.117
     0     3    0.000
     1     0    0.310
     1     1    6.400
     1     2    0.994
     1     3    0.000
     2     0    0.725
     2     1    0.795
     2     2    7.155
     2     3    0.000
     3     0    1.834
     3     1    4.304
     3     2    0.098
     3     3    0.000
 mu_new=    -8.105
 Charge transfer:  iph  charge(iph)
       0   -0.070
       1    0.296
       2    0.325
       3   -0.237
 Convergence reached.
 Done with module 1: potentials.
 total time       9.68990683555603     
 communicate time  0.105645895004272     
