 Number of processors =           12
 Calculating potentials ...
muffin tin radii and interstitial parameters
 iph, rnrm(iph)*bohr, rmt(iph)*bohr, folp(iph)
    0  1.03762E+00  9.50163E-01  1.15000E+00
    1  1.85697E+00  1.81752E+00  1.05336E+00
    2  1.41530E+00  1.25833E+00  1.15000E+00
    3  1.03695E+00  9.46694E-01  1.15000E+00
              Core-valence separation
 ecv=   -34.000
 mu_old=     3.510
              SCF ITERATION NUMBER  1  OUT OF  30
 Calculating energy and space dependent l-DOS.  It takes time ...
     point #   1  energy = -34.000
     Doing FMS for a cluster of   23 atoms around iph =   0 in fmsie
    0   FMS matrix (LUD) at point   1, number of state kets = 207
     Doing FMS for a cluster of   17 atoms around iph =   1 in fmsie
    0   FMS matrix (LUD) at point   1, number of state kets = 153
     Doing FMS for a cluster of   31 atoms around iph =   2 in fmsie
    0   FMS matrix (LUD) at point   1, number of state kets = 279
     Doing FMS for a cluster of   23 atoms around iph =   3 in fmsie
    0   FMS matrix (LUD) at point   1, number of state kets = 207
  Electronic configuration
   iph    il      N_el
     0     0    1.810
     0     1    4.660
     0     2    0.108
     0     3    0.000
     1     0    0.270
     1     1    6.386
     1     2    0.905
     1     3    0.000
     2     0    0.642
     2     1    0.780
     2     2    6.653
     2     3    0.000
     3     0    1.809
     3     1    4.654
     3     2    0.109
     3     3    0.000
 mu_new=    -7.551
 Charge transfer:  iph  charge(iph)
       0   -0.111
       1    0.091
       2    0.174
       3   -0.110
              SCF ITERATION NUMBER  2  OUT OF  30
 Calculating energy and space dependent l-DOS.  It takes time ...
     point #   1  energy = -34.000
     Doing FMS for a cluster of   23 atoms around iph =   0 in fmsie
    0   FMS matrix (LUD) at point   1, number of state kets = 207
     Doing FMS for a cluster of   17 atoms around iph =   1 in fmsie
    0   FMS matrix (LUD) at point   1, number of state kets = 153
     Doing FMS for a cluster of   31 atoms around iph =   2 in fmsie
    0   FMS matrix (LUD) at point   1, number of state kets = 279
     Doing FMS for a cluster of   23 atoms around iph =   3 in fmsie
    0   FMS matrix (LUD) at point   1, number of state kets = 207
  Electronic configuration
   iph    il      N_el
     0     0    1.791
     0     1    4.401
     0     2    0.105
     0     3    0.000
     1     0    0.271
     1     1    6.395
     1     2    0.921
     1     3    0.000
     2     0    0.670
     2     1    0.798
     2     2    7.152
     2     3    0.000
     3     0    1.791
     3     1    4.397
     3     2    0.106
     3     3    0.000
 mu_new=    -7.872
 Charge transfer:  iph  charge(iph)
       0   -0.282
       1    0.382
       2    0.363
       3   -0.277
              SCF ITERATION NUMBER  3  OUT OF  30
 Calculating energy and space dependent l-DOS.  It takes time ...
     point #   1  energy = -34.000
     Doing FMS for a cluster of   23 atoms around iph =   0 in fmsie
    0   FMS matrix (LUD) at point   1, number of state kets = 207
     Doing FMS for a cluster of   17 atoms around iph =   1 in fmsie
    0   FMS matrix (LUD) at point   1, number of state kets = 153
     Doing FMS for a cluster of   31 atoms around iph =   2 in fmsie
    0   FMS matrix (LUD) at point   1, number of state kets = 279
     Doing FMS for a cluster of   23 atoms around iph =   3 in fmsie
    0   FMS matrix (LUD) at point   1, number of state kets = 207
  Electronic configuration
   iph    il      N_el
     0     0    1.776
     0     1    4.164
     0     2    0.108
     0     3    0.000
     1     0    0.295
     1     1    6.432
     1     2    1.064
     1     3    0.000
     2     0    0.701
     2     1    0.830
     2     2    7.478
     2     3    0.000
     3     0    1.776
     3     1    4.163
     3     2    0.109
     3     3    0.000
 mu_new=    -7.329
 Charge transfer:  iph  charge(iph)
       0   -0.237
       1    0.356
       2    0.288
       3   -0.233
              SCF ITERATION NUMBER  4  OUT OF  30
 Calculating energy and space dependent l-DOS.  It takes time ...
     point #   1  energy = -34.000
     Doing FMS for a cluster of   23 atoms around iph =   0 in fmsie
    0   FMS matrix (LUD) at point   1, number of state kets = 207
     Doing FMS for a cluster of   17 atoms around iph =   1 in fmsie
    0   FMS matrix (LUD) at point   1, number of state kets = 153
     Doing FMS for a cluster of   31 atoms around iph =   2 in fmsie
    0   FMS matrix (LUD) at point   1, number of state kets = 279
     Doing FMS for a cluster of   23 atoms around iph =   3 in fmsie
    0   FMS matrix (LUD) at point   1, number of state kets = 207
  Electronic configuration
   iph    il      N_el
     0     0    1.785
     0     1    4.310
     0     2    0.109
     0     3    0.000
     1     0    0.288
     1     1    6.422
     1     2    1.037
     1     3    0.000
     2     0    0.686
     2     1    0.821
     2     2    7.217
     2     3    0.000
     3     0    1.784
     3     1    4.307
     3     2    0.109
     3     3    0.000
 mu_new=    -7.203
 Charge transfer:  iph  charge(iph)
       0   -0.230
       1    0.335
       2    0.287
       3   -0.227
              SCF ITERATION NUMBER  5  OUT OF  30
 Calculating energy and space dependent l-DOS.  It takes time ...
     point #   1  energy = -34.000
     Doing FMS for a cluster of   23 atoms around iph =   0 in fmsie
    0   FMS matrix (LUD) at point   1, number of state kets = 207
     Doing FMS for a cluster of   17 atoms around iph =   1 in fmsie
    0   FMS matrix (LUD) at point   1, number of state kets = 153
     Doing FMS for a cluster of   31 atoms around iph =   2 in fmsie
    0   FMS matrix (LUD) at point   1, number of state kets = 279
     Doing FMS for a cluster of   23 atoms around iph =   3 in fmsie
    0   FMS matrix (LUD) at point   1, number of state kets = 207
  Electronic configuration
   iph    il      N_el
     0     0    1.786
     0     1    4.332
     0     2    0.108
     0     3    0.000
     1     0    0.285
     1     1    6.416
     1     2    1.013
     1     3    0.000
     2     0    0.684
     2     1    0.816
     2     2    7.198
     2     3    0.000
     3     0    1.786
     3     1    4.328
     3     2    0.109
     3     3    0.000
 mu_new=    -7.266
 Charge transfer:  iph  charge(iph)
       0   -0.230
       1    0.323
       2    0.291
       3   -0.226
              SCF ITERATION NUMBER  6  OUT OF  30
 Calculating energy and space dependent l-DOS.  It takes time ...
     point #   1  energy = -34.000
     Doing FMS for a cluster of   23 atoms around iph =   0 in fmsie
    0   FMS matrix (LUD) at point   1, number of state kets = 207
     Doing FMS for a cluster of   17 atoms around iph =   1 in fmsie
    0   FMS matrix (LUD) at point   1, number of state kets = 153
     Doing FMS for a cluster of   31 atoms around iph =   2 in fmsie
    0   FMS matrix (LUD) at point   1, number of state kets = 279
     Doing FMS for a cluster of   23 atoms around iph =   3 in fmsie
    0   FMS matrix (LUD) at point   1, number of state kets = 207
  Electronic configuration
   iph    il      N_el
     0     0    1.786
     0     1    4.333
     0     2    0.108
     0     3    0.000
     1     0    0.283
     1     1    6.412
     1     2    1.000
     1     3    0.000
     2     0    0.683
     2     1    0.814
     2     2    7.207
     2     3    0.000
     3     0    1.786
     3     1    4.330
     3     2    0.108
     3     3    0.000
 mu_new=    -7.324
 Charge transfer:  iph  charge(iph)
       0   -0.229
       1    0.314
       2    0.294
       3   -0.225
              SCF ITERATION NUMBER  7  OUT OF  30
 Calculating energy and space dependent l-DOS.  It takes time ...
     point #   1  energy = -34.000
     Doing FMS for a cluster of   23 atoms around iph =   0 in fmsie
    0   FMS matrix (LUD) at point   1, number of state kets = 207
     Doing FMS for a cluster of   17 atoms around iph =   1 in fmsie
    0   FMS matrix (LUD) at point   1, number of state kets = 153
     Doing FMS for a cluster of   31 atoms around iph =   2 in fmsie
    0   FMS matrix (LUD) at point   1, number of state kets = 279
     Doing FMS for a cluster of   23 atoms around iph =   3 in fmsie
    0   FMS matrix (LUD) at point   1, number of state kets = 207
  Electronic configuration
   iph    il      N_el
     0     0    1.787
     0     1    4.335
     0     2    0.108
     0     3    0.000
     1     0    0.282
     1     1    6.410
     1     2    0.989
     1     3    0.000
     2     0    0.683
     2     1    0.812
     2     2    7.213
     2     3    0.000
     3     0    1.786
     3     1    4.332
     3     2    0.108
     3     3    0.000
 mu_new=    -7.377
 Charge transfer:  iph  charge(iph)
       0   -0.229
       1    0.315
       2    0.293
       3   -0.225
              SCF ITERATION NUMBER  8  OUT OF  30
 Calculating energy and space dependent l-DOS.  It takes time ...
     point #   1  energy = -34.000
     Doing FMS for a cluster of   23 atoms around iph =   0 in fmsie
    0   FMS matrix (LUD) at point   1, number of state kets = 207
     Doing FMS for a cluster of   17 atoms around iph =   1 in fmsie
    0   FMS matrix (LUD) at point   1, number of state kets = 153
     Doing FMS for a cluster of   31 atoms around iph =   2 in fmsie
    0   FMS matrix (LUD) at point   1, number of state kets = 279
     Doing FMS for a cluster of   23 atoms around iph =   3 in fmsie
    0   FMS matrix (LUD) at point   1, number of state kets = 207
  Electronic configuration
   iph    il      N_el
     0     0    1.787
     0     1    4.335
     0     2    0.108
     0     3    0.000
     1     0    0.282
     1     1    6.410
     1     2    0.990
     1     3    0.000
     2     0    0.683
     2     1    0.813
     2     2    7.212
     2     3    0.000
     3     0    1.786
     3     1    4.332
     3     2    0.108
     3     3    0.000
 mu_new=    -7.374
 Charge transfer:  iph  charge(iph)
       0   -0.229
       1    0.317
       2    0.293
       3   -0.226
              SCF ITERATION NUMBER  9  OUT OF  30
 Calculating energy and space dependent l-DOS.  It takes time ...
     point #   1  energy = -34.000
     Doing FMS for a cluster of   23 atoms around iph =   0 in fmsie
    0   FMS matrix (LUD) at point   1, number of state kets = 207
     Doing FMS for a cluster of   17 atoms around iph =   1 in fmsie
    0   FMS matrix (LUD) at point   1, number of state kets = 153
     Doing FMS for a cluster of   31 atoms around iph =   2 in fmsie
    0   FMS matrix (LUD) at point   1, number of state kets = 279
     Doing FMS for a cluster of   23 atoms around iph =   3 in fmsie
    0   FMS matrix (LUD) at point   1, number of state kets = 207
  Electronic configuration
   iph    il      N_el
     0     0    1.787
     0     1    4.333
     0     2    0.109
     0     3    0.000
     1     0    0.283
     1     1    6.411
     1     2    0.997
     1     3    0.000
     2     0    0.683
     2     1    0.813
     2     2    7.208
     2     3    0.000
     3     0    1.786
     3     1    4.330
     3     2    0.109
     3     3    0.000
 mu_new=    -7.374
 Charge transfer:  iph  charge(iph)
       0   -0.229
       1    0.316
       2    0.293
       3   -0.225
              SCF ITERATION NUMBER 10  OUT OF  30
 Calculating energy and space dependent l-DOS.  It takes time ...
     point #   1  energy = -34.000
     Doing FMS for a cluster of   23 atoms around iph =   0 in fmsie
    0   FMS matrix (LUD) at point   1, number of state kets = 207
     Doing FMS for a cluster of   17 atoms around iph =   1 in fmsie
    0   FMS matrix (LUD) at point   1, number of state kets = 153
     Doing FMS for a cluster of   31 atoms around iph =   2 in fmsie
    0   FMS matrix (LUD) at point   1, number of state kets = 279
     Doing FMS for a cluster of   23 atoms around iph =   3 in fmsie
    0   FMS matrix (LUD) at point   1, number of state kets = 207
  Electronic configuration
   iph    il      N_el
     0     0    1.787
     0     1    4.332
     0     2    0.110
     0     3    0.000
     1     0    0.283
     1     1    6.411
     1     2    1.002
     1     3    0.000
     2     0    0.683
     2     1    0.814
     2     2    7.205
     2     3    0.000
     3     0    1.786
     3     1    4.329
     3     2    0.110
     3     3    0.000
 mu_new=    -7.374
 Charge transfer:  iph  charge(iph)
       0   -0.229
       1    0.319
       2    0.292
       3   -0.226
              SCF ITERATION NUMBER 11  OUT OF  30
 Calculating energy and space dependent l-DOS.  It takes time ...
     point #   1  energy = -34.000
     Doing FMS for a cluster of   23 atoms around iph =   0 in fmsie
    0   FMS matrix (LUD) at point   1, number of state kets = 207
     Doing FMS for a cluster of   17 atoms around iph =   1 in fmsie
    0   FMS matrix (LUD) at point   1, number of state kets = 153
     Doing FMS for a cluster of   31 atoms around iph =   2 in fmsie
    0   FMS matrix (LUD) at point   1, number of state kets = 279
     Doing FMS for a cluster of   23 atoms around iph =   3 in fmsie
    0   FMS matrix (LUD) at point   1, number of state kets = 207
  Electronic configuration
   iph    il      N_el
     0     0    1.787
     0     1    4.334
     0     2    0.109
     0     3    0.000
     1     0    0.282
     1     1    6.411
     1     2    0.997
     1     3    0.000
     2     0    0.683
     2     1    0.813
     2     2    7.208
     2     3    0.000
     3     0    1.786
     3     1    4.330
     3     2    0.109
     3     3    0.000
 mu_new=    -7.374
 Charge transfer:  iph  charge(iph)
       0   -0.230
       1    0.324
       2    0.290
       3   -0.226
              SCF ITERATION NUMBER 12  OUT OF  30
 Calculating energy and space dependent l-DOS.  It takes time ...
     point #   1  energy = -34.000
     Doing FMS for a cluster of   23 atoms around iph =   0 in fmsie
    0   FMS matrix (LUD) at point   1, number of state kets = 207
     Doing FMS for a cluster of   17 atoms around iph =   1 in fmsie
    0   FMS matrix (LUD) at point   1, number of state kets = 153
     Doing FMS for a cluster of   31 atoms around iph =   2 in fmsie
    0   FMS matrix (LUD) at point   1, number of state kets = 279
     Doing FMS for a cluster of   23 atoms around iph =   3 in fmsie
    0   FMS matrix (LUD) at point   1, number of state kets = 207
  Electronic configuration
   iph    il      N_el
     0     0    1.787
     0     1    4.335
     0     2    0.108
     0     3    0.000
     1     0    0.282
     1     1    6.411
     1     2    0.994
     1     3    0.000
     2     0    0.683
     2     1    0.813
     2     2    7.210
     2     3    0.000
     3     0    1.786
     3     1    4.332
     3     2    0.108
     3     3    0.000
 mu_new=    -7.371
 Charge transfer:  iph  charge(iph)
       0   -0.229
       1    0.317
       2    0.293
       3   -0.226
              SCF ITERATION NUMBER 13  OUT OF  30
 Calculating energy and space dependent l-DOS.  It takes time ...
     point #   1  energy = -34.000
     Doing FMS for a cluster of   23 atoms around iph =   0 in fmsie
    0   FMS matrix (LUD) at point   1, number of state kets = 207
     Doing FMS for a cluster of   17 atoms around iph =   1 in fmsie
    0   FMS matrix (LUD) at point   1, number of state kets = 153
     Doing FMS for a cluster of   31 atoms around iph =   2 in fmsie
    0   FMS matrix (LUD) at point   1, number of state kets = 279
     Doing FMS for a cluster of   23 atoms around iph =   3 in fmsie
    0   FMS matrix (LUD) at point   1, number of state kets = 207
  Electronic configuration
   iph    il      N_el
     0     0    1.787
     0     1    4.332
     0     2    0.110
     0     3    0.000
     1     0    0.283
     1     1    6.411
     1     2    1.004
     1     3    0.000
     2     0    0.683
     2     1    0.814
     2     2    7.204
     2     3    0.000
     3     0    1.786
     3     1    4.329
     3     2    0.110
     3     3    0.000
 mu_new=    -7.371
 Charge transfer:  iph  charge(iph)
       0   -0.230
       1    0.329
       2    0.289
       3   -0.226
              SCF ITERATION NUMBER 14  OUT OF  30
 Calculating energy and space dependent l-DOS.  It takes time ...
     point #   1  energy = -34.000
     Doing FMS for a cluster of   23 atoms around iph =   0 in fmsie
    0   FMS matrix (LUD) at point   1, number of state kets = 207
     Doing FMS for a cluster of   17 atoms around iph =   1 in fmsie
    0   FMS matrix (LUD) at point   1, number of state kets = 153
     Doing FMS for a cluster of   31 atoms around iph =   2 in fmsie
    0   FMS matrix (LUD) at point   1, number of state kets = 279
     Doing FMS for a cluster of   23 atoms around iph =   3 in fmsie
    0   FMS matrix (LUD) at point   1, number of state kets = 207
  Electronic configuration
   iph    il      N_el
     0     0    1.787
     0     1    4.335
     0     2    0.108
     0     3    0.000
     1     0    0.282
     1     1    6.411
     1     2    0.996
     1     3    0.000
     2     0    0.682
     2     1    0.813
     2     2    7.208
     2     3    0.000
     3     0    1.786
     3     1    4.332
     3     2    0.108
     3     3    0.000
 mu_new=    -7.367
 Charge transfer:  iph  charge(iph)
       0   -0.225
       1    0.267
       2    0.310
       3   -0.222
              SCF ITERATION NUMBER 15  OUT OF  30
 Calculating energy and space dependent l-DOS.  It takes time ...
     point #   1  energy = -34.000
     Doing FMS for a cluster of   23 atoms around iph =   0 in fmsie
    0   FMS matrix (LUD) at point   1, number of state kets = 207
     Doing FMS for a cluster of   17 atoms around iph =   1 in fmsie
    0   FMS matrix (LUD) at point   1, number of state kets = 153
     Doing FMS for a cluster of   31 atoms around iph =   2 in fmsie
    0   FMS matrix (LUD) at point   1, number of state kets = 279
     Doing FMS for a cluster of   23 atoms around iph =   3 in fmsie
    0   FMS matrix (LUD) at point   1, number of state kets = 207
  Electronic configuration
   iph    il      N_el
     0     0    1.786
     0     1    4.334
     0     2    0.107
     0     3    0.000
     1     0    0.279
     1     1    6.404
     1     2    0.968
     1     3    0.000
     2     0    0.683
     2     1    0.811
     2     2    7.232
     2     3    0.000
     3     0    1.786
     3     1    4.331
     3     2    0.108
     3     3    0.000
 mu_new=    -7.433
 Charge transfer:  iph  charge(iph)
       0   -0.229
       1    0.319
       2    0.292
       3   -0.226
              SCF ITERATION NUMBER 16  OUT OF  30
 Calculating energy and space dependent l-DOS.  It takes time ...
     point #   1  energy = -34.000
     Doing FMS for a cluster of   23 atoms around iph =   0 in fmsie
    0   FMS matrix (LUD) at point   1, number of state kets = 207
     Doing FMS for a cluster of   17 atoms around iph =   1 in fmsie
    0   FMS matrix (LUD) at point   1, number of state kets = 153
     Doing FMS for a cluster of   31 atoms around iph =   2 in fmsie
    0   FMS matrix (LUD) at point   1, number of state kets = 279
     Doing FMS for a cluster of   23 atoms around iph =   3 in fmsie
    0   FMS matrix (LUD) at point   1, number of state kets = 207
  Electronic configuration
   iph    il      N_el
     0     0    1.787
     0     1    4.335
     0     2    0.108
     0     3    0.000
     1     0    0.282
     1     1    6.410
     1     2    0.991
     1     3    0.000
     2     0    0.683
     2     1    0.812
     2     2    7.211
     2     3    0.000
     3     0    1.786
     3     1    4.332
     3     2    0.108
     3     3    0.000
 mu_new=    -7.377
 Charge transfer:  iph  charge(iph)
       0   -0.229
       1    0.318
       2    0.293
       3   -0.226
              SCF ITERATION NUMBER 17  OUT OF  30
 Calculating energy and space dependent l-DOS.  It takes time ...
     point #   1  energy = -34.000
     Doing FMS for a cluster of   23 atoms around iph =   0 in fmsie
    0   FMS matrix (LUD) at point   1, number of state kets = 207
     Doing FMS for a cluster of   17 atoms around iph =   1 in fmsie
    0   FMS matrix (LUD) at point   1, number of state kets = 153
     Doing FMS for a cluster of   31 atoms around iph =   2 in fmsie
    0   FMS matrix (LUD) at point   1, number of state kets = 279
     Doing FMS for a cluster of   23 atoms around iph =   3 in fmsie
    0   FMS matrix (LUD) at point   1, number of state kets = 207
  Electronic configuration
   iph    il      N_el
     0     0    1.787
     0     1    4.334
     0     2    0.108
     0     3    0.000
     1     0    0.282
     1     1    6.410
     1     2    0.995
     1     3    0.000
     2     0    0.683
     2     1    0.813
     2     2    7.210
     2     3    0.000
     3     0    1.786
     3     1    4.330
     3     2    0.109
     3     3    0.000
 mu_new=    -7.377
 Charge transfer:  iph  charge(iph)
       0   -0.229
       1    0.319
       2    0.293
       3   -0.226
              SCF ITERATION NUMBER 18  OUT OF  30
 Calculating energy and space dependent l-DOS.  It takes time ...
     point #   1  energy = -34.000
     Doing FMS for a cluster of   23 atoms around iph =   0 in fmsie
    0   FMS matrix (LUD) at point   1, number of state kets = 207
     Doing FMS for a cluster of   17 atoms around iph =   1 in fmsie
    0   FMS matrix (LUD) at point   1, number of state kets = 153
     Doing FMS for a cluster of   31 atoms around iph =   2 in fmsie
    0   FMS matrix (LUD) at point   1, number of state kets = 279
     Doing FMS for a cluster of   23 atoms around iph =   3 in fmsie
    0   FMS matrix (LUD) at point   1, number of state kets = 207
  Electronic configuration
   iph    il      N_el
     0     0    1.787
     0     1    4.334
     0     2    0.108
     0     3    0.000
     1     0    0.282
     1     1    6.410
     1     2    0.994
     1     3    0.000
     2     0    0.683
     2     1    0.813
     2     2    7.210
     2     3    0.000
     3     0    1.786
     3     1    4.330
     3     2    0.109
     3     3    0.000
 mu_new=    -7.377
 Charge transfer:  iph  charge(iph)
       0   -0.229
       1    0.312
       2    0.295
       3   -0.225
              SCF ITERATION NUMBER 19  OUT OF  30
 Calculating energy and space dependent l-DOS.  It takes time ...
     point #   1  energy = -34.000
     Doing FMS for a cluster of   23 atoms around iph =   0 in fmsie
    0   FMS matrix (LUD) at point   1, number of state kets = 207
     Doing FMS for a cluster of   17 atoms around iph =   1 in fmsie
    0   FMS matrix (LUD) at point   1, number of state kets = 153
     Doing FMS for a cluster of   31 atoms around iph =   2 in fmsie
    0   FMS matrix (LUD) at point   1, number of state kets = 279
     Doing FMS for a cluster of   23 atoms around iph =   3 in fmsie
    0   FMS matrix (LUD) at point   1, number of state kets = 207
  Electronic configuration
   iph    il      N_el
     0     0    1.787
     0     1    4.332
     0     2    0.110
     0     3    0.000
     1     0    0.283
     1     1    6.410
     1     2    1.001
     1     3    0.000
     2     0    0.683
     2     1    0.814
     2     2    7.206
     2     3    0.000
     3     0    1.786
     3     1    4.328
     3     2    0.111
     3     3    0.000
 mu_new=    -7.377
 Charge transfer:  iph  charge(iph)
       0   -0.230
       1    0.332
       2    0.287
       3   -0.227
              SCF ITERATION NUMBER 20  OUT OF  30
 Calculating energy and space dependent l-DOS.  It takes time ...
     point #   1  energy = -34.000
     Doing FMS for a cluster of   23 atoms around iph =   0 in fmsie
    0   FMS matrix (LUD) at point   1, number of state kets = 207
     Doing FMS for a cluster of   17 atoms around iph =   1 in fmsie
    0   FMS matrix (LUD) at point   1, number of state kets = 153
     Doing FMS for a cluster of   31 atoms around iph =   2 in fmsie
    0   FMS matrix (LUD) at point   1, number of state kets = 279
     Doing FMS for a cluster of   23 atoms around iph =   3 in fmsie
    0   FMS matrix (LUD) at point   1, number of state kets = 207
  Electronic configuration
   iph    il      N_el
     0     0    1.787
     0     1    4.335
     0     2    0.108
     0     3    0.000
     1     0    0.283
     1     1    6.412
     1     2    0.997
     1     3    0.000
     2     0    0.682
     2     1    0.813
     2     2    7.206
     2     3    0.000
     3     0    1.786
     3     1    4.332
     3     2    0.108
     3     3    0.000
 mu_new=    -7.364
 Charge transfer:  iph  charge(iph)
       0   -0.228
       1    0.302
       2    0.298
       3   -0.224
              SCF ITERATION NUMBER 21  OUT OF  30
 Calculating energy and space dependent l-DOS.  It takes time ...
     point #   1  energy = -34.000
     Doing FMS for a cluster of   23 atoms around iph =   0 in fmsie
    0   FMS matrix (LUD) at point   1, number of state kets = 207
     Doing FMS for a cluster of   17 atoms around iph =   1 in fmsie
    0   FMS matrix (LUD) at point   1, number of state kets = 153
     Doing FMS for a cluster of   31 atoms around iph =   2 in fmsie
    0   FMS matrix (LUD) at point   1, number of state kets = 279
     Doing FMS for a cluster of   23 atoms around iph =   3 in fmsie
    0   FMS matrix (LUD) at point   1, number of state kets = 207
  Electronic configuration
   iph    il      N_el
     0     0    1.787
     0     1    4.325
     0     2    0.116
     0     3    0.000
     1     0    0.286
     1     1    6.412
     1     2    1.030
     1     3    0.000
     2     0    0.684
     2     1    0.817
     2     2    7.187
     2     3    0.000
     3     0    1.786
     3     1    4.321
     3     2    0.116
     3     3    0.000
 mu_new=    -7.364
 Charge transfer:  iph  charge(iph)
       0   -0.236
       1    0.413
       2    0.259
       3   -0.233
negative dens  10  0-2243.091172 - usually due to harmless precision errors, but check DOS to make sure
negative dens  10  3-2262.566730 - usually due to harmless precision errors, but check DOS to make sure
              SCF ITERATION NUMBER 22  OUT OF  30
 Calculating energy and space dependent l-DOS.  It takes time ...
     point #   1  energy = -34.000
     Doing FMS for a cluster of   23 atoms around iph =   0 in fmsie
    0   FMS matrix (LUD) at point   1, number of state kets = 207
     Doing FMS for a cluster of   17 atoms around iph =   1 in fmsie
    0   FMS matrix (LUD) at point   1, number of state kets = 153
     Doing FMS for a cluster of   31 atoms around iph =   2 in fmsie
    0   FMS matrix (LUD) at point   1, number of state kets = 279
     Doing FMS for a cluster of   23 atoms around iph =   3 in fmsie
    0   FMS matrix (LUD) at point   1, number of state kets = 207
  Electronic configuration
   iph    il      N_el
     0     0    1.787
     0     1    4.336
     0     2    0.108
     0     3    0.000
     1     0    0.287
     1     1    6.421
     1     2    1.037
     1     3    0.000
     2     0    0.682
     2     1    0.815
     2     2    7.175
     2     3    0.000
     3     0    1.786
     3     1    4.333
     3     2    0.109
     3     3    0.000
 mu_new=    -7.282
 Charge transfer:  iph  charge(iph)
       0   -0.227
       1    0.282
       2    0.305
       3   -0.223
              SCF ITERATION NUMBER 23  OUT OF  30
 Calculating energy and space dependent l-DOS.  It takes time ...
     point #   1  energy = -34.000
     Doing FMS for a cluster of   23 atoms around iph =   0 in fmsie
    0   FMS matrix (LUD) at point   1, number of state kets = 207
     Doing FMS for a cluster of   17 atoms around iph =   1 in fmsie
    0   FMS matrix (LUD) at point   1, number of state kets = 153
     Doing FMS for a cluster of   31 atoms around iph =   2 in fmsie
    0   FMS matrix (LUD) at point   1, number of state kets = 279
     Doing FMS for a cluster of   23 atoms around iph =   3 in fmsie
    0   FMS matrix (LUD) at point   1, number of state kets = 207
  Electronic configuration
   iph    il      N_el
     0     0    1.786
     0     1    4.335
     0     2    0.107
     0     3    0.000
     1     0    0.280
     1     1    6.406
     1     2    0.974
     1     3    0.000
     2     0    0.683
     2     1    0.811
     2     2    7.226
     2     3    0.000
     3     0    1.786
     3     1    4.331
     3     2    0.108
     3     3    0.000
 mu_new=    -7.417
 Charge transfer:  iph  charge(iph)
       0   -0.229
       1    0.315
       2    0.294
       3   -0.225
              SCF ITERATION NUMBER 24  OUT OF  30
 Calculating energy and space dependent l-DOS.  It takes time ...
     point #   1  energy = -34.000
     Doing FMS for a cluster of   23 atoms around iph =   0 in fmsie
    0   FMS matrix (LUD) at point   1, number of state kets = 207
     Doing FMS for a cluster of   17 atoms around iph =   1 in fmsie
    0   FMS matrix (LUD) at point   1, number of state kets = 153
     Doing FMS for a cluster of   31 atoms around iph =   2 in fmsie
    0   FMS matrix (LUD) at point   1, number of state kets = 279
     Doing FMS for a cluster of   23 atoms around iph =   3 in fmsie
    0   FMS matrix (LUD) at point   1, number of state kets = 207
  Electronic configuration
   iph    il      N_el
     0     0    1.787
     0     1    4.335
     0     2    0.107
     0     3    0.000
     1     0    0.282
     1     1    6.410
     1     2    0.989
     1     3    0.000
     2     0    0.683
     2     1    0.812
     2     2    7.213
     2     3    0.000
     3     0    1.786
     3     1    4.332
     3     2    0.108
     3     3    0.000
 mu_new=    -7.382
 Charge transfer:  iph  charge(iph)
       0   -0.229
       1    0.318
       2    0.293
       3   -0.226
              SCF ITERATION NUMBER 25  OUT OF  30
 Calculating energy and space dependent l-DOS.  It takes time ...
     point #   1  energy = -34.000
     Doing FMS for a cluster of   23 atoms around iph =   0 in fmsie
    0   FMS matrix (LUD) at point   1, number of state kets = 207
     Doing FMS for a cluster of   17 atoms around iph =   1 in fmsie
    0   FMS matrix (LUD) at point   1, number of state kets = 153
     Doing FMS for a cluster of   31 atoms around iph =   2 in fmsie
    0   FMS matrix (LUD) at point   1, number of state kets = 279
     Doing FMS for a cluster of   23 atoms around iph =   3 in fmsie
    0   FMS matrix (LUD) at point   1, number of state kets = 207
  Electronic configuration
   iph    il      N_el
     0     0    1.787
     0     1    4.335
     0     2    0.107
     0     3    0.000
     1     0    0.282
     1     1    6.410
     1     2    0.990
     1     3    0.000
     2     0    0.683
     2     1    0.812
     2     2    7.213
     2     3    0.000
     3     0    1.786
     3     1    4.331
     3     2    0.108
     3     3    0.000
 mu_new=    -7.380
 Charge transfer:  iph  charge(iph)
       0   -0.229
       1    0.315
       2    0.294
       3   -0.225
              SCF ITERATION NUMBER 26  OUT OF  30
 Calculating energy and space dependent l-DOS.  It takes time ...
     point #   1  energy = -34.000
     Doing FMS for a cluster of   23 atoms around iph =   0 in fmsie
    0   FMS matrix (LUD) at point   1, number of state kets = 207
     Doing FMS for a cluster of   17 atoms around iph =   1 in fmsie
    0   FMS matrix (LUD) at point   1, number of state kets = 153
     Doing FMS for a cluster of   31 atoms around iph =   2 in fmsie
    0   FMS matrix (LUD) at point   1, number of state kets = 279
     Doing FMS for a cluster of   23 atoms around iph =   3 in fmsie
    0   FMS matrix (LUD) at point   1, number of state kets = 207
  Electronic configuration
   iph    il      N_el
     0     0    1.787
     0     1    4.334
     0     2    0.108
     0     3    0.000
     1     0    0.282
     1     1    6.410
     1     2    0.993
     1     3    0.000
     2     0    0.683
     2     1    0.813
     2     2    7.211
     2     3    0.000
     3     0    1.786
     3     1    4.331
     3     2    0.109
     3     3    0.000
 mu_new=    -7.380
 Charge transfer:  iph  charge(iph)
       0   -0.229
       1    0.314
       2    0.294
       3   -0.225
              SCF ITERATION NUMBER 27  OUT OF  30
 Calculating energy and space dependent l-DOS.  It takes time ...
     point #   1  energy = -34.000
     Doing FMS for a cluster of   23 atoms around iph =   0 in fmsie
    0   FMS matrix (LUD) at point   1, number of state kets = 207
     Doing FMS for a cluster of   17 atoms around iph =   1 in fmsie
    0   FMS matrix (LUD) at point   1, number of state kets = 153
     Doing FMS for a cluster of   31 atoms around iph =   2 in fmsie
    0   FMS matrix (LUD) at point   1, number of state kets = 279
     Doing FMS for a cluster of   23 atoms around iph =   3 in fmsie
    0   FMS matrix (LUD) at point   1, number of state kets = 207
  Electronic configuration
   iph    il      N_el
     0     0    1.787
     0     1    4.334
     0     2    0.108
     0     3    0.000
     1     0    0.282
     1     1    6.410
     1     2    0.994
     1     3    0.000
     2     0    0.683
     2     1    0.813
     2     2    7.210
     2     3    0.000
     3     0    1.786
     3     1    4.330
     3     2    0.109
     3     3    0.000
 mu_new=    -7.380
 Charge transfer:  iph  charge(iph)
       0   -0.229
       1    0.314
       2    0.294
       3   -0.225
              SCF ITERATION NUMBER 28  OUT OF  30
 Calculating energy and space dependent l-DOS.  It takes time ...
     point #   1  energy = -34.000
     Doing FMS for a cluster of   23 atoms around iph =   0 in fmsie
    0   FMS matrix (LUD) at point   1, number of state kets = 207
     Doing FMS for a cluster of   17 atoms around iph =   1 in fmsie
    0   FMS matrix (LUD) at point   1, number of state kets = 153
     Doing FMS for a cluster of   31 atoms around iph =   2 in fmsie
    0   FMS matrix (LUD) at point   1, number of state kets = 279
     Doing FMS for a cluster of   23 atoms around iph =   3 in fmsie
    0   FMS matrix (LUD) at point   1, number of state kets = 207
  Electronic configuration
   iph    il      N_el
     0     0    1.787
     0     1    4.334
     0     2    0.108
     0     3    0.000
     1     0    0.282
     1     1    6.410
     1     2    0.994
     1     3    0.000
     2     0    0.683
     2     1    0.813
     2     2    7.210
     2     3    0.000
     3     0    1.786
     3     1    4.330
     3     2    0.109
     3     3    0.000
 mu_new=    -7.380
 Charge transfer:  iph  charge(iph)
       0   -0.229
       1    0.316
       2    0.293
       3   -0.225
              SCF ITERATION NUMBER 29  OUT OF  30
 Calculating energy and space dependent l-DOS.  It takes time ...
     point #   1  energy = -34.000
     Doing FMS for a cluster of   23 atoms around iph =   0 in fmsie
    0   FMS matrix (LUD) at point   1, number of state kets = 207
     Doing FMS for a cluster of   17 atoms around iph =   1 in fmsie
    0   FMS matrix (LUD) at point   1, number of state kets = 153
     Doing FMS for a cluster of   31 atoms around iph =   2 in fmsie
    0   FMS matrix (LUD) at point   1, number of state kets = 279
     Doing FMS for a cluster of   23 atoms around iph =   3 in fmsie
    0   FMS matrix (LUD) at point   1, number of state kets = 207
  Electronic configuration
   iph    il      N_el
     0     0    1.787
     0     1    4.334
     0     2    0.108
     0     3    0.000
     1     0    0.282
     1     1    6.410
     1     2    0.993
     1     3    0.000
     2     0    0.683
     2     1    0.813
     2     2    7.211
     2     3    0.000
     3     0    1.786
     3     1    4.331
     3     2    0.109
     3     3    0.000
 mu_new=    -7.380
 Charge transfer:  iph  charge(iph)
       0   -0.229
       1    0.315
       2    0.293
       3   -0.225
              SCF ITERATION NUMBER 30  OUT OF  30
 Calculating energy and space dependent l-DOS.  It takes time ...
     point #   1  energy = -34.000
     Doing FMS for a cluster of   23 atoms around iph =   0 in fmsie
    0   FMS matrix (LUD) at point   1, number of state kets = 207
     Doing FMS for a cluster of   17 atoms around iph =   1 in fmsie
    0   FMS matrix (LUD) at point   1, number of state kets = 153
     Doing FMS for a cluster of   31 atoms around iph =   2 in fmsie
    0   FMS matrix (LUD) at point   1, number of state kets = 279
     Doing FMS for a cluster of   23 atoms around iph =   3 in fmsie
    0   FMS matrix (LUD) at point   1, number of state kets = 207
  Electronic configuration
   iph    il      N_el
     0     0    1.787
     0     1    4.334
     0     2    0.108
     0     3    0.000
     1     0    0.282
     1     1    6.410
     1     2    0.993
     1     3    0.000
     2     0    0.683
     2     1    0.813
     2     2    7.211
     2     3    0.000
     3     0    1.786
     3     1    4.331
     3     2    0.109
     3     3    0.000
 mu_new=    -7.380
 Charge transfer:  iph  charge(iph)
       0   -0.229
       1    0.316
       2    0.293
       3   -0.225
 Convergence reached.
 Done with module 1: potentials.
 total time       22.1147429943085     
 communicate time  0.187375783920288     
