 Number of processors =           12
 Calculating LDOS ...
              LDOS calculation for specified grid
 Calculating energy and space dependent l-DOS.
 It takes time ...
     potential type  0
     potential type  1
     potential type  2
     potential type  3
 Number of energy points = 101
 Doing FMS for a cluster of 144 atoms around iph =  0
    7   FMS matrix (LUD) at point  20, number of state kets =2304
    3   FMS matrix (LUD) at point  40, number of state kets =2304
   11   FMS matrix (LUD) at point  60, number of state kets =2304
    7   FMS matrix (LUD) at point  80, number of state kets =2304
    3   FMS matrix (LUD) at point 100, number of state kets =2304
 Number of energy points = 101
 Doing FMS for a cluster of 144 atoms around iph =  1
    7   FMS matrix (LUD) at point  20, number of state kets =2304
    3   FMS matrix (LUD) at point  40, number of state kets =2304
   11   FMS matrix (LUD) at point  60, number of state kets =2304
    7   FMS matrix (LUD) at point  80, number of state kets =2304
    3   FMS matrix (LUD) at point 100, number of state kets =2304
 Number of energy points = 101
 Doing FMS for a cluster of 140 atoms around iph =  2
    7   FMS matrix (LUD) at point  20, number of state kets =2240
    3   FMS matrix (LUD) at point  40, number of state kets =2240
   11   FMS matrix (LUD) at point  60, number of state kets =2240
    7   FMS matrix (LUD) at point  80, number of state kets =2240
    3   FMS matrix (LUD) at point 100, number of state kets =2240
 Number of energy points = 101
 Doing FMS for a cluster of 142 atoms around iph =  3
    7   FMS matrix (LUD) at point  20, number of state kets =2272
    3   FMS matrix (LUD) at point  40, number of state kets =2272
   11   FMS matrix (LUD) at point  60, number of state kets =2272
    7   FMS matrix (LUD) at point  80, number of state kets =2272
    3   FMS matrix (LUD) at point 100, number of state kets =2272
 Calculating chi and rho...    0
 Calculating chi and rho...    1
 Calculating chi and rho...    2
 Calculating chi and rho...    3
 Done with LDOS.
 total time       98.4739651679993     
 communicate time  3.948211669921875E-004
