 Number of processors =           12
 Calculating potentials ...
muffin tin radii and interstitial parameters
 iph, rnrm(iph)*bohr, rmt(iph)*bohr, folp(iph)
    0  1.03128E+00  9.52036E-01  1.15000E+00
    1  1.41808E+00  1.31047E+00  1.15000E+00
    2  1.05680E+00  9.94070E-01  1.15000E+00
              Core-valence separation
 ecv=   -40.000
 mu_old=     6.125
              SCF ITERATION NUMBER  1  OUT OF  30
 Calculating energy and space dependent l-DOS.  It takes time ...
     point #   1  energy = -40.000
     Doing FMS for a cluster of   28 atoms around iph =   0 in fmsie
    0   FMS matrix (LUD) at point   1, number of state kets = 252
     Doing FMS for a cluster of   27 atoms around iph =   1 in fmsie
    0   FMS matrix (LUD) at point   1, number of state kets = 243
     Doing FMS for a cluster of   27 atoms around iph =   2 in fmsie
    0   FMS matrix (LUD) at point   1, number of state kets = 243
  Electronic configuration
   iph    il      N_el
     0     0    1.788
     0     1    4.543
     0     2    0.125
     0     3    0.000
     1     0    0.581
     1     1    0.793
     1     2    6.688
     1     3    0.000
     2     0    1.827
     2     1    4.539
     2     2    0.103
     2     3    0.000
 mu_new=    -6.411
 Charge transfer:  iph  charge(iph)
       0   -0.086
       1    0.177
       2   -0.089
              SCF ITERATION NUMBER  2  OUT OF  30
 Calculating energy and space dependent l-DOS.  It takes time ...
     point #   1  energy = -40.000
     Doing FMS for a cluster of   28 atoms around iph =   0 in fmsie
    0   FMS matrix (LUD) at point   1, number of state kets = 252
     Doing FMS for a cluster of   27 atoms around iph =   1 in fmsie
    0   FMS matrix (LUD) at point   1, number of state kets = 243
     Doing FMS for a cluster of   27 atoms around iph =   2 in fmsie
    0   FMS matrix (LUD) at point   1, number of state kets = 243
  Electronic configuration
   iph    il      N_el
     0     0    1.776
     0     1    4.343
     0     2    0.123
     0     3    0.000
     1     0    0.623
     1     1    0.836
     1     2    7.071
     1     3    0.000
     2     0    1.813
     2     1    4.321
     2     2    0.101
     2     3    0.000
 mu_new=    -6.576
 Charge transfer:  iph  charge(iph)
       0   -0.209
       1    0.408
       2   -0.204
              SCF ITERATION NUMBER  3  OUT OF  30
 Calculating energy and space dependent l-DOS.  It takes time ...
     point #   1  energy = -40.000
     Doing FMS for a cluster of   28 atoms around iph =   0 in fmsie
    0   FMS matrix (LUD) at point   1, number of state kets = 252
     Doing FMS for a cluster of   27 atoms around iph =   1 in fmsie
    0   FMS matrix (LUD) at point   1, number of state kets = 243
     Doing FMS for a cluster of   27 atoms around iph =   2 in fmsie
    0   FMS matrix (LUD) at point   1, number of state kets = 243
  Electronic configuration
   iph    il      N_el
     0     0    1.763
     0     1    4.154
     0     2    0.124
     0     3    0.000
     1     0    0.656
     1     1    0.871
     1     2    7.310
     1     3    0.000
     2     0    1.805
     2     1    4.175
     2     2    0.102
     2     3    0.000
 mu_new=    -6.366
 Charge transfer:  iph  charge(iph)
       0   -0.182
       1    0.377
       2   -0.188
              SCF ITERATION NUMBER  4  OUT OF  30
 Calculating energy and space dependent l-DOS.  It takes time ...
     point #   1  energy = -40.000
     Doing FMS for a cluster of   28 atoms around iph =   0 in fmsie
    0   FMS matrix (LUD) at point   1, number of state kets = 252
     Doing FMS for a cluster of   27 atoms around iph =   1 in fmsie
    0   FMS matrix (LUD) at point   1, number of state kets = 243
     Doing FMS for a cluster of   27 atoms around iph =   2 in fmsie
    0   FMS matrix (LUD) at point   1, number of state kets = 243
  Electronic configuration
   iph    il      N_el
     0     0    1.768
     0     1    4.251
     0     2    0.124
     0     3    0.000
     1     0    0.640
     1     1    0.854
     1     2    7.151
     1     3    0.000
     2     0    1.809
     2     1    4.266
     2     2    0.102
     2     3    0.000
 mu_new=    -6.263
 Charge transfer:  iph  charge(iph)
       0   -0.175
       1    0.376
       2   -0.188
              SCF ITERATION NUMBER  5  OUT OF  30
 Calculating energy and space dependent l-DOS.  It takes time ...
     point #   1  energy = -40.000
     Doing FMS for a cluster of   28 atoms around iph =   0 in fmsie
    0   FMS matrix (LUD) at point   1, number of state kets = 252
     Doing FMS for a cluster of   27 atoms around iph =   1 in fmsie
    0   FMS matrix (LUD) at point   1, number of state kets = 243
     Doing FMS for a cluster of   27 atoms around iph =   2 in fmsie
    0   FMS matrix (LUD) at point   1, number of state kets = 243
  Electronic configuration
   iph    il      N_el
     0     0    1.770
     0     1    4.275
     0     2    0.126
     0     3    0.000
     1     0    0.637
     1     1    0.852
     1     2    7.130
     1     3    0.000
     2     0    1.810
     2     1    4.277
     2     2    0.103
     2     3    0.000
 mu_new=    -6.263
 Charge transfer:  iph  charge(iph)
       0   -0.174
       1    0.377
       2   -0.189
              SCF ITERATION NUMBER  6  OUT OF  30
 Calculating energy and space dependent l-DOS.  It takes time ...
     point #   1  energy = -40.000
     Doing FMS for a cluster of   28 atoms around iph =   0 in fmsie
    0   FMS matrix (LUD) at point   1, number of state kets = 252
     Doing FMS for a cluster of   27 atoms around iph =   1 in fmsie
    0   FMS matrix (LUD) at point   1, number of state kets = 243
     Doing FMS for a cluster of   27 atoms around iph =   2 in fmsie
    0   FMS matrix (LUD) at point   1, number of state kets = 243
  Electronic configuration
   iph    il      N_el
     0     0    1.771
     0     1    4.274
     0     2    0.128
     0     3    0.000
     1     0    0.638
     1     1    0.853
     1     2    7.128
     1     3    0.000
     2     0    1.810
     2     1    4.274
     2     2    0.106
     2     3    0.000
 mu_new=    -6.263
 Charge transfer:  iph  charge(iph)
       0   -0.174
       1    0.380
       2   -0.190
              SCF ITERATION NUMBER  7  OUT OF  30
 Calculating energy and space dependent l-DOS.  It takes time ...
     point #   1  energy = -40.000
     Doing FMS for a cluster of   28 atoms around iph =   0 in fmsie
    0   FMS matrix (LUD) at point   1, number of state kets = 252
     Doing FMS for a cluster of   27 atoms around iph =   1 in fmsie
    0   FMS matrix (LUD) at point   1, number of state kets = 243
     Doing FMS for a cluster of   27 atoms around iph =   2 in fmsie
    0   FMS matrix (LUD) at point   1, number of state kets = 243
  Electronic configuration
   iph    il      N_el
     0     0    1.772
     0     1    4.270
     0     2    0.133
     0     3    0.000
     1     0    0.639
     1     1    0.854
     1     2    7.124
     1     3    0.000
     2     0    1.811
     2     1    4.269
     2     2    0.112
     2     3    0.000
 mu_new=    -6.263
 Charge transfer:  iph  charge(iph)
       0   -0.174
       1    0.380
       2   -0.190
              SCF ITERATION NUMBER  8  OUT OF  30
 Calculating energy and space dependent l-DOS.  It takes time ...
     point #   1  energy = -40.000
     Doing FMS for a cluster of   28 atoms around iph =   0 in fmsie
    0   FMS matrix (LUD) at point   1, number of state kets = 252
     Doing FMS for a cluster of   27 atoms around iph =   1 in fmsie
    0   FMS matrix (LUD) at point   1, number of state kets = 243
     Doing FMS for a cluster of   27 atoms around iph =   2 in fmsie
    0   FMS matrix (LUD) at point   1, number of state kets = 243
  Electronic configuration
   iph    il      N_el
     0     0    1.772
     0     1    4.269
     0     2    0.133
     0     3    0.000
     1     0    0.639
     1     1    0.854
     1     2    7.124
     1     3    0.000
     2     0    1.811
     2     1    4.268
     2     2    0.112
     2     3    0.000
 mu_new=    -6.263
 Charge transfer:  iph  charge(iph)
       0   -0.174
       1    0.382
       2   -0.191
              SCF ITERATION NUMBER  9  OUT OF  30
 Calculating energy and space dependent l-DOS.  It takes time ...
     point #   1  energy = -40.000
     Doing FMS for a cluster of   28 atoms around iph =   0 in fmsie
    0   FMS matrix (LUD) at point   1, number of state kets = 252
     Doing FMS for a cluster of   27 atoms around iph =   1 in fmsie
    0   FMS matrix (LUD) at point   1, number of state kets = 243
     Doing FMS for a cluster of   27 atoms around iph =   2 in fmsie
    0   FMS matrix (LUD) at point   1, number of state kets = 243
  Electronic configuration
   iph    il      N_el
     0     0    1.772
     0     1    4.267
     0     2    0.135
     0     3    0.000
     1     0    0.639
     1     1    0.855
     1     2    7.123
     1     3    0.000
     2     0    1.811
     2     1    4.266
     2     2    0.114
     2     3    0.000
 mu_new=    -6.263
 Charge transfer:  iph  charge(iph)
       0   -0.174
       1    0.383
       2   -0.191
              SCF ITERATION NUMBER 10  OUT OF  30
 Calculating energy and space dependent l-DOS.  It takes time ...
     point #   1  energy = -40.000
     Doing FMS for a cluster of   28 atoms around iph =   0 in fmsie
    0   FMS matrix (LUD) at point   1, number of state kets = 252
     Doing FMS for a cluster of   27 atoms around iph =   1 in fmsie
    0   FMS matrix (LUD) at point   1, number of state kets = 243
     Doing FMS for a cluster of   27 atoms around iph =   2 in fmsie
    0   FMS matrix (LUD) at point   1, number of state kets = 243
  Electronic configuration
   iph    il      N_el
     0     0    1.772
     0     1    4.267
     0     2    0.135
     0     3    0.000
     1     0    0.639
     1     1    0.855
     1     2    7.123
     1     3    0.000
     2     0    1.811
     2     1    4.266
     2     2    0.114
     2     3    0.000
 mu_new=    -6.263
 Charge transfer:  iph  charge(iph)
       0   -0.174
       1    0.383
       2   -0.191
 Convergence reached.
 Done with module 1: potentials.
 total time       5.25393295288086     
 communicate time  7.051873207092285E-002
