 Number of processors =           12
 Calculating LDOS ...
              LDOS calculation for specified grid
 Calculating energy and space dependent l-DOS.
 It takes time ...
     potential type  0
     potential type  1
     potential type  2
 Number of energy points = 101
 Doing FMS for a cluster of 117 atoms around iph =  0
    7   FMS matrix (LUD) at point  20, number of state kets =1872
    3   FMS matrix (LUD) at point  40, number of state kets =1872
   11   FMS matrix (LUD) at point  60, number of state kets =1872
    7   FMS matrix (LUD) at point  80, number of state kets =1872
    3   FMS matrix (LUD) at point 100, number of state kets =1872
 Number of energy points = 101
 Doing FMS for a cluster of 117 atoms around iph =  1
    7   FMS matrix (LUD) at point  20, number of state kets =1872
    3   FMS matrix (LUD) at point  40, number of state kets =1872
   11   FMS matrix (LUD) at point  60, number of state kets =1872
    7   FMS matrix (LUD) at point  80, number of state kets =1872
    3   FMS matrix (LUD) at point 100, number of state kets =1872
 Number of energy points = 101
* * * WARNING preparing cluster for FMS calculation.
      You specified a cluster of 134 atoms for the FMS calculation.
      This exceeds the hard wired limit of 117 atoms.
      The cluster size was reset to 117 and the calculation will continue.
 Doing FMS for a cluster of 117 atoms around iph =  2
    7   FMS matrix (LUD) at point  20, number of state kets =1872
    3   FMS matrix (LUD) at point  40, number of state kets =1872
   11   FMS matrix (LUD) at point  60, number of state kets =1872
    7   FMS matrix (LUD) at point  80, number of state kets =1872
    3   FMS matrix (LUD) at point 100, number of state kets =1872
 Calculating chi and rho...    0
 Calculating chi and rho...    1
 Calculating chi and rho...    2
 Done with LDOS.
 total time       42.5535609722137     
 communicate time  3.203392028808594E-002
