 Number of processors =           12
 Calculating potentials ...
muffin tin radii and interstitial parameters
 iph, rnrm(iph)*bohr, rmt(iph)*bohr, folp(iph)
    0  1.04688E+00  9.16339E-01  1.15000E+00
    1  1.78562E+00  1.72320E+00  1.09233E+00
    2  1.42004E+00  1.24294E+00  1.15000E+00
    3  1.04694E+00  9.16428E-01  1.15000E+00
              Core-valence separation
 ecv=   -32.000
 mu_old=     4.817
              SCF ITERATION NUMBER  1  OUT OF  30
 Calculating energy and space dependent l-DOS.  It takes time ...
     point #   1  energy = -32.000
     Doing FMS for a cluster of   23 atoms around iph =   0 in fmsie
    0   FMS matrix (LUD) at point   1, number of state kets = 207
     Doing FMS for a cluster of   26 atoms around iph =   1 in fmsie
    0   FMS matrix (LUD) at point   1, number of state kets = 234
     Doing FMS for a cluster of   27 atoms around iph =   2 in fmsie
    0   FMS matrix (LUD) at point   1, number of state kets = 243
     Doing FMS for a cluster of   23 atoms around iph =   3 in fmsie
    0   FMS matrix (LUD) at point   1, number of state kets = 207
  Electronic configuration
   iph    il      N_el
     0     0    1.824
     0     1    4.646
     0     2    0.117
     0     3    0.000
     1     0    0.341
     1     1    6.420
     1     2    1.230
     1     3    0.000
     2     0    0.655
     2     1    0.817
     2     2    6.357
     2     3    0.000
     3     0    1.824
     3     1    4.645
     3     2    0.117
     3     3    0.000
 mu_new=    -6.441
 Charge transfer:  iph  charge(iph)
       0   -0.113
       1    0.004
       2    0.224
       3   -0.113
              SCF ITERATION NUMBER  2  OUT OF  30
 Calculating energy and space dependent l-DOS.  It takes time ...
     point #   1  energy = -32.000
     Doing FMS for a cluster of   23 atoms around iph =   0 in fmsie
    0   FMS matrix (LUD) at point   1, number of state kets = 207
     Doing FMS for a cluster of   26 atoms around iph =   1 in fmsie
    0   FMS matrix (LUD) at point   1, number of state kets = 234
     Doing FMS for a cluster of   27 atoms around iph =   2 in fmsie
    0   FMS matrix (LUD) at point   1, number of state kets = 243
     Doing FMS for a cluster of   23 atoms around iph =   3 in fmsie
    0   FMS matrix (LUD) at point   1, number of state kets = 207
  Electronic configuration
   iph    il      N_el
     0     0    1.803
     0     1    4.287
     0     2    0.114
     0     3    0.000
     1     0    0.328
     1     1    6.405
     1     2    1.165
     1     3    0.000
     2     0    0.686
     2     1    0.829
     2     2    7.127
     2     3    0.000
     3     0    1.803
     3     1    4.287
     3     2    0.114
     3     3    0.000
 mu_new=    -6.890
 Charge transfer:  iph  charge(iph)
       0   -0.183
       1    0.079
       2    0.328
       3   -0.183
              SCF ITERATION NUMBER  3  OUT OF  30
 Calculating energy and space dependent l-DOS.  It takes time ...
     point #   1  energy = -32.000
     Doing FMS for a cluster of   23 atoms around iph =   0 in fmsie
    0   FMS matrix (LUD) at point   1, number of state kets = 207
     Doing FMS for a cluster of   26 atoms around iph =   1 in fmsie
    0   FMS matrix (LUD) at point   1, number of state kets = 234
     Doing FMS for a cluster of   27 atoms around iph =   2 in fmsie
    0   FMS matrix (LUD) at point   1, number of state kets = 243
     Doing FMS for a cluster of   23 atoms around iph =   3 in fmsie
    0   FMS matrix (LUD) at point   1, number of state kets = 207
  Electronic configuration
   iph    il      N_el
     0     0    1.801
     0     1    4.253
     0     2    0.116
     0     3    0.000
     1     0    0.339
     1     1    6.415
     1     2    1.226
     1     3    0.000
     2     0    0.696
     2     1    0.842
     2     2    7.130
     2     3    0.000
     3     0    1.801
     3     1    4.253
     3     2    0.116
     3     3    0.000
 mu_new=    -6.358
 Charge transfer:  iph  charge(iph)
       0   -0.194
       1    0.078
       2    0.348
       3   -0.194
              SCF ITERATION NUMBER  4  OUT OF  30
 Calculating energy and space dependent l-DOS.  It takes time ...
     point #   1  energy = -32.000
     Doing FMS for a cluster of   23 atoms around iph =   0 in fmsie
    0   FMS matrix (LUD) at point   1, number of state kets = 207
     Doing FMS for a cluster of   26 atoms around iph =   1 in fmsie
    0   FMS matrix (LUD) at point   1, number of state kets = 234
     Doing FMS for a cluster of   27 atoms around iph =   2 in fmsie
    0   FMS matrix (LUD) at point   1, number of state kets = 243
     Doing FMS for a cluster of   23 atoms around iph =   3 in fmsie
    0   FMS matrix (LUD) at point   1, number of state kets = 207
  Electronic configuration
   iph    il      N_el
     0     0    1.802
     0     1    4.272
     0     2    0.117
     0     3    0.000
     1     0    0.338
     1     1    6.412
     1     2    1.217
     1     3    0.000
     2     0    0.696
     2     1    0.842
     2     2    7.097
     2     3    0.000
     3     0    1.802
     3     1    4.272
     3     2    0.117
     3     3    0.000
 mu_new=    -6.270
 Charge transfer:  iph  charge(iph)
       0   -0.194
       1    0.070
       2    0.353
       3   -0.194
              SCF ITERATION NUMBER  5  OUT OF  30
 Calculating energy and space dependent l-DOS.  It takes time ...
     point #   1  energy = -32.000
     Doing FMS for a cluster of   23 atoms around iph =   0 in fmsie
    0   FMS matrix (LUD) at point   1, number of state kets = 207
     Doing FMS for a cluster of   26 atoms around iph =   1 in fmsie
    0   FMS matrix (LUD) at point   1, number of state kets = 234
     Doing FMS for a cluster of   27 atoms around iph =   2 in fmsie
    0   FMS matrix (LUD) at point   1, number of state kets = 243
     Doing FMS for a cluster of   23 atoms around iph =   3 in fmsie
    0   FMS matrix (LUD) at point   1, number of state kets = 207
  Electronic configuration
   iph    il      N_el
     0     0    1.802
     0     1    4.271
     0     2    0.116
     0     3    0.000
     1     0    0.335
     1     1    6.409
     1     2    1.204
     1     3    0.000
     2     0    0.696
     2     1    0.841
     2     2    7.111
     2     3    0.000
     3     0    1.802
     3     1    4.271
     3     2    0.116
     3     3    0.000
 mu_new=    -6.321
 Charge transfer:  iph  charge(iph)
       0   -0.192
       1    0.063
       2    0.353
       3   -0.192
              SCF ITERATION NUMBER  6  OUT OF  30
 Calculating energy and space dependent l-DOS.  It takes time ...
     point #   1  energy = -32.000
     Doing FMS for a cluster of   23 atoms around iph =   0 in fmsie
    0   FMS matrix (LUD) at point   1, number of state kets = 207
     Doing FMS for a cluster of   26 atoms around iph =   1 in fmsie
    0   FMS matrix (LUD) at point   1, number of state kets = 234
     Doing FMS for a cluster of   27 atoms around iph =   2 in fmsie
    0   FMS matrix (LUD) at point   1, number of state kets = 243
     Doing FMS for a cluster of   23 atoms around iph =   3 in fmsie
    0   FMS matrix (LUD) at point   1, number of state kets = 207
  Electronic configuration
   iph    il      N_el
     0     0    1.802
     0     1    4.276
     0     2    0.116
     0     3    0.000
     1     0    0.333
     1     1    6.406
     1     2    1.192
     1     3    0.000
     2     0    0.695
     2     1    0.838
     2     2    7.114
     2     3    0.000
     3     0    1.802
     3     1    4.276
     3     2    0.116
     3     3    0.000
 mu_new=    -6.375
 Charge transfer:  iph  charge(iph)
       0   -0.192
       1    0.064
       2    0.353
       3   -0.192
              SCF ITERATION NUMBER  7  OUT OF  30
 Calculating energy and space dependent l-DOS.  It takes time ...
     point #   1  energy = -32.000
     Doing FMS for a cluster of   23 atoms around iph =   0 in fmsie
    0   FMS matrix (LUD) at point   1, number of state kets = 207
     Doing FMS for a cluster of   26 atoms around iph =   1 in fmsie
    0   FMS matrix (LUD) at point   1, number of state kets = 234
     Doing FMS for a cluster of   27 atoms around iph =   2 in fmsie
    0   FMS matrix (LUD) at point   1, number of state kets = 243
     Doing FMS for a cluster of   23 atoms around iph =   3 in fmsie
    0   FMS matrix (LUD) at point   1, number of state kets = 207
  Electronic configuration
   iph    il      N_el
     0     0    1.802
     0     1    4.260
     0     2    0.124
     0     3    0.000
     1     0    0.338
     1     1    6.410
     1     2    1.241
     1     3    0.000
     2     0    0.696
     2     1    0.842
     2     2    7.093
     2     3    0.000
     3     0    1.802
     3     1    4.261
     3     2    0.124
     3     3    0.000
 mu_new=    -6.375
 Charge transfer:  iph  charge(iph)
       0   -0.192
       1    0.062
       2    0.354
       3   -0.192
              SCF ITERATION NUMBER  8  OUT OF  30
 Calculating energy and space dependent l-DOS.  It takes time ...
     point #   1  energy = -32.000
     Doing FMS for a cluster of   23 atoms around iph =   0 in fmsie
    0   FMS matrix (LUD) at point   1, number of state kets = 207
     Doing FMS for a cluster of   26 atoms around iph =   1 in fmsie
    0   FMS matrix (LUD) at point   1, number of state kets = 234
     Doing FMS for a cluster of   27 atoms around iph =   2 in fmsie
    0   FMS matrix (LUD) at point   1, number of state kets = 243
     Doing FMS for a cluster of   23 atoms around iph =   3 in fmsie
    0   FMS matrix (LUD) at point   1, number of state kets = 207
  Electronic configuration
   iph    il      N_el
     0     0    1.802
     0     1    4.257
     0     2    0.126
     0     3    0.000
     1     0    0.339
     1     1    6.411
     1     2    1.253
     1     3    0.000
     2     0    0.696
     2     1    0.843
     2     2    7.088
     2     3    0.000
     3     0    1.802
     3     1    4.257
     3     2    0.126
     3     3    0.000
 mu_new=    -6.375
 Charge transfer:  iph  charge(iph)
       0   -0.193
       1    0.070
       2    0.351
       3   -0.193
              SCF ITERATION NUMBER  9  OUT OF  30
 Calculating energy and space dependent l-DOS.  It takes time ...
     point #   1  energy = -32.000
     Doing FMS for a cluster of   23 atoms around iph =   0 in fmsie
    0   FMS matrix (LUD) at point   1, number of state kets = 207
     Doing FMS for a cluster of   26 atoms around iph =   1 in fmsie
    0   FMS matrix (LUD) at point   1, number of state kets = 234
     Doing FMS for a cluster of   27 atoms around iph =   2 in fmsie
    0   FMS matrix (LUD) at point   1, number of state kets = 243
     Doing FMS for a cluster of   23 atoms around iph =   3 in fmsie
    0   FMS matrix (LUD) at point   1, number of state kets = 207
  Electronic configuration
   iph    il      N_el
     0     0    1.802
     0     1    4.266
     0     2    0.121
     0     3    0.000
     1     0    0.337
     1     1    6.410
     1     2    1.226
     1     3    0.000
     2     0    0.695
     2     1    0.841
     2     2    7.100
     2     3    0.000
     3     0    1.802
     3     1    4.266
     3     2    0.121
     3     3    0.000
 mu_new=    -6.375
 Charge transfer:  iph  charge(iph)
       0   -0.195
       1    0.083
       2    0.348
       3   -0.195
              SCF ITERATION NUMBER 10  OUT OF  30
 Calculating energy and space dependent l-DOS.  It takes time ...
     point #   1  energy = -32.000
     Doing FMS for a cluster of   23 atoms around iph =   0 in fmsie
    0   FMS matrix (LUD) at point   1, number of state kets = 207
     Doing FMS for a cluster of   26 atoms around iph =   1 in fmsie
    0   FMS matrix (LUD) at point   1, number of state kets = 234
     Doing FMS for a cluster of   27 atoms around iph =   2 in fmsie
    0   FMS matrix (LUD) at point   1, number of state kets = 243
     Doing FMS for a cluster of   23 atoms around iph =   3 in fmsie
    0   FMS matrix (LUD) at point   1, number of state kets = 207
  Electronic configuration
   iph    il      N_el
     0     0    1.802
     0     1    4.268
     0     2    0.119
     0     3    0.000
     1     0    0.337
     1     1    6.410
     1     2    1.223
     1     3    0.000
     2     0    0.695
     2     1    0.840
     2     2    7.101
     2     3    0.000
     3     0    1.802
     3     1    4.268
     3     2    0.119
     3     3    0.000
 mu_new=    -6.375
 Charge transfer:  iph  charge(iph)
       0   -0.190
       1    0.046
       2    0.358
       3   -0.190
              SCF ITERATION NUMBER 11  OUT OF  30
 Calculating energy and space dependent l-DOS.  It takes time ...
     point #   1  energy = -32.000
     Doing FMS for a cluster of   23 atoms around iph =   0 in fmsie
    0   FMS matrix (LUD) at point   1, number of state kets = 207
     Doing FMS for a cluster of   26 atoms around iph =   1 in fmsie
    0   FMS matrix (LUD) at point   1, number of state kets = 234
     Doing FMS for a cluster of   27 atoms around iph =   2 in fmsie
    0   FMS matrix (LUD) at point   1, number of state kets = 243
     Doing FMS for a cluster of   23 atoms around iph =   3 in fmsie
    0   FMS matrix (LUD) at point   1, number of state kets = 207
  Electronic configuration
   iph    il      N_el
     0     0    1.802
     0     1    4.276
     0     2    0.116
     0     3    0.000
     1     0    0.331
     1     1    6.404
     1     2    1.179
     1     3    0.000
     2     0    0.694
     2     1    0.837
     2     2    7.123
     2     3    0.000
     3     0    1.802
     3     1    4.277
     3     2    0.116
     3     3    0.000
 mu_new=    -6.409
 Charge transfer:  iph  charge(iph)
       0   -0.193
       1    0.070
       2    0.352
       3   -0.193
              SCF ITERATION NUMBER 12  OUT OF  30
 Calculating energy and space dependent l-DOS.  It takes time ...
     point #   1  energy = -32.000
     Doing FMS for a cluster of   23 atoms around iph =   0 in fmsie
    0   FMS matrix (LUD) at point   1, number of state kets = 207
     Doing FMS for a cluster of   26 atoms around iph =   1 in fmsie
    0   FMS matrix (LUD) at point   1, number of state kets = 234
     Doing FMS for a cluster of   27 atoms around iph =   2 in fmsie
    0   FMS matrix (LUD) at point   1, number of state kets = 243
     Doing FMS for a cluster of   23 atoms around iph =   3 in fmsie
    0   FMS matrix (LUD) at point   1, number of state kets = 207
  Electronic configuration
   iph    il      N_el
     0     0    1.802
     0     1    4.275
     0     2    0.116
     0     3    0.000
     1     0    0.333
     1     1    6.407
     1     2    1.194
     1     3    0.000
     2     0    0.695
     2     1    0.838
     2     2    7.114
     2     3    0.000
     3     0    1.802
     3     1    4.275
     3     2    0.116
     3     3    0.000
 mu_new=    -6.395
 Charge transfer:  iph  charge(iph)
       0   -0.193
       1    0.073
       2    0.351
       3   -0.193
              SCF ITERATION NUMBER 13  OUT OF  30
 Calculating energy and space dependent l-DOS.  It takes time ...
     point #   1  energy = -32.000
     Doing FMS for a cluster of   23 atoms around iph =   0 in fmsie
    0   FMS matrix (LUD) at point   1, number of state kets = 207
     Doing FMS for a cluster of   26 atoms around iph =   1 in fmsie
    0   FMS matrix (LUD) at point   1, number of state kets = 234
     Doing FMS for a cluster of   27 atoms around iph =   2 in fmsie
    0   FMS matrix (LUD) at point   1, number of state kets = 243
     Doing FMS for a cluster of   23 atoms around iph =   3 in fmsie
    0   FMS matrix (LUD) at point   1, number of state kets = 207
  Electronic configuration
   iph    il      N_el
     0     0    1.802
     0     1    4.274
     0     2    0.116
     0     3    0.000
     1     0    0.334
     1     1    6.407
     1     2    1.196
     1     3    0.000
     2     0    0.695
     2     1    0.838
     2     2    7.115
     2     3    0.000
     3     0    1.802
     3     1    4.274
     3     2    0.116
     3     3    0.000
 mu_new=    -6.395
 Charge transfer:  iph  charge(iph)
       0   -0.193
       1    0.073
       2    0.351
       3   -0.193
              SCF ITERATION NUMBER 14  OUT OF  30
 Calculating energy and space dependent l-DOS.  It takes time ...
     point #   1  energy = -32.000
     Doing FMS for a cluster of   23 atoms around iph =   0 in fmsie
    0   FMS matrix (LUD) at point   1, number of state kets = 207
     Doing FMS for a cluster of   26 atoms around iph =   1 in fmsie
    0   FMS matrix (LUD) at point   1, number of state kets = 234
     Doing FMS for a cluster of   27 atoms around iph =   2 in fmsie
    0   FMS matrix (LUD) at point   1, number of state kets = 243
     Doing FMS for a cluster of   23 atoms around iph =   3 in fmsie
    0   FMS matrix (LUD) at point   1, number of state kets = 207
  Electronic configuration
   iph    il      N_el
     0     0    1.802
     0     1    4.274
     0     2    0.116
     0     3    0.000
     1     0    0.334
     1     1    6.407
     1     2    1.196
     1     3    0.000
     2     0    0.695
     2     1    0.838
     2     2    7.115
     2     3    0.000
     3     0    1.802
     3     1    4.274
     3     2    0.116
     3     3    0.000
 mu_new=    -6.395
 Charge transfer:  iph  charge(iph)
       0   -0.193
       1    0.072
       2    0.351
       3   -0.193
 Convergence reached.
 Done with module 1: potentials.
 total time       9.27840113639832     
 communicate time  9.650754928588867E-002
