 Number of processors =           12
 Calculating potentials ...
muffin tin radii and interstitial parameters
 iph, rnrm(iph)*bohr, rmt(iph)*bohr, folp(iph)
    0  1.04060E+00  9.53833E-01  1.15000E+00
    1  1.85636E+00  1.81578E+00  1.05501E+00
    2  1.41567E+00  1.25859E+00  1.15000E+00
    3  1.03549E+00  9.43878E-01  1.15000E+00
              Core-valence separation
 ecv=   -34.000
 mu_old=     3.493
              SCF ITERATION NUMBER  1  OUT OF  30
 Calculating energy and space dependent l-DOS.  It takes time ...
     point #   1  energy = -34.000
     Doing FMS for a cluster of   23 atoms around iph =   0 in fmsie
    0   FMS matrix (LUD) at point   1, number of state kets = 207
     Doing FMS for a cluster of   17 atoms around iph =   1 in fmsie
    0   FMS matrix (LUD) at point   1, number of state kets = 153
     Doing FMS for a cluster of   31 atoms around iph =   2 in fmsie
    0   FMS matrix (LUD) at point   1, number of state kets = 279
     Doing FMS for a cluster of   23 atoms around iph =   3 in fmsie
    0   FMS matrix (LUD) at point   1, number of state kets = 207
  Electronic configuration
   iph    il      N_el
     0     0    1.813
     0     1    4.663
     0     2    0.107
     0     3    0.000
     1     0    0.271
     1     1    6.387
     1     2    0.909
     1     3    0.000
     2     0    0.642
     2     1    0.782
     2     2    6.654
     2     3    0.000
     3     0    1.808
     3     1    4.651
     3     2    0.110
     3     3    0.000
 mu_new=    -7.532
 Charge transfer:  iph  charge(iph)
       0   -0.112
       1    0.090
       2    0.173
       3   -0.109
              SCF ITERATION NUMBER  2  OUT OF  30
 Calculating energy and space dependent l-DOS.  It takes time ...
     point #   1  energy = -34.000
     Doing FMS for a cluster of   23 atoms around iph =   0 in fmsie
    0   FMS matrix (LUD) at point   1, number of state kets = 207
     Doing FMS for a cluster of   17 atoms around iph =   1 in fmsie
    0   FMS matrix (LUD) at point   1, number of state kets = 153
     Doing FMS for a cluster of   31 atoms around iph =   2 in fmsie
    0   FMS matrix (LUD) at point   1, number of state kets = 279
     Doing FMS for a cluster of   23 atoms around iph =   3 in fmsie
    0   FMS matrix (LUD) at point   1, number of state kets = 207
  Electronic configuration
   iph    il      N_el
     0     0    1.794
     0     1    4.405
     0     2    0.104
     0     3    0.000
     1     0    0.272
     1     1    6.395
     1     2    0.923
     1     3    0.000
     2     0    0.670
     2     1    0.800
     2     2    7.153
     2     3    0.000
     3     0    1.789
     3     1    4.395
     3     2    0.107
     3     3    0.000
 mu_new=    -7.854
 Charge transfer:  iph  charge(iph)
       0   -0.287
       1    0.380
       2    0.361
       3   -0.275
              SCF ITERATION NUMBER  3  OUT OF  30
 Calculating energy and space dependent l-DOS.  It takes time ...
     point #   1  energy = -34.000
     Doing FMS for a cluster of   23 atoms around iph =   0 in fmsie
    0   FMS matrix (LUD) at point   1, number of state kets = 207
     Doing FMS for a cluster of   17 atoms around iph =   1 in fmsie
    0   FMS matrix (LUD) at point   1, number of state kets = 153
     Doing FMS for a cluster of   31 atoms around iph =   2 in fmsie
    0   FMS matrix (LUD) at point   1, number of state kets = 279
     Doing FMS for a cluster of   23 atoms around iph =   3 in fmsie
    0   FMS matrix (LUD) at point   1, number of state kets = 207
  Electronic configuration
   iph    il      N_el
     0     0    1.779
     0     1    4.169
     0     2    0.107
     0     3    0.000
     1     0    0.295
     1     1    6.433
     1     2    1.067
     1     3    0.000
     2     0    0.701
     2     1    0.832
     2     2    7.478
     2     3    0.000
     3     0    1.774
     3     1    4.162
     3     2    0.110
     3     3    0.000
 mu_new=    -7.308
 Charge transfer:  iph  charge(iph)
       0   -0.242
       1    0.353
       2    0.285
       3   -0.231
              SCF ITERATION NUMBER  4  OUT OF  30
 Calculating energy and space dependent l-DOS.  It takes time ...
     point #   1  energy = -34.000
     Doing FMS for a cluster of   23 atoms around iph =   0 in fmsie
    0   FMS matrix (LUD) at point   1, number of state kets = 207
     Doing FMS for a cluster of   17 atoms around iph =   1 in fmsie
    0   FMS matrix (LUD) at point   1, number of state kets = 153
     Doing FMS for a cluster of   31 atoms around iph =   2 in fmsie
    0   FMS matrix (LUD) at point   1, number of state kets = 279
     Doing FMS for a cluster of   23 atoms around iph =   3 in fmsie
    0   FMS matrix (LUD) at point   1, number of state kets = 207
  Electronic configuration
   iph    il      N_el
     0     0    1.788
     0     1    4.316
     0     2    0.108
     0     3    0.000
     1     0    0.289
     1     1    6.422
     1     2    1.039
     1     3    0.000
     2     0    0.686
     2     1    0.823
     2     2    7.220
     2     3    0.000
     3     0    1.783
     3     1    4.305
     3     2    0.110
     3     3    0.000
 mu_new=    -7.182
 Charge transfer:  iph  charge(iph)
       0   -0.237
       1    0.332
       2    0.283
       3   -0.225
              SCF ITERATION NUMBER  5  OUT OF  30
 Calculating energy and space dependent l-DOS.  It takes time ...
     point #   1  energy = -34.000
     Doing FMS for a cluster of   23 atoms around iph =   0 in fmsie
    0   FMS matrix (LUD) at point   1, number of state kets = 207
     Doing FMS for a cluster of   17 atoms around iph =   1 in fmsie
    0   FMS matrix (LUD) at point   1, number of state kets = 153
     Doing FMS for a cluster of   31 atoms around iph =   2 in fmsie
    0   FMS matrix (LUD) at point   1, number of state kets = 279
     Doing FMS for a cluster of   23 atoms around iph =   3 in fmsie
    0   FMS matrix (LUD) at point   1, number of state kets = 207
  Electronic configuration
   iph    il      N_el
     0     0    1.789
     0     1    4.337
     0     2    0.107
     0     3    0.000
     1     0    0.285
     1     1    6.416
     1     2    1.015
     1     3    0.000
     2     0    0.683
     2     1    0.819
     2     2    7.199
     2     3    0.000
     3     0    1.784
     3     1    4.327
     3     2    0.110
     3     3    0.000
 mu_new=    -7.245
 Charge transfer:  iph  charge(iph)
       0   -0.236
       1    0.320
       2    0.288
       3   -0.224
              SCF ITERATION NUMBER  6  OUT OF  30
 Calculating energy and space dependent l-DOS.  It takes time ...
     point #   1  energy = -34.000
     Doing FMS for a cluster of   23 atoms around iph =   0 in fmsie
    0   FMS matrix (LUD) at point   1, number of state kets = 207
     Doing FMS for a cluster of   17 atoms around iph =   1 in fmsie
    0   FMS matrix (LUD) at point   1, number of state kets = 153
     Doing FMS for a cluster of   31 atoms around iph =   2 in fmsie
    0   FMS matrix (LUD) at point   1, number of state kets = 279
     Doing FMS for a cluster of   23 atoms around iph =   3 in fmsie
    0   FMS matrix (LUD) at point   1, number of state kets = 207
  Electronic configuration
   iph    il      N_el
     0     0    1.789
     0     1    4.338
     0     2    0.107
     0     3    0.000
     1     0    0.283
     1     1    6.413
     1     2    1.002
     1     3    0.000
     2     0    0.683
     2     1    0.817
     2     2    7.208
     2     3    0.000
     3     0    1.784
     3     1    4.328
     3     2    0.109
     3     3    0.000
 mu_new=    -7.303
 Charge transfer:  iph  charge(iph)
       0   -0.235
       1    0.311
       2    0.290
       3   -0.223
              SCF ITERATION NUMBER  7  OUT OF  30
 Calculating energy and space dependent l-DOS.  It takes time ...
     point #   1  energy = -34.000
     Doing FMS for a cluster of   23 atoms around iph =   0 in fmsie
    0   FMS matrix (LUD) at point   1, number of state kets = 207
     Doing FMS for a cluster of   17 atoms around iph =   1 in fmsie
    0   FMS matrix (LUD) at point   1, number of state kets = 153
     Doing FMS for a cluster of   31 atoms around iph =   2 in fmsie
    0   FMS matrix (LUD) at point   1, number of state kets = 279
     Doing FMS for a cluster of   23 atoms around iph =   3 in fmsie
    0   FMS matrix (LUD) at point   1, number of state kets = 207
  Electronic configuration
   iph    il      N_el
     0     0    1.789
     0     1    4.340
     0     2    0.106
     0     3    0.000
     1     0    0.282
     1     1    6.410
     1     2    0.991
     1     3    0.000
     2     0    0.683
     2     1    0.815
     2     2    7.214
     2     3    0.000
     3     0    1.784
     3     1    4.330
     3     2    0.109
     3     3    0.000
 mu_new=    -7.356
 Charge transfer:  iph  charge(iph)
       0   -0.235
       1    0.313
       2    0.290
       3   -0.223
              SCF ITERATION NUMBER  8  OUT OF  30
 Calculating energy and space dependent l-DOS.  It takes time ...
     point #   1  energy = -34.000
     Doing FMS for a cluster of   23 atoms around iph =   0 in fmsie
    0   FMS matrix (LUD) at point   1, number of state kets = 207
     Doing FMS for a cluster of   17 atoms around iph =   1 in fmsie
    0   FMS matrix (LUD) at point   1, number of state kets = 153
     Doing FMS for a cluster of   31 atoms around iph =   2 in fmsie
    0   FMS matrix (LUD) at point   1, number of state kets = 279
     Doing FMS for a cluster of   23 atoms around iph =   3 in fmsie
    0   FMS matrix (LUD) at point   1, number of state kets = 207
  Electronic configuration
   iph    il      N_el
     0     0    1.789
     0     1    4.340
     0     2    0.106
     0     3    0.000
     1     0    0.282
     1     1    6.410
     1     2    0.993
     1     3    0.000
     2     0    0.683
     2     1    0.815
     2     2    7.214
     2     3    0.000
     3     0    1.784
     3     1    4.330
     3     2    0.109
     3     3    0.000
 mu_new=    -7.353
 Charge transfer:  iph  charge(iph)
       0   -0.236
       1    0.314
       2    0.290
       3   -0.223
              SCF ITERATION NUMBER  9  OUT OF  30
 Calculating energy and space dependent l-DOS.  It takes time ...
     point #   1  energy = -34.000
     Doing FMS for a cluster of   23 atoms around iph =   0 in fmsie
    0   FMS matrix (LUD) at point   1, number of state kets = 207
     Doing FMS for a cluster of   17 atoms around iph =   1 in fmsie
    0   FMS matrix (LUD) at point   1, number of state kets = 153
     Doing FMS for a cluster of   31 atoms around iph =   2 in fmsie
    0   FMS matrix (LUD) at point   1, number of state kets = 279
     Doing FMS for a cluster of   23 atoms around iph =   3 in fmsie
    0   FMS matrix (LUD) at point   1, number of state kets = 207
  Electronic configuration
   iph    il      N_el
     0     0    1.789
     0     1    4.338
     0     2    0.107
     0     3    0.000
     1     0    0.283
     1     1    6.411
     1     2    0.999
     1     3    0.000
     2     0    0.683
     2     1    0.815
     2     2    7.209
     2     3    0.000
     3     0    1.784
     3     1    4.328
     3     2    0.110
     3     3    0.000
 mu_new=    -7.353
 Charge transfer:  iph  charge(iph)
       0   -0.236
       1    0.313
       2    0.290
       3   -0.223
              SCF ITERATION NUMBER 10  OUT OF  30
 Calculating energy and space dependent l-DOS.  It takes time ...
     point #   1  energy = -34.000
     Doing FMS for a cluster of   23 atoms around iph =   0 in fmsie
    0   FMS matrix (LUD) at point   1, number of state kets = 207
     Doing FMS for a cluster of   17 atoms around iph =   1 in fmsie
    0   FMS matrix (LUD) at point   1, number of state kets = 153
     Doing FMS for a cluster of   31 atoms around iph =   2 in fmsie
    0   FMS matrix (LUD) at point   1, number of state kets = 279
     Doing FMS for a cluster of   23 atoms around iph =   3 in fmsie
    0   FMS matrix (LUD) at point   1, number of state kets = 207
  Electronic configuration
   iph    il      N_el
     0     0    1.789
     0     1    4.337
     0     2    0.109
     0     3    0.000
     1     0    0.283
     1     1    6.411
     1     2    1.004
     1     3    0.000
     2     0    0.683
     2     1    0.816
     2     2    7.206
     2     3    0.000
     3     0    1.785
     3     1    4.327
     3     2    0.111
     3     3    0.000
 mu_new=    -7.353
 Charge transfer:  iph  charge(iph)
       0   -0.236
       1    0.316
       2    0.289
       3   -0.223
              SCF ITERATION NUMBER 11  OUT OF  30
 Calculating energy and space dependent l-DOS.  It takes time ...
     point #   1  energy = -34.000
     Doing FMS for a cluster of   23 atoms around iph =   0 in fmsie
    0   FMS matrix (LUD) at point   1, number of state kets = 207
     Doing FMS for a cluster of   17 atoms around iph =   1 in fmsie
    0   FMS matrix (LUD) at point   1, number of state kets = 153
     Doing FMS for a cluster of   31 atoms around iph =   2 in fmsie
    0   FMS matrix (LUD) at point   1, number of state kets = 279
     Doing FMS for a cluster of   23 atoms around iph =   3 in fmsie
    0   FMS matrix (LUD) at point   1, number of state kets = 207
  Electronic configuration
   iph    il      N_el
     0     0    1.789
     0     1    4.338
     0     2    0.107
     0     3    0.000
     1     0    0.283
     1     1    6.411
     1     2    0.999
     1     3    0.000
     2     0    0.683
     2     1    0.815
     2     2    7.209
     2     3    0.000
     3     0    1.784
     3     1    4.329
     3     2    0.110
     3     3    0.000
 mu_new=    -7.353
 Charge transfer:  iph  charge(iph)
       0   -0.236
       1    0.321
       2    0.287
       3   -0.224
              SCF ITERATION NUMBER 12  OUT OF  30
 Calculating energy and space dependent l-DOS.  It takes time ...
     point #   1  energy = -34.000
     Doing FMS for a cluster of   23 atoms around iph =   0 in fmsie
    0   FMS matrix (LUD) at point   1, number of state kets = 207
     Doing FMS for a cluster of   17 atoms around iph =   1 in fmsie
    0   FMS matrix (LUD) at point   1, number of state kets = 153
     Doing FMS for a cluster of   31 atoms around iph =   2 in fmsie
    0   FMS matrix (LUD) at point   1, number of state kets = 279
     Doing FMS for a cluster of   23 atoms around iph =   3 in fmsie
    0   FMS matrix (LUD) at point   1, number of state kets = 207
  Electronic configuration
   iph    il      N_el
     0     0    1.789
     0     1    4.340
     0     2    0.106
     0     3    0.000
     1     0    0.282
     1     1    6.411
     1     2    0.996
     1     3    0.000
     2     0    0.682
     2     1    0.815
     2     2    7.211
     2     3    0.000
     3     0    1.784
     3     1    4.330
     3     2    0.109
     3     3    0.000
 mu_new=    -7.350
 Charge transfer:  iph  charge(iph)
       0   -0.236
       1    0.315
       2    0.289
       3   -0.223
              SCF ITERATION NUMBER 13  OUT OF  30
 Calculating energy and space dependent l-DOS.  It takes time ...
     point #   1  energy = -34.000
     Doing FMS for a cluster of   23 atoms around iph =   0 in fmsie
    0   FMS matrix (LUD) at point   1, number of state kets = 207
     Doing FMS for a cluster of   17 atoms around iph =   1 in fmsie
    0   FMS matrix (LUD) at point   1, number of state kets = 153
     Doing FMS for a cluster of   31 atoms around iph =   2 in fmsie
    0   FMS matrix (LUD) at point   1, number of state kets = 279
     Doing FMS for a cluster of   23 atoms around iph =   3 in fmsie
    0   FMS matrix (LUD) at point   1, number of state kets = 207
  Electronic configuration
   iph    il      N_el
     0     0    1.789
     0     1    4.337
     0     2    0.109
     0     3    0.000
     1     0    0.283
     1     1    6.411
     1     2    1.006
     1     3    0.000
     2     0    0.683
     2     1    0.816
     2     2    7.204
     2     3    0.000
     3     0    1.785
     3     1    4.327
     3     2    0.111
     3     3    0.000
 mu_new=    -7.350
 Charge transfer:  iph  charge(iph)
       0   -0.237
       1    0.325
       2    0.286
       3   -0.224
              SCF ITERATION NUMBER 14  OUT OF  30
 Calculating energy and space dependent l-DOS.  It takes time ...
     point #   1  energy = -34.000
     Doing FMS for a cluster of   23 atoms around iph =   0 in fmsie
    0   FMS matrix (LUD) at point   1, number of state kets = 207
     Doing FMS for a cluster of   17 atoms around iph =   1 in fmsie
    0   FMS matrix (LUD) at point   1, number of state kets = 153
     Doing FMS for a cluster of   31 atoms around iph =   2 in fmsie
    0   FMS matrix (LUD) at point   1, number of state kets = 279
     Doing FMS for a cluster of   23 atoms around iph =   3 in fmsie
    0   FMS matrix (LUD) at point   1, number of state kets = 207
  Electronic configuration
   iph    il      N_el
     0     0    1.789
     0     1    4.340
     0     2    0.106
     0     3    0.000
     1     0    0.283
     1     1    6.412
     1     2    0.998
     1     3    0.000
     2     0    0.682
     2     1    0.815
     2     2    7.209
     2     3    0.000
     3     0    1.784
     3     1    4.330
     3     2    0.109
     3     3    0.000
 mu_new=    -7.347
 Charge transfer:  iph  charge(iph)
       0   -0.228
       1    0.232
       2    0.319
       3   -0.218
              SCF ITERATION NUMBER 15  OUT OF  30
 Calculating energy and space dependent l-DOS.  It takes time ...
     point #   1  energy = -34.000
     Doing FMS for a cluster of   23 atoms around iph =   0 in fmsie
    0   FMS matrix (LUD) at point   1, number of state kets = 207
     Doing FMS for a cluster of   17 atoms around iph =   1 in fmsie
    0   FMS matrix (LUD) at point   1, number of state kets = 153
     Doing FMS for a cluster of   31 atoms around iph =   2 in fmsie
    0   FMS matrix (LUD) at point   1, number of state kets = 279
     Doing FMS for a cluster of   23 atoms around iph =   3 in fmsie
    0   FMS matrix (LUD) at point   1, number of state kets = 207
  Electronic configuration
   iph    il      N_el
     0     0    1.789
     0     1    4.340
     0     2    0.106
     0     3    0.000
     1     0    0.278
     1     1    6.401
     1     2    0.957
     1     3    0.000
     2     0    0.683
     2     1    0.812
     2     2    7.247
     2     3    0.000
     3     0    1.784
     3     1    4.327
     3     2    0.108
     3     3    0.000
 mu_new=    -7.448
 Charge transfer:  iph  charge(iph)
       0   -0.236
       1    0.315
       2    0.289
       3   -0.223
              SCF ITERATION NUMBER 16  OUT OF  30
 Calculating energy and space dependent l-DOS.  It takes time ...
     point #   1  energy = -34.000
     Doing FMS for a cluster of   23 atoms around iph =   0 in fmsie
    0   FMS matrix (LUD) at point   1, number of state kets = 207
     Doing FMS for a cluster of   17 atoms around iph =   1 in fmsie
    0   FMS matrix (LUD) at point   1, number of state kets = 153
     Doing FMS for a cluster of   31 atoms around iph =   2 in fmsie
    0   FMS matrix (LUD) at point   1, number of state kets = 279
     Doing FMS for a cluster of   23 atoms around iph =   3 in fmsie
    0   FMS matrix (LUD) at point   1, number of state kets = 207
  Electronic configuration
   iph    il      N_el
     0     0    1.789
     0     1    4.340
     0     2    0.106
     0     3    0.000
     1     0    0.282
     1     1    6.410
     1     2    0.993
     1     3    0.000
     2     0    0.682
     2     1    0.815
     2     2    7.213
     2     3    0.000
     3     0    1.784
     3     1    4.330
     3     2    0.109
     3     3    0.000
 mu_new=    -7.356
 Charge transfer:  iph  charge(iph)
       0   -0.236
       1    0.316
       2    0.289
       3   -0.223
              SCF ITERATION NUMBER 17  OUT OF  30
 Calculating energy and space dependent l-DOS.  It takes time ...
     point #   1  energy = -34.000
     Doing FMS for a cluster of   23 atoms around iph =   0 in fmsie
    0   FMS matrix (LUD) at point   1, number of state kets = 207
     Doing FMS for a cluster of   17 atoms around iph =   1 in fmsie
    0   FMS matrix (LUD) at point   1, number of state kets = 153
     Doing FMS for a cluster of   31 atoms around iph =   2 in fmsie
    0   FMS matrix (LUD) at point   1, number of state kets = 279
     Doing FMS for a cluster of   23 atoms around iph =   3 in fmsie
    0   FMS matrix (LUD) at point   1, number of state kets = 207
  Electronic configuration
   iph    il      N_el
     0     0    1.789
     0     1    4.339
     0     2    0.107
     0     3    0.000
     1     0    0.282
     1     1    6.411
     1     2    0.997
     1     3    0.000
     2     0    0.683
     2     1    0.815
     2     2    7.212
     2     3    0.000
     3     0    1.784
     3     1    4.329
     3     2    0.110
     3     3    0.000
 mu_new=    -7.356
 Charge transfer:  iph  charge(iph)
       0   -0.236
       1    0.316
       2    0.289
       3   -0.223
              SCF ITERATION NUMBER 18  OUT OF  30
 Calculating energy and space dependent l-DOS.  It takes time ...
     point #   1  energy = -34.000
     Doing FMS for a cluster of   23 atoms around iph =   0 in fmsie
    0   FMS matrix (LUD) at point   1, number of state kets = 207
     Doing FMS for a cluster of   17 atoms around iph =   1 in fmsie
    0   FMS matrix (LUD) at point   1, number of state kets = 153
     Doing FMS for a cluster of   31 atoms around iph =   2 in fmsie
    0   FMS matrix (LUD) at point   1, number of state kets = 279
     Doing FMS for a cluster of   23 atoms around iph =   3 in fmsie
    0   FMS matrix (LUD) at point   1, number of state kets = 207
  Electronic configuration
   iph    il      N_el
     0     0    1.789
     0     1    4.339
     0     2    0.107
     0     3    0.000
     1     0    0.282
     1     1    6.411
     1     2    0.997
     1     3    0.000
     2     0    0.683
     2     1    0.815
     2     2    7.212
     2     3    0.000
     3     0    1.784
     3     1    4.329
     3     2    0.110
     3     3    0.000
 mu_new=    -7.356
 Charge transfer:  iph  charge(iph)
       0   -0.235
       1    0.310
       2    0.291
       3   -0.223
              SCF ITERATION NUMBER 19  OUT OF  30
 Calculating energy and space dependent l-DOS.  It takes time ...
     point #   1  energy = -34.000
     Doing FMS for a cluster of   23 atoms around iph =   0 in fmsie
    0   FMS matrix (LUD) at point   1, number of state kets = 207
     Doing FMS for a cluster of   17 atoms around iph =   1 in fmsie
    0   FMS matrix (LUD) at point   1, number of state kets = 153
     Doing FMS for a cluster of   31 atoms around iph =   2 in fmsie
    0   FMS matrix (LUD) at point   1, number of state kets = 279
     Doing FMS for a cluster of   23 atoms around iph =   3 in fmsie
    0   FMS matrix (LUD) at point   1, number of state kets = 207
  Electronic configuration
   iph    il      N_el
     0     0    1.789
     0     1    4.337
     0     2    0.108
     0     3    0.000
     1     0    0.283
     1     1    6.411
     1     2    1.001
     1     3    0.000
     2     0    0.683
     2     1    0.816
     2     2    7.208
     2     3    0.000
     3     0    1.785
     3     1    4.328
     3     2    0.111
     3     3    0.000
 mu_new=    -7.356
 Charge transfer:  iph  charge(iph)
       0   -0.235
       1    0.309
       2    0.291
       3   -0.223
              SCF ITERATION NUMBER 20  OUT OF  30
 Calculating energy and space dependent l-DOS.  It takes time ...
     point #   1  energy = -34.000
     Doing FMS for a cluster of   23 atoms around iph =   0 in fmsie
    0   FMS matrix (LUD) at point   1, number of state kets = 207
     Doing FMS for a cluster of   17 atoms around iph =   1 in fmsie
    0   FMS matrix (LUD) at point   1, number of state kets = 153
     Doing FMS for a cluster of   31 atoms around iph =   2 in fmsie
    0   FMS matrix (LUD) at point   1, number of state kets = 279
     Doing FMS for a cluster of   23 atoms around iph =   3 in fmsie
    0   FMS matrix (LUD) at point   1, number of state kets = 207
  Electronic configuration
   iph    il      N_el
     0     0    1.789
     0     1    4.337
     0     2    0.108
     0     3    0.000
     1     0    0.283
     1     1    6.411
     1     2    1.003
     1     3    0.000
     2     0    0.683
     2     1    0.816
     2     2    7.208
     2     3    0.000
     3     0    1.785
     3     1    4.327
     3     2    0.111
     3     3    0.000
 mu_new=    -7.356
 Charge transfer:  iph  charge(iph)
       0   -0.237
       1    0.329
       2    0.284
       3   -0.224
              SCF ITERATION NUMBER 21  OUT OF  30
 Calculating energy and space dependent l-DOS.  It takes time ...
     point #   1  energy = -34.000
     Doing FMS for a cluster of   23 atoms around iph =   0 in fmsie
    0   FMS matrix (LUD) at point   1, number of state kets = 207
     Doing FMS for a cluster of   17 atoms around iph =   1 in fmsie
    0   FMS matrix (LUD) at point   1, number of state kets = 153
     Doing FMS for a cluster of   31 atoms around iph =   2 in fmsie
    0   FMS matrix (LUD) at point   1, number of state kets = 279
     Doing FMS for a cluster of   23 atoms around iph =   3 in fmsie
    0   FMS matrix (LUD) at point   1, number of state kets = 207
  Electronic configuration
   iph    il      N_el
     0     0    1.789
     0     1    4.340
     0     2    0.106
     0     3    0.000
     1     0    0.283
     1     1    6.412
     1     2    0.999
     1     3    0.000
     2     0    0.682
     2     1    0.815
     2     2    7.208
     2     3    0.000
     3     0    1.784
     3     1    4.330
     3     2    0.109
     3     3    0.000
 mu_new=    -7.343
 Charge transfer:  iph  charge(iph)
       0   -0.235
       1    0.303
       2    0.294
       3   -0.222
              SCF ITERATION NUMBER 22  OUT OF  30
 Calculating energy and space dependent l-DOS.  It takes time ...
     point #   1  energy = -34.000
     Doing FMS for a cluster of   23 atoms around iph =   0 in fmsie
    0   FMS matrix (LUD) at point   1, number of state kets = 207
     Doing FMS for a cluster of   17 atoms around iph =   1 in fmsie
    0   FMS matrix (LUD) at point   1, number of state kets = 153
     Doing FMS for a cluster of   31 atoms around iph =   2 in fmsie
    0   FMS matrix (LUD) at point   1, number of state kets = 279
     Doing FMS for a cluster of   23 atoms around iph =   3 in fmsie
    0   FMS matrix (LUD) at point   1, number of state kets = 207
  Electronic configuration
   iph    il      N_el
     0     0    1.790
     0     1    4.331
     0     2    0.113
     0     3    0.000
     1     0    0.285
     1     1    6.412
     1     2    1.027
     1     3    0.000
     2     0    0.684
     2     1    0.819
     2     2    7.191
     2     3    0.000
     3     0    1.785
     3     1    4.321
     3     2    0.116
     3     3    0.000
 mu_new=    -7.343
 Charge transfer:  iph  charge(iph)
       0   -0.243
       1    0.402
       2    0.258
       3   -0.229
negative dens  10  0-1644.044761 - usually due to harmless precision errors, but check DOS to make sure
negative dens  10  3-1517.678523 - usually due to harmless precision errors, but check DOS to make sure
              SCF ITERATION NUMBER 23  OUT OF  30
 Calculating energy and space dependent l-DOS.  It takes time ...
     point #   1  energy = -34.000
     Doing FMS for a cluster of   23 atoms around iph =   0 in fmsie
    0   FMS matrix (LUD) at point   1, number of state kets = 207
     Doing FMS for a cluster of   17 atoms around iph =   1 in fmsie
    0   FMS matrix (LUD) at point   1, number of state kets = 153
     Doing FMS for a cluster of   31 atoms around iph =   2 in fmsie
    0   FMS matrix (LUD) at point   1, number of state kets = 279
     Doing FMS for a cluster of   23 atoms around iph =   3 in fmsie
    0   FMS matrix (LUD) at point   1, number of state kets = 207
  Electronic configuration
   iph    il      N_el
     0     0    1.789
     0     1    4.340
     0     2    0.107
     0     3    0.000
     1     0    0.287
     1     1    6.420
     1     2    1.035
     1     3    0.000
     2     0    0.682
     2     1    0.817
     2     2    7.177
     2     3    0.000
     3     0    1.785
     3     1    4.332
     3     2    0.110
     3     3    0.000
 mu_new=    -7.267
 Charge transfer:  iph  charge(iph)
       0   -0.233
       1    0.284
       2    0.301
       3   -0.221
              SCF ITERATION NUMBER 24  OUT OF  30
 Calculating energy and space dependent l-DOS.  It takes time ...
     point #   1  energy = -34.000
     Doing FMS for a cluster of   23 atoms around iph =   0 in fmsie
    0   FMS matrix (LUD) at point   1, number of state kets = 207
     Doing FMS for a cluster of   17 atoms around iph =   1 in fmsie
    0   FMS matrix (LUD) at point   1, number of state kets = 153
     Doing FMS for a cluster of   31 atoms around iph =   2 in fmsie
    0   FMS matrix (LUD) at point   1, number of state kets = 279
     Doing FMS for a cluster of   23 atoms around iph =   3 in fmsie
    0   FMS matrix (LUD) at point   1, number of state kets = 207
  Electronic configuration
   iph    il      N_el
     0     0    1.789
     0     1    4.340
     0     2    0.106
     0     3    0.000
     1     0    0.280
     1     1    6.407
     1     2    0.979
     1     3    0.000
     2     0    0.683
     2     1    0.814
     2     2    7.226
     2     3    0.000
     3     0    1.784
     3     1    4.329
     3     2    0.109
     3     3    0.000
 mu_new=    -7.392
 Charge transfer:  iph  charge(iph)
       0   -0.235
       1    0.312
       2    0.290
       3   -0.223
              SCF ITERATION NUMBER 25  OUT OF  30
 Calculating energy and space dependent l-DOS.  It takes time ...
     point #   1  energy = -34.000
     Doing FMS for a cluster of   23 atoms around iph =   0 in fmsie
    0   FMS matrix (LUD) at point   1, number of state kets = 207
     Doing FMS for a cluster of   17 atoms around iph =   1 in fmsie
    0   FMS matrix (LUD) at point   1, number of state kets = 153
     Doing FMS for a cluster of   31 atoms around iph =   2 in fmsie
    0   FMS matrix (LUD) at point   1, number of state kets = 279
     Doing FMS for a cluster of   23 atoms around iph =   3 in fmsie
    0   FMS matrix (LUD) at point   1, number of state kets = 207
  Electronic configuration
   iph    il      N_el
     0     0    1.789
     0     1    4.340
     0     2    0.106
     0     3    0.000
     1     0    0.282
     1     1    6.410
     1     2    0.992
     1     3    0.000
     2     0    0.682
     2     1    0.814
     2     2    7.214
     2     3    0.000
     3     0    1.784
     3     1    4.330
     3     2    0.109
     3     3    0.000
 mu_new=    -7.360
 Charge transfer:  iph  charge(iph)
       0   -0.236
       1    0.316
       2    0.289
       3   -0.223
              SCF ITERATION NUMBER 26  OUT OF  30
 Calculating energy and space dependent l-DOS.  It takes time ...
     point #   1  energy = -34.000
     Doing FMS for a cluster of   23 atoms around iph =   0 in fmsie
    0   FMS matrix (LUD) at point   1, number of state kets = 207
     Doing FMS for a cluster of   17 atoms around iph =   1 in fmsie
    0   FMS matrix (LUD) at point   1, number of state kets = 153
     Doing FMS for a cluster of   31 atoms around iph =   2 in fmsie
    0   FMS matrix (LUD) at point   1, number of state kets = 279
     Doing FMS for a cluster of   23 atoms around iph =   3 in fmsie
    0   FMS matrix (LUD) at point   1, number of state kets = 207
  Electronic configuration
   iph    il      N_el
     0     0    1.789
     0     1    4.340
     0     2    0.106
     0     3    0.000
     1     0    0.282
     1     1    6.410
     1     2    0.993
     1     3    0.000
     2     0    0.682
     2     1    0.815
     2     2    7.214
     2     3    0.000
     3     0    1.784
     3     1    4.330
     3     2    0.109
     3     3    0.000
 mu_new=    -7.358
 Charge transfer:  iph  charge(iph)
       0   -0.235
       1    0.313
       2    0.290
       3   -0.223
              SCF ITERATION NUMBER 27  OUT OF  30
 Calculating energy and space dependent l-DOS.  It takes time ...
     point #   1  energy = -34.000
     Doing FMS for a cluster of   23 atoms around iph =   0 in fmsie
    0   FMS matrix (LUD) at point   1, number of state kets = 207
     Doing FMS for a cluster of   17 atoms around iph =   1 in fmsie
    0   FMS matrix (LUD) at point   1, number of state kets = 153
     Doing FMS for a cluster of   31 atoms around iph =   2 in fmsie
    0   FMS matrix (LUD) at point   1, number of state kets = 279
     Doing FMS for a cluster of   23 atoms around iph =   3 in fmsie
    0   FMS matrix (LUD) at point   1, number of state kets = 207
  Electronic configuration
   iph    il      N_el
     0     0    1.789
     0     1    4.339
     0     2    0.107
     0     3    0.000
     1     0    0.282
     1     1    6.410
     1     2    0.996
     1     3    0.000
     2     0    0.683
     2     1    0.815
     2     2    7.212
     2     3    0.000
     3     0    1.784
     3     1    4.329
     3     2    0.110
     3     3    0.000
 mu_new=    -7.358
 Charge transfer:  iph  charge(iph)
       0   -0.236
       1    0.313
       2    0.290
       3   -0.223
              SCF ITERATION NUMBER 28  OUT OF  30
 Calculating energy and space dependent l-DOS.  It takes time ...
     point #   1  energy = -34.000
     Doing FMS for a cluster of   23 atoms around iph =   0 in fmsie
    0   FMS matrix (LUD) at point   1, number of state kets = 207
     Doing FMS for a cluster of   17 atoms around iph =   1 in fmsie
    0   FMS matrix (LUD) at point   1, number of state kets = 153
     Doing FMS for a cluster of   31 atoms around iph =   2 in fmsie
    0   FMS matrix (LUD) at point   1, number of state kets = 279
     Doing FMS for a cluster of   23 atoms around iph =   3 in fmsie
    0   FMS matrix (LUD) at point   1, number of state kets = 207
  Electronic configuration
   iph    il      N_el
     0     0    1.789
     0     1    4.339
     0     2    0.107
     0     3    0.000
     1     0    0.282
     1     1    6.410
     1     2    0.996
     1     3    0.000
     2     0    0.683
     2     1    0.815
     2     2    7.212
     2     3    0.000
     3     0    1.784
     3     1    4.329
     3     2    0.110
     3     3    0.000
 mu_new=    -7.358
 Charge transfer:  iph  charge(iph)
       0   -0.236
       1    0.317
       2    0.289
       3   -0.223
              SCF ITERATION NUMBER 29  OUT OF  30
 Calculating energy and space dependent l-DOS.  It takes time ...
     point #   1  energy = -34.000
     Doing FMS for a cluster of   23 atoms around iph =   0 in fmsie
    0   FMS matrix (LUD) at point   1, number of state kets = 207
     Doing FMS for a cluster of   17 atoms around iph =   1 in fmsie
    0   FMS matrix (LUD) at point   1, number of state kets = 153
     Doing FMS for a cluster of   31 atoms around iph =   2 in fmsie
    0   FMS matrix (LUD) at point   1, number of state kets = 279
     Doing FMS for a cluster of   23 atoms around iph =   3 in fmsie
    0   FMS matrix (LUD) at point   1, number of state kets = 207
  Electronic configuration
   iph    il      N_el
     0     0    1.789
     0     1    4.340
     0     2    0.106
     0     3    0.000
     1     0    0.282
     1     1    6.410
     1     2    0.993
     1     3    0.000
     2     0    0.682
     2     1    0.815
     2     2    7.213
     2     3    0.000
     3     0    1.784
     3     1    4.330
     3     2    0.109
     3     3    0.000
 mu_new=    -7.357
 Charge transfer:  iph  charge(iph)
       0   -0.235
       1    0.307
       2    0.292
       3   -0.223
              SCF ITERATION NUMBER 30  OUT OF  30
 Calculating energy and space dependent l-DOS.  It takes time ...
     point #   1  energy = -34.000
     Doing FMS for a cluster of   23 atoms around iph =   0 in fmsie
    0   FMS matrix (LUD) at point   1, number of state kets = 207
     Doing FMS for a cluster of   17 atoms around iph =   1 in fmsie
    0   FMS matrix (LUD) at point   1, number of state kets = 153
     Doing FMS for a cluster of   31 atoms around iph =   2 in fmsie
    0   FMS matrix (LUD) at point   1, number of state kets = 279
     Doing FMS for a cluster of   23 atoms around iph =   3 in fmsie
    0   FMS matrix (LUD) at point   1, number of state kets = 207
  Electronic configuration
   iph    il      N_el
     0     0    1.789
     0     1    4.337
     0     2    0.109
     0     3    0.000
     1     0    0.283
     1     1    6.411
     1     2    1.003
     1     3    0.000
     2     0    0.683
     2     1    0.816
     2     2    7.207
     2     3    0.000
     3     0    1.785
     3     1    4.327
     3     2    0.111
     3     3    0.000
 mu_new=    -7.357
 Charge transfer:  iph  charge(iph)
       0   -0.237
       1    0.327
       2    0.285
       3   -0.224
:WARNING Convergence not reached; ran out of iterations.
 Done with module 1: potentials.
 total time       27.1825878620148     
 communicate time   10.3732118606567     
