 Number of processors =           12
 Calculating potentials ...
muffin tin radii and interstitial parameters
 iph, rnrm(iph)*bohr, rmt(iph)*bohr, folp(iph)
    0  1.05497E+00  9.65989E-01  1.15000E+00
    1  1.81701E+00  1.74248E+00  1.11086E+00
    2  1.42470E+00  1.25386E+00  1.15000E+00
    3  1.06361E+00  9.90246E-01  1.15000E+00
              Core-valence separation
 ecv=   -34.000
 mu_old=     2.088
              SCF ITERATION NUMBER  1  OUT OF  30
 Calculating energy and space dependent l-DOS.  It takes time ...
     point #   1  energy = -34.000
     Doing FMS for a cluster of   25 atoms around iph =   0 in fmsie
    0   FMS matrix (LUD) at point   1, number of state kets = 225
     Doing FMS for a cluster of   21 atoms around iph =   1 in fmsie
    0   FMS matrix (LUD) at point   1, number of state kets = 189
     Doing FMS for a cluster of   24 atoms around iph =   2 in fmsie
    0   FMS matrix (LUD) at point   1, number of state kets = 216
     Doing FMS for a cluster of   21 atoms around iph =   3 in fmsie
    0   FMS matrix (LUD) at point   1, number of state kets = 189
  Electronic configuration
   iph    il      N_el
     0     0    1.830
     0     1    4.593
     0     2    0.119
     0     3    0.000
     1     0    0.321
     1     1    6.426
     1     2    1.045
     1     3    0.000
     2     0    0.613
     2     1    0.819
     2     2    6.217
     2     3    0.000
     3     0    1.857
     3     1    4.761
     3     2    0.110
     3     3    0.000
 mu_new=    -7.363
 Charge transfer:  iph  charge(iph)
       0   -0.104
       1    0.044
       2    0.260
       3   -0.141
              SCF ITERATION NUMBER  2  OUT OF  30
 Calculating energy and space dependent l-DOS.  It takes time ...
     point #   1  energy = -34.000
     Doing FMS for a cluster of   25 atoms around iph =   0 in fmsie
    0   FMS matrix (LUD) at point   1, number of state kets = 225
     Doing FMS for a cluster of   21 atoms around iph =   1 in fmsie
    0   FMS matrix (LUD) at point   1, number of state kets = 189
     Doing FMS for a cluster of   24 atoms around iph =   2 in fmsie
    0   FMS matrix (LUD) at point   1, number of state kets = 216
     Doing FMS for a cluster of   21 atoms around iph =   3 in fmsie
    0   FMS matrix (LUD) at point   1, number of state kets = 189
     point # 100  energy =  -7.975
  Electronic configuration
   iph    il      N_el
     0     0    1.809
     0     1    4.220
     0     2    0.113
     0     3    0.000
     1     0    0.318
     1     1    6.417
     1     2    1.016
     1     3    0.000
     2     0    0.663
     2     1    0.822
     2     2    6.916
     2     3    0.000
     3     0    1.838
     3     1    4.418
     3     2    0.106
     3     3    0.000
 mu_new=    -7.972
 Charge transfer:  iph  charge(iph)
       0   -0.133
       1    0.189
       2    0.501
       3   -0.298
              SCF ITERATION NUMBER  3  OUT OF  30
 Calculating energy and space dependent l-DOS.  It takes time ...
     point #   1  energy = -34.000
     Doing FMS for a cluster of   25 atoms around iph =   0 in fmsie
    0   FMS matrix (LUD) at point   1, number of state kets = 225
     Doing FMS for a cluster of   21 atoms around iph =   1 in fmsie
    0   FMS matrix (LUD) at point   1, number of state kets = 189
     Doing FMS for a cluster of   24 atoms around iph =   2 in fmsie
    0   FMS matrix (LUD) at point   1, number of state kets = 216
     Doing FMS for a cluster of   21 atoms around iph =   3 in fmsie
    0   FMS matrix (LUD) at point   1, number of state kets = 189
  Electronic configuration
   iph    il      N_el
     0     0    1.813
     0     1    4.265
     0     2    0.116
     0     3    0.000
     1     0    0.329
     1     1    6.421
     1     2    1.051
     1     3    0.000
     2     0    0.694
     2     1    0.834
     2     2    7.344
     2     3    0.000
     3     0    1.827
     3     1    4.177
     3     2    0.109
     3     3    0.000
 mu_new=    -7.972
 Charge transfer:  iph  charge(iph)
       0   -0.154
       1    0.224
       2    0.447
       3   -0.280
              SCF ITERATION NUMBER  4  OUT OF  30
 Calculating energy and space dependent l-DOS.  It takes time ...
     point #   1  energy = -34.000
     Doing FMS for a cluster of   25 atoms around iph =   0 in fmsie
    0   FMS matrix (LUD) at point   1, number of state kets = 225
     Doing FMS for a cluster of   21 atoms around iph =   1 in fmsie
    0   FMS matrix (LUD) at point   1, number of state kets = 189
     Doing FMS for a cluster of   24 atoms around iph =   2 in fmsie
    0   FMS matrix (LUD) at point   1, number of state kets = 216
     Doing FMS for a cluster of   21 atoms around iph =   3 in fmsie
    0   FMS matrix (LUD) at point   1, number of state kets = 189
  Electronic configuration
   iph    il      N_el
     0     0    1.811
     0     1    4.265
     0     2    0.115
     0     3    0.000
     1     0    0.324
     1     1    6.421
     1     2    1.046
     1     3    0.000
     2     0    0.677
     2     1    0.831
     2     2    7.035
     2     3    0.000
     3     0    1.834
     3     1    4.339
     3     2    0.108
     3     3    0.000
 mu_new=    -7.696
 Charge transfer:  iph  charge(iph)
       0   -0.165
       1    0.227
       2    0.456
       3   -0.285
              SCF ITERATION NUMBER  5  OUT OF  30
 Calculating energy and space dependent l-DOS.  It takes time ...
     point #   1  energy = -34.000
     Doing FMS for a cluster of   25 atoms around iph =   0 in fmsie
    0   FMS matrix (LUD) at point   1, number of state kets = 225
     Doing FMS for a cluster of   21 atoms around iph =   1 in fmsie
    0   FMS matrix (LUD) at point   1, number of state kets = 189
     Doing FMS for a cluster of   24 atoms around iph =   2 in fmsie
    0   FMS matrix (LUD) at point   1, number of state kets = 216
     Doing FMS for a cluster of   21 atoms around iph =   3 in fmsie
    0   FMS matrix (LUD) at point   1, number of state kets = 189
  Electronic configuration
   iph    il      N_el
     0     0    1.810
     0     1    4.240
     0     2    0.114
     0     3    0.000
     1     0    0.323
     1     1    6.419
     1     2    1.041
     1     3    0.000
     2     0    0.677
     2     1    0.830
     2     2    7.036
     2     3    0.000
     3     0    1.834
     3     1    4.341
     3     2    0.108
     3     3    0.000
 mu_new=    -7.721
 Charge transfer:  iph  charge(iph)
       0   -0.165
       1    0.225
       2    0.456
       3   -0.284
              SCF ITERATION NUMBER  6  OUT OF  30
 Calculating energy and space dependent l-DOS.  It takes time ...
     point #   1  energy = -34.000
     Doing FMS for a cluster of   25 atoms around iph =   0 in fmsie
    0   FMS matrix (LUD) at point   1, number of state kets = 225
     Doing FMS for a cluster of   21 atoms around iph =   1 in fmsie
    0   FMS matrix (LUD) at point   1, number of state kets = 189
     Doing FMS for a cluster of   24 atoms around iph =   2 in fmsie
    0   FMS matrix (LUD) at point   1, number of state kets = 216
     Doing FMS for a cluster of   21 atoms around iph =   3 in fmsie
    0   FMS matrix (LUD) at point   1, number of state kets = 189
  Electronic configuration
   iph    il      N_el
     0     0    1.810
     0     1    4.239
     0     2    0.114
     0     3    0.000
     1     0    0.323
     1     1    6.418
     1     2    1.038
     1     3    0.000
     2     0    0.676
     2     1    0.829
     2     2    7.038
     2     3    0.000
     3     0    1.834
     3     1    4.342
     3     2    0.107
     3     3    0.000
 mu_new=    -7.745
 Charge transfer:  iph  charge(iph)
       0   -0.164
       1    0.224
       2    0.457
       3   -0.284
              SCF ITERATION NUMBER  7  OUT OF  30
 Calculating energy and space dependent l-DOS.  It takes time ...
     point #   1  energy = -34.000
     Doing FMS for a cluster of   25 atoms around iph =   0 in fmsie
    0   FMS matrix (LUD) at point   1, number of state kets = 225
     Doing FMS for a cluster of   21 atoms around iph =   1 in fmsie
    0   FMS matrix (LUD) at point   1, number of state kets = 189
     Doing FMS for a cluster of   24 atoms around iph =   2 in fmsie
    0   FMS matrix (LUD) at point   1, number of state kets = 216
     Doing FMS for a cluster of   21 atoms around iph =   3 in fmsie
    0   FMS matrix (LUD) at point   1, number of state kets = 189
  Electronic configuration
   iph    il      N_el
     0     0    1.810
     0     1    4.240
     0     2    0.114
     0     3    0.000
     1     0    0.322
     1     1    6.417
     1     2    1.034
     1     3    0.000
     2     0    0.676
     2     1    0.828
     2     2    7.040
     2     3    0.000
     3     0    1.834
     3     1    4.343
     3     2    0.107
     3     3    0.000
 mu_new=    -7.769
 Charge transfer:  iph  charge(iph)
       0   -0.164
       1    0.225
       2    0.457
       3   -0.284
              SCF ITERATION NUMBER  8  OUT OF  30
 Calculating energy and space dependent l-DOS.  It takes time ...
     point #   1  energy = -34.000
     Doing FMS for a cluster of   25 atoms around iph =   0 in fmsie
    0   FMS matrix (LUD) at point   1, number of state kets = 225
     Doing FMS for a cluster of   21 atoms around iph =   1 in fmsie
    0   FMS matrix (LUD) at point   1, number of state kets = 189
     Doing FMS for a cluster of   24 atoms around iph =   2 in fmsie
    0   FMS matrix (LUD) at point   1, number of state kets = 216
     Doing FMS for a cluster of   21 atoms around iph =   3 in fmsie
    0   FMS matrix (LUD) at point   1, number of state kets = 189
  Electronic configuration
   iph    il      N_el
     0     0    1.810
     0     1    4.240
     0     2    0.114
     0     3    0.000
     1     0    0.322
     1     1    6.417
     1     2    1.032
     1     3    0.000
     2     0    0.676
     2     1    0.827
     2     2    7.042
     2     3    0.000
     3     0    1.834
     3     1    4.343
     3     2    0.107
     3     3    0.000
 mu_new=    -7.785
 Charge transfer:  iph  charge(iph)
       0   -0.164
       1    0.226
       2    0.456
       3   -0.284
              SCF ITERATION NUMBER  9  OUT OF  30
 Calculating energy and space dependent l-DOS.  It takes time ...
     point #   1  energy = -34.000
     Doing FMS for a cluster of   25 atoms around iph =   0 in fmsie
    0   FMS matrix (LUD) at point   1, number of state kets = 225
     Doing FMS for a cluster of   21 atoms around iph =   1 in fmsie
    0   FMS matrix (LUD) at point   1, number of state kets = 189
     Doing FMS for a cluster of   24 atoms around iph =   2 in fmsie
    0   FMS matrix (LUD) at point   1, number of state kets = 216
     Doing FMS for a cluster of   21 atoms around iph =   3 in fmsie
    0   FMS matrix (LUD) at point   1, number of state kets = 189
  Electronic configuration
   iph    il      N_el
     0     0    1.810
     0     1    4.240
     0     2    0.114
     0     3    0.000
     1     0    0.322
     1     1    6.417
     1     2    1.033
     1     3    0.000
     2     0    0.676
     2     1    0.827
     2     2    7.041
     2     3    0.000
     3     0    1.834
     3     1    4.343
     3     2    0.107
     3     3    0.000
 mu_new=    -7.785
 Charge transfer:  iph  charge(iph)
       0   -0.164
       1    0.228
       2    0.456
       3   -0.285
              SCF ITERATION NUMBER 10  OUT OF  30
 Calculating energy and space dependent l-DOS.  It takes time ...
     point #   1  energy = -34.000
     Doing FMS for a cluster of   25 atoms around iph =   0 in fmsie
    0   FMS matrix (LUD) at point   1, number of state kets = 225
     Doing FMS for a cluster of   21 atoms around iph =   1 in fmsie
    0   FMS matrix (LUD) at point   1, number of state kets = 189
     Doing FMS for a cluster of   24 atoms around iph =   2 in fmsie
    0   FMS matrix (LUD) at point   1, number of state kets = 216
     Doing FMS for a cluster of   21 atoms around iph =   3 in fmsie
    0   FMS matrix (LUD) at point   1, number of state kets = 189
  Electronic configuration
   iph    il      N_el
     0     0    1.810
     0     1    4.238
     0     2    0.116
     0     3    0.000
     1     0    0.323
     1     1    6.418
     1     2    1.045
     1     3    0.000
     2     0    0.676
     2     1    0.829
     2     2    7.036
     2     3    0.000
     3     0    1.834
     3     1    4.339
     3     2    0.110
     3     3    0.000
 mu_new=    -7.785
 Charge transfer:  iph  charge(iph)
       0   -0.164
       1    0.227
       2    0.456
       3   -0.284
              SCF ITERATION NUMBER 11  OUT OF  30
 Calculating energy and space dependent l-DOS.  It takes time ...
     point #   1  energy = -34.000
     Doing FMS for a cluster of   25 atoms around iph =   0 in fmsie
    0   FMS matrix (LUD) at point   1, number of state kets = 225
     Doing FMS for a cluster of   21 atoms around iph =   1 in fmsie
    0   FMS matrix (LUD) at point   1, number of state kets = 189
     Doing FMS for a cluster of   24 atoms around iph =   2 in fmsie
    0   FMS matrix (LUD) at point   1, number of state kets = 216
     Doing FMS for a cluster of   21 atoms around iph =   3 in fmsie
    0   FMS matrix (LUD) at point   1, number of state kets = 189
  Electronic configuration
   iph    il      N_el
     0     0    1.810
     0     1    4.236
     0     2    0.118
     0     3    0.000
     1     0    0.323
     1     1    6.418
     1     2    1.054
     1     3    0.000
     2     0    0.676
     2     1    0.830
     2     2    7.031
     2     3    0.000
     3     0    1.834
     3     1    4.337
     3     2    0.111
     3     3    0.000
 mu_new=    -7.785
 Charge transfer:  iph  charge(iph)
       0   -0.164
       1    0.229
       2    0.455
       3   -0.285
              SCF ITERATION NUMBER 12  OUT OF  30
 Calculating energy and space dependent l-DOS.  It takes time ...
     point #   1  energy = -34.000
     Doing FMS for a cluster of   25 atoms around iph =   0 in fmsie
    0   FMS matrix (LUD) at point   1, number of state kets = 225
     Doing FMS for a cluster of   21 atoms around iph =   1 in fmsie
    0   FMS matrix (LUD) at point   1, number of state kets = 189
     Doing FMS for a cluster of   24 atoms around iph =   2 in fmsie
    0   FMS matrix (LUD) at point   1, number of state kets = 216
     Doing FMS for a cluster of   21 atoms around iph =   3 in fmsie
    0   FMS matrix (LUD) at point   1, number of state kets = 189
  Electronic configuration
   iph    il      N_el
     0     0    1.810
     0     1    4.240
     0     2    0.114
     0     3    0.000
     1     0    0.322
     1     1    6.417
     1     2    1.033
     1     3    0.000
     2     0    0.676
     2     1    0.827
     2     2    7.041
     2     3    0.000
     3     0    1.834
     3     1    4.343
     3     2    0.107
     3     3    0.000
 mu_new=    -7.784
 Charge transfer:  iph  charge(iph)
       0   -0.164
       1    0.229
       2    0.455
       3   -0.285
              SCF ITERATION NUMBER 13  OUT OF  30
 Calculating energy and space dependent l-DOS.  It takes time ...
     point #   1  energy = -34.000
     Doing FMS for a cluster of   25 atoms around iph =   0 in fmsie
    0   FMS matrix (LUD) at point   1, number of state kets = 225
     Doing FMS for a cluster of   21 atoms around iph =   1 in fmsie
    0   FMS matrix (LUD) at point   1, number of state kets = 189
     Doing FMS for a cluster of   24 atoms around iph =   2 in fmsie
    0   FMS matrix (LUD) at point   1, number of state kets = 216
     Doing FMS for a cluster of   21 atoms around iph =   3 in fmsie
    0   FMS matrix (LUD) at point   1, number of state kets = 189
  Electronic configuration
   iph    il      N_el
     0     0    1.810
     0     1    4.240
     0     2    0.114
     0     3    0.000
     1     0    0.322
     1     1    6.417
     1     2    1.034
     1     3    0.000
     2     0    0.676
     2     1    0.827
     2     2    7.041
     2     3    0.000
     3     0    1.834
     3     1    4.343
     3     2    0.107
     3     3    0.000
 mu_new=    -7.784
 Charge transfer:  iph  charge(iph)
       0   -0.164
       1    0.229
       2    0.455
       3   -0.285
              SCF ITERATION NUMBER 14  OUT OF  30
 Calculating energy and space dependent l-DOS.  It takes time ...
     point #   1  energy = -34.000
     Doing FMS for a cluster of   25 atoms around iph =   0 in fmsie
    0   FMS matrix (LUD) at point   1, number of state kets = 225
     Doing FMS for a cluster of   21 atoms around iph =   1 in fmsie
    0   FMS matrix (LUD) at point   1, number of state kets = 189
     Doing FMS for a cluster of   24 atoms around iph =   2 in fmsie
    0   FMS matrix (LUD) at point   1, number of state kets = 216
     Doing FMS for a cluster of   21 atoms around iph =   3 in fmsie
    0   FMS matrix (LUD) at point   1, number of state kets = 189
  Electronic configuration
   iph    il      N_el
     0     0    1.810
     0     1    4.240
     0     2    0.114
     0     3    0.000
     1     0    0.322
     1     1    6.417
     1     2    1.035
     1     3    0.000
     2     0    0.676
     2     1    0.828
     2     2    7.041
     2     3    0.000
     3     0    1.834
     3     1    4.343
     3     2    0.107
     3     3    0.000
 mu_new=    -7.784
 Charge transfer:  iph  charge(iph)
       0   -0.164
       1    0.230
       2    0.455
       3   -0.285
              SCF ITERATION NUMBER 15  OUT OF  30
 Calculating energy and space dependent l-DOS.  It takes time ...
     point #   1  energy = -34.000
     Doing FMS for a cluster of   25 atoms around iph =   0 in fmsie
    0   FMS matrix (LUD) at point   1, number of state kets = 225
     Doing FMS for a cluster of   21 atoms around iph =   1 in fmsie
    0   FMS matrix (LUD) at point   1, number of state kets = 189
     Doing FMS for a cluster of   24 atoms around iph =   2 in fmsie
    0   FMS matrix (LUD) at point   1, number of state kets = 216
     Doing FMS for a cluster of   21 atoms around iph =   3 in fmsie
    0   FMS matrix (LUD) at point   1, number of state kets = 189
  Electronic configuration
   iph    il      N_el
     0     0    1.810
     0     1    4.240
     0     2    0.114
     0     3    0.000
     1     0    0.322
     1     1    6.417
     1     2    1.034
     1     3    0.000
     2     0    0.676
     2     1    0.827
     2     2    7.041
     2     3    0.000
     3     0    1.834
     3     1    4.343
     3     2    0.107
     3     3    0.000
 mu_new=    -7.784
 Charge transfer:  iph  charge(iph)
       0   -0.164
       1    0.230
       2    0.455
       3   -0.285
              SCF ITERATION NUMBER 16  OUT OF  30
 Calculating energy and space dependent l-DOS.  It takes time ...
     point #   1  energy = -34.000
     Doing FMS for a cluster of   25 atoms around iph =   0 in fmsie
    0   FMS matrix (LUD) at point   1, number of state kets = 225
     Doing FMS for a cluster of   21 atoms around iph =   1 in fmsie
    0   FMS matrix (LUD) at point   1, number of state kets = 189
     Doing FMS for a cluster of   24 atoms around iph =   2 in fmsie
    0   FMS matrix (LUD) at point   1, number of state kets = 216
     Doing FMS for a cluster of   21 atoms around iph =   3 in fmsie
    0   FMS matrix (LUD) at point   1, number of state kets = 189
  Electronic configuration
   iph    il      N_el
     0     0    1.810
     0     1    4.240
     0     2    0.114
     0     3    0.000
     1     0    0.322
     1     1    6.417
     1     2    1.034
     1     3    0.000
     2     0    0.676
     2     1    0.827
     2     2    7.041
     2     3    0.000
     3     0    1.834
     3     1    4.343
     3     2    0.107
     3     3    0.000
 mu_new=    -7.784
 Charge transfer:  iph  charge(iph)
       0   -0.164
       1    0.229
       2    0.455
       3   -0.285
 Convergence reached.
 Done with module 1: potentials.
 total time       9.37121295928955     
 communicate time  0.156779527664185     
