 Number of processors =           12
 Calculating potentials ...
muffin tin radii and interstitial parameters
 iph, rnrm(iph)*bohr, rmt(iph)*bohr, folp(iph)
    0  1.04124E+00  9.44012E-01  1.15000E+00
    1  1.81082E+00  1.73636E+00  1.11118E+00
    2  1.42047E+00  1.25103E+00  1.15000E+00
    3  1.06068E+00  9.94109E-01  1.15000E+00
              Core-valence separation
 ecv=   -34.000
 mu_old=     2.289
              SCF ITERATION NUMBER  1  OUT OF  30
 Calculating energy and space dependent l-DOS.  It takes time ...
     point #   1  energy = -34.000
     Doing FMS for a cluster of   24 atoms around iph =   0 in fmsie
    0   FMS matrix (LUD) at point   1, number of state kets = 216
     Doing FMS for a cluster of   21 atoms around iph =   1 in fmsie
    0   FMS matrix (LUD) at point   1, number of state kets = 189
     Doing FMS for a cluster of   22 atoms around iph =   2 in fmsie
    0   FMS matrix (LUD) at point   1, number of state kets = 198
     Doing FMS for a cluster of   21 atoms around iph =   3 in fmsie
    0   FMS matrix (LUD) at point   1, number of state kets = 189
  Electronic configuration
   iph    il      N_el
     0     0    1.819
     0     1    4.579
     0     2    0.126
     0     3    0.000
     1     0    0.320
     1     1    6.423
     1     2    1.053
     1     3    0.000
     2     0    0.608
     2     1    0.823
     2     2    6.242
     2     3    0.000
     3     0    1.852
     3     1    4.750
     3     2    0.113
     3     3    0.000
 mu_new=    -7.327
 Charge transfer:  iph  charge(iph)
       0   -0.100
       1    0.043
       2    0.255
       3   -0.138
              SCF ITERATION NUMBER  2  OUT OF  30
 Calculating energy and space dependent l-DOS.  It takes time ...
     point #   1  energy = -34.000
     Doing FMS for a cluster of   24 atoms around iph =   0 in fmsie
    0   FMS matrix (LUD) at point   1, number of state kets = 216
     Doing FMS for a cluster of   21 atoms around iph =   1 in fmsie
    0   FMS matrix (LUD) at point   1, number of state kets = 189
     Doing FMS for a cluster of   22 atoms around iph =   2 in fmsie
    0   FMS matrix (LUD) at point   1, number of state kets = 198
     Doing FMS for a cluster of   21 atoms around iph =   3 in fmsie
    0   FMS matrix (LUD) at point   1, number of state kets = 189
  Electronic configuration
   iph    il      N_el
     0     0    1.798
     0     1    4.212
     0     2    0.120
     0     3    0.000
     1     0    0.316
     1     1    6.414
     1     2    1.023
     1     3    0.000
     2     0    0.655
     2     1    0.827
     2     2    6.916
     2     3    0.000
     3     0    1.835
     3     1    4.419
     3     2    0.109
     3     3    0.000
 mu_new=    -7.905
 Charge transfer:  iph  charge(iph)
       0   -0.125
       1    0.194
       2    0.511
       3   -0.304
              SCF ITERATION NUMBER  3  OUT OF  30
 Calculating energy and space dependent l-DOS.  It takes time ...
     point #   1  energy = -34.000
     Doing FMS for a cluster of   24 atoms around iph =   0 in fmsie
    0   FMS matrix (LUD) at point   1, number of state kets = 216
     Doing FMS for a cluster of   21 atoms around iph =   1 in fmsie
    0   FMS matrix (LUD) at point   1, number of state kets = 189
     Doing FMS for a cluster of   22 atoms around iph =   2 in fmsie
    0   FMS matrix (LUD) at point   1, number of state kets = 198
     Doing FMS for a cluster of   21 atoms around iph =   3 in fmsie
    0   FMS matrix (LUD) at point   1, number of state kets = 189
  Electronic configuration
   iph    il      N_el
     0     0    1.800
     0     1    4.237
     0     2    0.121
     0     3    0.000
     1     0    0.326
     1     1    6.419
     1     2    1.051
     1     3    0.000
     2     0    0.688
     2     1    0.839
     2     2    7.370
     2     3    0.000
     3     0    1.823
     3     1    4.169
     3     2    0.110
     3     3    0.000
 mu_new=    -7.898
 Charge transfer:  iph  charge(iph)
       0   -0.136
       1    0.225
       2    0.447
       3   -0.279
              SCF ITERATION NUMBER  4  OUT OF  30
 Calculating energy and space dependent l-DOS.  It takes time ...
     point #   1  energy = -34.000
     Doing FMS for a cluster of   24 atoms around iph =   0 in fmsie
    0   FMS matrix (LUD) at point   1, number of state kets = 216
     Doing FMS for a cluster of   21 atoms around iph =   1 in fmsie
    0   FMS matrix (LUD) at point   1, number of state kets = 189
     Doing FMS for a cluster of   22 atoms around iph =   2 in fmsie
    0   FMS matrix (LUD) at point   1, number of state kets = 198
     Doing FMS for a cluster of   21 atoms around iph =   3 in fmsie
    0   FMS matrix (LUD) at point   1, number of state kets = 189
  Electronic configuration
   iph    il      N_el
     0     0    1.799
     0     1    4.245
     0     2    0.122
     0     3    0.000
     1     0    0.323
     1     1    6.419
     1     2    1.057
     1     3    0.000
     2     0    0.670
     2     1    0.837
     2     2    7.042
     2     3    0.000
     3     0    1.830
     3     1    4.335
     3     2    0.111
     3     3    0.000
 mu_new=    -7.612
 Charge transfer:  iph  charge(iph)
       0   -0.145
       1    0.226
       2    0.454
       3   -0.283
              SCF ITERATION NUMBER  5  OUT OF  30
 Calculating energy and space dependent l-DOS.  It takes time ...
     point #   1  energy = -34.000
     Doing FMS for a cluster of   24 atoms around iph =   0 in fmsie
    0   FMS matrix (LUD) at point   1, number of state kets = 216
     Doing FMS for a cluster of   21 atoms around iph =   1 in fmsie
    0   FMS matrix (LUD) at point   1, number of state kets = 189
     Doing FMS for a cluster of   22 atoms around iph =   2 in fmsie
    0   FMS matrix (LUD) at point   1, number of state kets = 198
     Doing FMS for a cluster of   21 atoms around iph =   3 in fmsie
    0   FMS matrix (LUD) at point   1, number of state kets = 189
  Electronic configuration
   iph    il      N_el
     0     0    1.798
     0     1    4.223
     0     2    0.122
     0     3    0.000
     1     0    0.321
     1     1    6.417
     1     2    1.051
     1     3    0.000
     2     0    0.669
     2     1    0.836
     2     2    7.037
     2     3    0.000
     3     0    1.830
     3     1    4.340
     3     2    0.111
     3     3    0.000
 mu_new=    -7.636
 Charge transfer:  iph  charge(iph)
       0   -0.145
       1    0.223
       2    0.454
       3   -0.283
              SCF ITERATION NUMBER  6  OUT OF  30
 Calculating energy and space dependent l-DOS.  It takes time ...
     point #   1  energy = -34.000
     Doing FMS for a cluster of   24 atoms around iph =   0 in fmsie
    0   FMS matrix (LUD) at point   1, number of state kets = 216
     Doing FMS for a cluster of   21 atoms around iph =   1 in fmsie
    0   FMS matrix (LUD) at point   1, number of state kets = 189
     Doing FMS for a cluster of   22 atoms around iph =   2 in fmsie
    0   FMS matrix (LUD) at point   1, number of state kets = 198
     Doing FMS for a cluster of   21 atoms around iph =   3 in fmsie
    0   FMS matrix (LUD) at point   1, number of state kets = 189
  Electronic configuration
   iph    il      N_el
     0     0    1.798
     0     1    4.222
     0     2    0.122
     0     3    0.000
     1     0    0.321
     1     1    6.416
     1     2    1.047
     1     3    0.000
     2     0    0.669
     2     1    0.835
     2     2    7.040
     2     3    0.000
     3     0    1.830
     3     1    4.341
     3     2    0.110
     3     3    0.000
 mu_new=    -7.663
 Charge transfer:  iph  charge(iph)
       0   -0.144
       1    0.221
       2    0.455
       3   -0.283
              SCF ITERATION NUMBER  7  OUT OF  30
 Calculating energy and space dependent l-DOS.  It takes time ...
     point #   1  energy = -34.000
     Doing FMS for a cluster of   24 atoms around iph =   0 in fmsie
    0   FMS matrix (LUD) at point   1, number of state kets = 216
     Doing FMS for a cluster of   21 atoms around iph =   1 in fmsie
    0   FMS matrix (LUD) at point   1, number of state kets = 189
     Doing FMS for a cluster of   22 atoms around iph =   2 in fmsie
    0   FMS matrix (LUD) at point   1, number of state kets = 198
     Doing FMS for a cluster of   21 atoms around iph =   3 in fmsie
    0   FMS matrix (LUD) at point   1, number of state kets = 189
  Electronic configuration
   iph    il      N_el
     0     0    1.798
     0     1    4.223
     0     2    0.122
     0     3    0.000
     1     0    0.320
     1     1    6.415
     1     2    1.042
     1     3    0.000
     2     0    0.669
     2     1    0.834
     2     2    7.043
     2     3    0.000
     3     0    1.831
     3     1    4.342
     3     2    0.110
     3     3    0.000
 mu_new=    -7.691
 Charge transfer:  iph  charge(iph)
       0   -0.143
       1    0.221
       2    0.455
       3   -0.283
              SCF ITERATION NUMBER  8  OUT OF  30
 Calculating energy and space dependent l-DOS.  It takes time ...
     point #   1  energy = -34.000
     Doing FMS for a cluster of   24 atoms around iph =   0 in fmsie
    0   FMS matrix (LUD) at point   1, number of state kets = 216
     Doing FMS for a cluster of   21 atoms around iph =   1 in fmsie
    0   FMS matrix (LUD) at point   1, number of state kets = 189
     Doing FMS for a cluster of   22 atoms around iph =   2 in fmsie
    0   FMS matrix (LUD) at point   1, number of state kets = 198
     Doing FMS for a cluster of   21 atoms around iph =   3 in fmsie
    0   FMS matrix (LUD) at point   1, number of state kets = 189
  Electronic configuration
   iph    il      N_el
     0     0    1.799
     0     1    4.213
     0     2    0.132
     0     3    0.000
     1     0    0.324
     1     1    6.418
     1     2    1.097
     1     3    0.000
     2     0    0.670
     2     1    0.841
     2     2    7.015
     2     3    0.000
     3     0    1.830
     3     1    4.326
     3     2    0.121
     3     3    0.000
 mu_new=    -7.691
 Charge transfer:  iph  charge(iph)
       0   -0.143
       1    0.221
       2    0.456
       3   -0.283
              SCF ITERATION NUMBER  9  OUT OF  30
 Calculating energy and space dependent l-DOS.  It takes time ...
     point #   1  energy = -34.000
     Doing FMS for a cluster of   24 atoms around iph =   0 in fmsie
    0   FMS matrix (LUD) at point   1, number of state kets = 216
     Doing FMS for a cluster of   21 atoms around iph =   1 in fmsie
    0   FMS matrix (LUD) at point   1, number of state kets = 189
     Doing FMS for a cluster of   22 atoms around iph =   2 in fmsie
    0   FMS matrix (LUD) at point   1, number of state kets = 198
     Doing FMS for a cluster of   21 atoms around iph =   3 in fmsie
    0   FMS matrix (LUD) at point   1, number of state kets = 189
  Electronic configuration
   iph    il      N_el
     0     0    1.798
     0     1    4.223
     0     2    0.121
     0     3    0.000
     1     0    0.319
     1     1    6.414
     1     2    1.040
     1     3    0.000
     2     0    0.668
     2     1    0.833
     2     2    7.045
     2     3    0.000
     3     0    1.831
     3     1    4.343
     3     2    0.110
     3     3    0.000
 mu_new=    -7.707
 Charge transfer:  iph  charge(iph)
       0   -0.143
       1    0.221
       2    0.456
       3   -0.283
              SCF ITERATION NUMBER 10  OUT OF  30
 Calculating energy and space dependent l-DOS.  It takes time ...
     point #   1  energy = -34.000
     Doing FMS for a cluster of   24 atoms around iph =   0 in fmsie
    0   FMS matrix (LUD) at point   1, number of state kets = 216
     Doing FMS for a cluster of   21 atoms around iph =   1 in fmsie
    0   FMS matrix (LUD) at point   1, number of state kets = 189
     Doing FMS for a cluster of   22 atoms around iph =   2 in fmsie
    0   FMS matrix (LUD) at point   1, number of state kets = 198
     Doing FMS for a cluster of   21 atoms around iph =   3 in fmsie
    0   FMS matrix (LUD) at point   1, number of state kets = 189
  Electronic configuration
   iph    il      N_el
     0     0    1.798
     0     1    4.221
     0     2    0.124
     0     3    0.000
     1     0    0.320
     1     1    6.415
     1     2    1.053
     1     3    0.000
     2     0    0.669
     2     1    0.835
     2     2    7.038
     2     3    0.000
     3     0    1.831
     3     1    4.339
     3     2    0.113
     3     3    0.000
 mu_new=    -7.707
 Charge transfer:  iph  charge(iph)
       0   -0.143
       1    0.221
       2    0.456
       3   -0.283
              SCF ITERATION NUMBER 11  OUT OF  30
 Calculating energy and space dependent l-DOS.  It takes time ...
     point #   1  energy = -34.000
     Doing FMS for a cluster of   24 atoms around iph =   0 in fmsie
    0   FMS matrix (LUD) at point   1, number of state kets = 216
     Doing FMS for a cluster of   21 atoms around iph =   1 in fmsie
    0   FMS matrix (LUD) at point   1, number of state kets = 189
     Doing FMS for a cluster of   22 atoms around iph =   2 in fmsie
    0   FMS matrix (LUD) at point   1, number of state kets = 198
     Doing FMS for a cluster of   21 atoms around iph =   3 in fmsie
    0   FMS matrix (LUD) at point   1, number of state kets = 189
  Electronic configuration
   iph    il      N_el
     0     0    1.798
     0     1    4.220
     0     2    0.124
     0     3    0.000
     1     0    0.321
     1     1    6.415
     1     2    1.054
     1     3    0.000
     2     0    0.669
     2     1    0.835
     2     2    7.037
     2     3    0.000
     3     0    1.831
     3     1    4.338
     3     2    0.113
     3     3    0.000
 mu_new=    -7.707
 Charge transfer:  iph  charge(iph)
       0   -0.143
       1    0.221
       2    0.456
       3   -0.283
              SCF ITERATION NUMBER 12  OUT OF  30
 Calculating energy and space dependent l-DOS.  It takes time ...
     point #   1  energy = -34.000
     Doing FMS for a cluster of   24 atoms around iph =   0 in fmsie
    0   FMS matrix (LUD) at point   1, number of state kets = 216
     Doing FMS for a cluster of   21 atoms around iph =   1 in fmsie
    0   FMS matrix (LUD) at point   1, number of state kets = 189
     Doing FMS for a cluster of   22 atoms around iph =   2 in fmsie
    0   FMS matrix (LUD) at point   1, number of state kets = 198
     Doing FMS for a cluster of   21 atoms around iph =   3 in fmsie
    0   FMS matrix (LUD) at point   1, number of state kets = 189
  Electronic configuration
   iph    il      N_el
     0     0    1.798
     0     1    4.220
     0     2    0.124
     0     3    0.000
     1     0    0.321
     1     1    6.415
     1     2    1.055
     1     3    0.000
     2     0    0.669
     2     1    0.835
     2     2    7.037
     2     3    0.000
     3     0    1.831
     3     1    4.338
     3     2    0.113
     3     3    0.000
 mu_new=    -7.707
 Charge transfer:  iph  charge(iph)
       0   -0.142
       1    0.219
       2    0.456
       3   -0.282
              SCF ITERATION NUMBER 13  OUT OF  30
 Calculating energy and space dependent l-DOS.  It takes time ...
     point #   1  energy = -34.000
     Doing FMS for a cluster of   24 atoms around iph =   0 in fmsie
    0   FMS matrix (LUD) at point   1, number of state kets = 216
     Doing FMS for a cluster of   21 atoms around iph =   1 in fmsie
    0   FMS matrix (LUD) at point   1, number of state kets = 189
     Doing FMS for a cluster of   22 atoms around iph =   2 in fmsie
    0   FMS matrix (LUD) at point   1, number of state kets = 198
     Doing FMS for a cluster of   21 atoms around iph =   3 in fmsie
    0   FMS matrix (LUD) at point   1, number of state kets = 189
  Electronic configuration
   iph    il      N_el
     0     0    1.798
     0     1    4.220
     0     2    0.125
     0     3    0.000
     1     0    0.321
     1     1    6.415
     1     2    1.057
     1     3    0.000
     2     0    0.669
     2     1    0.836
     2     2    7.036
     2     3    0.000
     3     0    1.831
     3     1    4.338
     3     2    0.114
     3     3    0.000
 mu_new=    -7.707
 Charge transfer:  iph  charge(iph)
       0   -0.142
       1    0.218
       2    0.456
       3   -0.282
              SCF ITERATION NUMBER 14  OUT OF  30
 Calculating energy and space dependent l-DOS.  It takes time ...
     point #   1  energy = -34.000
     Doing FMS for a cluster of   24 atoms around iph =   0 in fmsie
    0   FMS matrix (LUD) at point   1, number of state kets = 216
     Doing FMS for a cluster of   21 atoms around iph =   1 in fmsie
    0   FMS matrix (LUD) at point   1, number of state kets = 189
     Doing FMS for a cluster of   22 atoms around iph =   2 in fmsie
    0   FMS matrix (LUD) at point   1, number of state kets = 198
     Doing FMS for a cluster of   21 atoms around iph =   3 in fmsie
    0   FMS matrix (LUD) at point   1, number of state kets = 189
  Electronic configuration
   iph    il      N_el
     0     0    1.798
     0     1    4.220
     0     2    0.125
     0     3    0.000
     1     0    0.321
     1     1    6.415
     1     2    1.057
     1     3    0.000
     2     0    0.669
     2     1    0.836
     2     2    7.036
     2     3    0.000
     3     0    1.831
     3     1    4.337
     3     2    0.114
     3     3    0.000
 mu_new=    -7.707
 Charge transfer:  iph  charge(iph)
       0   -0.143
       1    0.220
       2    0.455
       3   -0.283
              SCF ITERATION NUMBER 15  OUT OF  30
 Calculating energy and space dependent l-DOS.  It takes time ...
     point #   1  energy = -34.000
     Doing FMS for a cluster of   24 atoms around iph =   0 in fmsie
    0   FMS matrix (LUD) at point   1, number of state kets = 216
     Doing FMS for a cluster of   21 atoms around iph =   1 in fmsie
    0   FMS matrix (LUD) at point   1, number of state kets = 189
     Doing FMS for a cluster of   22 atoms around iph =   2 in fmsie
    0   FMS matrix (LUD) at point   1, number of state kets = 198
     Doing FMS for a cluster of   21 atoms around iph =   3 in fmsie
    0   FMS matrix (LUD) at point   1, number of state kets = 189
  Electronic configuration
   iph    il      N_el
     0     0    1.798
     0     1    4.221
     0     2    0.124
     0     3    0.000
     1     0    0.320
     1     1    6.415
     1     2    1.052
     1     3    0.000
     2     0    0.669
     2     1    0.835
     2     2    7.039
     2     3    0.000
     3     0    1.831
     3     1    4.339
     3     2    0.112
     3     3    0.000
 mu_new=    -7.707
 Charge transfer:  iph  charge(iph)
       0   -0.143
       1    0.224
       2    0.454
       3   -0.283
              SCF ITERATION NUMBER 16  OUT OF  30
 Calculating energy and space dependent l-DOS.  It takes time ...
     point #   1  energy = -34.000
     Doing FMS for a cluster of   24 atoms around iph =   0 in fmsie
    0   FMS matrix (LUD) at point   1, number of state kets = 216
     Doing FMS for a cluster of   21 atoms around iph =   1 in fmsie
    0   FMS matrix (LUD) at point   1, number of state kets = 189
     Doing FMS for a cluster of   22 atoms around iph =   2 in fmsie
    0   FMS matrix (LUD) at point   1, number of state kets = 198
     Doing FMS for a cluster of   21 atoms around iph =   3 in fmsie
    0   FMS matrix (LUD) at point   1, number of state kets = 189
  Electronic configuration
   iph    il      N_el
     0     0    1.798
     0     1    4.223
     0     2    0.122
     0     3    0.000
     1     0    0.320
     1     1    6.414
     1     2    1.042
     1     3    0.000
     2     0    0.668
     2     1    0.834
     2     2    7.044
     2     3    0.000
     3     0    1.831
     3     1    4.342
     3     2    0.110
     3     3    0.000
 mu_new=    -7.707
 Charge transfer:  iph  charge(iph)
       0   -0.143
       1    0.223
       2    0.454
       3   -0.283
              SCF ITERATION NUMBER 17  OUT OF  30
 Calculating energy and space dependent l-DOS.  It takes time ...
     point #   1  energy = -34.000
     Doing FMS for a cluster of   24 atoms around iph =   0 in fmsie
    0   FMS matrix (LUD) at point   1, number of state kets = 216
     Doing FMS for a cluster of   21 atoms around iph =   1 in fmsie
    0   FMS matrix (LUD) at point   1, number of state kets = 189
     Doing FMS for a cluster of   22 atoms around iph =   2 in fmsie
    0   FMS matrix (LUD) at point   1, number of state kets = 198
     Doing FMS for a cluster of   21 atoms around iph =   3 in fmsie
    0   FMS matrix (LUD) at point   1, number of state kets = 189
  Electronic configuration
   iph    il      N_el
     0     0    1.798
     0     1    4.223
     0     2    0.122
     0     3    0.000
     1     0    0.320
     1     1    6.414
     1     2    1.043
     1     3    0.000
     2     0    0.668
     2     1    0.834
     2     2    7.043
     2     3    0.000
     3     0    1.831
     3     1    4.342
     3     2    0.110
     3     3    0.000
 mu_new=    -7.707
 Charge transfer:  iph  charge(iph)
       0   -0.143
       1    0.224
       2    0.454
       3   -0.283
              SCF ITERATION NUMBER 18  OUT OF  30
 Calculating energy and space dependent l-DOS.  It takes time ...
     point #   1  energy = -34.000
     Doing FMS for a cluster of   24 atoms around iph =   0 in fmsie
    0   FMS matrix (LUD) at point   1, number of state kets = 216
     Doing FMS for a cluster of   21 atoms around iph =   1 in fmsie
    0   FMS matrix (LUD) at point   1, number of state kets = 189
     Doing FMS for a cluster of   22 atoms around iph =   2 in fmsie
    0   FMS matrix (LUD) at point   1, number of state kets = 198
     Doing FMS for a cluster of   21 atoms around iph =   3 in fmsie
    0   FMS matrix (LUD) at point   1, number of state kets = 189
  Electronic configuration
   iph    il      N_el
     0     0    1.798
     0     1    4.223
     0     2    0.122
     0     3    0.000
     1     0    0.320
     1     1    6.414
     1     2    1.043
     1     3    0.000
     2     0    0.668
     2     1    0.834
     2     2    7.043
     2     3    0.000
     3     0    1.831
     3     1    4.342
     3     2    0.110
     3     3    0.000
 mu_new=    -7.707
 Charge transfer:  iph  charge(iph)
       0   -0.143
       1    0.224
       2    0.454
       3   -0.283
 Convergence reached.
 Done with module 1: potentials.
 total time       9.18349099159241     
 communicate time  8.608198165893555E-002
