 Number of processors =           12
 Calculating potentials ...
muffin tin radii and interstitial parameters
 iph, rnrm(iph)*bohr, rmt(iph)*bohr, folp(iph)
    0  1.03896E+00  9.49634E-01  1.15000E+00
    1  1.85583E+00  1.81564E+00  1.05446E+00
    2  1.41557E+00  1.25938E+00  1.15000E+00
    3  1.03430E+00  9.42237E-01  1.15000E+00
              Core-valence separation
 ecv=   -34.000
 mu_old=     3.489
              SCF ITERATION NUMBER  1  OUT OF  30
 Calculating energy and space dependent l-DOS.  It takes time ...
     point #   1  energy = -34.000
     Doing FMS for a cluster of   23 atoms around iph =   0 in fmsie
    0   FMS matrix (LUD) at point   1, number of state kets = 207
     Doing FMS for a cluster of   17 atoms around iph =   1 in fmsie
    0   FMS matrix (LUD) at point   1, number of state kets = 153
     Doing FMS for a cluster of   31 atoms around iph =   2 in fmsie
    0   FMS matrix (LUD) at point   1, number of state kets = 279
     Doing FMS for a cluster of   23 atoms around iph =   3 in fmsie
    0   FMS matrix (LUD) at point   1, number of state kets = 207
  Electronic configuration
   iph    il      N_el
     0     0    1.811
     0     1    4.655
     0     2    0.108
     0     3    0.000
     1     0    0.271
     1     1    6.386
     1     2    0.909
     1     3    0.000
     2     0    0.642
     2     1    0.781
     2     2    6.666
     2     3    0.000
     3     0    1.807
     3     1    4.647
     3     2    0.110
     3     3    0.000
 mu_new=    -7.546
 Charge transfer:  iph  charge(iph)
       0   -0.110
       1    0.090
       2    0.171
       3   -0.108
              SCF ITERATION NUMBER  2  OUT OF  30
 Calculating energy and space dependent l-DOS.  It takes time ...
     point #   1  energy = -34.000
     Doing FMS for a cluster of   23 atoms around iph =   0 in fmsie
    0   FMS matrix (LUD) at point   1, number of state kets = 207
     Doing FMS for a cluster of   17 atoms around iph =   1 in fmsie
    0   FMS matrix (LUD) at point   1, number of state kets = 153
     Doing FMS for a cluster of   31 atoms around iph =   2 in fmsie
    0   FMS matrix (LUD) at point   1, number of state kets = 279
     Doing FMS for a cluster of   23 atoms around iph =   3 in fmsie
    0   FMS matrix (LUD) at point   1, number of state kets = 207
  Electronic configuration
   iph    il      N_el
     0     0    1.792
     0     1    4.400
     0     2    0.105
     0     3    0.000
     1     0    0.271
     1     1    6.394
     1     2    0.922
     1     3    0.000
     2     0    0.670
     2     1    0.799
     2     2    7.161
     2     3    0.000
     3     0    1.788
     3     1    4.393
     3     2    0.107
     3     3    0.000
 mu_new=    -7.859
 Charge transfer:  iph  charge(iph)
       0   -0.281
       1    0.382
       2    0.355
       3   -0.273
              SCF ITERATION NUMBER  3  OUT OF  30
 Calculating energy and space dependent l-DOS.  It takes time ...
     point #   1  energy = -34.000
     Doing FMS for a cluster of   23 atoms around iph =   0 in fmsie
    0   FMS matrix (LUD) at point   1, number of state kets = 207
     Doing FMS for a cluster of   17 atoms around iph =   1 in fmsie
    0   FMS matrix (LUD) at point   1, number of state kets = 153
     Doing FMS for a cluster of   31 atoms around iph =   2 in fmsie
    0   FMS matrix (LUD) at point   1, number of state kets = 279
     Doing FMS for a cluster of   23 atoms around iph =   3 in fmsie
    0   FMS matrix (LUD) at point   1, number of state kets = 207
  Electronic configuration
   iph    il      N_el
     0     0    1.777
     0     1    4.169
     0     2    0.108
     0     3    0.000
     1     0    0.295
     1     1    6.432
     1     2    1.068
     1     3    0.000
     2     0    0.700
     2     1    0.832
     2     2    7.480
     2     3    0.000
     3     0    1.773
     3     1    4.162
     3     2    0.110
     3     3    0.000
 mu_new=    -7.298
 Charge transfer:  iph  charge(iph)
       0   -0.238
       1    0.354
       2    0.281
       3   -0.229
              SCF ITERATION NUMBER  4  OUT OF  30
 Calculating energy and space dependent l-DOS.  It takes time ...
     point #   1  energy = -34.000
     Doing FMS for a cluster of   23 atoms around iph =   0 in fmsie
    0   FMS matrix (LUD) at point   1, number of state kets = 207
     Doing FMS for a cluster of   17 atoms around iph =   1 in fmsie
    0   FMS matrix (LUD) at point   1, number of state kets = 153
     Doing FMS for a cluster of   31 atoms around iph =   2 in fmsie
    0   FMS matrix (LUD) at point   1, number of state kets = 279
     Doing FMS for a cluster of   23 atoms around iph =   3 in fmsie
    0   FMS matrix (LUD) at point   1, number of state kets = 207
  Electronic configuration
   iph    il      N_el
     0     0    1.786
     0     1    4.311
     0     2    0.109
     0     3    0.000
     1     0    0.289
     1     1    6.422
     1     2    1.040
     1     3    0.000
     2     0    0.686
     2     1    0.822
     2     2    7.227
     2     3    0.000
     3     0    1.782
     3     1    4.302
     3     2    0.111
     3     3    0.000
 mu_new=    -7.178
 Charge transfer:  iph  charge(iph)
       0   -0.232
       1    0.332
       2    0.278
       3   -0.222
              SCF ITERATION NUMBER  5  OUT OF  30
 Calculating energy and space dependent l-DOS.  It takes time ...
     point #   1  energy = -34.000
     Doing FMS for a cluster of   23 atoms around iph =   0 in fmsie
    0   FMS matrix (LUD) at point   1, number of state kets = 207
     Doing FMS for a cluster of   17 atoms around iph =   1 in fmsie
    0   FMS matrix (LUD) at point   1, number of state kets = 153
     Doing FMS for a cluster of   31 atoms around iph =   2 in fmsie
    0   FMS matrix (LUD) at point   1, number of state kets = 279
     Doing FMS for a cluster of   23 atoms around iph =   3 in fmsie
    0   FMS matrix (LUD) at point   1, number of state kets = 207
  Electronic configuration
   iph    il      N_el
     0     0    1.787
     0     1    4.333
     0     2    0.108
     0     3    0.000
     1     0    0.285
     1     1    6.416
     1     2    1.016
     1     3    0.000
     2     0    0.683
     2     1    0.818
     2     2    7.204
     2     3    0.000
     3     0    1.783
     3     1    4.325
     3     2    0.110
     3     3    0.000
 mu_new=    -7.241
 Charge transfer:  iph  charge(iph)
       0   -0.231
       1    0.320
       2    0.283
       3   -0.221
              SCF ITERATION NUMBER  6  OUT OF  30
 Calculating energy and space dependent l-DOS.  It takes time ...
     point #   1  energy = -34.000
     Doing FMS for a cluster of   23 atoms around iph =   0 in fmsie
    0   FMS matrix (LUD) at point   1, number of state kets = 207
     Doing FMS for a cluster of   17 atoms around iph =   1 in fmsie
    0   FMS matrix (LUD) at point   1, number of state kets = 153
     Doing FMS for a cluster of   31 atoms around iph =   2 in fmsie
    0   FMS matrix (LUD) at point   1, number of state kets = 279
     Doing FMS for a cluster of   23 atoms around iph =   3 in fmsie
    0   FMS matrix (LUD) at point   1, number of state kets = 207
  Electronic configuration
   iph    il      N_el
     0     0    1.787
     0     1    4.334
     0     2    0.108
     0     3    0.000
     1     0    0.283
     1     1    6.412
     1     2    1.003
     1     3    0.000
     2     0    0.683
     2     1    0.816
     2     2    7.214
     2     3    0.000
     3     0    1.783
     3     1    4.326
     3     2    0.110
     3     3    0.000
 mu_new=    -7.301
 Charge transfer:  iph  charge(iph)
       0   -0.230
       1    0.311
       2    0.286
       3   -0.220
              SCF ITERATION NUMBER  7  OUT OF  30
 Calculating energy and space dependent l-DOS.  It takes time ...
     point #   1  energy = -34.000
     Doing FMS for a cluster of   23 atoms around iph =   0 in fmsie
    0   FMS matrix (LUD) at point   1, number of state kets = 207
     Doing FMS for a cluster of   17 atoms around iph =   1 in fmsie
    0   FMS matrix (LUD) at point   1, number of state kets = 153
     Doing FMS for a cluster of   31 atoms around iph =   2 in fmsie
    0   FMS matrix (LUD) at point   1, number of state kets = 279
     Doing FMS for a cluster of   23 atoms around iph =   3 in fmsie
    0   FMS matrix (LUD) at point   1, number of state kets = 207
  Electronic configuration
   iph    il      N_el
     0     0    1.788
     0     1    4.336
     0     2    0.107
     0     3    0.000
     1     0    0.282
     1     1    6.410
     1     2    0.992
     1     3    0.000
     2     0    0.682
     2     1    0.814
     2     2    7.220
     2     3    0.000
     3     0    1.783
     3     1    4.328
     3     2    0.110
     3     3    0.000
 mu_new=    -7.353
 Charge transfer:  iph  charge(iph)
       0   -0.230
       1    0.312
       2    0.285
       3   -0.220
              SCF ITERATION NUMBER  8  OUT OF  30
 Calculating energy and space dependent l-DOS.  It takes time ...
     point #   1  energy = -34.000
     Doing FMS for a cluster of   23 atoms around iph =   0 in fmsie
    0   FMS matrix (LUD) at point   1, number of state kets = 207
     Doing FMS for a cluster of   17 atoms around iph =   1 in fmsie
    0   FMS matrix (LUD) at point   1, number of state kets = 153
     Doing FMS for a cluster of   31 atoms around iph =   2 in fmsie
    0   FMS matrix (LUD) at point   1, number of state kets = 279
     Doing FMS for a cluster of   23 atoms around iph =   3 in fmsie
    0   FMS matrix (LUD) at point   1, number of state kets = 207
  Electronic configuration
   iph    il      N_el
     0     0    1.788
     0     1    4.336
     0     2    0.107
     0     3    0.000
     1     0    0.282
     1     1    6.410
     1     2    0.993
     1     3    0.000
     2     0    0.682
     2     1    0.814
     2     2    7.220
     2     3    0.000
     3     0    1.783
     3     1    4.328
     3     2    0.110
     3     3    0.000
 mu_new=    -7.350
 Charge transfer:  iph  charge(iph)
       0   -0.231
       1    0.314
       2    0.285
       3   -0.221
              SCF ITERATION NUMBER  9  OUT OF  30
 Calculating energy and space dependent l-DOS.  It takes time ...
     point #   1  energy = -34.000
     Doing FMS for a cluster of   23 atoms around iph =   0 in fmsie
    0   FMS matrix (LUD) at point   1, number of state kets = 207
     Doing FMS for a cluster of   17 atoms around iph =   1 in fmsie
    0   FMS matrix (LUD) at point   1, number of state kets = 153
     Doing FMS for a cluster of   31 atoms around iph =   2 in fmsie
    0   FMS matrix (LUD) at point   1, number of state kets = 279
     Doing FMS for a cluster of   23 atoms around iph =   3 in fmsie
    0   FMS matrix (LUD) at point   1, number of state kets = 207
  Electronic configuration
   iph    il      N_el
     0     0    1.788
     0     1    4.334
     0     2    0.109
     0     3    0.000
     1     0    0.283
     1     1    6.411
     1     2    1.000
     1     3    0.000
     2     0    0.682
     2     1    0.814
     2     2    7.215
     2     3    0.000
     3     0    1.783
     3     1    4.327
     3     2    0.111
     3     3    0.000
 mu_new=    -7.350
 Charge transfer:  iph  charge(iph)
       0   -0.231
       1    0.313
       2    0.285
       3   -0.221
              SCF ITERATION NUMBER 10  OUT OF  30
 Calculating energy and space dependent l-DOS.  It takes time ...
     point #   1  energy = -34.000
     Doing FMS for a cluster of   23 atoms around iph =   0 in fmsie
    0   FMS matrix (LUD) at point   1, number of state kets = 207
     Doing FMS for a cluster of   17 atoms around iph =   1 in fmsie
    0   FMS matrix (LUD) at point   1, number of state kets = 153
     Doing FMS for a cluster of   31 atoms around iph =   2 in fmsie
    0   FMS matrix (LUD) at point   1, number of state kets = 279
     Doing FMS for a cluster of   23 atoms around iph =   3 in fmsie
    0   FMS matrix (LUD) at point   1, number of state kets = 207
  Electronic configuration
   iph    il      N_el
     0     0    1.788
     0     1    4.333
     0     2    0.110
     0     3    0.000
     1     0    0.283
     1     1    6.411
     1     2    1.005
     1     3    0.000
     2     0    0.683
     2     1    0.815
     2     2    7.212
     2     3    0.000
     3     0    1.783
     3     1    4.325
     3     2    0.112
     3     3    0.000
 mu_new=    -7.350
 Charge transfer:  iph  charge(iph)
       0   -0.231
       1    0.315
       2    0.284
       3   -0.221
              SCF ITERATION NUMBER 11  OUT OF  30
 Calculating energy and space dependent l-DOS.  It takes time ...
     point #   1  energy = -34.000
     Doing FMS for a cluster of   23 atoms around iph =   0 in fmsie
    0   FMS matrix (LUD) at point   1, number of state kets = 207
     Doing FMS for a cluster of   17 atoms around iph =   1 in fmsie
    0   FMS matrix (LUD) at point   1, number of state kets = 153
     Doing FMS for a cluster of   31 atoms around iph =   2 in fmsie
    0   FMS matrix (LUD) at point   1, number of state kets = 279
     Doing FMS for a cluster of   23 atoms around iph =   3 in fmsie
    0   FMS matrix (LUD) at point   1, number of state kets = 207
  Electronic configuration
   iph    il      N_el
     0     0    1.788
     0     1    4.334
     0     2    0.108
     0     3    0.000
     1     0    0.283
     1     1    6.411
     1     2    1.000
     1     3    0.000
     2     0    0.682
     2     1    0.814
     2     2    7.215
     2     3    0.000
     3     0    1.783
     3     1    4.327
     3     2    0.111
     3     3    0.000
 mu_new=    -7.350
 Charge transfer:  iph  charge(iph)
       0   -0.231
       1    0.321
       2    0.282
       3   -0.221
              SCF ITERATION NUMBER 12  OUT OF  30
 Calculating energy and space dependent l-DOS.  It takes time ...
     point #   1  energy = -34.000
     Doing FMS for a cluster of   23 atoms around iph =   0 in fmsie
    0   FMS matrix (LUD) at point   1, number of state kets = 207
     Doing FMS for a cluster of   17 atoms around iph =   1 in fmsie
    0   FMS matrix (LUD) at point   1, number of state kets = 153
     Doing FMS for a cluster of   31 atoms around iph =   2 in fmsie
    0   FMS matrix (LUD) at point   1, number of state kets = 279
     Doing FMS for a cluster of   23 atoms around iph =   3 in fmsie
    0   FMS matrix (LUD) at point   1, number of state kets = 207
  Electronic configuration
   iph    il      N_el
     0     0    1.788
     0     1    4.336
     0     2    0.107
     0     3    0.000
     1     0    0.282
     1     1    6.411
     1     2    0.996
     1     3    0.000
     2     0    0.682
     2     1    0.814
     2     2    7.217
     2     3    0.000
     3     0    1.783
     3     1    4.328
     3     2    0.110
     3     3    0.000
 mu_new=    -7.347
 Charge transfer:  iph  charge(iph)
       0   -0.231
       1    0.314
       2    0.284
       3   -0.221
              SCF ITERATION NUMBER 13  OUT OF  30
 Calculating energy and space dependent l-DOS.  It takes time ...
     point #   1  energy = -34.000
     Doing FMS for a cluster of   23 atoms around iph =   0 in fmsie
    0   FMS matrix (LUD) at point   1, number of state kets = 207
     Doing FMS for a cluster of   17 atoms around iph =   1 in fmsie
    0   FMS matrix (LUD) at point   1, number of state kets = 153
     Doing FMS for a cluster of   31 atoms around iph =   2 in fmsie
    0   FMS matrix (LUD) at point   1, number of state kets = 279
     Doing FMS for a cluster of   23 atoms around iph =   3 in fmsie
    0   FMS matrix (LUD) at point   1, number of state kets = 207
  Electronic configuration
   iph    il      N_el
     0     0    1.788
     0     1    4.332
     0     2    0.110
     0     3    0.000
     1     0    0.283
     1     1    6.411
     1     2    1.007
     1     3    0.000
     2     0    0.683
     2     1    0.815
     2     2    7.210
     2     3    0.000
     3     0    1.783
     3     1    4.325
     3     2    0.112
     3     3    0.000
 mu_new=    -7.347
 Charge transfer:  iph  charge(iph)
       0   -0.232
       1    0.324
       2    0.281
       3   -0.221
              SCF ITERATION NUMBER 14  OUT OF  30
 Calculating energy and space dependent l-DOS.  It takes time ...
     point #   1  energy = -34.000
     Doing FMS for a cluster of   23 atoms around iph =   0 in fmsie
    0   FMS matrix (LUD) at point   1, number of state kets = 207
     Doing FMS for a cluster of   17 atoms around iph =   1 in fmsie
    0   FMS matrix (LUD) at point   1, number of state kets = 153
     Doing FMS for a cluster of   31 atoms around iph =   2 in fmsie
    0   FMS matrix (LUD) at point   1, number of state kets = 279
     Doing FMS for a cluster of   23 atoms around iph =   3 in fmsie
    0   FMS matrix (LUD) at point   1, number of state kets = 207
  Electronic configuration
   iph    il      N_el
     0     0    1.788
     0     1    4.336
     0     2    0.108
     0     3    0.000
     1     0    0.283
     1     1    6.411
     1     2    0.998
     1     3    0.000
     2     0    0.682
     2     1    0.814
     2     2    7.216
     2     3    0.000
     3     0    1.783
     3     1    4.328
     3     2    0.110
     3     3    0.000
 mu_new=    -7.345
 Charge transfer:  iph  charge(iph)
       0   -0.228
       1    0.275
       2    0.299
       3   -0.218
              SCF ITERATION NUMBER 15  OUT OF  30
 Calculating energy and space dependent l-DOS.  It takes time ...
     point #   1  energy = -34.000
     Doing FMS for a cluster of   23 atoms around iph =   0 in fmsie
    0   FMS matrix (LUD) at point   1, number of state kets = 207
     Doing FMS for a cluster of   17 atoms around iph =   1 in fmsie
    0   FMS matrix (LUD) at point   1, number of state kets = 153
     Doing FMS for a cluster of   31 atoms around iph =   2 in fmsie
    0   FMS matrix (LUD) at point   1, number of state kets = 279
     Doing FMS for a cluster of   23 atoms around iph =   3 in fmsie
    0   FMS matrix (LUD) at point   1, number of state kets = 207
  Electronic configuration
   iph    il      N_el
     0     0    1.788
     0     1    4.335
     0     2    0.107
     0     3    0.000
     1     0    0.280
     1     1    6.406
     1     2    0.975
     1     3    0.000
     2     0    0.683
     2     1    0.813
     2     2    7.237
     2     3    0.000
     3     0    1.783
     3     1    4.326
     3     2    0.109
     3     3    0.000
 mu_new=    -7.400
 Charge transfer:  iph  charge(iph)
       0   -0.231
       1    0.312
       2    0.285
       3   -0.221
              SCF ITERATION NUMBER 16  OUT OF  30
 Calculating energy and space dependent l-DOS.  It takes time ...
     point #   1  energy = -34.000
     Doing FMS for a cluster of   23 atoms around iph =   0 in fmsie
    0   FMS matrix (LUD) at point   1, number of state kets = 207
     Doing FMS for a cluster of   17 atoms around iph =   1 in fmsie
    0   FMS matrix (LUD) at point   1, number of state kets = 153
     Doing FMS for a cluster of   31 atoms around iph =   2 in fmsie
    0   FMS matrix (LUD) at point   1, number of state kets = 279
     Doing FMS for a cluster of   23 atoms around iph =   3 in fmsie
    0   FMS matrix (LUD) at point   1, number of state kets = 207
  Electronic configuration
   iph    il      N_el
     0     0    1.788
     0     1    4.336
     0     2    0.107
     0     3    0.000
     1     0    0.282
     1     1    6.410
     1     2    0.992
     1     3    0.000
     2     0    0.682
     2     1    0.814
     2     2    7.220
     2     3    0.000
     3     0    1.783
     3     1    4.328
     3     2    0.110
     3     3    0.000
 mu_new=    -7.358
 Charge transfer:  iph  charge(iph)
       0   -0.231
       1    0.317
       2    0.284
       3   -0.221
              SCF ITERATION NUMBER 17  OUT OF  30
 Calculating energy and space dependent l-DOS.  It takes time ...
     point #   1  energy = -34.000
     Doing FMS for a cluster of   23 atoms around iph =   0 in fmsie
    0   FMS matrix (LUD) at point   1, number of state kets = 207
     Doing FMS for a cluster of   17 atoms around iph =   1 in fmsie
    0   FMS matrix (LUD) at point   1, number of state kets = 153
     Doing FMS for a cluster of   31 atoms around iph =   2 in fmsie
    0   FMS matrix (LUD) at point   1, number of state kets = 279
     Doing FMS for a cluster of   23 atoms around iph =   3 in fmsie
    0   FMS matrix (LUD) at point   1, number of state kets = 207
  Electronic configuration
   iph    il      N_el
     0     0    1.788
     0     1    4.336
     0     2    0.107
     0     3    0.000
     1     0    0.282
     1     1    6.410
     1     2    0.994
     1     3    0.000
     2     0    0.682
     2     1    0.814
     2     2    7.219
     2     3    0.000
     3     0    1.783
     3     1    4.328
     3     2    0.110
     3     3    0.000
 mu_new=    -7.354
 Charge transfer:  iph  charge(iph)
       0   -0.231
       1    0.317
       2    0.284
       3   -0.221
              SCF ITERATION NUMBER 18  OUT OF  30
 Calculating energy and space dependent l-DOS.  It takes time ...
     point #   1  energy = -34.000
     Doing FMS for a cluster of   23 atoms around iph =   0 in fmsie
    0   FMS matrix (LUD) at point   1, number of state kets = 207
     Doing FMS for a cluster of   17 atoms around iph =   1 in fmsie
    0   FMS matrix (LUD) at point   1, number of state kets = 153
     Doing FMS for a cluster of   31 atoms around iph =   2 in fmsie
    0   FMS matrix (LUD) at point   1, number of state kets = 279
     Doing FMS for a cluster of   23 atoms around iph =   3 in fmsie
    0   FMS matrix (LUD) at point   1, number of state kets = 207
  Electronic configuration
   iph    il      N_el
     0     0    1.788
     0     1    4.336
     0     2    0.107
     0     3    0.000
     1     0    0.282
     1     1    6.410
     1     2    0.994
     1     3    0.000
     2     0    0.682
     2     1    0.814
     2     2    7.219
     2     3    0.000
     3     0    1.783
     3     1    4.328
     3     2    0.110
     3     3    0.000
 mu_new=    -7.354
 Charge transfer:  iph  charge(iph)
       0   -0.231
       1    0.319
       2    0.283
       3   -0.221
              SCF ITERATION NUMBER 19  OUT OF  30
 Calculating energy and space dependent l-DOS.  It takes time ...
     point #   1  energy = -34.000
     Doing FMS for a cluster of   23 atoms around iph =   0 in fmsie
    0   FMS matrix (LUD) at point   1, number of state kets = 207
     Doing FMS for a cluster of   17 atoms around iph =   1 in fmsie
    0   FMS matrix (LUD) at point   1, number of state kets = 153
     Doing FMS for a cluster of   31 atoms around iph =   2 in fmsie
    0   FMS matrix (LUD) at point   1, number of state kets = 279
     Doing FMS for a cluster of   23 atoms around iph =   3 in fmsie
    0   FMS matrix (LUD) at point   1, number of state kets = 207
  Electronic configuration
   iph    il      N_el
     0     0    1.788
     0     1    4.335
     0     2    0.107
     0     3    0.000
     1     0    0.282
     1     1    6.411
     1     2    0.995
     1     3    0.000
     2     0    0.682
     2     1    0.814
     2     2    7.218
     2     3    0.000
     3     0    1.783
     3     1    4.328
     3     2    0.110
     3     3    0.000
 mu_new=    -7.352
 Charge transfer:  iph  charge(iph)
       0   -0.231
       1    0.316
       2    0.284
       3   -0.221
              SCF ITERATION NUMBER 20  OUT OF  30
 Calculating energy and space dependent l-DOS.  It takes time ...
     point #   1  energy = -34.000
     Doing FMS for a cluster of   23 atoms around iph =   0 in fmsie
    0   FMS matrix (LUD) at point   1, number of state kets = 207
     Doing FMS for a cluster of   17 atoms around iph =   1 in fmsie
    0   FMS matrix (LUD) at point   1, number of state kets = 153
     Doing FMS for a cluster of   31 atoms around iph =   2 in fmsie
    0   FMS matrix (LUD) at point   1, number of state kets = 279
     Doing FMS for a cluster of   23 atoms around iph =   3 in fmsie
    0   FMS matrix (LUD) at point   1, number of state kets = 207
  Electronic configuration
   iph    il      N_el
     0     0    1.788
     0     1    4.335
     0     2    0.108
     0     3    0.000
     1     0    0.283
     1     1    6.410
     1     2    0.998
     1     3    0.000
     2     0    0.682
     2     1    0.814
     2     2    7.216
     2     3    0.000
     3     0    1.783
     3     1    4.327
     3     2    0.110
     3     3    0.000
 mu_new=    -7.352
 Charge transfer:  iph  charge(iph)
       0   -0.231
       1    0.317
       2    0.283
       3   -0.221
              SCF ITERATION NUMBER 21  OUT OF  30
 Calculating energy and space dependent l-DOS.  It takes time ...
     point #   1  energy = -34.000
     Doing FMS for a cluster of   23 atoms around iph =   0 in fmsie
    0   FMS matrix (LUD) at point   1, number of state kets = 207
     Doing FMS for a cluster of   17 atoms around iph =   1 in fmsie
    0   FMS matrix (LUD) at point   1, number of state kets = 153
     Doing FMS for a cluster of   31 atoms around iph =   2 in fmsie
    0   FMS matrix (LUD) at point   1, number of state kets = 279
     Doing FMS for a cluster of   23 atoms around iph =   3 in fmsie
    0   FMS matrix (LUD) at point   1, number of state kets = 207
  Electronic configuration
   iph    il      N_el
     0     0    1.788
     0     1    4.335
     0     2    0.108
     0     3    0.000
     1     0    0.282
     1     1    6.410
     1     2    0.996
     1     3    0.000
     2     0    0.682
     2     1    0.814
     2     2    7.217
     2     3    0.000
     3     0    1.783
     3     1    4.328
     3     2    0.110
     3     3    0.000
 mu_new=    -7.352
 Charge transfer:  iph  charge(iph)
       0   -0.232
       1    0.333
       2    0.278
       3   -0.222
              SCF ITERATION NUMBER 22  OUT OF  30
 Calculating energy and space dependent l-DOS.  It takes time ...
     point #   1  energy = -34.000
     Doing FMS for a cluster of   23 atoms around iph =   0 in fmsie
    0   FMS matrix (LUD) at point   1, number of state kets = 207
     Doing FMS for a cluster of   17 atoms around iph =   1 in fmsie
    0   FMS matrix (LUD) at point   1, number of state kets = 153
     Doing FMS for a cluster of   31 atoms around iph =   2 in fmsie
    0   FMS matrix (LUD) at point   1, number of state kets = 279
     Doing FMS for a cluster of   23 atoms around iph =   3 in fmsie
    0   FMS matrix (LUD) at point   1, number of state kets = 207
  Electronic configuration
   iph    il      N_el
     0     0    1.788
     0     1    4.336
     0     2    0.108
     0     3    0.000
     1     0    0.283
     1     1    6.412
     1     2    1.002
     1     3    0.000
     2     0    0.682
     2     1    0.814
     2     2    7.211
     2     3    0.000
     3     0    1.783
     3     1    4.329
     3     2    0.110
     3     3    0.000
 mu_new=    -7.336
 Charge transfer:  iph  charge(iph)
       0   -0.231
       1    0.314
       2    0.285
       3   -0.221
              SCF ITERATION NUMBER 23  OUT OF  30
 Calculating energy and space dependent l-DOS.  It takes time ...
     point #   1  energy = -34.000
     Doing FMS for a cluster of   23 atoms around iph =   0 in fmsie
    0   FMS matrix (LUD) at point   1, number of state kets = 207
     Doing FMS for a cluster of   17 atoms around iph =   1 in fmsie
    0   FMS matrix (LUD) at point   1, number of state kets = 153
     Doing FMS for a cluster of   31 atoms around iph =   2 in fmsie
    0   FMS matrix (LUD) at point   1, number of state kets = 279
     Doing FMS for a cluster of   23 atoms around iph =   3 in fmsie
    0   FMS matrix (LUD) at point   1, number of state kets = 207
  Electronic configuration
   iph    il      N_el
     0     0    1.788
     0     1    4.329
     0     2    0.113
     0     3    0.000
     1     0    0.285
     1     1    6.412
     1     2    1.023
     1     3    0.000
     2     0    0.683
     2     1    0.817
     2     2    7.198
     2     3    0.000
     3     0    1.784
     3     1    4.322
     3     2    0.115
     3     3    0.000
 mu_new=    -7.336
 Charge transfer:  iph  charge(iph)
       0   -0.239
       1    0.411
       2    0.248
       3   -0.227
negative dens  10  0-2425.739227 - usually due to harmless precision errors, but check DOS to make sure
negative dens  10  3-2326.516444 - usually due to harmless precision errors, but check DOS to make sure
              SCF ITERATION NUMBER 24  OUT OF  30
 Calculating energy and space dependent l-DOS.  It takes time ...
     point #   1  energy = -34.000
     Doing FMS for a cluster of   23 atoms around iph =   0 in fmsie
    0   FMS matrix (LUD) at point   1, number of state kets = 207
     Doing FMS for a cluster of   17 atoms around iph =   1 in fmsie
    0   FMS matrix (LUD) at point   1, number of state kets = 153
     Doing FMS for a cluster of   31 atoms around iph =   2 in fmsie
    0   FMS matrix (LUD) at point   1, number of state kets = 279
     Doing FMS for a cluster of   23 atoms around iph =   3 in fmsie
    0   FMS matrix (LUD) at point   1, number of state kets = 207
  Electronic configuration
   iph    il      N_el
     0     0    1.788
     0     1    4.336
     0     2    0.108
     0     3    0.000
     1     0    0.288
     1     1    6.421
     1     2    1.041
     1     3    0.000
     2     0    0.681
     2     1    0.817
     2     2    7.177
     2     3    0.000
     3     0    1.784
     3     1    4.331
     3     2    0.110
     3     3    0.000
 mu_new=    -7.252
 Charge transfer:  iph  charge(iph)
       0   -0.229
       1    0.290
       2    0.294
       3   -0.219
              SCF ITERATION NUMBER 25  OUT OF  30
 Calculating energy and space dependent l-DOS.  It takes time ...
     point #   1  energy = -34.000
     Doing FMS for a cluster of   23 atoms around iph =   0 in fmsie
    0   FMS matrix (LUD) at point   1, number of state kets = 207
     Doing FMS for a cluster of   17 atoms around iph =   1 in fmsie
    0   FMS matrix (LUD) at point   1, number of state kets = 153
     Doing FMS for a cluster of   31 atoms around iph =   2 in fmsie
    0   FMS matrix (LUD) at point   1, number of state kets = 279
     Doing FMS for a cluster of   23 atoms around iph =   3 in fmsie
    0   FMS matrix (LUD) at point   1, number of state kets = 207
  Electronic configuration
   iph    il      N_el
     0     0    1.788
     0     1    4.335
     0     2    0.107
     0     3    0.000
     1     0    0.281
     1     1    6.407
     1     2    0.982
     1     3    0.000
     2     0    0.682
     2     1    0.813
     2     2    7.230
     2     3    0.000
     3     0    1.783
     3     1    4.327
     3     2    0.109
     3     3    0.000
 mu_new=    -7.383
 Charge transfer:  iph  charge(iph)
       0   -0.231
       1    0.314
       2    0.285
       3   -0.221
              SCF ITERATION NUMBER 26  OUT OF  30
 Calculating energy and space dependent l-DOS.  It takes time ...
     point #   1  energy = -34.000
     Doing FMS for a cluster of   23 atoms around iph =   0 in fmsie
    0   FMS matrix (LUD) at point   1, number of state kets = 207
     Doing FMS for a cluster of   17 atoms around iph =   1 in fmsie
    0   FMS matrix (LUD) at point   1, number of state kets = 153
     Doing FMS for a cluster of   31 atoms around iph =   2 in fmsie
    0   FMS matrix (LUD) at point   1, number of state kets = 279
     Doing FMS for a cluster of   23 atoms around iph =   3 in fmsie
    0   FMS matrix (LUD) at point   1, number of state kets = 207
  Electronic configuration
   iph    il      N_el
     0     0    1.788
     0     1    4.336
     0     2    0.107
     0     3    0.000
     1     0    0.282
     1     1    6.410
     1     2    0.993
     1     3    0.000
     2     0    0.682
     2     1    0.814
     2     2    7.220
     2     3    0.000
     3     0    1.783
     3     1    4.328
     3     2    0.110
     3     3    0.000
 mu_new=    -7.355
 Charge transfer:  iph  charge(iph)
       0   -0.231
       1    0.315
       2    0.284
       3   -0.221
              SCF ITERATION NUMBER 27  OUT OF  30
 Calculating energy and space dependent l-DOS.  It takes time ...
     point #   1  energy = -34.000
     Doing FMS for a cluster of   23 atoms around iph =   0 in fmsie
    0   FMS matrix (LUD) at point   1, number of state kets = 207
     Doing FMS for a cluster of   17 atoms around iph =   1 in fmsie
    0   FMS matrix (LUD) at point   1, number of state kets = 153
     Doing FMS for a cluster of   31 atoms around iph =   2 in fmsie
    0   FMS matrix (LUD) at point   1, number of state kets = 279
     Doing FMS for a cluster of   23 atoms around iph =   3 in fmsie
    0   FMS matrix (LUD) at point   1, number of state kets = 207
  Electronic configuration
   iph    il      N_el
     0     0    1.788
     0     1    4.335
     0     2    0.108
     0     3    0.000
     1     0    0.282
     1     1    6.410
     1     2    0.994
     1     3    0.000
     2     0    0.682
     2     1    0.814
     2     2    7.219
     2     3    0.000
     3     0    1.783
     3     1    4.327
     3     2    0.110
     3     3    0.000
 mu_new=    -7.355
 Charge transfer:  iph  charge(iph)
       0   -0.231
       1    0.314
       2    0.285
       3   -0.221
              SCF ITERATION NUMBER 28  OUT OF  30
 Calculating energy and space dependent l-DOS.  It takes time ...
     point #   1  energy = -34.000
     Doing FMS for a cluster of   23 atoms around iph =   0 in fmsie
    0   FMS matrix (LUD) at point   1, number of state kets = 207
     Doing FMS for a cluster of   17 atoms around iph =   1 in fmsie
    0   FMS matrix (LUD) at point   1, number of state kets = 153
     Doing FMS for a cluster of   31 atoms around iph =   2 in fmsie
    0   FMS matrix (LUD) at point   1, number of state kets = 279
     Doing FMS for a cluster of   23 atoms around iph =   3 in fmsie
    0   FMS matrix (LUD) at point   1, number of state kets = 207
  Electronic configuration
   iph    il      N_el
     0     0    1.788
     0     1    4.335
     0     2    0.108
     0     3    0.000
     1     0    0.282
     1     1    6.410
     1     2    0.995
     1     3    0.000
     2     0    0.682
     2     1    0.814
     2     2    7.218
     2     3    0.000
     3     0    1.783
     3     1    4.327
     3     2    0.110
     3     3    0.000
 mu_new=    -7.355
 Charge transfer:  iph  charge(iph)
       0   -0.231
       1    0.314
       2    0.285
       3   -0.221
              SCF ITERATION NUMBER 29  OUT OF  30
 Calculating energy and space dependent l-DOS.  It takes time ...
     point #   1  energy = -34.000
     Doing FMS for a cluster of   23 atoms around iph =   0 in fmsie
    0   FMS matrix (LUD) at point   1, number of state kets = 207
     Doing FMS for a cluster of   17 atoms around iph =   1 in fmsie
    0   FMS matrix (LUD) at point   1, number of state kets = 153
     Doing FMS for a cluster of   31 atoms around iph =   2 in fmsie
    0   FMS matrix (LUD) at point   1, number of state kets = 279
     Doing FMS for a cluster of   23 atoms around iph =   3 in fmsie
    0   FMS matrix (LUD) at point   1, number of state kets = 207
  Electronic configuration
   iph    il      N_el
     0     0    1.788
     0     1    4.335
     0     2    0.108
     0     3    0.000
     1     0    0.282
     1     1    6.410
     1     2    0.995
     1     3    0.000
     2     0    0.682
     2     1    0.814
     2     2    7.218
     2     3    0.000
     3     0    1.783
     3     1    4.327
     3     2    0.110
     3     3    0.000
 mu_new=    -7.355
 Charge transfer:  iph  charge(iph)
       0   -0.231
       1    0.316
       2    0.284
       3   -0.221
              SCF ITERATION NUMBER 30  OUT OF  30
 Calculating energy and space dependent l-DOS.  It takes time ...
     point #   1  energy = -34.000
     Doing FMS for a cluster of   23 atoms around iph =   0 in fmsie
    0   FMS matrix (LUD) at point   1, number of state kets = 207
     Doing FMS for a cluster of   17 atoms around iph =   1 in fmsie
    0   FMS matrix (LUD) at point   1, number of state kets = 153
     Doing FMS for a cluster of   31 atoms around iph =   2 in fmsie
    0   FMS matrix (LUD) at point   1, number of state kets = 279
     Doing FMS for a cluster of   23 atoms around iph =   3 in fmsie
    0   FMS matrix (LUD) at point   1, number of state kets = 207
  Electronic configuration
   iph    il      N_el
     0     0    1.788
     0     1    4.336
     0     2    0.107
     0     3    0.000
     1     0    0.282
     1     1    6.410
     1     2    0.993
     1     3    0.000
     2     0    0.682
     2     1    0.814
     2     2    7.220
     2     3    0.000
     3     0    1.783
     3     1    4.328
     3     2    0.110
     3     3    0.000
 mu_new=    -7.355
 Charge transfer:  iph  charge(iph)
       0   -0.230
       1    0.309
       2    0.287
       3   -0.220
:WARNING Convergence not reached; ran out of iterations.
 Done with module 1: potentials.
 total time       25.0844988822937     
 communicate time   7.02656984329224     
