 Number of processors =           12
 Calculating potentials ...
muffin tin radii and interstitial parameters
 iph, rnrm(iph)*bohr, rmt(iph)*bohr, folp(iph)
    0  1.04653E+00  9.72433E-01  1.15000E+00
    1  1.79541E+00  1.72820E+00  1.09980E+00
    2  1.46468E+00  1.33282E+00  1.15000E+00
    3  1.06370E+00  9.82230E-01  1.15000E+00
              Core-valence separation
 ecv=   -34.500
 mu_old=     1.597
              SCF ITERATION NUMBER  1  OUT OF  30
 Calculating energy and space dependent l-DOS.  It takes time ...
     point #   1  energy = -34.500
     Doing FMS for a cluster of   26 atoms around iph =   0 in fmsie
    0   FMS matrix (LUD) at point   1, number of state kets = 234
     Doing FMS for a cluster of   25 atoms around iph =   1 in fmsie
    0   FMS matrix (LUD) at point   1, number of state kets = 225
     Doing FMS for a cluster of   29 atoms around iph =   2 in fmsie
    0   FMS matrix (LUD) at point   1, number of state kets = 261
     Doing FMS for a cluster of   23 atoms around iph =   3 in fmsie
    0   FMS matrix (LUD) at point   1, number of state kets = 207
  Electronic configuration
   iph    il      N_el
     0     0    1.818
     0     1    4.755
     0     2    0.099
     0     3    0.000
     1     0    0.279
     1     1    6.360
     1     2    0.913
     1     3    0.000
     2     0    0.645
     2     1    0.759
     2     2    6.940
     2     3    0.000
     3     0    1.839
     3     1    4.500
     3     2    0.101
     3     3    0.000
 mu_new=    -8.469
 Charge transfer:  iph  charge(iph)
       0   -0.131
       1    0.091
       2    0.123
       3   -0.084
              SCF ITERATION NUMBER  2  OUT OF  30
 Calculating energy and space dependent l-DOS.  It takes time ...
     point #   1  energy = -34.500
     Doing FMS for a cluster of   26 atoms around iph =   0 in fmsie
    0   FMS matrix (LUD) at point   1, number of state kets = 234
     Doing FMS for a cluster of   25 atoms around iph =   1 in fmsie
    0   FMS matrix (LUD) at point   1, number of state kets = 225
     Doing FMS for a cluster of   29 atoms around iph =   2 in fmsie
    0   FMS matrix (LUD) at point   1, number of state kets = 261
     Doing FMS for a cluster of   23 atoms around iph =   3 in fmsie
    0   FMS matrix (LUD) at point   1, number of state kets = 207
  Electronic configuration
   iph    il      N_el
     0     0    1.800
     0     1    4.494
     0     2    0.098
     0     3    0.000
     1     0    0.288
     1     1    6.371
     1     2    0.949
     1     3    0.000
     2     0    0.679
     2     1    0.780
     2     2    7.329
     2     3    0.000
     3     0    1.829
     3     1    4.272
     3     2    0.102
     3     3    0.000
 mu_new=    -8.665
 Charge transfer:  iph  charge(iph)
       0   -0.363
       1    0.359
       2    0.205
       3   -0.192
              SCF ITERATION NUMBER  3  OUT OF  30
 Calculating energy and space dependent l-DOS.  It takes time ...
     point #   1  energy = -34.500
     Doing FMS for a cluster of   26 atoms around iph =   0 in fmsie
    0   FMS matrix (LUD) at point   1, number of state kets = 234
     Doing FMS for a cluster of   25 atoms around iph =   1 in fmsie
    0   FMS matrix (LUD) at point   1, number of state kets = 225
     Doing FMS for a cluster of   29 atoms around iph =   2 in fmsie
    0   FMS matrix (LUD) at point   1, number of state kets = 261
     Doing FMS for a cluster of   23 atoms around iph =   3 in fmsie
    0   FMS matrix (LUD) at point   1, number of state kets = 207
  Electronic configuration
   iph    il      N_el
     0     0    1.776
     0     1    4.132
     0     2    0.100
     0     3    0.000
     1     0    0.305
     1     1    6.393
     1     2    1.045
     1     3    0.000
     2     0    0.702
     2     1    0.809
     2     2    7.380
     2     3    0.000
     3     0    1.827
     3     1    4.185
     3     2    0.107
     3     3    0.000
 mu_new=    -8.200
 Charge transfer:  iph  charge(iph)
       0   -0.298
       1    0.351
       2    0.186
       3   -0.181
              SCF ITERATION NUMBER  4  OUT OF  30
 Calculating energy and space dependent l-DOS.  It takes time ...
     point #   1  energy = -34.500
     Doing FMS for a cluster of   26 atoms around iph =   0 in fmsie
    0   FMS matrix (LUD) at point   1, number of state kets = 234
     Doing FMS for a cluster of   25 atoms around iph =   1 in fmsie
    0   FMS matrix (LUD) at point   1, number of state kets = 225
     Doing FMS for a cluster of   29 atoms around iph =   2 in fmsie
    0   FMS matrix (LUD) at point   1, number of state kets = 261
     Doing FMS for a cluster of   23 atoms around iph =   3 in fmsie
    0   FMS matrix (LUD) at point   1, number of state kets = 207
  Electronic configuration
   iph    il      N_el
     0     0    1.789
     0     1    4.322
     0     2    0.106
     0     3    0.000
     1     0    0.301
     1     1    6.385
     1     2    1.046
     1     3    0.000
     2     0    0.694
     2     1    0.802
     2     2    7.307
     2     3    0.000
     3     0    1.828
     3     1    4.225
     3     2    0.112
     3     3    0.000
 mu_new=    -8.200
 Charge transfer:  iph  charge(iph)
       0   -0.278
       1    0.334
       2    0.190
       3   -0.178
              SCF ITERATION NUMBER  5  OUT OF  30
 Calculating energy and space dependent l-DOS.  It takes time ...
     point #   1  energy = -34.500
     Doing FMS for a cluster of   26 atoms around iph =   0 in fmsie
    0   FMS matrix (LUD) at point   1, number of state kets = 234
     Doing FMS for a cluster of   25 atoms around iph =   1 in fmsie
    0   FMS matrix (LUD) at point   1, number of state kets = 225
     Doing FMS for a cluster of   29 atoms around iph =   2 in fmsie
    0   FMS matrix (LUD) at point   1, number of state kets = 261
     Doing FMS for a cluster of   23 atoms around iph =   3 in fmsie
    0   FMS matrix (LUD) at point   1, number of state kets = 207
  Electronic configuration
   iph    il      N_el
     0     0    1.793
     0     1    4.391
     0     2    0.099
     0     3    0.000
     1     0    0.295
     1     1    6.377
     1     2    0.992
     1     3    0.000
     2     0    0.690
     2     1    0.793
     2     2    7.347
     2     3    0.000
     3     0    1.828
     3     1    4.236
     3     2    0.105
     3     3    0.000
 mu_new=    -8.304
 Charge transfer:  iph  charge(iph)
       0   -0.279
       1    0.334
       2    0.185
       3   -0.176
              SCF ITERATION NUMBER  6  OUT OF  30
 Calculating energy and space dependent l-DOS.  It takes time ...
     point #   1  energy = -34.500
     Doing FMS for a cluster of   26 atoms around iph =   0 in fmsie
    0   FMS matrix (LUD) at point   1, number of state kets = 234
     Doing FMS for a cluster of   25 atoms around iph =   1 in fmsie
    0   FMS matrix (LUD) at point   1, number of state kets = 225
     Doing FMS for a cluster of   29 atoms around iph =   2 in fmsie
    0   FMS matrix (LUD) at point   1, number of state kets = 261
     Doing FMS for a cluster of   23 atoms around iph =   3 in fmsie
    0   FMS matrix (LUD) at point   1, number of state kets = 207
  Electronic configuration
   iph    il      N_el
     0     0    1.793
     0     1    4.390
     0     2    0.101
     0     3    0.000
     1     0    0.295
     1     1    6.377
     1     2    0.997
     1     3    0.000
     2     0    0.689
     2     1    0.793
     2     2    7.326
     2     3    0.000
     3     0    1.828
     3     1    4.245
     3     2    0.106
     3     3    0.000
 mu_new=    -8.304
 Charge transfer:  iph  charge(iph)
       0   -0.280
       1    0.334
       2    0.187
       3   -0.177
              SCF ITERATION NUMBER  7  OUT OF  30
 Calculating energy and space dependent l-DOS.  It takes time ...
     point #   1  energy = -34.500
     Doing FMS for a cluster of   26 atoms around iph =   0 in fmsie
    0   FMS matrix (LUD) at point   1, number of state kets = 234
     Doing FMS for a cluster of   25 atoms around iph =   1 in fmsie
    0   FMS matrix (LUD) at point   1, number of state kets = 225
     Doing FMS for a cluster of   29 atoms around iph =   2 in fmsie
    0   FMS matrix (LUD) at point   1, number of state kets = 261
     Doing FMS for a cluster of   23 atoms around iph =   3 in fmsie
    0   FMS matrix (LUD) at point   1, number of state kets = 207
  Electronic configuration
   iph    il      N_el
     0     0    1.793
     0     1    4.383
     0     2    0.103
     0     3    0.000
     1     0    0.296
     1     1    6.377
     1     2    1.007
     1     3    0.000
     2     0    0.690
     2     1    0.794
     2     2    7.318
     2     3    0.000
     3     0    1.828
     3     1    4.242
     3     2    0.109
     3     3    0.000
 mu_new=    -8.304
 Charge transfer:  iph  charge(iph)
       0   -0.280
       1    0.332
       2    0.188
       3   -0.177
              SCF ITERATION NUMBER  8  OUT OF  30
 Calculating energy and space dependent l-DOS.  It takes time ...
     point #   1  energy = -34.500
     Doing FMS for a cluster of   26 atoms around iph =   0 in fmsie
    0   FMS matrix (LUD) at point   1, number of state kets = 234
     Doing FMS for a cluster of   25 atoms around iph =   1 in fmsie
    0   FMS matrix (LUD) at point   1, number of state kets = 225
     Doing FMS for a cluster of   29 atoms around iph =   2 in fmsie
    0   FMS matrix (LUD) at point   1, number of state kets = 261
     Doing FMS for a cluster of   23 atoms around iph =   3 in fmsie
    0   FMS matrix (LUD) at point   1, number of state kets = 207
  Electronic configuration
   iph    il      N_el
     0     0    1.793
     0     1    4.380
     0     2    0.104
     0     3    0.000
     1     0    0.296
     1     1    6.377
     1     2    1.014
     1     3    0.000
     2     0    0.690
     2     1    0.795
     2     2    7.312
     2     3    0.000
     3     0    1.828
     3     1    4.240
     3     2    0.110
     3     3    0.000
 mu_new=    -8.304
 Charge transfer:  iph  charge(iph)
       0   -0.280
       1    0.333
       2    0.187
       3   -0.177
              SCF ITERATION NUMBER  9  OUT OF  30
 Calculating energy and space dependent l-DOS.  It takes time ...
     point #   1  energy = -34.500
     Doing FMS for a cluster of   26 atoms around iph =   0 in fmsie
    0   FMS matrix (LUD) at point   1, number of state kets = 234
     Doing FMS for a cluster of   25 atoms around iph =   1 in fmsie
    0   FMS matrix (LUD) at point   1, number of state kets = 225
     Doing FMS for a cluster of   29 atoms around iph =   2 in fmsie
    0   FMS matrix (LUD) at point   1, number of state kets = 261
     Doing FMS for a cluster of   23 atoms around iph =   3 in fmsie
    0   FMS matrix (LUD) at point   1, number of state kets = 207
  Electronic configuration
   iph    il      N_el
     0     0    1.793
     0     1    4.381
     0     2    0.104
     0     3    0.000
     1     0    0.296
     1     1    6.378
     1     2    1.013
     1     3    0.000
     2     0    0.690
     2     1    0.795
     2     2    7.313
     2     3    0.000
     3     0    1.828
     3     1    4.241
     3     2    0.110
     3     3    0.000
 mu_new=    -8.304
 Charge transfer:  iph  charge(iph)
       0   -0.280
       1    0.333
       2    0.187
       3   -0.177
              SCF ITERATION NUMBER 10  OUT OF  30
 Calculating energy and space dependent l-DOS.  It takes time ...
     point #   1  energy = -34.500
     Doing FMS for a cluster of   26 atoms around iph =   0 in fmsie
    0   FMS matrix (LUD) at point   1, number of state kets = 234
     Doing FMS for a cluster of   25 atoms around iph =   1 in fmsie
    0   FMS matrix (LUD) at point   1, number of state kets = 225
     Doing FMS for a cluster of   29 atoms around iph =   2 in fmsie
    0   FMS matrix (LUD) at point   1, number of state kets = 261
     Doing FMS for a cluster of   23 atoms around iph =   3 in fmsie
    0   FMS matrix (LUD) at point   1, number of state kets = 207
  Electronic configuration
   iph    il      N_el
     0     0    1.793
     0     1    4.381
     0     2    0.104
     0     3    0.000
     1     0    0.296
     1     1    6.378
     1     2    1.013
     1     3    0.000
     2     0    0.690
     2     1    0.795
     2     2    7.313
     2     3    0.000
     3     0    1.828
     3     1    4.241
     3     2    0.110
     3     3    0.000
 mu_new=    -8.304
 Charge transfer:  iph  charge(iph)
       0   -0.280
       1    0.331
       2    0.189
       3   -0.177
              SCF ITERATION NUMBER 11  OUT OF  30
 Calculating energy and space dependent l-DOS.  It takes time ...
     point #   1  energy = -34.500
     Doing FMS for a cluster of   26 atoms around iph =   0 in fmsie
    0   FMS matrix (LUD) at point   1, number of state kets = 234
     Doing FMS for a cluster of   25 atoms around iph =   1 in fmsie
    0   FMS matrix (LUD) at point   1, number of state kets = 225
     Doing FMS for a cluster of   29 atoms around iph =   2 in fmsie
    0   FMS matrix (LUD) at point   1, number of state kets = 261
     Doing FMS for a cluster of   23 atoms around iph =   3 in fmsie
    0   FMS matrix (LUD) at point   1, number of state kets = 207
  Electronic configuration
   iph    il      N_el
     0     0    1.793
     0     1    4.379
     0     2    0.105
     0     3    0.000
     1     0    0.296
     1     1    6.377
     1     2    1.015
     1     3    0.000
     2     0    0.690
     2     1    0.795
     2     2    7.311
     2     3    0.000
     3     0    1.828
     3     1    4.240
     3     2    0.111
     3     3    0.000
 mu_new=    -8.304
 Charge transfer:  iph  charge(iph)
       0   -0.254
       1    0.191
       2    0.260
       3   -0.177
              SCF ITERATION NUMBER 12  OUT OF  30
 Calculating energy and space dependent l-DOS.  It takes time ...
     point #   1  energy = -34.500
     Doing FMS for a cluster of   26 atoms around iph =   0 in fmsie
    0   FMS matrix (LUD) at point   1, number of state kets = 234
     Doing FMS for a cluster of   25 atoms around iph =   1 in fmsie
    0   FMS matrix (LUD) at point   1, number of state kets = 225
     Doing FMS for a cluster of   29 atoms around iph =   2 in fmsie
    0   FMS matrix (LUD) at point   1, number of state kets = 261
     Doing FMS for a cluster of   23 atoms around iph =   3 in fmsie
    0   FMS matrix (LUD) at point   1, number of state kets = 207
  Electronic configuration
   iph    il      N_el
     0     0    1.795
     0     1    4.410
     0     2    0.098
     0     3    0.000
     1     0    0.286
     1     1    6.359
     1     2    0.931
     1     3    0.000
     2     0    0.694
     2     1    0.786
     2     2    7.444
     2     3    0.000
     3     0    1.827
     3     1    4.213
     3     2    0.104
     3     3    0.000
 mu_new=    -8.537
 Charge transfer:  iph  charge(iph)
       0   -0.280
       1    0.328
       2    0.190
       3   -0.177
              SCF ITERATION NUMBER 13  OUT OF  30
 Calculating energy and space dependent l-DOS.  It takes time ...
     point #   1  energy = -34.500
     Doing FMS for a cluster of   26 atoms around iph =   0 in fmsie
    0   FMS matrix (LUD) at point   1, number of state kets = 234
     Doing FMS for a cluster of   25 atoms around iph =   1 in fmsie
    0   FMS matrix (LUD) at point   1, number of state kets = 225
     Doing FMS for a cluster of   29 atoms around iph =   2 in fmsie
    0   FMS matrix (LUD) at point   1, number of state kets = 261
     Doing FMS for a cluster of   23 atoms around iph =   3 in fmsie
    0   FMS matrix (LUD) at point   1, number of state kets = 207
  Electronic configuration
   iph    il      N_el
     0     0    1.793
     0     1    4.390
     0     2    0.099
     0     3    0.000
     1     0    0.294
     1     1    6.376
     1     2    0.985
     1     3    0.000
     2     0    0.689
     2     1    0.791
     2     2    7.344
     2     3    0.000
     3     0    1.828
     3     1    4.242
     3     2    0.104
     3     3    0.000
 mu_new=    -8.347
 Charge transfer:  iph  charge(iph)
       0   -0.278
       1    0.319
       2    0.195
       3   -0.177
              SCF ITERATION NUMBER 14  OUT OF  30
 Calculating energy and space dependent l-DOS.  It takes time ...
     point #   1  energy = -34.500
     Doing FMS for a cluster of   26 atoms around iph =   0 in fmsie
    0   FMS matrix (LUD) at point   1, number of state kets = 234
     Doing FMS for a cluster of   25 atoms around iph =   1 in fmsie
    0   FMS matrix (LUD) at point   1, number of state kets = 225
     Doing FMS for a cluster of   29 atoms around iph =   2 in fmsie
    0   FMS matrix (LUD) at point   1, number of state kets = 261
     Doing FMS for a cluster of   23 atoms around iph =   3 in fmsie
    0   FMS matrix (LUD) at point   1, number of state kets = 207
  Electronic configuration
   iph    il      N_el
     0     0    1.793
     0     1    4.388
     0     2    0.102
     0     3    0.000
     1     0    0.294
     1     1    6.375
     1     2    0.996
     1     3    0.000
     2     0    0.690
     2     1    0.793
     2     2    7.335
     2     3    0.000
     3     0    1.828
     3     1    4.239
     3     2    0.108
     3     3    0.000
 mu_new=    -8.347
 Charge transfer:  iph  charge(iph)
       0   -0.279
       1    0.322
       2    0.194
       3   -0.177
              SCF ITERATION NUMBER 15  OUT OF  30
 Calculating energy and space dependent l-DOS.  It takes time ...
     point #   1  energy = -34.500
     Doing FMS for a cluster of   26 atoms around iph =   0 in fmsie
    0   FMS matrix (LUD) at point   1, number of state kets = 234
     Doing FMS for a cluster of   25 atoms around iph =   1 in fmsie
    0   FMS matrix (LUD) at point   1, number of state kets = 225
     Doing FMS for a cluster of   29 atoms around iph =   2 in fmsie
    0   FMS matrix (LUD) at point   1, number of state kets = 261
     Doing FMS for a cluster of   23 atoms around iph =   3 in fmsie
    0   FMS matrix (LUD) at point   1, number of state kets = 207
  Electronic configuration
   iph    il      N_el
     0     0    1.793
     0     1    4.387
     0     2    0.102
     0     3    0.000
     1     0    0.294
     1     1    6.375
     1     2    0.995
     1     3    0.000
     2     0    0.690
     2     1    0.792
     2     2    7.336
     2     3    0.000
     3     0    1.828
     3     1    4.239
     3     2    0.107
     3     3    0.000
 mu_new=    -8.347
 Charge transfer:  iph  charge(iph)
       0   -0.280
       1    0.325
       2    0.192
       3   -0.177
              SCF ITERATION NUMBER 16  OUT OF  30
 Calculating energy and space dependent l-DOS.  It takes time ...
     point #   1  energy = -34.500
     Doing FMS for a cluster of   26 atoms around iph =   0 in fmsie
    0   FMS matrix (LUD) at point   1, number of state kets = 234
     Doing FMS for a cluster of   25 atoms around iph =   1 in fmsie
    0   FMS matrix (LUD) at point   1, number of state kets = 225
     Doing FMS for a cluster of   29 atoms around iph =   2 in fmsie
    0   FMS matrix (LUD) at point   1, number of state kets = 261
     Doing FMS for a cluster of   23 atoms around iph =   3 in fmsie
    0   FMS matrix (LUD) at point   1, number of state kets = 207
  Electronic configuration
   iph    il      N_el
     0     0    1.793
     0     1    4.389
     0     2    0.101
     0     3    0.000
     1     0    0.294
     1     1    6.375
     1     2    0.991
     1     3    0.000
     2     0    0.689
     2     1    0.792
     2     2    7.339
     2     3    0.000
     3     0    1.828
     3     1    4.241
     3     2    0.106
     3     3    0.000
 mu_new=    -8.347
 Charge transfer:  iph  charge(iph)
       0   -0.282
       1    0.333
       2    0.188
       3   -0.177
              SCF ITERATION NUMBER 17  OUT OF  30
 Calculating energy and space dependent l-DOS.  It takes time ...
     point #   1  energy = -34.500
     Doing FMS for a cluster of   26 atoms around iph =   0 in fmsie
    0   FMS matrix (LUD) at point   1, number of state kets = 234
     Doing FMS for a cluster of   25 atoms around iph =   1 in fmsie
    0   FMS matrix (LUD) at point   1, number of state kets = 225
     Doing FMS for a cluster of   29 atoms around iph =   2 in fmsie
    0   FMS matrix (LUD) at point   1, number of state kets = 261
     Doing FMS for a cluster of   23 atoms around iph =   3 in fmsie
    0   FMS matrix (LUD) at point   1, number of state kets = 207
  Electronic configuration
   iph    il      N_el
     0     0    1.793
     0     1    4.392
     0     2    0.099
     0     3    0.000
     1     0    0.294
     1     1    6.376
     1     2    0.986
     1     3    0.000
     2     0    0.689
     2     1    0.791
     2     2    7.342
     2     3    0.000
     3     0    1.828
     3     1    4.243
     3     2    0.104
     3     3    0.000
 mu_new=    -8.345
 Charge transfer:  iph  charge(iph)
       0   -0.285
       1    0.348
       2    0.180
       3   -0.177
              SCF ITERATION NUMBER 18  OUT OF  30
 Calculating energy and space dependent l-DOS.  It takes time ...
     point #   1  energy = -34.500
     Doing FMS for a cluster of   26 atoms around iph =   0 in fmsie
    0   FMS matrix (LUD) at point   1, number of state kets = 234
     Doing FMS for a cluster of   25 atoms around iph =   1 in fmsie
    0   FMS matrix (LUD) at point   1, number of state kets = 225
     Doing FMS for a cluster of   29 atoms around iph =   2 in fmsie
    0   FMS matrix (LUD) at point   1, number of state kets = 261
     Doing FMS for a cluster of   23 atoms around iph =   3 in fmsie
    0   FMS matrix (LUD) at point   1, number of state kets = 207
  Electronic configuration
   iph    il      N_el
     0     0    1.793
     0     1    4.390
     0     2    0.099
     0     3    0.000
     1     0    0.295
     1     1    6.378
     1     2    0.993
     1     3    0.000
     2     0    0.688
     2     1    0.792
     2     2    7.330
     2     3    0.000
     3     0    1.828
     3     1    4.246
     3     2    0.104
     3     3    0.000
 mu_new=    -8.322
 Charge transfer:  iph  charge(iph)
       0   -0.282
       1    0.335
       2    0.187
       3   -0.177
              SCF ITERATION NUMBER 19  OUT OF  30
 Calculating energy and space dependent l-DOS.  It takes time ...
     point #   1  energy = -34.500
     Doing FMS for a cluster of   26 atoms around iph =   0 in fmsie
    0   FMS matrix (LUD) at point   1, number of state kets = 234
     Doing FMS for a cluster of   25 atoms around iph =   1 in fmsie
    0   FMS matrix (LUD) at point   1, number of state kets = 225
     Doing FMS for a cluster of   29 atoms around iph =   2 in fmsie
    0   FMS matrix (LUD) at point   1, number of state kets = 261
     Doing FMS for a cluster of   23 atoms around iph =   3 in fmsie
    0   FMS matrix (LUD) at point   1, number of state kets = 207
  Electronic configuration
   iph    il      N_el
     0     0    1.793
     0     1    4.384
     0     2    0.102
     0     3    0.000
     1     0    0.295
     1     1    6.377
     1     2    1.004
     1     3    0.000
     2     0    0.689
     2     1    0.793
     2     2    7.322
     2     3    0.000
     3     0    1.828
     3     1    4.242
     3     2    0.108
     3     3    0.000
 mu_new=    -8.322
 Charge transfer:  iph  charge(iph)
       0   -0.275
       1    0.301
       2    0.205
       3   -0.177
              SCF ITERATION NUMBER 20  OUT OF  30
 Calculating energy and space dependent l-DOS.  It takes time ...
     point #   1  energy = -34.500
     Doing FMS for a cluster of   26 atoms around iph =   0 in fmsie
    0   FMS matrix (LUD) at point   1, number of state kets = 234
     Doing FMS for a cluster of   25 atoms around iph =   1 in fmsie
    0   FMS matrix (LUD) at point   1, number of state kets = 225
     Doing FMS for a cluster of   29 atoms around iph =   2 in fmsie
    0   FMS matrix (LUD) at point   1, number of state kets = 261
     Doing FMS for a cluster of   23 atoms around iph =   3 in fmsie
    0   FMS matrix (LUD) at point   1, number of state kets = 207
  Electronic configuration
   iph    il      N_el
     0     0    1.793
     0     1    4.396
     0     2    0.099
     0     3    0.000
     1     0    0.292
     1     1    6.372
     1     2    0.973
     1     3    0.000
     2     0    0.690
     2     1    0.790
     2     2    7.366
     2     3    0.000
     3     0    1.828
     3     1    4.235
     3     2    0.104
     3     3    0.000
 mu_new=    -8.389
 Charge transfer:  iph  charge(iph)
       0   -0.281
       1    0.331
       2    0.189
       3   -0.177
              SCF ITERATION NUMBER 21  OUT OF  30
 Calculating energy and space dependent l-DOS.  It takes time ...
     point #   1  energy = -34.500
     Doing FMS for a cluster of   26 atoms around iph =   0 in fmsie
    0   FMS matrix (LUD) at point   1, number of state kets = 234
     Doing FMS for a cluster of   25 atoms around iph =   1 in fmsie
    0   FMS matrix (LUD) at point   1, number of state kets = 225
     Doing FMS for a cluster of   29 atoms around iph =   2 in fmsie
    0   FMS matrix (LUD) at point   1, number of state kets = 261
     Doing FMS for a cluster of   23 atoms around iph =   3 in fmsie
    0   FMS matrix (LUD) at point   1, number of state kets = 207
  Electronic configuration
   iph    il      N_el
     0     0    1.793
     0     1    4.392
     0     2    0.099
     0     3    0.000
     1     0    0.294
     1     1    6.376
     1     2    0.986
     1     3    0.000
     2     0    0.689
     2     1    0.791
     2     2    7.343
     2     3    0.000
     3     0    1.828
     3     1    4.242
     3     2    0.104
     3     3    0.000
 mu_new=    -8.347
 Charge transfer:  iph  charge(iph)
       0   -0.283
       1    0.338
       2    0.185
       3   -0.177
              SCF ITERATION NUMBER 22  OUT OF  30
 Calculating energy and space dependent l-DOS.  It takes time ...
     point #   1  energy = -34.500
     Doing FMS for a cluster of   26 atoms around iph =   0 in fmsie
    0   FMS matrix (LUD) at point   1, number of state kets = 234
     Doing FMS for a cluster of   25 atoms around iph =   1 in fmsie
    0   FMS matrix (LUD) at point   1, number of state kets = 225
     Doing FMS for a cluster of   29 atoms around iph =   2 in fmsie
    0   FMS matrix (LUD) at point   1, number of state kets = 261
     Doing FMS for a cluster of   23 atoms around iph =   3 in fmsie
    0   FMS matrix (LUD) at point   1, number of state kets = 207
  Electronic configuration
   iph    il      N_el
     0     0    1.793
     0     1    4.391
     0     2    0.099
     0     3    0.000
     1     0    0.294
     1     1    6.377
     1     2    0.989
     1     3    0.000
     2     0    0.688
     2     1    0.791
     2     2    7.337
     2     3    0.000
     3     0    1.828
     3     1    4.244
     3     2    0.104
     3     3    0.000
 mu_new=    -8.336
 Charge transfer:  iph  charge(iph)
       0   -0.283
       1    0.340
       2    0.184
       3   -0.177
              SCF ITERATION NUMBER 23  OUT OF  30
 Calculating energy and space dependent l-DOS.  It takes time ...
     point #   1  energy = -34.500
     Doing FMS for a cluster of   26 atoms around iph =   0 in fmsie
    0   FMS matrix (LUD) at point   1, number of state kets = 234
     Doing FMS for a cluster of   25 atoms around iph =   1 in fmsie
    0   FMS matrix (LUD) at point   1, number of state kets = 225
     Doing FMS for a cluster of   29 atoms around iph =   2 in fmsie
    0   FMS matrix (LUD) at point   1, number of state kets = 261
     Doing FMS for a cluster of   23 atoms around iph =   3 in fmsie
    0   FMS matrix (LUD) at point   1, number of state kets = 207
  Electronic configuration
   iph    il      N_el
     0     0    1.793
     0     1    4.391
     0     2    0.099
     0     3    0.000
     1     0    0.294
     1     1    6.377
     1     2    0.990
     1     3    0.000
     2     0    0.688
     2     1    0.791
     2     2    7.336
     2     3    0.000
     3     0    1.828
     3     1    4.245
     3     2    0.104
     3     3    0.000
 mu_new=    -8.334
 Charge transfer:  iph  charge(iph)
       0   -0.283
       1    0.340
       2    0.184
       3   -0.177
              SCF ITERATION NUMBER 24  OUT OF  30
 Calculating energy and space dependent l-DOS.  It takes time ...
     point #   1  energy = -34.500
     Doing FMS for a cluster of   26 atoms around iph =   0 in fmsie
    0   FMS matrix (LUD) at point   1, number of state kets = 234
     Doing FMS for a cluster of   25 atoms around iph =   1 in fmsie
    0   FMS matrix (LUD) at point   1, number of state kets = 225
     Doing FMS for a cluster of   29 atoms around iph =   2 in fmsie
    0   FMS matrix (LUD) at point   1, number of state kets = 261
     Doing FMS for a cluster of   23 atoms around iph =   3 in fmsie
    0   FMS matrix (LUD) at point   1, number of state kets = 207
  Electronic configuration
   iph    il      N_el
     0     0    1.793
     0     1    4.391
     0     2    0.099
     0     3    0.000
     1     0    0.294
     1     1    6.377
     1     2    0.990
     1     3    0.000
     2     0    0.688
     2     1    0.791
     2     2    7.336
     2     3    0.000
     3     0    1.828
     3     1    4.245
     3     2    0.104
     3     3    0.000
 mu_new=    -8.334
 Charge transfer:  iph  charge(iph)
       0   -0.283
       1    0.339
       2    0.184
       3   -0.177
 Convergence reached.
 Done with module 1: potentials.
 total time       16.9836950302124     
 communicate time  0.480795383453369     
