 Number of processors =           12
 Calculating LDOS ...
              LDOS calculation for specified grid
 Calculating energy and space dependent l-DOS.
 It takes time ...
     potential type  0
     potential type  1
     potential type  2
     potential type  3
 Number of energy points = 101
 Doing FMS for a cluster of 122 atoms around iph =  0
    7   FMS matrix (LUD) at point  20, number of state kets =1952
    3   FMS matrix (LUD) at point  40, number of state kets =1952
   11   FMS matrix (LUD) at point  60, number of state kets =1952
    7   FMS matrix (LUD) at point  80, number of state kets =1952
    3   FMS matrix (LUD) at point 100, number of state kets =1952
 Number of energy points = 101
 Doing FMS for a cluster of 121 atoms around iph =  1
    7   FMS matrix (LUD) at point  20, number of state kets =1936
    3   FMS matrix (LUD) at point  40, number of state kets =1936
   11   FMS matrix (LUD) at point  60, number of state kets =1936
    7   FMS matrix (LUD) at point  80, number of state kets =1936
    3   FMS matrix (LUD) at point 100, number of state kets =1936
 Number of energy points = 101
 Doing FMS for a cluster of 110 atoms around iph =  2
    7   FMS matrix (LUD) at point  20, number of state kets =1760
    3   FMS matrix (LUD) at point  40, number of state kets =1760
   11   FMS matrix (LUD) at point  60, number of state kets =1760
    7   FMS matrix (LUD) at point  80, number of state kets =1760
    3   FMS matrix (LUD) at point 100, number of state kets =1760
 Number of energy points = 101
 Doing FMS for a cluster of 116 atoms around iph =  3
    7   FMS matrix (LUD) at point  20, number of state kets =1856
    3   FMS matrix (LUD) at point  40, number of state kets =1856
   11   FMS matrix (LUD) at point  60, number of state kets =1856
    7   FMS matrix (LUD) at point  80, number of state kets =1856
    3   FMS matrix (LUD) at point 100, number of state kets =1856
 Calculating chi and rho...    0
 Calculating chi and rho...    1
 Calculating chi and rho...    2
 Calculating chi and rho...    3
 Done with LDOS.
 total time       55.7303111553192     
 communicate time  0.401135921478271     
