 Number of processors =           12
 Calculating potentials ...
muffin tin radii and interstitial parameters
 iph, rnrm(iph)*bohr, rmt(iph)*bohr, folp(iph)
    0  1.04204E+00  9.71433E-01  1.15000E+00
    1  1.78714E+00  1.72796E+00  1.08685E+00
    2  1.41463E+00  1.26170E+00  1.15000E+00
    3  1.02998E+00  9.21308E-01  1.15000E+00
              Core-valence separation
 ecv=   -34.000
 mu_old=     3.407
              SCF ITERATION NUMBER  1  OUT OF  30
 Calculating energy and space dependent l-DOS.  It takes time ...
     point #   1  energy = -34.000
     Doing FMS for a cluster of   27 atoms around iph =   0 in fmsie
    0   FMS matrix (LUD) at point   1, number of state kets = 243
     Doing FMS for a cluster of   27 atoms around iph =   1 in fmsie
    0   FMS matrix (LUD) at point   1, number of state kets = 243
     Doing FMS for a cluster of   29 atoms around iph =   2 in fmsie
    0   FMS matrix (LUD) at point   1, number of state kets = 261
     Doing FMS for a cluster of   24 atoms around iph =   3 in fmsie
    0   FMS matrix (LUD) at point   1, number of state kets = 216
  Electronic configuration
   iph    il      N_el
     0     0    1.815
     0     1    4.724
     0     2    0.108
     0     3    0.000
     1     0    0.314
     1     1    6.381
     1     2    1.026
     1     3    0.000
     2     0    0.650
     2     1    0.785
     2     2    6.709
     2     3    0.000
     3     0    1.801
     3     1    4.579
     3     2    0.117
     3     3    0.000
 mu_new=    -7.574
 Charge transfer:  iph  charge(iph)
       0   -0.125
       1    0.058
       2    0.160
       3   -0.095
              SCF ITERATION NUMBER  2  OUT OF  30
 Calculating energy and space dependent l-DOS.  It takes time ...
     point #   1  energy = -34.000
     Doing FMS for a cluster of   27 atoms around iph =   0 in fmsie
    0   FMS matrix (LUD) at point   1, number of state kets = 243
     Doing FMS for a cluster of   27 atoms around iph =   1 in fmsie
    0   FMS matrix (LUD) at point   1, number of state kets = 243
     Doing FMS for a cluster of   29 atoms around iph =   2 in fmsie
    0   FMS matrix (LUD) at point   1, number of state kets = 261
     Doing FMS for a cluster of   24 atoms around iph =   3 in fmsie
    0   FMS matrix (LUD) at point   1, number of state kets = 216
  Electronic configuration
   iph    il      N_el
     0     0    1.797
     0     1    4.479
     0     2    0.106
     0     3    0.000
     1     0    0.308
     1     1    6.379
     1     2    1.023
     1     3    0.000
     2     0    0.677
     2     1    0.807
     2     2    7.176
     2     3    0.000
     3     0    1.785
     3     1    4.343
     3     2    0.115
     3     3    0.000
 mu_new=    -7.832
 Charge transfer:  iph  charge(iph)
       0   -0.351
       1    0.262
       2    0.321
       3   -0.226
              SCF ITERATION NUMBER  3  OUT OF  30
 Calculating energy and space dependent l-DOS.  It takes time ...
     point #   1  energy = -34.000
     Doing FMS for a cluster of   27 atoms around iph =   0 in fmsie
    0   FMS matrix (LUD) at point   1, number of state kets = 243
     Doing FMS for a cluster of   27 atoms around iph =   1 in fmsie
    0   FMS matrix (LUD) at point   1, number of state kets = 243
     Doing FMS for a cluster of   29 atoms around iph =   2 in fmsie
    0   FMS matrix (LUD) at point   1, number of state kets = 261
     Doing FMS for a cluster of   24 atoms around iph =   3 in fmsie
    0   FMS matrix (LUD) at point   1, number of state kets = 216
  Electronic configuration
   iph    il      N_el
     0     0    1.775
     0     1    4.175
     0     2    0.108
     0     3    0.000
     1     0    0.331
     1     1    6.405
     1     2    1.151
     1     3    0.000
     2     0    0.705
     2     1    0.839
     2     2    7.413
     2     3    0.000
     3     0    1.772
     3     1    4.159
     3     2    0.118
     3     3    0.000
 mu_new=    -7.303
 Charge transfer:  iph  charge(iph)
       0   -0.296
       1    0.239
       2    0.265
       3   -0.192
              SCF ITERATION NUMBER  4  OUT OF  30
 Calculating energy and space dependent l-DOS.  It takes time ...
     point #   1  energy = -34.000
     Doing FMS for a cluster of   27 atoms around iph =   0 in fmsie
    0   FMS matrix (LUD) at point   1, number of state kets = 243
     Doing FMS for a cluster of   27 atoms around iph =   1 in fmsie
    0   FMS matrix (LUD) at point   1, number of state kets = 243
     Doing FMS for a cluster of   29 atoms around iph =   2 in fmsie
    0   FMS matrix (LUD) at point   1, number of state kets = 261
     Doing FMS for a cluster of   24 atoms around iph =   3 in fmsie
    0   FMS matrix (LUD) at point   1, number of state kets = 216
  Electronic configuration
   iph    il      N_el
     0     0    1.786
     0     1    4.342
     0     2    0.109
     0     3    0.000
     1     0    0.326
     1     1    6.399
     1     2    1.124
     1     3    0.000
     2     0    0.693
     2     1    0.829
     2     2    7.222
     2     3    0.000
     3     0    1.779
     3     1    4.269
     3     2    0.118
     3     3    0.000
 mu_new=    -7.226
 Charge transfer:  iph  charge(iph)
       0   -0.285
       1    0.220
       2    0.265
       3   -0.187
              SCF ITERATION NUMBER  5  OUT OF  30
 Calculating energy and space dependent l-DOS.  It takes time ...
     point #   1  energy = -34.000
     Doing FMS for a cluster of   27 atoms around iph =   0 in fmsie
    0   FMS matrix (LUD) at point   1, number of state kets = 243
     Doing FMS for a cluster of   27 atoms around iph =   1 in fmsie
    0   FMS matrix (LUD) at point   1, number of state kets = 243
     Doing FMS for a cluster of   29 atoms around iph =   2 in fmsie
    0   FMS matrix (LUD) at point   1, number of state kets = 261
     Doing FMS for a cluster of   24 atoms around iph =   3 in fmsie
    0   FMS matrix (LUD) at point   1, number of state kets = 216
  Electronic configuration
   iph    il      N_el
     0     0    1.789
     0     1    4.385
     0     2    0.109
     0     3    0.000
     1     0    0.321
     1     1    6.393
     1     2    1.098
     1     3    0.000
     2     0    0.690
     2     1    0.824
     2     2    7.211
     2     3    0.000
     3     0    1.780
     3     1    4.287
     3     2    0.117
     3     3    0.000
 mu_new=    -7.278
 Charge transfer:  iph  charge(iph)
       0   -0.284
       1    0.212
       2    0.267
       3   -0.187
              SCF ITERATION NUMBER  6  OUT OF  30
 Calculating energy and space dependent l-DOS.  It takes time ...
     point #   1  energy = -34.000
     Doing FMS for a cluster of   27 atoms around iph =   0 in fmsie
    0   FMS matrix (LUD) at point   1, number of state kets = 243
     Doing FMS for a cluster of   27 atoms around iph =   1 in fmsie
    0   FMS matrix (LUD) at point   1, number of state kets = 243
     Doing FMS for a cluster of   29 atoms around iph =   2 in fmsie
    0   FMS matrix (LUD) at point   1, number of state kets = 261
     Doing FMS for a cluster of   24 atoms around iph =   3 in fmsie
    0   FMS matrix (LUD) at point   1, number of state kets = 216
  Electronic configuration
   iph    il      N_el
     0     0    1.790
     0     1    4.370
     0     2    0.120
     0     3    0.000
     1     0    0.327
     1     1    6.397
     1     2    1.161
     1     3    0.000
     2     0    0.691
     2     1    0.830
     2     2    7.164
     2     3    0.000
     3     0    1.781
     3     1    4.276
     3     2    0.129
     3     3    0.000
 mu_new=    -7.278
 Charge transfer:  iph  charge(iph)
       0   -0.284
       1    0.216
       2    0.265
       3   -0.187
              SCF ITERATION NUMBER  7  OUT OF  30
 Calculating energy and space dependent l-DOS.  It takes time ...
     point #   1  energy = -34.000
     Doing FMS for a cluster of   27 atoms around iph =   0 in fmsie
    0   FMS matrix (LUD) at point   1, number of state kets = 243
     Doing FMS for a cluster of   27 atoms around iph =   1 in fmsie
    0   FMS matrix (LUD) at point   1, number of state kets = 243
     Doing FMS for a cluster of   29 atoms around iph =   2 in fmsie
    0   FMS matrix (LUD) at point   1, number of state kets = 261
     Doing FMS for a cluster of   24 atoms around iph =   3 in fmsie
    0   FMS matrix (LUD) at point   1, number of state kets = 216
  Electronic configuration
   iph    il      N_el
     0     0    1.790
     0     1    4.376
     0     2    0.117
     0     3    0.000
     1     0    0.325
     1     1    6.396
     1     2    1.143
     1     3    0.000
     2     0    0.691
     2     1    0.828
     2     2    7.175
     2     3    0.000
     3     0    1.781
     3     1    4.281
     3     2    0.125
     3     3    0.000
 mu_new=    -7.278
 Charge transfer:  iph  charge(iph)
       0   -0.287
       1    0.239
       2    0.257
       3   -0.188
              SCF ITERATION NUMBER  8  OUT OF  30
 Calculating energy and space dependent l-DOS.  It takes time ...
     point #   1  energy = -34.000
     Doing FMS for a cluster of   27 atoms around iph =   0 in fmsie
    0   FMS matrix (LUD) at point   1, number of state kets = 243
     Doing FMS for a cluster of   27 atoms around iph =   1 in fmsie
    0   FMS matrix (LUD) at point   1, number of state kets = 243
     Doing FMS for a cluster of   29 atoms around iph =   2 in fmsie
    0   FMS matrix (LUD) at point   1, number of state kets = 261
     Doing FMS for a cluster of   24 atoms around iph =   3 in fmsie
    0   FMS matrix (LUD) at point   1, number of state kets = 216
  Electronic configuration
   iph    il      N_el
     0     0    1.789
     0     1    4.386
     0     2    0.109
     0     3    0.000
     1     0    0.323
     1     1    6.395
     1     2    1.108
     1     3    0.000
     2     0    0.689
     2     1    0.824
     2     2    7.198
     2     3    0.000
     3     0    1.781
     3     1    4.289
     3     2    0.118
     3     3    0.000
 mu_new=    -7.278
 Charge transfer:  iph  charge(iph)
       0   -0.293
       1    0.307
       2    0.230
       3   -0.192
negative dens  10  0-2852.477990 - usually due to harmless precision errors, but check DOS to make sure
negative dens  10  3 -929.010067 - usually due to harmless precision errors, but check DOS to make sure
              SCF ITERATION NUMBER  9  OUT OF  30
 Calculating energy and space dependent l-DOS.  It takes time ...
     point #   1  energy = -34.000
     Doing FMS for a cluster of   27 atoms around iph =   0 in fmsie
    0   FMS matrix (LUD) at point   1, number of state kets = 243
     Doing FMS for a cluster of   27 atoms around iph =   1 in fmsie
    0   FMS matrix (LUD) at point   1, number of state kets = 243
     Doing FMS for a cluster of   29 atoms around iph =   2 in fmsie
    0   FMS matrix (LUD) at point   1, number of state kets = 261
     Doing FMS for a cluster of   24 atoms around iph =   3 in fmsie
    0   FMS matrix (LUD) at point   1, number of state kets = 216
  Electronic configuration
   iph    il      N_el
     0     0    1.789
     0     1    4.383
     0     2    0.109
     0     3    0.000
     1     0    0.329
     1     1    6.405
     1     2    1.148
     1     3    0.000
     2     0    0.688
     2     1    0.825
     2     2    7.159
     2     3    0.000
     3     0    1.781
     3     1    4.294
     3     2    0.118
     3     3    0.000
 mu_new=    -7.219
 Charge transfer:  iph  charge(iph)
       0   -0.283
       1    0.198
       2    0.272
       3   -0.186
              SCF ITERATION NUMBER 10  OUT OF  30
 Calculating energy and space dependent l-DOS.  It takes time ...
     point #   1  energy = -34.000
     Doing FMS for a cluster of   27 atoms around iph =   0 in fmsie
    0   FMS matrix (LUD) at point   1, number of state kets = 243
     Doing FMS for a cluster of   27 atoms around iph =   1 in fmsie
    0   FMS matrix (LUD) at point   1, number of state kets = 243
     Doing FMS for a cluster of   29 atoms around iph =   2 in fmsie
    0   FMS matrix (LUD) at point   1, number of state kets = 261
     Doing FMS for a cluster of   24 atoms around iph =   3 in fmsie
    0   FMS matrix (LUD) at point   1, number of state kets = 216
  Electronic configuration
   iph    il      N_el
     0     0    1.789
     0     1    4.389
     0     2    0.108
     0     3    0.000
     1     0    0.318
     1     1    6.388
     1     2    1.079
     1     3    0.000
     2     0    0.690
     2     1    0.822
     2     2    7.225
     2     3    0.000
     3     0    1.780
     3     1    4.288
     3     2    0.117
     3     3    0.000
 mu_new=    -7.342
 Charge transfer:  iph  charge(iph)
       0   -0.285
       1    0.205
       2    0.270
       3   -0.186
              SCF ITERATION NUMBER 11  OUT OF  30
 Calculating energy and space dependent l-DOS.  It takes time ...
     point #   1  energy = -34.000
     Doing FMS for a cluster of   27 atoms around iph =   0 in fmsie
    0   FMS matrix (LUD) at point   1, number of state kets = 243
     Doing FMS for a cluster of   27 atoms around iph =   1 in fmsie
    0   FMS matrix (LUD) at point   1, number of state kets = 243
     Doing FMS for a cluster of   29 atoms around iph =   2 in fmsie
    0   FMS matrix (LUD) at point   1, number of state kets = 261
     Doing FMS for a cluster of   24 atoms around iph =   3 in fmsie
    0   FMS matrix (LUD) at point   1, number of state kets = 216
  Electronic configuration
   iph    il      N_el
     0     0    1.789
     0     1    4.386
     0     2    0.110
     0     3    0.000
     1     0    0.320
     1     1    6.390
     1     2    1.095
     1     3    0.000
     2     0    0.690
     2     1    0.823
     2     2    7.213
     2     3    0.000
     3     0    1.781
     3     1    4.286
     3     2    0.119
     3     3    0.000
 mu_new=    -7.342
 Charge transfer:  iph  charge(iph)
       0   -0.285
       1    0.202
       2    0.271
       3   -0.186
              SCF ITERATION NUMBER 12  OUT OF  30
 Calculating energy and space dependent l-DOS.  It takes time ...
     point #   1  energy = -34.000
     Doing FMS for a cluster of   27 atoms around iph =   0 in fmsie
    0   FMS matrix (LUD) at point   1, number of state kets = 243
     Doing FMS for a cluster of   27 atoms around iph =   1 in fmsie
    0   FMS matrix (LUD) at point   1, number of state kets = 243
     Doing FMS for a cluster of   29 atoms around iph =   2 in fmsie
    0   FMS matrix (LUD) at point   1, number of state kets = 261
     Doing FMS for a cluster of   24 atoms around iph =   3 in fmsie
    0   FMS matrix (LUD) at point   1, number of state kets = 216
  Electronic configuration
   iph    il      N_el
     0     0    1.790
     0     1    4.381
     0     2    0.113
     0     3    0.000
     1     0    0.321
     1     1    6.391
     1     2    1.112
     1     3    0.000
     2     0    0.690
     2     1    0.825
     2     2    7.201
     2     3    0.000
     3     0    1.781
     3     1    4.283
     3     2    0.122
     3     3    0.000
 mu_new=    -7.342
 Charge transfer:  iph  charge(iph)
       0   -0.285
       1    0.204
       2    0.270
       3   -0.186
              SCF ITERATION NUMBER 13  OUT OF  30
 Calculating energy and space dependent l-DOS.  It takes time ...
     point #   1  energy = -34.000
     Doing FMS for a cluster of   27 atoms around iph =   0 in fmsie
    0   FMS matrix (LUD) at point   1, number of state kets = 243
     Doing FMS for a cluster of   27 atoms around iph =   1 in fmsie
    0   FMS matrix (LUD) at point   1, number of state kets = 243
     Doing FMS for a cluster of   29 atoms around iph =   2 in fmsie
    0   FMS matrix (LUD) at point   1, number of state kets = 261
     Doing FMS for a cluster of   24 atoms around iph =   3 in fmsie
    0   FMS matrix (LUD) at point   1, number of state kets = 216
  Electronic configuration
   iph    il      N_el
     0     0    1.790
     0     1    4.382
     0     2    0.113
     0     3    0.000
     1     0    0.321
     1     1    6.391
     1     2    1.109
     1     3    0.000
     2     0    0.690
     2     1    0.824
     2     2    7.202
     2     3    0.000
     3     0    1.781
     3     1    4.284
     3     2    0.121
     3     3    0.000
 mu_new=    -7.342
 Charge transfer:  iph  charge(iph)
       0   -0.295
       1    0.312
       2    0.228
       3   -0.192
negative dens  10  0-4703.876454 - usually due to harmless precision errors, but check DOS to make sure
negative dens  10  3-2724.855165 - usually due to harmless precision errors, but check DOS to make sure
              SCF ITERATION NUMBER 14  OUT OF  30
 Calculating energy and space dependent l-DOS.  It takes time ...
     point #   1  energy = -34.000
     Doing FMS for a cluster of   27 atoms around iph =   0 in fmsie
    0   FMS matrix (LUD) at point   1, number of state kets = 243
     Doing FMS for a cluster of   27 atoms around iph =   1 in fmsie
    0   FMS matrix (LUD) at point   1, number of state kets = 243
     Doing FMS for a cluster of   29 atoms around iph =   2 in fmsie
    0   FMS matrix (LUD) at point   1, number of state kets = 261
     Doing FMS for a cluster of   24 atoms around iph =   3 in fmsie
    0   FMS matrix (LUD) at point   1, number of state kets = 216
  Electronic configuration
   iph    il      N_el
     0     0    1.789
     0     1    4.385
     0     2    0.109
     0     3    0.000
     1     0    0.327
     1     1    6.403
     1     2    1.142
     1     3    0.000
     2     0    0.688
     2     1    0.824
     2     2    7.164
     2     3    0.000
     3     0    1.781
     3     1    4.295
     3     2    0.117
     3     3    0.000
 mu_new=    -7.257
 Charge transfer:  iph  charge(iph)
       0   -0.285
       1    0.203
       2    0.271
       3   -0.186
              SCF ITERATION NUMBER 15  OUT OF  30
 Calculating energy and space dependent l-DOS.  It takes time ...
     point #   1  energy = -34.000
     Doing FMS for a cluster of   27 atoms around iph =   0 in fmsie
    0   FMS matrix (LUD) at point   1, number of state kets = 243
     Doing FMS for a cluster of   27 atoms around iph =   1 in fmsie
    0   FMS matrix (LUD) at point   1, number of state kets = 243
     Doing FMS for a cluster of   29 atoms around iph =   2 in fmsie
    0   FMS matrix (LUD) at point   1, number of state kets = 261
     Doing FMS for a cluster of   24 atoms around iph =   3 in fmsie
    0   FMS matrix (LUD) at point   1, number of state kets = 216
  Electronic configuration
   iph    il      N_el
     0     0    1.789
     0     1    4.389
     0     2    0.108
     0     3    0.000
     1     0    0.318
     1     1    6.388
     1     2    1.078
     1     3    0.000
     2     0    0.689
     2     1    0.821
     2     2    7.226
     2     3    0.000
     3     0    1.781
     3     1    4.288
     3     2    0.117
     3     3    0.000
 mu_new=    -7.368
 Charge transfer:  iph  charge(iph)
       0   -0.287
       1    0.217
       2    0.265
       3   -0.187
              SCF ITERATION NUMBER 16  OUT OF  30
 Calculating energy and space dependent l-DOS.  It takes time ...
     point #   1  energy = -34.000
     Doing FMS for a cluster of   27 atoms around iph =   0 in fmsie
    0   FMS matrix (LUD) at point   1, number of state kets = 243
     Doing FMS for a cluster of   27 atoms around iph =   1 in fmsie
    0   FMS matrix (LUD) at point   1, number of state kets = 243
     Doing FMS for a cluster of   29 atoms around iph =   2 in fmsie
    0   FMS matrix (LUD) at point   1, number of state kets = 261
     Doing FMS for a cluster of   24 atoms around iph =   3 in fmsie
    0   FMS matrix (LUD) at point   1, number of state kets = 216
  Electronic configuration
   iph    il      N_el
     0     0    1.789
     0     1    4.389
     0     2    0.108
     0     3    0.000
     1     0    0.319
     1     1    6.389
     1     2    1.085
     1     3    0.000
     2     0    0.689
     2     1    0.821
     2     2    7.219
     2     3    0.000
     3     0    1.781
     3     1    4.289
     3     2    0.117
     3     3    0.000
 mu_new=    -7.356
 Charge transfer:  iph  charge(iph)
       0   -0.287
       1    0.216
       2    0.266
       3   -0.187
              SCF ITERATION NUMBER 17  OUT OF  30
 Calculating energy and space dependent l-DOS.  It takes time ...
     point #   1  energy = -34.000
     Doing FMS for a cluster of   27 atoms around iph =   0 in fmsie
    0   FMS matrix (LUD) at point   1, number of state kets = 243
     Doing FMS for a cluster of   27 atoms around iph =   1 in fmsie
    0   FMS matrix (LUD) at point   1, number of state kets = 243
     Doing FMS for a cluster of   29 atoms around iph =   2 in fmsie
    0   FMS matrix (LUD) at point   1, number of state kets = 261
     Doing FMS for a cluster of   24 atoms around iph =   3 in fmsie
    0   FMS matrix (LUD) at point   1, number of state kets = 216
  Electronic configuration
   iph    il      N_el
     0     0    1.789
     0     1    4.388
     0     2    0.109
     0     3    0.000
     1     0    0.319
     1     1    6.390
     1     2    1.089
     1     3    0.000
     2     0    0.689
     2     1    0.822
     2     2    7.217
     2     3    0.000
     3     0    1.781
     3     1    4.289
     3     2    0.117
     3     3    0.000
 mu_new=    -7.356
 Charge transfer:  iph  charge(iph)
       0   -0.287
       1    0.224
       2    0.263
       3   -0.187
              SCF ITERATION NUMBER 18  OUT OF  30
 Calculating energy and space dependent l-DOS.  It takes time ...
     point #   1  energy = -34.000
     Doing FMS for a cluster of   27 atoms around iph =   0 in fmsie
    0   FMS matrix (LUD) at point   1, number of state kets = 243
     Doing FMS for a cluster of   27 atoms around iph =   1 in fmsie
    0   FMS matrix (LUD) at point   1, number of state kets = 243
     Doing FMS for a cluster of   29 atoms around iph =   2 in fmsie
    0   FMS matrix (LUD) at point   1, number of state kets = 261
     Doing FMS for a cluster of   24 atoms around iph =   3 in fmsie
    0   FMS matrix (LUD) at point   1, number of state kets = 216
  Electronic configuration
   iph    il      N_el
     0     0    1.789
     0     1    4.388
     0     2    0.108
     0     3    0.000
     1     0    0.319
     1     1    6.390
     1     2    1.089
     1     3    0.000
     2     0    0.689
     2     1    0.822
     2     2    7.216
     2     3    0.000
     3     0    1.781
     3     1    4.290
     3     2    0.117
     3     3    0.000
 mu_new=    -7.350
 Charge transfer:  iph  charge(iph)
       0   -0.286
       1    0.204
       2    0.270
       3   -0.186
              SCF ITERATION NUMBER 19  OUT OF  30
 Calculating energy and space dependent l-DOS.  It takes time ...
     point #   1  energy = -34.000
     Doing FMS for a cluster of   27 atoms around iph =   0 in fmsie
    0   FMS matrix (LUD) at point   1, number of state kets = 243
     Doing FMS for a cluster of   27 atoms around iph =   1 in fmsie
    0   FMS matrix (LUD) at point   1, number of state kets = 243
     Doing FMS for a cluster of   29 atoms around iph =   2 in fmsie
    0   FMS matrix (LUD) at point   1, number of state kets = 261
     Doing FMS for a cluster of   24 atoms around iph =   3 in fmsie
    0   FMS matrix (LUD) at point   1, number of state kets = 216
  Electronic configuration
   iph    il      N_el
     0     0    1.790
     0     1    4.380
     0     2    0.114
     0     3    0.000
     1     0    0.321
     1     1    6.391
     1     2    1.114
     1     3    0.000
     2     0    0.690
     2     1    0.825
     2     2    7.199
     2     3    0.000
     3     0    1.781
     3     1    4.283
     3     2    0.122
     3     3    0.000
 mu_new=    -7.350
 Charge transfer:  iph  charge(iph)
       0   -0.289
       1    0.243
       2    0.255
       3   -0.188
              SCF ITERATION NUMBER 20  OUT OF  30
 Calculating energy and space dependent l-DOS.  It takes time ...
     point #   1  energy = -34.000
     Doing FMS for a cluster of   27 atoms around iph =   0 in fmsie
    0   FMS matrix (LUD) at point   1, number of state kets = 243
     Doing FMS for a cluster of   27 atoms around iph =   1 in fmsie
    0   FMS matrix (LUD) at point   1, number of state kets = 243
     Doing FMS for a cluster of   29 atoms around iph =   2 in fmsie
    0   FMS matrix (LUD) at point   1, number of state kets = 261
     Doing FMS for a cluster of   24 atoms around iph =   3 in fmsie
    0   FMS matrix (LUD) at point   1, number of state kets = 216
  Electronic configuration
   iph    il      N_el
     0     0    1.789
     0     1    4.388
     0     2    0.108
     0     3    0.000
     1     0    0.321
     1     1    6.393
     1     2    1.099
     1     3    0.000
     2     0    0.689
     2     1    0.822
     2     2    7.205
     2     3    0.000
     3     0    1.781
     3     1    4.291
     3     2    0.117
     3     3    0.000
 mu_new=    -7.331
 Charge transfer:  iph  charge(iph)
       0   -0.283
       1    0.167
       2    0.285
       3   -0.184
              SCF ITERATION NUMBER 21  OUT OF  30
 Calculating energy and space dependent l-DOS.  It takes time ...
     point #   1  energy = -34.000
     Doing FMS for a cluster of   27 atoms around iph =   0 in fmsie
    0   FMS matrix (LUD) at point   1, number of state kets = 243
     Doing FMS for a cluster of   27 atoms around iph =   1 in fmsie
    0   FMS matrix (LUD) at point   1, number of state kets = 243
     Doing FMS for a cluster of   29 atoms around iph =   2 in fmsie
    0   FMS matrix (LUD) at point   1, number of state kets = 261
     Doing FMS for a cluster of   24 atoms around iph =   3 in fmsie
    0   FMS matrix (LUD) at point   1, number of state kets = 216
  Electronic configuration
   iph    il      N_el
     0     0    1.789
     0     1    4.391
     0     2    0.108
     0     3    0.000
     1     0    0.314
     1     1    6.382
     1     2    1.058
     1     3    0.000
     2     0    0.690
     2     1    0.820
     2     2    7.247
     2     3    0.000
     3     0    1.780
     3     1    4.286
     3     2    0.116
     3     3    0.000
 mu_new=    -7.409
 Charge transfer:  iph  charge(iph)
       0   -0.286
       1    0.204
       2    0.270
       3   -0.186
              SCF ITERATION NUMBER 22  OUT OF  30
 Calculating energy and space dependent l-DOS.  It takes time ...
     point #   1  energy = -34.000
     Doing FMS for a cluster of   27 atoms around iph =   0 in fmsie
    0   FMS matrix (LUD) at point   1, number of state kets = 243
     Doing FMS for a cluster of   27 atoms around iph =   1 in fmsie
    0   FMS matrix (LUD) at point   1, number of state kets = 243
     Doing FMS for a cluster of   29 atoms around iph =   2 in fmsie
    0   FMS matrix (LUD) at point   1, number of state kets = 261
     Doing FMS for a cluster of   24 atoms around iph =   3 in fmsie
    0   FMS matrix (LUD) at point   1, number of state kets = 216
  Electronic configuration
   iph    il      N_el
     0     0    1.789
     0     1    4.390
     0     2    0.108
     0     3    0.000
     1     0    0.318
     1     1    6.388
     1     2    1.078
     1     3    0.000
     2     0    0.689
     2     1    0.821
     2     2    7.226
     2     3    0.000
     3     0    1.781
     3     1    4.289
     3     2    0.117
     3     3    0.000
 mu_new=    -7.370
 Charge transfer:  iph  charge(iph)
       0   -0.286
       1    0.207
       2    0.269
       3   -0.186
              SCF ITERATION NUMBER 23  OUT OF  30
 Calculating energy and space dependent l-DOS.  It takes time ...
     point #   1  energy = -34.000
     Doing FMS for a cluster of   27 atoms around iph =   0 in fmsie
    0   FMS matrix (LUD) at point   1, number of state kets = 243
     Doing FMS for a cluster of   27 atoms around iph =   1 in fmsie
    0   FMS matrix (LUD) at point   1, number of state kets = 243
     Doing FMS for a cluster of   29 atoms around iph =   2 in fmsie
    0   FMS matrix (LUD) at point   1, number of state kets = 261
     Doing FMS for a cluster of   24 atoms around iph =   3 in fmsie
    0   FMS matrix (LUD) at point   1, number of state kets = 216
  Electronic configuration
   iph    il      N_el
     0     0    1.789
     0     1    4.389
     0     2    0.108
     0     3    0.000
     1     0    0.318
     1     1    6.388
     1     2    1.079
     1     3    0.000
     2     0    0.689
     2     1    0.821
     2     2    7.225
     2     3    0.000
     3     0    1.781
     3     1    4.289
     3     2    0.117
     3     3    0.000
 mu_new=    -7.368
 Charge transfer:  iph  charge(iph)
       0   -0.286
       1    0.212
       2    0.267
       3   -0.186
              SCF ITERATION NUMBER 24  OUT OF  30
 Calculating energy and space dependent l-DOS.  It takes time ...
     point #   1  energy = -34.000
     Doing FMS for a cluster of   27 atoms around iph =   0 in fmsie
    0   FMS matrix (LUD) at point   1, number of state kets = 243
     Doing FMS for a cluster of   27 atoms around iph =   1 in fmsie
    0   FMS matrix (LUD) at point   1, number of state kets = 243
     Doing FMS for a cluster of   29 atoms around iph =   2 in fmsie
    0   FMS matrix (LUD) at point   1, number of state kets = 261
     Doing FMS for a cluster of   24 atoms around iph =   3 in fmsie
    0   FMS matrix (LUD) at point   1, number of state kets = 216
  Electronic configuration
   iph    il      N_el
     0     0    1.789
     0     1    4.389
     0     2    0.108
     0     3    0.000
     1     0    0.318
     1     1    6.389
     1     2    1.082
     1     3    0.000
     2     0    0.689
     2     1    0.821
     2     2    7.222
     2     3    0.000
     3     0    1.781
     3     1    4.289
     3     2    0.117
     3     3    0.000
 mu_new=    -7.363
 Charge transfer:  iph  charge(iph)
       0   -0.286
       1    0.211
       2    0.267
       3   -0.186
              SCF ITERATION NUMBER 25  OUT OF  30
 Calculating energy and space dependent l-DOS.  It takes time ...
     point #   1  energy = -34.000
     Doing FMS for a cluster of   27 atoms around iph =   0 in fmsie
    0   FMS matrix (LUD) at point   1, number of state kets = 243
     Doing FMS for a cluster of   27 atoms around iph =   1 in fmsie
    0   FMS matrix (LUD) at point   1, number of state kets = 243
     Doing FMS for a cluster of   29 atoms around iph =   2 in fmsie
    0   FMS matrix (LUD) at point   1, number of state kets = 261
     Doing FMS for a cluster of   24 atoms around iph =   3 in fmsie
    0   FMS matrix (LUD) at point   1, number of state kets = 216
  Electronic configuration
   iph    il      N_el
     0     0    1.789
     0     1    4.389
     0     2    0.108
     0     3    0.000
     1     0    0.318
     1     1    6.389
     1     2    1.082
     1     3    0.000
     2     0    0.689
     2     1    0.821
     2     2    7.222
     2     3    0.000
     3     0    1.781
     3     1    4.289
     3     2    0.117
     3     3    0.000
 mu_new=    -7.363
 Charge transfer:  iph  charge(iph)
       0   -0.286
       1    0.211
       2    0.267
       3   -0.186
              SCF ITERATION NUMBER 26  OUT OF  30
 Calculating energy and space dependent l-DOS.  It takes time ...
     point #   1  energy = -34.000
     Doing FMS for a cluster of   27 atoms around iph =   0 in fmsie
    0   FMS matrix (LUD) at point   1, number of state kets = 243
     Doing FMS for a cluster of   27 atoms around iph =   1 in fmsie
    0   FMS matrix (LUD) at point   1, number of state kets = 243
     Doing FMS for a cluster of   29 atoms around iph =   2 in fmsie
    0   FMS matrix (LUD) at point   1, number of state kets = 261
     Doing FMS for a cluster of   24 atoms around iph =   3 in fmsie
    0   FMS matrix (LUD) at point   1, number of state kets = 216
  Electronic configuration
   iph    il      N_el
     0     0    1.789
     0     1    4.389
     0     2    0.108
     0     3    0.000
     1     0    0.318
     1     1    6.389
     1     2    1.082
     1     3    0.000
     2     0    0.689
     2     1    0.821
     2     2    7.222
     2     3    0.000
     3     0    1.781
     3     1    4.289
     3     2    0.117
     3     3    0.000
 mu_new=    -7.363
 Charge transfer:  iph  charge(iph)
       0   -0.286
       1    0.211
       2    0.267
       3   -0.186
 Convergence reached.
 Done with module 1: potentials.
 total time       18.3692119121552     
 communicate time  0.151158571243286     
