 Number of processors =           12
 Calculating LDOS ...
              LDOS calculation for specified grid
 Calculating energy and space dependent l-DOS.
 It takes time ...
     potential type  0
     potential type  1
     potential type  2
     potential type  3
 Number of energy points = 101
 Doing FMS for a cluster of 120 atoms around iph =  0
    7   FMS matrix (LUD) at point  20, number of state kets =1920
    3   FMS matrix (LUD) at point  40, number of state kets =1920
   11   FMS matrix (LUD) at point  60, number of state kets =1920
    7   FMS matrix (LUD) at point  80, number of state kets =1920
    3   FMS matrix (LUD) at point 100, number of state kets =1920
 Number of energy points = 101
 Doing FMS for a cluster of 119 atoms around iph =  1
    7   FMS matrix (LUD) at point  20, number of state kets =1904
    3   FMS matrix (LUD) at point  40, number of state kets =1904
   11   FMS matrix (LUD) at point  60, number of state kets =1904
    7   FMS matrix (LUD) at point  80, number of state kets =1904
    3   FMS matrix (LUD) at point 100, number of state kets =1904
 Number of energy points = 101
 Doing FMS for a cluster of 111 atoms around iph =  2
    7   FMS matrix (LUD) at point  20, number of state kets =1776
    3   FMS matrix (LUD) at point  40, number of state kets =1776
   11   FMS matrix (LUD) at point  60, number of state kets =1776
    7   FMS matrix (LUD) at point  80, number of state kets =1776
    3   FMS matrix (LUD) at point 100, number of state kets =1776
 Number of energy points = 101
 Doing FMS for a cluster of 113 atoms around iph =  3
    7   FMS matrix (LUD) at point  20, number of state kets =1808
    3   FMS matrix (LUD) at point  40, number of state kets =1808
   11   FMS matrix (LUD) at point  60, number of state kets =1808
    7   FMS matrix (LUD) at point  80, number of state kets =1808
    3   FMS matrix (LUD) at point 100, number of state kets =1808
 Calculating chi and rho...    0
 Calculating chi and rho...    1
 Calculating chi and rho...    2
 Calculating chi and rho...    3
 Done with LDOS.
 total time       53.9143829345703     
 communicate time  9.612488746643066E-002
