 Number of processors =           12
 Calculating potentials ...
muffin tin radii and interstitial parameters
 iph, rnrm(iph)*bohr, rmt(iph)*bohr, folp(iph)
    0  1.03777E+00  9.50228E-01  1.15000E+00
    1  1.84714E+00  1.78195E+00  1.09334E+00
    2  1.40810E+00  1.22379E+00  1.15000E+00
    3  1.09578E+00  1.01404E+00  1.15000E+00
              Core-valence separation
 ecv=   -33.500
 mu_old=     2.061
              SCF ITERATION NUMBER  1  OUT OF  30
 Calculating energy and space dependent l-DOS.  It takes time ...
     point #   1  energy = -33.500
     Doing FMS for a cluster of   24 atoms around iph =   0 in fmsie
    0   FMS matrix (LUD) at point   1, number of state kets = 216
     Doing FMS for a cluster of   24 atoms around iph =   1 in fmsie
    0   FMS matrix (LUD) at point   1, number of state kets = 216
     Doing FMS for a cluster of   27 atoms around iph =   2 in fmsie
    0   FMS matrix (LUD) at point   1, number of state kets = 243
     Doing FMS for a cluster of   28 atoms around iph =   3 in fmsie
    0   FMS matrix (LUD) at point   1, number of state kets = 252
     point # 100  energy =  -7.415
  Electronic configuration
   iph    il      N_el
     0     0    1.809
     0     1    4.643
     0     2    0.105
     0     3    0.000
     1     0    0.294
     1     1    6.400
     1     2    0.916
     1     3    0.000
     2     0    0.625
     2     1    0.763
     2     2    6.179
     2     3    0.000
     3     0    1.880
     3     1    4.847
     3     2    0.086
     3     3    0.000
 mu_new=    -7.534
 Charge transfer:  iph  charge(iph)
       0   -0.106
       1    0.082
       2    0.275
       3   -0.158
              SCF ITERATION NUMBER  2  OUT OF  30
 Calculating energy and space dependent l-DOS.  It takes time ...
     point #   1  energy = -33.500
     Doing FMS for a cluster of   24 atoms around iph =   0 in fmsie
    0   FMS matrix (LUD) at point   1, number of state kets = 216
     Doing FMS for a cluster of   24 atoms around iph =   1 in fmsie
    0   FMS matrix (LUD) at point   1, number of state kets = 216
     Doing FMS for a cluster of   27 atoms around iph =   2 in fmsie
    0   FMS matrix (LUD) at point   1, number of state kets = 243
     Doing FMS for a cluster of   28 atoms around iph =   3 in fmsie
    0   FMS matrix (LUD) at point   1, number of state kets = 252
  Electronic configuration
   iph    il      N_el
     0     0    1.792
     0     1    4.396
     0     2    0.102
     0     3    0.000
     1     0    0.296
     1     1    6.400
     1     2    0.909
     1     3    0.000
     2     0    0.662
     2     1    0.777
     2     2    6.967
     2     3    0.000
     3     0    1.852
     3     1    4.461
     3     2    0.083
     3     3    0.000
 mu_new=    -8.077
 Charge transfer:  iph  charge(iph)
       0   -0.259
       1    0.341
       2    0.540
       3   -0.355
              SCF ITERATION NUMBER  3  OUT OF  30
 Calculating energy and space dependent l-DOS.  It takes time ...
     point #   1  energy = -33.500
     Doing FMS for a cluster of   24 atoms around iph =   0 in fmsie
    0   FMS matrix (LUD) at point   1, number of state kets = 216
     Doing FMS for a cluster of   24 atoms around iph =   1 in fmsie
    0   FMS matrix (LUD) at point   1, number of state kets = 216
     Doing FMS for a cluster of   27 atoms around iph =   2 in fmsie
    0   FMS matrix (LUD) at point   1, number of state kets = 243
     Doing FMS for a cluster of   28 atoms around iph =   3 in fmsie
    0   FMS matrix (LUD) at point   1, number of state kets = 252
  Electronic configuration
   iph    il      N_el
     0     0    1.774
     0     1    4.106
     0     2    0.104
     0     3    0.000
     1     0    0.312
     1     1    6.418
     1     2    0.990
     1     3    0.000
     2     0    0.687
     2     1    0.797
     2     2    7.238
     2     3    0.000
     3     0    1.842
     3     1    4.281
     3     2    0.086
     3     3    0.000
 mu_new=    -7.802
 Charge transfer:  iph  charge(iph)
       0   -0.210
       1    0.356
       2    0.506
       3   -0.342
              SCF ITERATION NUMBER  4  OUT OF  30
 Calculating energy and space dependent l-DOS.  It takes time ...
     point #   1  energy = -33.500
     Doing FMS for a cluster of   24 atoms around iph =   0 in fmsie
    0   FMS matrix (LUD) at point   1, number of state kets = 216
     Doing FMS for a cluster of   24 atoms around iph =   1 in fmsie
    0   FMS matrix (LUD) at point   1, number of state kets = 216
     Doing FMS for a cluster of   27 atoms around iph =   2 in fmsie
    0   FMS matrix (LUD) at point   1, number of state kets = 243
     Doing FMS for a cluster of   28 atoms around iph =   3 in fmsie
    0   FMS matrix (LUD) at point   1, number of state kets = 252
  Electronic configuration
   iph    il      N_el
     0     0    1.783
     0     1    4.273
     0     2    0.104
     0     3    0.000
     1     0    0.308
     1     1    6.414
     1     2    0.977
     1     3    0.000
     2     0    0.676
     2     1    0.793
     2     2    7.030
     2     3    0.000
     3     0    1.848
     3     1    4.392
     3     2    0.086
     3     3    0.000
 mu_new=    -7.665
 Charge transfer:  iph  charge(iph)
       0   -0.200
       1    0.348
       2    0.509
       3   -0.341
              SCF ITERATION NUMBER  5  OUT OF  30
 Calculating energy and space dependent l-DOS.  It takes time ...
     point #   1  energy = -33.500
     Doing FMS for a cluster of   24 atoms around iph =   0 in fmsie
    0   FMS matrix (LUD) at point   1, number of state kets = 216
     Doing FMS for a cluster of   24 atoms around iph =   1 in fmsie
    0   FMS matrix (LUD) at point   1, number of state kets = 216
     Doing FMS for a cluster of   27 atoms around iph =   2 in fmsie
    0   FMS matrix (LUD) at point   1, number of state kets = 243
     Doing FMS for a cluster of   28 atoms around iph =   3 in fmsie
    0   FMS matrix (LUD) at point   1, number of state kets = 252
  Electronic configuration
   iph    il      N_el
     0     0    1.785
     0     1    4.303
     0     2    0.104
     0     3    0.000
     1     0    0.305
     1     1    6.410
     1     2    0.963
     1     3    0.000
     2     0    0.674
     2     1    0.790
     2     2    7.018
     2     3    0.000
     3     0    1.848
     3     1    4.405
     3     2    0.085
     3     3    0.000
 mu_new=    -7.711
 Charge transfer:  iph  charge(iph)
       0   -0.198
       1    0.343
       2    0.511
       3   -0.341
              SCF ITERATION NUMBER  6  OUT OF  30
 Calculating energy and space dependent l-DOS.  It takes time ...
     point #   1  energy = -33.500
     Doing FMS for a cluster of   24 atoms around iph =   0 in fmsie
    0   FMS matrix (LUD) at point   1, number of state kets = 216
     Doing FMS for a cluster of   24 atoms around iph =   1 in fmsie
    0   FMS matrix (LUD) at point   1, number of state kets = 216
     Doing FMS for a cluster of   27 atoms around iph =   2 in fmsie
    0   FMS matrix (LUD) at point   1, number of state kets = 243
     Doing FMS for a cluster of   28 atoms around iph =   3 in fmsie
    0   FMS matrix (LUD) at point   1, number of state kets = 252
  Electronic configuration
   iph    il      N_el
     0     0    1.786
     0     1    4.307
     0     2    0.104
     0     3    0.000
     1     0    0.304
     1     1    6.408
     1     2    0.956
     1     3    0.000
     2     0    0.674
     2     1    0.789
     2     2    7.023
     2     3    0.000
     3     0    1.848
     3     1    4.407
     3     2    0.085
     3     3    0.000
 mu_new=    -7.751
 Charge transfer:  iph  charge(iph)
       0   -0.197
       1    0.339
       2    0.513
       3   -0.341
              SCF ITERATION NUMBER  7  OUT OF  30
 Calculating energy and space dependent l-DOS.  It takes time ...
     point #   1  energy = -33.500
     Doing FMS for a cluster of   24 atoms around iph =   0 in fmsie
    0   FMS matrix (LUD) at point   1, number of state kets = 216
     Doing FMS for a cluster of   24 atoms around iph =   1 in fmsie
    0   FMS matrix (LUD) at point   1, number of state kets = 216
     Doing FMS for a cluster of   27 atoms around iph =   2 in fmsie
    0   FMS matrix (LUD) at point   1, number of state kets = 243
     Doing FMS for a cluster of   28 atoms around iph =   3 in fmsie
    0   FMS matrix (LUD) at point   1, number of state kets = 252
  Electronic configuration
   iph    il      N_el
     0     0    1.786
     0     1    4.309
     0     2    0.104
     0     3    0.000
     1     0    0.302
     1     1    6.406
     1     2    0.948
     1     3    0.000
     2     0    0.673
     2     1    0.788
     2     2    7.028
     2     3    0.000
     3     0    1.848
     3     1    4.408
     3     2    0.085
     3     3    0.000
 mu_new=    -7.794
 Charge transfer:  iph  charge(iph)
       0   -0.198
       1    0.340
       2    0.513
       3   -0.341
              SCF ITERATION NUMBER  8  OUT OF  30
 Calculating energy and space dependent l-DOS.  It takes time ...
     point #   1  energy = -33.500
     Doing FMS for a cluster of   24 atoms around iph =   0 in fmsie
    0   FMS matrix (LUD) at point   1, number of state kets = 216
     Doing FMS for a cluster of   24 atoms around iph =   1 in fmsie
    0   FMS matrix (LUD) at point   1, number of state kets = 216
     Doing FMS for a cluster of   27 atoms around iph =   2 in fmsie
    0   FMS matrix (LUD) at point   1, number of state kets = 243
     Doing FMS for a cluster of   28 atoms around iph =   3 in fmsie
    0   FMS matrix (LUD) at point   1, number of state kets = 252
  Electronic configuration
   iph    il      N_el
     0     0    1.786
     0     1    4.306
     0     2    0.104
     0     3    0.000
     1     0    0.303
     1     1    6.406
     1     2    0.952
     1     3    0.000
     2     0    0.674
     2     1    0.788
     2     2    7.025
     2     3    0.000
     3     0    1.848
     3     1    4.407
     3     2    0.086
     3     3    0.000
 mu_new=    -7.794
 Charge transfer:  iph  charge(iph)
       0   -0.197
       1    0.339
       2    0.513
       3   -0.341
              SCF ITERATION NUMBER  9  OUT OF  30
 Calculating energy and space dependent l-DOS.  It takes time ...
     point #   1  energy = -33.500
     Doing FMS for a cluster of   24 atoms around iph =   0 in fmsie
    0   FMS matrix (LUD) at point   1, number of state kets = 216
     Doing FMS for a cluster of   24 atoms around iph =   1 in fmsie
    0   FMS matrix (LUD) at point   1, number of state kets = 216
     Doing FMS for a cluster of   27 atoms around iph =   2 in fmsie
    0   FMS matrix (LUD) at point   1, number of state kets = 243
     Doing FMS for a cluster of   28 atoms around iph =   3 in fmsie
    0   FMS matrix (LUD) at point   1, number of state kets = 252
  Electronic configuration
   iph    il      N_el
     0     0    1.786
     0     1    4.286
     0     2    0.112
     0     3    0.000
     1     0    0.306
     1     1    6.408
     1     2    0.992
     1     3    0.000
     2     0    0.674
     2     1    0.791
     2     2    7.003
     2     3    0.000
     3     0    1.848
     3     1    4.396
     3     2    0.095
     3     3    0.000
 mu_new=    -7.794
 Charge transfer:  iph  charge(iph)
       0   -0.197
       1    0.339
       2    0.513
       3   -0.341
              SCF ITERATION NUMBER 10  OUT OF  30
 Calculating energy and space dependent l-DOS.  It takes time ...
     point #   1  energy = -33.500
     Doing FMS for a cluster of   24 atoms around iph =   0 in fmsie
    0   FMS matrix (LUD) at point   1, number of state kets = 216
     Doing FMS for a cluster of   24 atoms around iph =   1 in fmsie
    0   FMS matrix (LUD) at point   1, number of state kets = 216
     Doing FMS for a cluster of   27 atoms around iph =   2 in fmsie
    0   FMS matrix (LUD) at point   1, number of state kets = 243
     Doing FMS for a cluster of   28 atoms around iph =   3 in fmsie
    0   FMS matrix (LUD) at point   1, number of state kets = 252
  Electronic configuration
   iph    il      N_el
     0     0    1.786
     0     1    4.286
     0     2    0.112
     0     3    0.000
     1     0    0.306
     1     1    6.408
     1     2    0.992
     1     3    0.000
     2     0    0.674
     2     1    0.791
     2     2    7.003
     2     3    0.000
     3     0    1.848
     3     1    4.396
     3     2    0.095
     3     3    0.000
 mu_new=    -7.794
 Charge transfer:  iph  charge(iph)
       0   -0.198
       1    0.347
       2    0.510
       3   -0.342
              SCF ITERATION NUMBER 11  OUT OF  30
 Calculating energy and space dependent l-DOS.  It takes time ...
     point #   1  energy = -33.500
     Doing FMS for a cluster of   24 atoms around iph =   0 in fmsie
    0   FMS matrix (LUD) at point   1, number of state kets = 216
     Doing FMS for a cluster of   24 atoms around iph =   1 in fmsie
    0   FMS matrix (LUD) at point   1, number of state kets = 216
     Doing FMS for a cluster of   27 atoms around iph =   2 in fmsie
    0   FMS matrix (LUD) at point   1, number of state kets = 243
     Doing FMS for a cluster of   28 atoms around iph =   3 in fmsie
    0   FMS matrix (LUD) at point   1, number of state kets = 252
  Electronic configuration
   iph    il      N_el
     0     0    1.786
     0     1    4.308
     0     2    0.104
     0     3    0.000
     1     0    0.303
     1     1    6.407
     1     2    0.951
     1     3    0.000
     2     0    0.673
     2     1    0.788
     2     2    7.026
     2     3    0.000
     3     0    1.848
     3     1    4.408
     3     2    0.085
     3     3    0.000
 mu_new=    -7.793
 Charge transfer:  iph  charge(iph)
       0   -0.199
       1    0.348
       2    0.509
       3   -0.342
              SCF ITERATION NUMBER 12  OUT OF  30
 Calculating energy and space dependent l-DOS.  It takes time ...
     point #   1  energy = -33.500
     Doing FMS for a cluster of   24 atoms around iph =   0 in fmsie
    0   FMS matrix (LUD) at point   1, number of state kets = 216
     Doing FMS for a cluster of   24 atoms around iph =   1 in fmsie
    0   FMS matrix (LUD) at point   1, number of state kets = 216
     Doing FMS for a cluster of   27 atoms around iph =   2 in fmsie
    0   FMS matrix (LUD) at point   1, number of state kets = 243
     Doing FMS for a cluster of   28 atoms around iph =   3 in fmsie
    0   FMS matrix (LUD) at point   1, number of state kets = 252
  Electronic configuration
   iph    il      N_el
     0     0    1.786
     0     1    4.307
     0     2    0.104
     0     3    0.000
     1     0    0.303
     1     1    6.407
     1     2    0.952
     1     3    0.000
     2     0    0.673
     2     1    0.788
     2     2    7.026
     2     3    0.000
     3     0    1.848
     3     1    4.408
     3     2    0.085
     3     3    0.000
 mu_new=    -7.792
 Charge transfer:  iph  charge(iph)
       0   -0.198
       1    0.344
       2    0.511
       3   -0.341
              SCF ITERATION NUMBER 13  OUT OF  30
 Calculating energy and space dependent l-DOS.  It takes time ...
     point #   1  energy = -33.500
     Doing FMS for a cluster of   24 atoms around iph =   0 in fmsie
    0   FMS matrix (LUD) at point   1, number of state kets = 216
     Doing FMS for a cluster of   24 atoms around iph =   1 in fmsie
    0   FMS matrix (LUD) at point   1, number of state kets = 216
     Doing FMS for a cluster of   27 atoms around iph =   2 in fmsie
    0   FMS matrix (LUD) at point   1, number of state kets = 243
     Doing FMS for a cluster of   28 atoms around iph =   3 in fmsie
    0   FMS matrix (LUD) at point   1, number of state kets = 252
  Electronic configuration
   iph    il      N_el
     0     0    1.786
     0     1    4.296
     0     2    0.108
     0     3    0.000
     1     0    0.304
     1     1    6.408
     1     2    0.972
     1     3    0.000
     2     0    0.674
     2     1    0.790
     2     2    7.014
     2     3    0.000
     3     0    1.848
     3     1    4.402
     3     2    0.090
     3     3    0.000
 mu_new=    -7.792
 Charge transfer:  iph  charge(iph)
       0   -0.199
       1    0.350
       2    0.509
       3   -0.342
              SCF ITERATION NUMBER 14  OUT OF  30
 Calculating energy and space dependent l-DOS.  It takes time ...
     point #   1  energy = -33.500
     Doing FMS for a cluster of   24 atoms around iph =   0 in fmsie
    0   FMS matrix (LUD) at point   1, number of state kets = 216
     Doing FMS for a cluster of   24 atoms around iph =   1 in fmsie
    0   FMS matrix (LUD) at point   1, number of state kets = 216
     Doing FMS for a cluster of   27 atoms around iph =   2 in fmsie
    0   FMS matrix (LUD) at point   1, number of state kets = 243
     Doing FMS for a cluster of   28 atoms around iph =   3 in fmsie
    0   FMS matrix (LUD) at point   1, number of state kets = 252
  Electronic configuration
   iph    il      N_el
     0     0    1.786
     0     1    4.306
     0     2    0.104
     0     3    0.000
     1     0    0.303
     1     1    6.407
     1     2    0.952
     1     3    0.000
     2     0    0.673
     2     1    0.788
     2     2    7.025
     2     3    0.000
     3     0    1.848
     3     1    4.408
     3     2    0.085
     3     3    0.000
 mu_new=    -7.790
 Charge transfer:  iph  charge(iph)
       0   -0.200
       1    0.353
       2    0.507
       3   -0.342
              SCF ITERATION NUMBER 15  OUT OF  30
 Calculating energy and space dependent l-DOS.  It takes time ...
     point #   1  energy = -33.500
     Doing FMS for a cluster of   24 atoms around iph =   0 in fmsie
    0   FMS matrix (LUD) at point   1, number of state kets = 216
     Doing FMS for a cluster of   24 atoms around iph =   1 in fmsie
    0   FMS matrix (LUD) at point   1, number of state kets = 216
     Doing FMS for a cluster of   27 atoms around iph =   2 in fmsie
    0   FMS matrix (LUD) at point   1, number of state kets = 243
     Doing FMS for a cluster of   28 atoms around iph =   3 in fmsie
    0   FMS matrix (LUD) at point   1, number of state kets = 252
  Electronic configuration
   iph    il      N_el
     0     0    1.786
     0     1    4.306
     0     2    0.104
     0     3    0.000
     1     0    0.303
     1     1    6.407
     1     2    0.954
     1     3    0.000
     2     0    0.673
     2     1    0.788
     2     2    7.024
     2     3    0.000
     3     0    1.848
     3     1    4.408
     3     2    0.085
     3     3    0.000
 mu_new=    -7.787
 Charge transfer:  iph  charge(iph)
       0   -0.198
       1    0.343
       2    0.511
       3   -0.341
              SCF ITERATION NUMBER 16  OUT OF  30
 Calculating energy and space dependent l-DOS.  It takes time ...
     point #   1  energy = -33.500
     Doing FMS for a cluster of   24 atoms around iph =   0 in fmsie
    0   FMS matrix (LUD) at point   1, number of state kets = 216
     Doing FMS for a cluster of   24 atoms around iph =   1 in fmsie
    0   FMS matrix (LUD) at point   1, number of state kets = 216
     Doing FMS for a cluster of   27 atoms around iph =   2 in fmsie
    0   FMS matrix (LUD) at point   1, number of state kets = 243
     Doing FMS for a cluster of   28 atoms around iph =   3 in fmsie
    0   FMS matrix (LUD) at point   1, number of state kets = 252
  Electronic configuration
   iph    il      N_el
     0     0    1.786
     0     1    4.279
     0     2    0.114
     0     3    0.000
     1     0    0.307
     1     1    6.409
     1     2    1.005
     1     3    0.000
     2     0    0.674
     2     1    0.793
     2     2    6.994
     2     3    0.000
     3     0    1.849
     3     1    4.394
     3     2    0.097
     3     3    0.000
 mu_new=    -7.787
 Charge transfer:  iph  charge(iph)
       0   -0.201
       1    0.357
       2    0.506
       3   -0.342
              SCF ITERATION NUMBER 17  OUT OF  30
 Calculating energy and space dependent l-DOS.  It takes time ...
     point #   1  energy = -33.500
     Doing FMS for a cluster of   24 atoms around iph =   0 in fmsie
    0   FMS matrix (LUD) at point   1, number of state kets = 216
     Doing FMS for a cluster of   24 atoms around iph =   1 in fmsie
    0   FMS matrix (LUD) at point   1, number of state kets = 216
     Doing FMS for a cluster of   27 atoms around iph =   2 in fmsie
    0   FMS matrix (LUD) at point   1, number of state kets = 243
     Doing FMS for a cluster of   28 atoms around iph =   3 in fmsie
    0   FMS matrix (LUD) at point   1, number of state kets = 252
  Electronic configuration
   iph    il      N_el
     0     0    1.786
     0     1    4.305
     0     2    0.104
     0     3    0.000
     1     0    0.303
     1     1    6.408
     1     2    0.955
     1     3    0.000
     2     0    0.673
     2     1    0.788
     2     2    7.023
     2     3    0.000
     3     0    1.848
     3     1    4.408
     3     2    0.085
     3     3    0.000
 mu_new=    -7.783
 Charge transfer:  iph  charge(iph)
       0   -0.203
       1    0.364
       2    0.503
       3   -0.343
              SCF ITERATION NUMBER 18  OUT OF  30
 Calculating energy and space dependent l-DOS.  It takes time ...
     point #   1  energy = -33.500
     Doing FMS for a cluster of   24 atoms around iph =   0 in fmsie
    0   FMS matrix (LUD) at point   1, number of state kets = 216
     Doing FMS for a cluster of   24 atoms around iph =   1 in fmsie
    0   FMS matrix (LUD) at point   1, number of state kets = 216
     Doing FMS for a cluster of   27 atoms around iph =   2 in fmsie
    0   FMS matrix (LUD) at point   1, number of state kets = 243
     Doing FMS for a cluster of   28 atoms around iph =   3 in fmsie
    0   FMS matrix (LUD) at point   1, number of state kets = 252
  Electronic configuration
   iph    il      N_el
     0     0    1.786
     0     1    4.303
     0     2    0.104
     0     3    0.000
     1     0    0.304
     1     1    6.409
     1     2    0.958
     1     3    0.000
     2     0    0.673
     2     1    0.788
     2     2    7.020
     2     3    0.000
     3     0    1.848
     3     1    4.408
     3     2    0.085
     3     3    0.000
 mu_new=    -7.774
 Charge transfer:  iph  charge(iph)
       0   -0.198
       1    0.343
       2    0.511
       3   -0.341
              SCF ITERATION NUMBER 19  OUT OF  30
 Calculating energy and space dependent l-DOS.  It takes time ...
     point #   1  energy = -33.500
     Doing FMS for a cluster of   24 atoms around iph =   0 in fmsie
    0   FMS matrix (LUD) at point   1, number of state kets = 216
     Doing FMS for a cluster of   24 atoms around iph =   1 in fmsie
    0   FMS matrix (LUD) at point   1, number of state kets = 216
     Doing FMS for a cluster of   27 atoms around iph =   2 in fmsie
    0   FMS matrix (LUD) at point   1, number of state kets = 243
     Doing FMS for a cluster of   28 atoms around iph =   3 in fmsie
    0   FMS matrix (LUD) at point   1, number of state kets = 252
  Electronic configuration
   iph    il      N_el
     0     0    1.786
     0     1    4.308
     0     2    0.103
     0     3    0.000
     1     0    0.302
     1     1    6.406
     1     2    0.949
     1     3    0.000
     2     0    0.673
     2     1    0.787
     2     2    7.028
     2     3    0.000
     3     0    1.848
     3     1    4.408
     3     2    0.085
     3     3    0.000
 mu_new=    -7.799
 Charge transfer:  iph  charge(iph)
       0   -0.198
       1    0.343
       2    0.511
       3   -0.341
              SCF ITERATION NUMBER 20  OUT OF  30
 Calculating energy and space dependent l-DOS.  It takes time ...
     point #   1  energy = -33.500
     Doing FMS for a cluster of   24 atoms around iph =   0 in fmsie
    0   FMS matrix (LUD) at point   1, number of state kets = 216
     Doing FMS for a cluster of   24 atoms around iph =   1 in fmsie
    0   FMS matrix (LUD) at point   1, number of state kets = 216
     Doing FMS for a cluster of   27 atoms around iph =   2 in fmsie
    0   FMS matrix (LUD) at point   1, number of state kets = 243
     Doing FMS for a cluster of   28 atoms around iph =   3 in fmsie
    0   FMS matrix (LUD) at point   1, number of state kets = 252
  Electronic configuration
   iph    il      N_el
     0     0    1.786
     0     1    4.308
     0     2    0.103
     0     3    0.000
     1     0    0.302
     1     1    6.406
     1     2    0.949
     1     3    0.000
     2     0    0.673
     2     1    0.787
     2     2    7.028
     2     3    0.000
     3     0    1.848
     3     1    4.408
     3     2    0.085
     3     3    0.000
 mu_new=    -7.799
 Charge transfer:  iph  charge(iph)
       0   -0.198
       1    0.343
       2    0.511
       3   -0.341
              SCF ITERATION NUMBER 21  OUT OF  30
 Calculating energy and space dependent l-DOS.  It takes time ...
     point #   1  energy = -33.500
     Doing FMS for a cluster of   24 atoms around iph =   0 in fmsie
    0   FMS matrix (LUD) at point   1, number of state kets = 216
     Doing FMS for a cluster of   24 atoms around iph =   1 in fmsie
    0   FMS matrix (LUD) at point   1, number of state kets = 216
     Doing FMS for a cluster of   27 atoms around iph =   2 in fmsie
    0   FMS matrix (LUD) at point   1, number of state kets = 243
     Doing FMS for a cluster of   28 atoms around iph =   3 in fmsie
    0   FMS matrix (LUD) at point   1, number of state kets = 252
  Electronic configuration
   iph    il      N_el
     0     0    1.786
     0     1    4.308
     0     2    0.104
     0     3    0.000
     1     0    0.302
     1     1    6.406
     1     2    0.950
     1     3    0.000
     2     0    0.673
     2     1    0.788
     2     2    7.027
     2     3    0.000
     3     0    1.848
     3     1    4.408
     3     2    0.085
     3     3    0.000
 mu_new=    -7.799
 Charge transfer:  iph  charge(iph)
       0   -0.198
       1    0.343
       2    0.511
       3   -0.341
              SCF ITERATION NUMBER 22  OUT OF  30
 Calculating energy and space dependent l-DOS.  It takes time ...
     point #   1  energy = -33.500
     Doing FMS for a cluster of   24 atoms around iph =   0 in fmsie
    0   FMS matrix (LUD) at point   1, number of state kets = 216
     Doing FMS for a cluster of   24 atoms around iph =   1 in fmsie
    0   FMS matrix (LUD) at point   1, number of state kets = 216
     Doing FMS for a cluster of   27 atoms around iph =   2 in fmsie
    0   FMS matrix (LUD) at point   1, number of state kets = 243
     Doing FMS for a cluster of   28 atoms around iph =   3 in fmsie
    0   FMS matrix (LUD) at point   1, number of state kets = 252
  Electronic configuration
   iph    il      N_el
     0     0    1.786
     0     1    4.307
     0     2    0.104
     0     3    0.000
     1     0    0.302
     1     1    6.406
     1     2    0.950
     1     3    0.000
     2     0    0.673
     2     1    0.788
     2     2    7.027
     2     3    0.000
     3     0    1.848
     3     1    4.408
     3     2    0.085
     3     3    0.000
 mu_new=    -7.799
 Charge transfer:  iph  charge(iph)
       0   -0.198
       1    0.343
       2    0.511
       3   -0.341
 Convergence reached.
 Done with module 1: potentials.
 total time       14.9261908531189     
 communicate time  0.154618024826050     
