 Number of processors =           12
 Calculating LDOS ...
              LDOS calculation for specified grid
 Calculating energy and space dependent l-DOS.
 It takes time ...
     potential type  0
     potential type  1
     potential type  2
     potential type  3
 Number of energy points = 101
 Doing FMS for a cluster of 109 atoms around iph =  0
    7   FMS matrix (LUD) at point  20, number of state kets =1744
    3   FMS matrix (LUD) at point  40, number of state kets =1744
   11   FMS matrix (LUD) at point  60, number of state kets =1744
    7   FMS matrix (LUD) at point  80, number of state kets =1744
    3   FMS matrix (LUD) at point 100, number of state kets =1744
 Number of energy points = 101
* * * WARNING preparing cluster for FMS calculation.
      You specified a cluster of 117 atoms for the FMS calculation.
      This exceeds the hard wired limit of 109 atoms.
      The cluster size was reset to 109 and the calculation will continue.
 Doing FMS for a cluster of 109 atoms around iph =  1
    7   FMS matrix (LUD) at point  20, number of state kets =1744
    3   FMS matrix (LUD) at point  40, number of state kets =1744
   11   FMS matrix (LUD) at point  60, number of state kets =1744
    7   FMS matrix (LUD) at point  80, number of state kets =1744
    3   FMS matrix (LUD) at point 100, number of state kets =1744
 Number of energy points = 101
 Doing FMS for a cluster of  99 atoms around iph =  2
    7   FMS matrix (LUD) at point  20, number of state kets =1584
    3   FMS matrix (LUD) at point  40, number of state kets =1584
   11   FMS matrix (LUD) at point  60, number of state kets =1584
    7   FMS matrix (LUD) at point  80, number of state kets =1584
    3   FMS matrix (LUD) at point 100, number of state kets =1584
 Number of energy points = 101
 Doing FMS for a cluster of 109 atoms around iph =  3
    7   FMS matrix (LUD) at point  20, number of state kets =1744
   11   FMS matrix (LUD) at point  60, number of state kets =1744
    3   FMS matrix (LUD) at point  40, number of state kets =1744
    7   FMS matrix (LUD) at point  80, number of state kets =1744
    3   FMS matrix (LUD) at point 100, number of state kets =1744
 Calculating chi and rho...    0
 Calculating chi and rho...    1
 Calculating chi and rho...    2
 Calculating chi and rho...    3
 Done with LDOS.
 total time       69.0320529937744     
 communicate time   13.4052960872650     
