 Number of processors =           12
 Calculating potentials ...
muffin tin radii and interstitial parameters
 iph, rnrm(iph)*bohr, rmt(iph)*bohr, folp(iph)
    0  1.03070E+00  9.46596E-01  1.15000E+00
    1  1.79957E+00  1.73913E+00  1.08825E+00
    2  1.44613E+00  1.36121E+00  1.15000E+00
    3  1.05725E+00  1.00966E+00  1.12357E+00
              Core-valence separation
 ecv=   -34.500
 mu_old=     1.242
              SCF ITERATION NUMBER  1  OUT OF  30
 Calculating energy and space dependent l-DOS.  It takes time ...
     point #   1  energy = -34.500
     Doing FMS for a cluster of   32 atoms around iph =   0 in fmsie
    0   FMS matrix (LUD) at point   1, number of state kets = 288
     Doing FMS for a cluster of   32 atoms around iph =   1 in fmsie
    0   FMS matrix (LUD) at point   1, number of state kets = 288
     Doing FMS for a cluster of   29 atoms around iph =   2 in fmsie
    0   FMS matrix (LUD) at point   1, number of state kets = 261
     Doing FMS for a cluster of   30 atoms around iph =   3 in fmsie
    0   FMS matrix (LUD) at point   1, number of state kets = 270
  Electronic configuration
   iph    il      N_el
     0     0    1.773
     0     1    4.402
     0     2    0.124
     0     3    0.000
     1     0    0.345
     1     1    6.450
     1     2    1.160
     1     3    0.000
     2     0    0.548
     2     1    0.708
     2     2    6.595
     2     3    0.000
     3     0    1.825
     3     1    4.677
     3     2    0.082
     3     3    0.000
 mu_new=    -6.837
 Charge transfer:  iph  charge(iph)
       0   -0.056
       1    0.011
       2    0.221
       3   -0.113
              SCF ITERATION NUMBER  2  OUT OF  30
 Calculating energy and space dependent l-DOS.  It takes time ...
     point #   1  energy = -34.500
     Doing FMS for a cluster of   32 atoms around iph =   0 in fmsie
    0   FMS matrix (LUD) at point   1, number of state kets = 288
     Doing FMS for a cluster of   32 atoms around iph =   1 in fmsie
    0   FMS matrix (LUD) at point   1, number of state kets = 288
     Doing FMS for a cluster of   29 atoms around iph =   2 in fmsie
    0   FMS matrix (LUD) at point   1, number of state kets = 261
     Doing FMS for a cluster of   30 atoms around iph =   3 in fmsie
    0   FMS matrix (LUD) at point   1, number of state kets = 270
  Electronic configuration
   iph    il      N_el
     0     0    1.761
     0     1    4.215
     0     2    0.119
     0     3    0.000
     1     0    0.351
     1     1    6.450
     1     2    1.097
     1     3    0.000
     2     0    0.595
     2     1    0.752
     2     2    7.060
     2     3    0.000
     3     0    1.809
     3     1    4.429
     3     2    0.078
     3     3    0.000
 mu_new=    -7.431
 Charge transfer:  iph  charge(iph)
       0   -0.095
       1    0.098
       2    0.570
       3   -0.304
              SCF ITERATION NUMBER  3  OUT OF  30
 Calculating energy and space dependent l-DOS.  It takes time ...
     point #   1  energy = -34.500
     Doing FMS for a cluster of   32 atoms around iph =   0 in fmsie
    0   FMS matrix (LUD) at point   1, number of state kets = 288
     Doing FMS for a cluster of   32 atoms around iph =   1 in fmsie
    0   FMS matrix (LUD) at point   1, number of state kets = 288
     Doing FMS for a cluster of   29 atoms around iph =   2 in fmsie
    0   FMS matrix (LUD) at point   1, number of state kets = 261
     Doing FMS for a cluster of   30 atoms around iph =   3 in fmsie
    0   FMS matrix (LUD) at point   1, number of state kets = 270
  Electronic configuration
   iph    il      N_el
     0     0    1.765
     0     1    4.132
     0     2    0.119
     0     3    0.000
     1     0    0.363
     1     1    6.451
     1     2    1.118
     1     3    0.000
     2     0    0.650
     2     1    0.806
     2     2    7.535
     2     3    0.000
     3     0    1.795
     3     1    4.143
     3     2    0.079
     3     3    0.000
 mu_new=    -7.560
 Charge transfer:  iph  charge(iph)
       0   -0.077
       1    0.093
       2    0.458
       3   -0.248
              SCF ITERATION NUMBER  4  OUT OF  30
 Calculating energy and space dependent l-DOS.  It takes time ...
     point #   1  energy = -34.500
     Doing FMS for a cluster of   32 atoms around iph =   0 in fmsie
    0   FMS matrix (LUD) at point   1, number of state kets = 288
     Doing FMS for a cluster of   32 atoms around iph =   1 in fmsie
    0   FMS matrix (LUD) at point   1, number of state kets = 288
     Doing FMS for a cluster of   29 atoms around iph =   2 in fmsie
    0   FMS matrix (LUD) at point   1, number of state kets = 261
     Doing FMS for a cluster of   30 atoms around iph =   3 in fmsie
    0   FMS matrix (LUD) at point   1, number of state kets = 270
  Electronic configuration
   iph    il      N_el
     0     0    1.764
     0     1    4.214
     0     2    0.120
     0     3    0.000
     1     0    0.357
     1     1    6.451
     1     2    1.114
     1     3    0.000
     2     0    0.618
     2     1    0.775
     2     2    7.223
     2     3    0.000
     3     0    1.803
     3     1    4.325
     3     2    0.079
     3     3    0.000
 mu_new=    -7.253
 Charge transfer:  iph  charge(iph)
       0   -0.082
       1    0.091
       2    0.442
       3   -0.239
              SCF ITERATION NUMBER  5  OUT OF  30
 Calculating energy and space dependent l-DOS.  It takes time ...
     point #   1  energy = -34.500
     Doing FMS for a cluster of   32 atoms around iph =   0 in fmsie
    0   FMS matrix (LUD) at point   1, number of state kets = 288
     Doing FMS for a cluster of   32 atoms around iph =   1 in fmsie
    0   FMS matrix (LUD) at point   1, number of state kets = 288
     Doing FMS for a cluster of   29 atoms around iph =   2 in fmsie
    0   FMS matrix (LUD) at point   1, number of state kets = 261
     Doing FMS for a cluster of   30 atoms around iph =   3 in fmsie
    0   FMS matrix (LUD) at point   1, number of state kets = 270
  Electronic configuration
   iph    il      N_el
     0     0    1.764
     0     1    4.201
     0     2    0.126
     0     3    0.000
     1     0    0.357
     1     1    6.449
     1     2    1.138
     1     3    0.000
     2     0    0.614
     2     1    0.772
     2     2    7.153
     2     3    0.000
     3     0    1.806
     3     1    4.350
     3     2    0.086
     3     3    0.000
 mu_new=    -7.253
 Charge transfer:  iph  charge(iph)
       0   -0.084
       1    0.084
       2    0.446
       3   -0.240
              SCF ITERATION NUMBER  6  OUT OF  30
 Calculating energy and space dependent l-DOS.  It takes time ...
     point #   1  energy = -34.500
     Doing FMS for a cluster of   32 atoms around iph =   0 in fmsie
    0   FMS matrix (LUD) at point   1, number of state kets = 288
     Doing FMS for a cluster of   32 atoms around iph =   1 in fmsie
    0   FMS matrix (LUD) at point   1, number of state kets = 288
     Doing FMS for a cluster of   29 atoms around iph =   2 in fmsie
    0   FMS matrix (LUD) at point   1, number of state kets = 261
     Doing FMS for a cluster of   30 atoms around iph =   3 in fmsie
    0   FMS matrix (LUD) at point   1, number of state kets = 270
  Electronic configuration
   iph    il      N_el
     0     0    1.762
     0     1    4.202
     0     2    0.120
     0     3    0.000
     1     0    0.354
     1     1    6.447
     1     2    1.101
     1     3    0.000
     2     0    0.613
     2     1    0.769
     2     2    7.183
     2     3    0.000
     3     0    1.805
     3     1    4.353
     3     2    0.079
     3     3    0.000
 mu_new=    -7.264
 Charge transfer:  iph  charge(iph)
       0   -0.084
       1    0.086
       2    0.444
       3   -0.239
              SCF ITERATION NUMBER  7  OUT OF  30
 Calculating energy and space dependent l-DOS.  It takes time ...
     point #   1  energy = -34.500
     Doing FMS for a cluster of   32 atoms around iph =   0 in fmsie
    0   FMS matrix (LUD) at point   1, number of state kets = 288
     Doing FMS for a cluster of   32 atoms around iph =   1 in fmsie
    0   FMS matrix (LUD) at point   1, number of state kets = 288
     Doing FMS for a cluster of   29 atoms around iph =   2 in fmsie
    0   FMS matrix (LUD) at point   1, number of state kets = 261
     Doing FMS for a cluster of   30 atoms around iph =   3 in fmsie
    0   FMS matrix (LUD) at point   1, number of state kets = 270
  Electronic configuration
   iph    il      N_el
     0     0    1.762
     0     1    4.203
     0     2    0.120
     0     3    0.000
     1     0    0.354
     1     1    6.447
     1     2    1.100
     1     3    0.000
     2     0    0.613
     2     1    0.769
     2     2    7.179
     2     3    0.000
     3     0    1.805
     3     1    4.356
     3     2    0.079
     3     3    0.000
 mu_new=    -7.272
 Charge transfer:  iph  charge(iph)
       0   -0.085
       1    0.091
       2    0.443
       3   -0.240
              SCF ITERATION NUMBER  8  OUT OF  30
 Calculating energy and space dependent l-DOS.  It takes time ...
     point #   1  energy = -34.500
     Doing FMS for a cluster of   32 atoms around iph =   0 in fmsie
    0   FMS matrix (LUD) at point   1, number of state kets = 288
     Doing FMS for a cluster of   32 atoms around iph =   1 in fmsie
    0   FMS matrix (LUD) at point   1, number of state kets = 288
     Doing FMS for a cluster of   29 atoms around iph =   2 in fmsie
    0   FMS matrix (LUD) at point   1, number of state kets = 261
     Doing FMS for a cluster of   30 atoms around iph =   3 in fmsie
    0   FMS matrix (LUD) at point   1, number of state kets = 270
  Electronic configuration
   iph    il      N_el
     0     0    1.762
     0     1    4.203
     0     2    0.120
     0     3    0.000
     1     0    0.354
     1     1    6.447
     1     2    1.101
     1     3    0.000
     2     0    0.612
     2     1    0.768
     2     2    7.179
     2     3    0.000
     3     0    1.805
     3     1    4.356
     3     2    0.079
     3     3    0.000
 mu_new=    -7.285
 Charge transfer:  iph  charge(iph)
       0   -0.085
       1    0.094
       2    0.442
       3   -0.240
              SCF ITERATION NUMBER  9  OUT OF  30
 Calculating energy and space dependent l-DOS.  It takes time ...
     point #   1  energy = -34.500
     Doing FMS for a cluster of   32 atoms around iph =   0 in fmsie
    0   FMS matrix (LUD) at point   1, number of state kets = 288
     Doing FMS for a cluster of   32 atoms around iph =   1 in fmsie
    0   FMS matrix (LUD) at point   1, number of state kets = 288
     Doing FMS for a cluster of   29 atoms around iph =   2 in fmsie
    0   FMS matrix (LUD) at point   1, number of state kets = 261
     Doing FMS for a cluster of   30 atoms around iph =   3 in fmsie
    0   FMS matrix (LUD) at point   1, number of state kets = 270
  Electronic configuration
   iph    il      N_el
     0     0    1.762
     0     1    4.203
     0     2    0.120
     0     3    0.000
     1     0    0.354
     1     1    6.447
     1     2    1.101
     1     3    0.000
     2     0    0.612
     2     1    0.768
     2     2    7.179
     2     3    0.000
     3     0    1.805
     3     1    4.356
     3     2    0.079
     3     3    0.000
 mu_new=    -7.290
 Charge transfer:  iph  charge(iph)
       0   -0.085
       1    0.096
       2    0.441
       3   -0.240
              SCF ITERATION NUMBER 10  OUT OF  30
 Calculating energy and space dependent l-DOS.  It takes time ...
     point #   1  energy = -34.500
     Doing FMS for a cluster of   32 atoms around iph =   0 in fmsie
    0   FMS matrix (LUD) at point   1, number of state kets = 288
     Doing FMS for a cluster of   32 atoms around iph =   1 in fmsie
    0   FMS matrix (LUD) at point   1, number of state kets = 288
     Doing FMS for a cluster of   29 atoms around iph =   2 in fmsie
    0   FMS matrix (LUD) at point   1, number of state kets = 261
     Doing FMS for a cluster of   30 atoms around iph =   3 in fmsie
    0   FMS matrix (LUD) at point   1, number of state kets = 270
  Electronic configuration
   iph    il      N_el
     0     0    1.762
     0     1    4.203
     0     2    0.120
     0     3    0.000
     1     0    0.354
     1     1    6.447
     1     2    1.102
     1     3    0.000
     2     0    0.612
     2     1    0.768
     2     2    7.179
     2     3    0.000
     3     0    1.805
     3     1    4.356
     3     2    0.079
     3     3    0.000
 mu_new=    -7.292
 Charge transfer:  iph  charge(iph)
       0   -0.085
       1    0.097
       2    0.441
       3   -0.240
              SCF ITERATION NUMBER 11  OUT OF  30
 Calculating energy and space dependent l-DOS.  It takes time ...
     point #   1  energy = -34.500
     Doing FMS for a cluster of   32 atoms around iph =   0 in fmsie
    0   FMS matrix (LUD) at point   1, number of state kets = 288
     Doing FMS for a cluster of   32 atoms around iph =   1 in fmsie
    0   FMS matrix (LUD) at point   1, number of state kets = 288
     Doing FMS for a cluster of   29 atoms around iph =   2 in fmsie
    0   FMS matrix (LUD) at point   1, number of state kets = 261
     Doing FMS for a cluster of   30 atoms around iph =   3 in fmsie
    0   FMS matrix (LUD) at point   1, number of state kets = 270
  Electronic configuration
   iph    il      N_el
     0     0    1.762
     0     1    4.203
     0     2    0.120
     0     3    0.000
     1     0    0.354
     1     1    6.447
     1     2    1.103
     1     3    0.000
     2     0    0.612
     2     1    0.768
     2     2    7.178
     2     3    0.000
     3     0    1.805
     3     1    4.356
     3     2    0.079
     3     3    0.000
 mu_new=    -7.292
 Charge transfer:  iph  charge(iph)
       0   -0.085
       1    0.097
       2    0.441
       3   -0.240
              SCF ITERATION NUMBER 12  OUT OF  30
 Calculating energy and space dependent l-DOS.  It takes time ...
     point #   1  energy = -34.500
     Doing FMS for a cluster of   32 atoms around iph =   0 in fmsie
    0   FMS matrix (LUD) at point   1, number of state kets = 288
     Doing FMS for a cluster of   32 atoms around iph =   1 in fmsie
    0   FMS matrix (LUD) at point   1, number of state kets = 288
     Doing FMS for a cluster of   29 atoms around iph =   2 in fmsie
    0   FMS matrix (LUD) at point   1, number of state kets = 261
     Doing FMS for a cluster of   30 atoms around iph =   3 in fmsie
    0   FMS matrix (LUD) at point   1, number of state kets = 270
  Electronic configuration
   iph    il      N_el
     0     0    1.762
     0     1    4.203
     0     2    0.120
     0     3    0.000
     1     0    0.354
     1     1    6.447
     1     2    1.102
     1     3    0.000
     2     0    0.612
     2     1    0.768
     2     2    7.178
     2     3    0.000
     3     0    1.805
     3     1    4.356
     3     2    0.079
     3     3    0.000
 mu_new=    -7.292
 Charge transfer:  iph  charge(iph)
       0   -0.085
       1    0.097
       2    0.441
       3   -0.240
              SCF ITERATION NUMBER 13  OUT OF  30
 Calculating energy and space dependent l-DOS.  It takes time ...
     point #   1  energy = -34.500
     Doing FMS for a cluster of   32 atoms around iph =   0 in fmsie
    0   FMS matrix (LUD) at point   1, number of state kets = 288
     Doing FMS for a cluster of   32 atoms around iph =   1 in fmsie
    0   FMS matrix (LUD) at point   1, number of state kets = 288
     Doing FMS for a cluster of   29 atoms around iph =   2 in fmsie
    0   FMS matrix (LUD) at point   1, number of state kets = 261
     Doing FMS for a cluster of   30 atoms around iph =   3 in fmsie
    0   FMS matrix (LUD) at point   1, number of state kets = 270
  Electronic configuration
   iph    il      N_el
     0     0    1.762
     0     1    4.203
     0     2    0.120
     0     3    0.000
     1     0    0.354
     1     1    6.447
     1     2    1.102
     1     3    0.000
     2     0    0.612
     2     1    0.768
     2     2    7.178
     2     3    0.000
     3     0    1.805
     3     1    4.356
     3     2    0.079
     3     3    0.000
 mu_new=    -7.292
 Charge transfer:  iph  charge(iph)
       0   -0.085
       1    0.097
       2    0.441
       3   -0.240
 Convergence reached.
 Done with module 1: potentials.
 total time       11.6861009597778     
 communicate time  0.107071399688721     
