 Number of processors =           12
 Calculating potentials ...
muffin tin radii and interstitial parameters
 iph, rnrm(iph)*bohr, rmt(iph)*bohr, folp(iph)
    0  1.05686E+00  1.00712E+00  1.13025E+00
    1  1.79676E+00  1.73861E+00  1.08465E+00
    2  1.46596E+00  1.39178E+00  1.14203E+00
    3  1.03970E+00  9.47297E-01  1.15000E+00
              Core-valence separation
 ecv=   -33.500
 mu_old=     3.516
              SCF ITERATION NUMBER  1  OUT OF  30
 Calculating energy and space dependent l-DOS.  It takes time ...
     point #   1  energy = -33.500
     Doing FMS for a cluster of   27 atoms around iph =   0 in fmsie
    0   FMS matrix (LUD) at point   1, number of state kets = 243
     Doing FMS for a cluster of   33 atoms around iph =   1 in fmsie
    0   FMS matrix (LUD) at point   1, number of state kets = 297
     Doing FMS for a cluster of   26 atoms around iph =   2 in fmsie
    0   FMS matrix (LUD) at point   1, number of state kets = 234
     Doing FMS for a cluster of   27 atoms around iph =   3 in fmsie
    0   FMS matrix (LUD) at point   1, number of state kets = 243
  Electronic configuration
   iph    il      N_el
     0     0    1.831
     0     1    4.684
     0     2    0.087
     0     3    0.000
     1     0    0.357
     1     1    6.438
     1     2    1.261
     1     3    0.000
     2     0    0.560
     2     1    0.711
     2     2    7.019
     2     3    0.000
     3     0    1.803
     3     1    4.416
     3     2    0.128
     3     3    0.000
 mu_new=    -6.239
 Charge transfer:  iph  charge(iph)
       0   -0.117
       1   -0.010
       2    0.134
       3   -0.066
              SCF ITERATION NUMBER  2  OUT OF  30
 Calculating energy and space dependent l-DOS.  It takes time ...
     point #   1  energy = -33.500
     Doing FMS for a cluster of   27 atoms around iph =   0 in fmsie
    0   FMS matrix (LUD) at point   1, number of state kets = 243
     Doing FMS for a cluster of   33 atoms around iph =   1 in fmsie
    0   FMS matrix (LUD) at point   1, number of state kets = 297
     Doing FMS for a cluster of   26 atoms around iph =   2 in fmsie
    0   FMS matrix (LUD) at point   1, number of state kets = 234
     Doing FMS for a cluster of   27 atoms around iph =   3 in fmsie
    0   FMS matrix (LUD) at point   1, number of state kets = 243
  Electronic configuration
   iph    il      N_el
     0     0    1.814
     0     1    4.450
     0     2    0.085
     0     3    0.000
     1     0    0.355
     1     1    6.431
     1     2    1.187
     1     3    0.000
     2     0    0.594
     2     1    0.740
     2     2    7.345
     2     3    0.000
     3     0    1.792
     3     1    4.245
     3     2    0.127
     3     3    0.000
 mu_new=    -6.424
 Charge transfer:  iph  charge(iph)
       0   -0.341
       1    0.027
       2    0.317
       3   -0.162
              SCF ITERATION NUMBER  3  OUT OF  30
 Calculating energy and space dependent l-DOS.  It takes time ...
     point #   1  energy = -33.500
     Doing FMS for a cluster of   27 atoms around iph =   0 in fmsie
    0   FMS matrix (LUD) at point   1, number of state kets = 243
     Doing FMS for a cluster of   33 atoms around iph =   1 in fmsie
    0   FMS matrix (LUD) at point   1, number of state kets = 297
     Doing FMS for a cluster of   26 atoms around iph =   2 in fmsie
    0   FMS matrix (LUD) at point   1, number of state kets = 234
     Doing FMS for a cluster of   27 atoms around iph =   3 in fmsie
    0   FMS matrix (LUD) at point   1, number of state kets = 243
  Electronic configuration
   iph    il      N_el
     0     0    1.792
     0     1    4.168
     0     2    0.088
     0     3    0.000
     1     0    0.364
     1     1    6.436
     1     2    1.212
     1     3    0.000
     2     0    0.626
     2     1    0.770
     2     2    7.467
     2     3    0.000
     3     0    1.786
     3     1    4.152
     3     2    0.129
     3     3    0.000
 mu_new=    -6.026
 Charge transfer:  iph  charge(iph)
       0   -0.282
       1    0.018
       2    0.279
       3   -0.142
              SCF ITERATION NUMBER  4  OUT OF  30
 Calculating energy and space dependent l-DOS.  It takes time ...
     point #   1  energy = -33.500
     Doing FMS for a cluster of   27 atoms around iph =   0 in fmsie
    0   FMS matrix (LUD) at point   1, number of state kets = 243
     Doing FMS for a cluster of   33 atoms around iph =   1 in fmsie
    0   FMS matrix (LUD) at point   1, number of state kets = 297
     Doing FMS for a cluster of   26 atoms around iph =   2 in fmsie
    0   FMS matrix (LUD) at point   1, number of state kets = 234
     Doing FMS for a cluster of   27 atoms around iph =   3 in fmsie
    0   FMS matrix (LUD) at point   1, number of state kets = 243
  Electronic configuration
   iph    il      N_el
     0     0    1.805
     0     1    4.319
     0     2    0.100
     0     3    0.000
     1     0    0.363
     1     1    6.434
     1     2    1.263
     1     3    0.000
     2     0    0.614
     2     1    0.762
     2     2    7.335
     2     3    0.000
     3     0    1.790
     3     1    4.205
     3     2    0.140
     3     3    0.000
 mu_new=    -6.026
 Charge transfer:  iph  charge(iph)
       0   -0.269
       1   -0.002
       2    0.283
       3   -0.141
              SCF ITERATION NUMBER  5  OUT OF  30
 Calculating energy and space dependent l-DOS.  It takes time ...
     point #   1  energy = -33.500
     Doing FMS for a cluster of   27 atoms around iph =   0 in fmsie
    0   FMS matrix (LUD) at point   1, number of state kets = 243
     Doing FMS for a cluster of   33 atoms around iph =   1 in fmsie
    0   FMS matrix (LUD) at point   1, number of state kets = 297
     Doing FMS for a cluster of   26 atoms around iph =   2 in fmsie
    0   FMS matrix (LUD) at point   1, number of state kets = 234
     Doing FMS for a cluster of   27 atoms around iph =   3 in fmsie
    0   FMS matrix (LUD) at point   1, number of state kets = 243
  Electronic configuration
   iph    il      N_el
     0     0    1.807
     0     1    4.363
     0     2    0.090
     0     3    0.000
     1     0    0.358
     1     1    6.427
     1     2    1.194
     1     3    0.000
     2     0    0.609
     2     1    0.755
     2     2    7.369
     2     3    0.000
     3     0    1.790
     3     1    4.215
     3     2    0.131
     3     3    0.000
 mu_new=    -6.026
 Charge transfer:  iph  charge(iph)
       0   -0.265
       1    0.001
       2    0.280
       3   -0.140
              SCF ITERATION NUMBER  6  OUT OF  30
 Calculating energy and space dependent l-DOS.  It takes time ...
     point #   1  energy = -33.500
     Doing FMS for a cluster of   27 atoms around iph =   0 in fmsie
    0   FMS matrix (LUD) at point   1, number of state kets = 243
     Doing FMS for a cluster of   33 atoms around iph =   1 in fmsie
    0   FMS matrix (LUD) at point   1, number of state kets = 297
     Doing FMS for a cluster of   26 atoms around iph =   2 in fmsie
    0   FMS matrix (LUD) at point   1, number of state kets = 234
     Doing FMS for a cluster of   27 atoms around iph =   3 in fmsie
    0   FMS matrix (LUD) at point   1, number of state kets = 243
  Electronic configuration
   iph    il      N_el
     0     0    1.807
     0     1    4.374
     0     2    0.087
     0     3    0.000
     1     0    0.357
     1     1    6.427
     1     2    1.182
     1     3    0.000
     2     0    0.607
     2     1    0.752
     2     2    7.368
     2     3    0.000
     3     0    1.790
     3     1    4.222
     3     2    0.129
     3     3    0.000
 mu_new=    -6.026
 Charge transfer:  iph  charge(iph)
       0   -0.266
       1    0.008
       2    0.278
       3   -0.140
              SCF ITERATION NUMBER  7  OUT OF  30
 Calculating energy and space dependent l-DOS.  It takes time ...
     point #   1  energy = -33.500
     Doing FMS for a cluster of   27 atoms around iph =   0 in fmsie
    0   FMS matrix (LUD) at point   1, number of state kets = 243
     Doing FMS for a cluster of   33 atoms around iph =   1 in fmsie
    0   FMS matrix (LUD) at point   1, number of state kets = 297
     Doing FMS for a cluster of   26 atoms around iph =   2 in fmsie
    0   FMS matrix (LUD) at point   1, number of state kets = 234
     Doing FMS for a cluster of   27 atoms around iph =   3 in fmsie
    0   FMS matrix (LUD) at point   1, number of state kets = 243
  Electronic configuration
   iph    il      N_el
     0     0    1.807
     0     1    4.373
     0     2    0.087
     0     3    0.000
     1     0    0.357
     1     1    6.428
     1     2    1.185
     1     3    0.000
     2     0    0.607
     2     1    0.752
     2     2    7.367
     2     3    0.000
     3     0    1.790
     3     1    4.222
     3     2    0.129
     3     3    0.000
 mu_new=    -6.032
 Charge transfer:  iph  charge(iph)
       0   -0.267
       1    0.022
       2    0.276
       3   -0.141
              SCF ITERATION NUMBER  8  OUT OF  30
 Calculating energy and space dependent l-DOS.  It takes time ...
     point #   1  energy = -33.500
     Doing FMS for a cluster of   27 atoms around iph =   0 in fmsie
    0   FMS matrix (LUD) at point   1, number of state kets = 243
     Doing FMS for a cluster of   33 atoms around iph =   1 in fmsie
    0   FMS matrix (LUD) at point   1, number of state kets = 297
     Doing FMS for a cluster of   26 atoms around iph =   2 in fmsie
    0   FMS matrix (LUD) at point   1, number of state kets = 234
     Doing FMS for a cluster of   27 atoms around iph =   3 in fmsie
    0   FMS matrix (LUD) at point   1, number of state kets = 243
  Electronic configuration
   iph    il      N_el
     0     0    1.807
     0     1    4.373
     0     2    0.087
     0     3    0.000
     1     0    0.358
     1     1    6.429
     1     2    1.192
     1     3    0.000
     2     0    0.606
     2     1    0.752
     2     2    7.365
     2     3    0.000
     3     0    1.790
     3     1    4.223
     3     2    0.129
     3     3    0.000
 mu_new=    -6.049
 Charge transfer:  iph  charge(iph)
       0   -0.267
       1    0.022
       2    0.276
       3   -0.141
              SCF ITERATION NUMBER  9  OUT OF  30
 Calculating energy and space dependent l-DOS.  It takes time ...
     point #   1  energy = -33.500
     Doing FMS for a cluster of   27 atoms around iph =   0 in fmsie
    0   FMS matrix (LUD) at point   1, number of state kets = 243
     Doing FMS for a cluster of   33 atoms around iph =   1 in fmsie
    0   FMS matrix (LUD) at point   1, number of state kets = 297
     Doing FMS for a cluster of   26 atoms around iph =   2 in fmsie
    0   FMS matrix (LUD) at point   1, number of state kets = 234
     Doing FMS for a cluster of   27 atoms around iph =   3 in fmsie
    0   FMS matrix (LUD) at point   1, number of state kets = 243
  Electronic configuration
   iph    il      N_el
     0     0    1.807
     0     1    4.373
     0     2    0.087
     0     3    0.000
     1     0    0.358
     1     1    6.429
     1     2    1.191
     1     3    0.000
     2     0    0.606
     2     1    0.752
     2     2    7.366
     2     3    0.000
     3     0    1.790
     3     1    4.222
     3     2    0.128
     3     3    0.000
 mu_new=    -6.051
 Charge transfer:  iph  charge(iph)
       0   -0.267
       1    0.022
       2    0.276
       3   -0.141
              SCF ITERATION NUMBER 10  OUT OF  30
 Calculating energy and space dependent l-DOS.  It takes time ...
     point #   1  energy = -33.500
     Doing FMS for a cluster of   27 atoms around iph =   0 in fmsie
    0   FMS matrix (LUD) at point   1, number of state kets = 243
     Doing FMS for a cluster of   33 atoms around iph =   1 in fmsie
    0   FMS matrix (LUD) at point   1, number of state kets = 297
     Doing FMS for a cluster of   26 atoms around iph =   2 in fmsie
    0   FMS matrix (LUD) at point   1, number of state kets = 234
     Doing FMS for a cluster of   27 atoms around iph =   3 in fmsie
    0   FMS matrix (LUD) at point   1, number of state kets = 243
  Electronic configuration
   iph    il      N_el
     0     0    1.807
     0     1    4.373
     0     2    0.087
     0     3    0.000
     1     0    0.358
     1     1    6.429
     1     2    1.191
     1     3    0.000
     2     0    0.606
     2     1    0.752
     2     2    7.366
     2     3    0.000
     3     0    1.790
     3     1    4.222
     3     2    0.128
     3     3    0.000
 mu_new=    -6.052
 Charge transfer:  iph  charge(iph)
       0   -0.267
       1    0.022
       2    0.276
       3   -0.141
              SCF ITERATION NUMBER 11  OUT OF  30
 Calculating energy and space dependent l-DOS.  It takes time ...
     point #   1  energy = -33.500
     Doing FMS for a cluster of   27 atoms around iph =   0 in fmsie
    0   FMS matrix (LUD) at point   1, number of state kets = 243
     Doing FMS for a cluster of   33 atoms around iph =   1 in fmsie
    0   FMS matrix (LUD) at point   1, number of state kets = 297
     Doing FMS for a cluster of   26 atoms around iph =   2 in fmsie
    0   FMS matrix (LUD) at point   1, number of state kets = 234
     Doing FMS for a cluster of   27 atoms around iph =   3 in fmsie
    0   FMS matrix (LUD) at point   1, number of state kets = 243
  Electronic configuration
   iph    il      N_el
     0     0    1.807
     0     1    4.373
     0     2    0.087
     0     3    0.000
     1     0    0.358
     1     1    6.429
     1     2    1.190
     1     3    0.000
     2     0    0.606
     2     1    0.752
     2     2    7.366
     2     3    0.000
     3     0    1.790
     3     1    4.222
     3     2    0.128
     3     3    0.000
 mu_new=    -6.052
 Charge transfer:  iph  charge(iph)
       0   -0.267
       1    0.023
       2    0.276
       3   -0.141
              SCF ITERATION NUMBER 12  OUT OF  30
 Calculating energy and space dependent l-DOS.  It takes time ...
     point #   1  energy = -33.500
     Doing FMS for a cluster of   27 atoms around iph =   0 in fmsie
    0   FMS matrix (LUD) at point   1, number of state kets = 243
     Doing FMS for a cluster of   33 atoms around iph =   1 in fmsie
    0   FMS matrix (LUD) at point   1, number of state kets = 297
     Doing FMS for a cluster of   26 atoms around iph =   2 in fmsie
    0   FMS matrix (LUD) at point   1, number of state kets = 234
     Doing FMS for a cluster of   27 atoms around iph =   3 in fmsie
    0   FMS matrix (LUD) at point   1, number of state kets = 243
  Electronic configuration
   iph    il      N_el
     0     0    1.807
     0     1    4.373
     0     2    0.087
     0     3    0.000
     1     0    0.358
     1     1    6.429
     1     2    1.190
     1     3    0.000
     2     0    0.606
     2     1    0.752
     2     2    7.366
     2     3    0.000
     3     0    1.790
     3     1    4.223
     3     2    0.128
     3     3    0.000
 mu_new=    -6.053
 Charge transfer:  iph  charge(iph)
       0   -0.267
       1    0.023
       2    0.276
       3   -0.141
 Convergence reached.
 Done with module 1: potentials.
 total time       12.0525088310242     
 communicate time   1.69993090629578     
