 Number of processors =           12
 Calculating potentials ...
muffin tin radii and interstitial parameters
 iph, rnrm(iph)*bohr, rmt(iph)*bohr, folp(iph)
    0  1.03717E+00  9.77050E-01  1.15000E+00
    1  1.86306E+00  1.78799E+00  1.10861E+00
    2  1.43237E+00  1.33494E+00  1.15000E+00
    3  1.06416E+00  1.00376E+00  1.15000E+00
              Core-valence separation
 ecv=   -33.000
 mu_old=     4.330
              SCF ITERATION NUMBER  1  OUT OF  30
 Calculating energy and space dependent l-DOS.  It takes time ...
     point #   1  energy = -33.000
     Doing FMS for a cluster of   33 atoms around iph =   0 in fmsie
    0   FMS matrix (LUD) at point   1, number of state kets = 297
     Doing FMS for a cluster of   27 atoms around iph =   1 in fmsie
    0   FMS matrix (LUD) at point   1, number of state kets = 243
     Doing FMS for a cluster of   31 atoms around iph =   2 in fmsie
    0   FMS matrix (LUD) at point   1, number of state kets = 279
     Doing FMS for a cluster of   26 atoms around iph =   3 in fmsie
    0   FMS matrix (LUD) at point   1, number of state kets = 234
  Electronic configuration
   iph    il      N_el
     0     0    1.803
     0     1    4.587
     0     2    0.113
     0     3    0.000
     1     0    0.356
     1     1    6.452
     1     2    1.054
     1     3    0.000
     2     0    0.572
     2     1    0.750
     2     2    6.830
     2     3    0.000
     3     0    1.833
     3     1    4.507
     3     2    0.098
     3     3    0.000
 mu_new=    -6.487
 Charge transfer:  iph  charge(iph)
       0   -0.096
       1    0.030
       2    0.160
       3   -0.083
              SCF ITERATION NUMBER  2  OUT OF  30
 Calculating energy and space dependent l-DOS.  It takes time ...
     point #   1  energy = -33.000
     Doing FMS for a cluster of   33 atoms around iph =   0 in fmsie
    0   FMS matrix (LUD) at point   1, number of state kets = 297
     Doing FMS for a cluster of   27 atoms around iph =   1 in fmsie
    0   FMS matrix (LUD) at point   1, number of state kets = 243
     Doing FMS for a cluster of   31 atoms around iph =   2 in fmsie
    0   FMS matrix (LUD) at point   1, number of state kets = 279
     Doing FMS for a cluster of   26 atoms around iph =   3 in fmsie
    0   FMS matrix (LUD) at point   1, number of state kets = 234
  Electronic configuration
   iph    il      N_el
     0     0    1.792
     0     1    4.381
     0     2    0.112
     0     3    0.000
     1     0    0.366
     1     1    6.465
     1     2    1.074
     1     3    0.000
     2     0    0.612
     2     1    0.789
     2     2    7.179
     2     3    0.000
     3     0    1.823
     3     1    4.300
     3     2    0.097
     3     3    0.000
 mu_new=    -6.643
 Charge transfer:  iph  charge(iph)
       0   -0.273
       1    0.092
       2    0.405
       3   -0.211
              SCF ITERATION NUMBER  3  OUT OF  30
 Calculating energy and space dependent l-DOS.  It takes time ...
     point #   1  energy = -33.000
     Doing FMS for a cluster of   33 atoms around iph =   0 in fmsie
    0   FMS matrix (LUD) at point   1, number of state kets = 297
     Doing FMS for a cluster of   27 atoms around iph =   1 in fmsie
    0   FMS matrix (LUD) at point   1, number of state kets = 243
     Doing FMS for a cluster of   31 atoms around iph =   2 in fmsie
    0   FMS matrix (LUD) at point   1, number of state kets = 279
     Doing FMS for a cluster of   26 atoms around iph =   3 in fmsie
    0   FMS matrix (LUD) at point   1, number of state kets = 234
  Electronic configuration
   iph    il      N_el
     0     0    1.774
     0     1    4.122
     0     2    0.114
     0     3    0.000
     1     0    0.381
     1     1    6.478
     1     2    1.120
     1     3    0.000
     2     0    0.648
     2     1    0.825
     2     2    7.389
     2     3    0.000
     3     0    1.815
     3     1    4.157
     3     2    0.099
     3     3    0.000
 mu_new=    -6.359
 Charge transfer:  iph  charge(iph)
       0   -0.222
       1    0.077
       2    0.354
       3   -0.185
              SCF ITERATION NUMBER  4  OUT OF  30
 Calculating energy and space dependent l-DOS.  It takes time ...
     point #   1  energy = -33.000
     Doing FMS for a cluster of   33 atoms around iph =   0 in fmsie
    0   FMS matrix (LUD) at point   1, number of state kets = 297
     Doing FMS for a cluster of   27 atoms around iph =   1 in fmsie
    0   FMS matrix (LUD) at point   1, number of state kets = 243
     Doing FMS for a cluster of   31 atoms around iph =   2 in fmsie
    0   FMS matrix (LUD) at point   1, number of state kets = 279
     Doing FMS for a cluster of   26 atoms around iph =   3 in fmsie
    0   FMS matrix (LUD) at point   1, number of state kets = 234
  Electronic configuration
   iph    il      N_el
     0     0    1.782
     0     1    4.261
     0     2    0.114
     0     3    0.000
     1     0    0.373
     1     1    6.469
     1     2    1.094
     1     3    0.000
     2     0    0.629
     2     1    0.807
     2     2    7.236
     2     3    0.000
     3     0    1.819
     3     1    4.252
     3     2    0.099
     3     3    0.000
 mu_new=    -6.289
 Charge transfer:  iph  charge(iph)
       0   -0.207
       1    0.074
       2    0.349
       3   -0.182
              SCF ITERATION NUMBER  5  OUT OF  30
 Calculating energy and space dependent l-DOS.  It takes time ...
     point #   1  energy = -33.000
     Doing FMS for a cluster of   33 atoms around iph =   0 in fmsie
    0   FMS matrix (LUD) at point   1, number of state kets = 297
     Doing FMS for a cluster of   27 atoms around iph =   1 in fmsie
    0   FMS matrix (LUD) at point   1, number of state kets = 243
     Doing FMS for a cluster of   31 atoms around iph =   2 in fmsie
    0   FMS matrix (LUD) at point   1, number of state kets = 279
     Doing FMS for a cluster of   26 atoms around iph =   3 in fmsie
    0   FMS matrix (LUD) at point   1, number of state kets = 234
  Electronic configuration
   iph    il      N_el
     0     0    1.786
     0     1    4.297
     0     2    0.120
     0     3    0.000
     1     0    0.375
     1     1    6.470
     1     2    1.131
     1     3    0.000
     2     0    0.627
     2     1    0.806
     2     2    7.199
     2     3    0.000
     3     0    1.821
     3     1    4.260
     3     2    0.105
     3     3    0.000
 mu_new=    -6.289
 Charge transfer:  iph  charge(iph)
       0   -0.206
       1    0.064
       2    0.353
       3   -0.183
              SCF ITERATION NUMBER  6  OUT OF  30
 Calculating energy and space dependent l-DOS.  It takes time ...
     point #   1  energy = -33.000
     Doing FMS for a cluster of   33 atoms around iph =   0 in fmsie
    0   FMS matrix (LUD) at point   1, number of state kets = 297
     Doing FMS for a cluster of   27 atoms around iph =   1 in fmsie
    0   FMS matrix (LUD) at point   1, number of state kets = 243
     Doing FMS for a cluster of   31 atoms around iph =   2 in fmsie
    0   FMS matrix (LUD) at point   1, number of state kets = 279
     Doing FMS for a cluster of   26 atoms around iph =   3 in fmsie
    0   FMS matrix (LUD) at point   1, number of state kets = 234
  Electronic configuration
   iph    il      N_el
     0     0    1.786
     0     1    4.304
     0     2    0.113
     0     3    0.000
     1     0    0.370
     1     1    6.464
     1     2    1.077
     1     3    0.000
     2     0    0.626
     2     1    0.803
     2     2    7.229
     2     3    0.000
     3     0    1.820
     3     1    4.262
     3     2    0.098
     3     3    0.000
 mu_new=    -6.337
 Charge transfer:  iph  charge(iph)
       0   -0.205
       1    0.066
       2    0.352
       3   -0.182
              SCF ITERATION NUMBER  7  OUT OF  30
 Calculating energy and space dependent l-DOS.  It takes time ...
     point #   1  energy = -33.000
     Doing FMS for a cluster of   33 atoms around iph =   0 in fmsie
    0   FMS matrix (LUD) at point   1, number of state kets = 297
     Doing FMS for a cluster of   27 atoms around iph =   1 in fmsie
    0   FMS matrix (LUD) at point   1, number of state kets = 243
     Doing FMS for a cluster of   31 atoms around iph =   2 in fmsie
    0   FMS matrix (LUD) at point   1, number of state kets = 279
     Doing FMS for a cluster of   26 atoms around iph =   3 in fmsie
    0   FMS matrix (LUD) at point   1, number of state kets = 234
  Electronic configuration
   iph    il      N_el
     0     0    1.787
     0     1    4.304
     0     2    0.117
     0     3    0.000
     1     0    0.372
     1     1    6.467
     1     2    1.105
     1     3    0.000
     2     0    0.626
     2     1    0.804
     2     2    7.214
     2     3    0.000
     3     0    1.820
     3     1    4.261
     3     2    0.102
     3     3    0.000
 mu_new=    -6.337
 Charge transfer:  iph  charge(iph)
       0   -0.205
       1    0.065
       2    0.352
       3   -0.183
              SCF ITERATION NUMBER  8  OUT OF  30
 Calculating energy and space dependent l-DOS.  It takes time ...
     point #   1  energy = -33.000
     Doing FMS for a cluster of   33 atoms around iph =   0 in fmsie
    0   FMS matrix (LUD) at point   1, number of state kets = 297
     Doing FMS for a cluster of   27 atoms around iph =   1 in fmsie
    0   FMS matrix (LUD) at point   1, number of state kets = 243
     Doing FMS for a cluster of   31 atoms around iph =   2 in fmsie
    0   FMS matrix (LUD) at point   1, number of state kets = 279
     Doing FMS for a cluster of   26 atoms around iph =   3 in fmsie
    0   FMS matrix (LUD) at point   1, number of state kets = 234
  Electronic configuration
   iph    il      N_el
     0     0    1.787
     0     1    4.301
     0     2    0.121
     0     3    0.000
     1     0    0.373
     1     1    6.469
     1     2    1.132
     1     3    0.000
     2     0    0.627
     2     1    0.806
     2     2    7.203
     2     3    0.000
     3     0    1.821
     3     1    4.257
     3     2    0.107
     3     3    0.000
 mu_new=    -6.337
 Charge transfer:  iph  charge(iph)
       0   -0.205
       1    0.067
       2    0.352
       3   -0.183
              SCF ITERATION NUMBER  9  OUT OF  30
 Calculating energy and space dependent l-DOS.  It takes time ...
     point #   1  energy = -33.000
     Doing FMS for a cluster of   33 atoms around iph =   0 in fmsie
    0   FMS matrix (LUD) at point   1, number of state kets = 297
     Doing FMS for a cluster of   27 atoms around iph =   1 in fmsie
    0   FMS matrix (LUD) at point   1, number of state kets = 243
     Doing FMS for a cluster of   31 atoms around iph =   2 in fmsie
    0   FMS matrix (LUD) at point   1, number of state kets = 279
     Doing FMS for a cluster of   26 atoms around iph =   3 in fmsie
    0   FMS matrix (LUD) at point   1, number of state kets = 234
  Electronic configuration
   iph    il      N_el
     0     0    1.787
     0     1    4.301
     0     2    0.120
     0     3    0.000
     1     0    0.373
     1     1    6.469
     1     2    1.128
     1     3    0.000
     2     0    0.627
     2     1    0.805
     2     2    7.205
     2     3    0.000
     3     0    1.821
     3     1    4.258
     3     2    0.106
     3     3    0.000
 mu_new=    -6.337
 Charge transfer:  iph  charge(iph)
       0   -0.206
       1    0.088
       2    0.348
       3   -0.182
              SCF ITERATION NUMBER 10  OUT OF  30
 Calculating energy and space dependent l-DOS.  It takes time ...
     point #   1  energy = -33.000
     Doing FMS for a cluster of   33 atoms around iph =   0 in fmsie
    0   FMS matrix (LUD) at point   1, number of state kets = 297
     Doing FMS for a cluster of   27 atoms around iph =   1 in fmsie
    0   FMS matrix (LUD) at point   1, number of state kets = 243
     Doing FMS for a cluster of   31 atoms around iph =   2 in fmsie
    0   FMS matrix (LUD) at point   1, number of state kets = 279
     Doing FMS for a cluster of   26 atoms around iph =   3 in fmsie
    0   FMS matrix (LUD) at point   1, number of state kets = 234
  Electronic configuration
   iph    il      N_el
     0     0    1.786
     0     1    4.305
     0     2    0.117
     0     3    0.000
     1     0    0.373
     1     1    6.469
     1     2    1.113
     1     3    0.000
     2     0    0.626
     2     1    0.804
     2     2    7.210
     2     3    0.000
     3     0    1.820
     3     1    4.262
     3     2    0.102
     3     3    0.000
 mu_new=    -6.337
 Charge transfer:  iph  charge(iph)
       0   -0.206
       1   -0.007
       2    0.367
       3   -0.183
              SCF ITERATION NUMBER 11  OUT OF  30
 Calculating energy and space dependent l-DOS.  It takes time ...
     point #   1  energy = -33.000
     Doing FMS for a cluster of   33 atoms around iph =   0 in fmsie
    0   FMS matrix (LUD) at point   1, number of state kets = 297
     Doing FMS for a cluster of   27 atoms around iph =   1 in fmsie
    0   FMS matrix (LUD) at point   1, number of state kets = 243
     Doing FMS for a cluster of   31 atoms around iph =   2 in fmsie
    0   FMS matrix (LUD) at point   1, number of state kets = 279
     Doing FMS for a cluster of   26 atoms around iph =   3 in fmsie
    0   FMS matrix (LUD) at point   1, number of state kets = 234
  Electronic configuration
   iph    il      N_el
     0     0    1.786
     0     1    4.304
     0     2    0.113
     0     3    0.000
     1     0    0.363
     1     1    6.455
     1     2    1.041
     1     3    0.000
     2     0    0.626
     2     1    0.803
     2     2    7.248
     2     3    0.000
     3     0    1.820
     3     1    4.258
     3     2    0.098
     3     3    0.000
 mu_new=    -6.397
 Charge transfer:  iph  charge(iph)
       0   -0.206
       1    0.079
       2    0.349
       3   -0.183
              SCF ITERATION NUMBER 12  OUT OF  30
 Calculating energy and space dependent l-DOS.  It takes time ...
     point #   1  energy = -33.000
     Doing FMS for a cluster of   33 atoms around iph =   0 in fmsie
    0   FMS matrix (LUD) at point   1, number of state kets = 297
     Doing FMS for a cluster of   27 atoms around iph =   1 in fmsie
    0   FMS matrix (LUD) at point   1, number of state kets = 243
     Doing FMS for a cluster of   31 atoms around iph =   2 in fmsie
    0   FMS matrix (LUD) at point   1, number of state kets = 279
     Doing FMS for a cluster of   26 atoms around iph =   3 in fmsie
    0   FMS matrix (LUD) at point   1, number of state kets = 234
  Electronic configuration
   iph    il      N_el
     0     0    1.786
     0     1    4.307
     0     2    0.113
     0     3    0.000
     1     0    0.370
     1     1    6.465
     1     2    1.081
     1     3    0.000
     2     0    0.625
     2     1    0.802
     2     2    7.225
     2     3    0.000
     3     0    1.820
     3     1    4.264
     3     2    0.098
     3     3    0.000
 mu_new=    -6.363
 Charge transfer:  iph  charge(iph)
       0   -0.206
       1    0.090
       2    0.347
       3   -0.183
              SCF ITERATION NUMBER 13  OUT OF  30
 Calculating energy and space dependent l-DOS.  It takes time ...
     point #   1  energy = -33.000
     Doing FMS for a cluster of   33 atoms around iph =   0 in fmsie
    0   FMS matrix (LUD) at point   1, number of state kets = 297
     Doing FMS for a cluster of   27 atoms around iph =   1 in fmsie
    0   FMS matrix (LUD) at point   1, number of state kets = 243
     Doing FMS for a cluster of   31 atoms around iph =   2 in fmsie
    0   FMS matrix (LUD) at point   1, number of state kets = 279
     Doing FMS for a cluster of   26 atoms around iph =   3 in fmsie
    0   FMS matrix (LUD) at point   1, number of state kets = 234
  Electronic configuration
   iph    il      N_el
     0     0    1.786
     0     1    4.308
     0     2    0.113
     0     3    0.000
     1     0    0.371
     1     1    6.466
     1     2    1.085
     1     3    0.000
     2     0    0.625
     2     1    0.802
     2     2    7.222
     2     3    0.000
     3     0    1.820
     3     1    4.265
     3     2    0.098
     3     3    0.000
 mu_new=    -6.362
 Charge transfer:  iph  charge(iph)
       0   -0.206
       1    0.090
       2    0.347
       3   -0.183
              SCF ITERATION NUMBER 14  OUT OF  30
 Calculating energy and space dependent l-DOS.  It takes time ...
     point #   1  energy = -33.000
     Doing FMS for a cluster of   33 atoms around iph =   0 in fmsie
    0   FMS matrix (LUD) at point   1, number of state kets = 297
     Doing FMS for a cluster of   27 atoms around iph =   1 in fmsie
    0   FMS matrix (LUD) at point   1, number of state kets = 243
     Doing FMS for a cluster of   31 atoms around iph =   2 in fmsie
    0   FMS matrix (LUD) at point   1, number of state kets = 279
     Doing FMS for a cluster of   26 atoms around iph =   3 in fmsie
    0   FMS matrix (LUD) at point   1, number of state kets = 234
  Electronic configuration
   iph    il      N_el
     0     0    1.786
     0     1    4.307
     0     2    0.113
     0     3    0.000
     1     0    0.371
     1     1    6.466
     1     2    1.087
     1     3    0.000
     2     0    0.625
     2     1    0.802
     2     2    7.222
     2     3    0.000
     3     0    1.820
     3     1    4.265
     3     2    0.098
     3     3    0.000
 mu_new=    -6.362
 Charge transfer:  iph  charge(iph)
       0   -0.206
       1    0.093
       2    0.347
       3   -0.183
              SCF ITERATION NUMBER 15  OUT OF  30
 Calculating energy and space dependent l-DOS.  It takes time ...
     point #   1  energy = -33.000
     Doing FMS for a cluster of   33 atoms around iph =   0 in fmsie
    0   FMS matrix (LUD) at point   1, number of state kets = 297
     Doing FMS for a cluster of   27 atoms around iph =   1 in fmsie
    0   FMS matrix (LUD) at point   1, number of state kets = 243
     Doing FMS for a cluster of   31 atoms around iph =   2 in fmsie
    0   FMS matrix (LUD) at point   1, number of state kets = 279
     Doing FMS for a cluster of   26 atoms around iph =   3 in fmsie
    0   FMS matrix (LUD) at point   1, number of state kets = 234
  Electronic configuration
   iph    il      N_el
     0     0    1.786
     0     1    4.308
     0     2    0.113
     0     3    0.000
     1     0    0.371
     1     1    6.466
     1     2    1.087
     1     3    0.000
     2     0    0.625
     2     1    0.802
     2     2    7.221
     2     3    0.000
     3     0    1.820
     3     1    4.265
     3     2    0.098
     3     3    0.000
 mu_new=    -6.361
 Charge transfer:  iph  charge(iph)
       0   -0.206
       1    0.083
       2    0.349
       3   -0.183
              SCF ITERATION NUMBER 16  OUT OF  30
 Calculating energy and space dependent l-DOS.  It takes time ...
     point #   1  energy = -33.000
     Doing FMS for a cluster of   33 atoms around iph =   0 in fmsie
    0   FMS matrix (LUD) at point   1, number of state kets = 297
     Doing FMS for a cluster of   27 atoms around iph =   1 in fmsie
    0   FMS matrix (LUD) at point   1, number of state kets = 243
     Doing FMS for a cluster of   31 atoms around iph =   2 in fmsie
    0   FMS matrix (LUD) at point   1, number of state kets = 279
     Doing FMS for a cluster of   26 atoms around iph =   3 in fmsie
    0   FMS matrix (LUD) at point   1, number of state kets = 234
  Electronic configuration
   iph    il      N_el
     0     0    1.786
     0     1    4.305
     0     2    0.116
     0     3    0.000
     1     0    0.371
     1     1    6.467
     1     2    1.100
     1     3    0.000
     2     0    0.625
     2     1    0.803
     2     2    7.217
     2     3    0.000
     3     0    1.820
     3     1    4.263
     3     2    0.101
     3     3    0.000
 mu_new=    -6.361
 Charge transfer:  iph  charge(iph)
       0   -0.206
       1    0.088
       2    0.348
       3   -0.183
              SCF ITERATION NUMBER 17  OUT OF  30
 Calculating energy and space dependent l-DOS.  It takes time ...
     point #   1  energy = -33.000
     Doing FMS for a cluster of   33 atoms around iph =   0 in fmsie
    0   FMS matrix (LUD) at point   1, number of state kets = 297
     Doing FMS for a cluster of   27 atoms around iph =   1 in fmsie
    0   FMS matrix (LUD) at point   1, number of state kets = 243
     Doing FMS for a cluster of   31 atoms around iph =   2 in fmsie
    0   FMS matrix (LUD) at point   1, number of state kets = 279
     Doing FMS for a cluster of   26 atoms around iph =   3 in fmsie
    0   FMS matrix (LUD) at point   1, number of state kets = 234
  Electronic configuration
   iph    il      N_el
     0     0    1.786
     0     1    4.306
     0     2    0.115
     0     3    0.000
     1     0    0.371
     1     1    6.467
     1     2    1.097
     1     3    0.000
     2     0    0.625
     2     1    0.803
     2     2    7.218
     2     3    0.000
     3     0    1.820
     3     1    4.263
     3     2    0.100
     3     3    0.000
 mu_new=    -6.361
 Charge transfer:  iph  charge(iph)
       0   -0.206
       1    0.068
       2    0.352
       3   -0.183
              SCF ITERATION NUMBER 18  OUT OF  30
 Calculating energy and space dependent l-DOS.  It takes time ...
     point #   1  energy = -33.000
     Doing FMS for a cluster of   33 atoms around iph =   0 in fmsie
    0   FMS matrix (LUD) at point   1, number of state kets = 297
     Doing FMS for a cluster of   27 atoms around iph =   1 in fmsie
    0   FMS matrix (LUD) at point   1, number of state kets = 243
     Doing FMS for a cluster of   31 atoms around iph =   2 in fmsie
    0   FMS matrix (LUD) at point   1, number of state kets = 279
     Doing FMS for a cluster of   26 atoms around iph =   3 in fmsie
    0   FMS matrix (LUD) at point   1, number of state kets = 234
  Electronic configuration
   iph    il      N_el
     0     0    1.787
     0     1    4.303
     0     2    0.117
     0     3    0.000
     1     0    0.371
     1     1    6.466
     1     2    1.105
     1     3    0.000
     2     0    0.626
     2     1    0.804
     2     2    7.215
     2     3    0.000
     3     0    1.820
     3     1    4.260
     3     2    0.103
     3     3    0.000
 mu_new=    -6.361
 Charge transfer:  iph  charge(iph)
       0   -0.206
       1    0.054
       2    0.355
       3   -0.183
              SCF ITERATION NUMBER 19  OUT OF  30
 Calculating energy and space dependent l-DOS.  It takes time ...
     point #   1  energy = -33.000
     Doing FMS for a cluster of   33 atoms around iph =   0 in fmsie
    0   FMS matrix (LUD) at point   1, number of state kets = 297
     Doing FMS for a cluster of   27 atoms around iph =   1 in fmsie
    0   FMS matrix (LUD) at point   1, number of state kets = 243
     Doing FMS for a cluster of   31 atoms around iph =   2 in fmsie
    0   FMS matrix (LUD) at point   1, number of state kets = 279
     Doing FMS for a cluster of   26 atoms around iph =   3 in fmsie
    0   FMS matrix (LUD) at point   1, number of state kets = 234
  Electronic configuration
   iph    il      N_el
     0     0    1.787
     0     1    4.300
     0     2    0.119
     0     3    0.000
     1     0    0.371
     1     1    6.466
     1     2    1.113
     1     3    0.000
     2     0    0.626
     2     1    0.805
     2     2    7.213
     2     3    0.000
     3     0    1.821
     3     1    4.258
     3     2    0.105
     3     3    0.000
 mu_new=    -6.361
 Charge transfer:  iph  charge(iph)
       0   -0.206
       1    0.044
       2    0.357
       3   -0.183
              SCF ITERATION NUMBER 20  OUT OF  30
 Calculating energy and space dependent l-DOS.  It takes time ...
     point #   1  energy = -33.000
     Doing FMS for a cluster of   33 atoms around iph =   0 in fmsie
    0   FMS matrix (LUD) at point   1, number of state kets = 297
     Doing FMS for a cluster of   27 atoms around iph =   1 in fmsie
    0   FMS matrix (LUD) at point   1, number of state kets = 243
     Doing FMS for a cluster of   31 atoms around iph =   2 in fmsie
    0   FMS matrix (LUD) at point   1, number of state kets = 279
     Doing FMS for a cluster of   26 atoms around iph =   3 in fmsie
    0   FMS matrix (LUD) at point   1, number of state kets = 234
  Electronic configuration
   iph    il      N_el
     0     0    1.787
     0     1    4.298
     0     2    0.121
     0     3    0.000
     1     0    0.372
     1     1    6.466
     1     2    1.121
     1     3    0.000
     2     0    0.627
     2     1    0.806
     2     2    7.209
     2     3    0.000
     3     0    1.821
     3     1    4.255
     3     2    0.107
     3     3    0.000
 mu_new=    -6.361
 Charge transfer:  iph  charge(iph)
       0   -0.207
       1    0.017
       2    0.363
       3   -0.183
              SCF ITERATION NUMBER 21  OUT OF  30
 Calculating energy and space dependent l-DOS.  It takes time ...
     point #   1  energy = -33.000
     Doing FMS for a cluster of   33 atoms around iph =   0 in fmsie
    0   FMS matrix (LUD) at point   1, number of state kets = 297
     Doing FMS for a cluster of   27 atoms around iph =   1 in fmsie
    0   FMS matrix (LUD) at point   1, number of state kets = 243
     Doing FMS for a cluster of   31 atoms around iph =   2 in fmsie
    0   FMS matrix (LUD) at point   1, number of state kets = 279
     Doing FMS for a cluster of   26 atoms around iph =   3 in fmsie
    0   FMS matrix (LUD) at point   1, number of state kets = 234
  Electronic configuration
   iph    il      N_el
     0     0    1.786
     0     1    4.304
     0     2    0.113
     0     3    0.000
     1     0    0.365
     1     1    6.458
     1     2    1.051
     1     3    0.000
     2     0    0.626
     2     1    0.803
     2     2    7.242
     2     3    0.000
     3     0    1.820
     3     1    4.259
     3     2    0.098
     3     3    0.000
 mu_new=    -6.398
 Charge transfer:  iph  charge(iph)
       0   -0.206
       1    0.043
       2    0.357
       3   -0.183
              SCF ITERATION NUMBER 22  OUT OF  30
 Calculating energy and space dependent l-DOS.  It takes time ...
     point #   1  energy = -33.000
     Doing FMS for a cluster of   33 atoms around iph =   0 in fmsie
    0   FMS matrix (LUD) at point   1, number of state kets = 297
     Doing FMS for a cluster of   27 atoms around iph =   1 in fmsie
    0   FMS matrix (LUD) at point   1, number of state kets = 243
     Doing FMS for a cluster of   31 atoms around iph =   2 in fmsie
    0   FMS matrix (LUD) at point   1, number of state kets = 279
     Doing FMS for a cluster of   26 atoms around iph =   3 in fmsie
    0   FMS matrix (LUD) at point   1, number of state kets = 234
  Electronic configuration
   iph    il      N_el
     0     0    1.786
     0     1    4.305
     0     2    0.113
     0     3    0.000
     1     0    0.367
     1     1    6.460
     1     2    1.062
     1     3    0.000
     2     0    0.625
     2     1    0.802
     2     2    7.235
     2     3    0.000
     3     0    1.820
     3     1    4.262
     3     2    0.098
     3     3    0.000
 mu_new=    -6.388
 Charge transfer:  iph  charge(iph)
       0   -0.206
       1    0.081
       2    0.349
       3   -0.183
              SCF ITERATION NUMBER 23  OUT OF  30
 Calculating energy and space dependent l-DOS.  It takes time ...
     point #   1  energy = -33.000
     Doing FMS for a cluster of   33 atoms around iph =   0 in fmsie
    0   FMS matrix (LUD) at point   1, number of state kets = 297
     Doing FMS for a cluster of   27 atoms around iph =   1 in fmsie
    0   FMS matrix (LUD) at point   1, number of state kets = 243
     Doing FMS for a cluster of   31 atoms around iph =   2 in fmsie
    0   FMS matrix (LUD) at point   1, number of state kets = 279
     Doing FMS for a cluster of   26 atoms around iph =   3 in fmsie
    0   FMS matrix (LUD) at point   1, number of state kets = 234
  Electronic configuration
   iph    il      N_el
     0     0    1.786
     0     1    4.307
     0     2    0.113
     0     3    0.000
     1     0    0.370
     1     1    6.464
     1     2    1.079
     1     3    0.000
     2     0    0.625
     2     1    0.802
     2     2    7.226
     2     3    0.000
     3     0    1.820
     3     1    4.264
     3     2    0.098
     3     3    0.000
 mu_new=    -6.372
 Charge transfer:  iph  charge(iph)
       0   -0.206
       1    0.088
       2    0.348
       3   -0.183
              SCF ITERATION NUMBER 24  OUT OF  30
 Calculating energy and space dependent l-DOS.  It takes time ...
     point #   1  energy = -33.000
     Doing FMS for a cluster of   33 atoms around iph =   0 in fmsie
    0   FMS matrix (LUD) at point   1, number of state kets = 297
     Doing FMS for a cluster of   27 atoms around iph =   1 in fmsie
    0   FMS matrix (LUD) at point   1, number of state kets = 243
     Doing FMS for a cluster of   31 atoms around iph =   2 in fmsie
    0   FMS matrix (LUD) at point   1, number of state kets = 279
     Doing FMS for a cluster of   26 atoms around iph =   3 in fmsie
    0   FMS matrix (LUD) at point   1, number of state kets = 234
  Electronic configuration
   iph    il      N_el
     0     0    1.786
     0     1    4.307
     0     2    0.113
     0     3    0.000
     1     0    0.370
     1     1    6.465
     1     2    1.083
     1     3    0.000
     2     0    0.625
     2     1    0.802
     2     2    7.224
     2     3    0.000
     3     0    1.820
     3     1    4.265
     3     2    0.098
     3     3    0.000
 mu_new=    -6.368
 Charge transfer:  iph  charge(iph)
       0   -0.206
       1    0.086
       2    0.348
       3   -0.183
              SCF ITERATION NUMBER 25  OUT OF  30
 Calculating energy and space dependent l-DOS.  It takes time ...
     point #   1  energy = -33.000
     Doing FMS for a cluster of   33 atoms around iph =   0 in fmsie
    0   FMS matrix (LUD) at point   1, number of state kets = 297
     Doing FMS for a cluster of   27 atoms around iph =   1 in fmsie
    0   FMS matrix (LUD) at point   1, number of state kets = 243
     Doing FMS for a cluster of   31 atoms around iph =   2 in fmsie
    0   FMS matrix (LUD) at point   1, number of state kets = 279
     Doing FMS for a cluster of   26 atoms around iph =   3 in fmsie
    0   FMS matrix (LUD) at point   1, number of state kets = 234
  Electronic configuration
   iph    il      N_el
     0     0    1.786
     0     1    4.307
     0     2    0.113
     0     3    0.000
     1     0    0.370
     1     1    6.465
     1     2    1.083
     1     3    0.000
     2     0    0.625
     2     1    0.802
     2     2    7.224
     2     3    0.000
     3     0    1.820
     3     1    4.265
     3     2    0.098
     3     3    0.000
 mu_new=    -6.368
 Charge transfer:  iph  charge(iph)
       0   -0.206
       1    0.081
       2    0.349
       3   -0.183
              SCF ITERATION NUMBER 26  OUT OF  30
 Calculating energy and space dependent l-DOS.  It takes time ...
     point #   1  energy = -33.000
     Doing FMS for a cluster of   33 atoms around iph =   0 in fmsie
    0   FMS matrix (LUD) at point   1, number of state kets = 297
     Doing FMS for a cluster of   27 atoms around iph =   1 in fmsie
    0   FMS matrix (LUD) at point   1, number of state kets = 243
     Doing FMS for a cluster of   31 atoms around iph =   2 in fmsie
    0   FMS matrix (LUD) at point   1, number of state kets = 279
     Doing FMS for a cluster of   26 atoms around iph =   3 in fmsie
    0   FMS matrix (LUD) at point   1, number of state kets = 234
  Electronic configuration
   iph    il      N_el
     0     0    1.786
     0     1    4.306
     0     2    0.114
     0     3    0.000
     1     0    0.370
     1     1    6.465
     1     2    1.086
     1     3    0.000
     2     0    0.625
     2     1    0.802
     2     2    7.223
     2     3    0.000
     3     0    1.820
     3     1    4.264
     3     2    0.099
     3     3    0.000
 mu_new=    -6.368
 Charge transfer:  iph  charge(iph)
       0   -0.206
       1    0.075
       2    0.350
       3   -0.183
              SCF ITERATION NUMBER 27  OUT OF  30
 Calculating energy and space dependent l-DOS.  It takes time ...
     point #   1  energy = -33.000
     Doing FMS for a cluster of   33 atoms around iph =   0 in fmsie
    0   FMS matrix (LUD) at point   1, number of state kets = 297
     Doing FMS for a cluster of   27 atoms around iph =   1 in fmsie
    0   FMS matrix (LUD) at point   1, number of state kets = 243
     Doing FMS for a cluster of   31 atoms around iph =   2 in fmsie
    0   FMS matrix (LUD) at point   1, number of state kets = 279
     Doing FMS for a cluster of   26 atoms around iph =   3 in fmsie
    0   FMS matrix (LUD) at point   1, number of state kets = 234
  Electronic configuration
   iph    il      N_el
     0     0    1.786
     0     1    4.305
     0     2    0.115
     0     3    0.000
     1     0    0.370
     1     1    6.465
     1     2    1.089
     1     3    0.000
     2     0    0.625
     2     1    0.803
     2     2    7.222
     2     3    0.000
     3     0    1.820
     3     1    4.263
     3     2    0.100
     3     3    0.000
 mu_new=    -6.368
 Charge transfer:  iph  charge(iph)
       0   -0.206
       1    0.076
       2    0.350
       3   -0.183
              SCF ITERATION NUMBER 28  OUT OF  30
 Calculating energy and space dependent l-DOS.  It takes time ...
     point #   1  energy = -33.000
     Doing FMS for a cluster of   33 atoms around iph =   0 in fmsie
    0   FMS matrix (LUD) at point   1, number of state kets = 297
     Doing FMS for a cluster of   27 atoms around iph =   1 in fmsie
    0   FMS matrix (LUD) at point   1, number of state kets = 243
     Doing FMS for a cluster of   31 atoms around iph =   2 in fmsie
    0   FMS matrix (LUD) at point   1, number of state kets = 279
     Doing FMS for a cluster of   26 atoms around iph =   3 in fmsie
    0   FMS matrix (LUD) at point   1, number of state kets = 234
  Electronic configuration
   iph    il      N_el
     0     0    1.786
     0     1    4.305
     0     2    0.115
     0     3    0.000
     1     0    0.370
     1     1    6.465
     1     2    1.089
     1     3    0.000
     2     0    0.625
     2     1    0.803
     2     2    7.222
     2     3    0.000
     3     0    1.820
     3     1    4.263
     3     2    0.100
     3     3    0.000
 mu_new=    -6.368
 Charge transfer:  iph  charge(iph)
       0   -0.206
       1    0.076
       2    0.350
       3   -0.183
              SCF ITERATION NUMBER 29  OUT OF  30
 Calculating energy and space dependent l-DOS.  It takes time ...
     point #   1  energy = -33.000
     Doing FMS for a cluster of   33 atoms around iph =   0 in fmsie
    0   FMS matrix (LUD) at point   1, number of state kets = 297
     Doing FMS for a cluster of   27 atoms around iph =   1 in fmsie
    0   FMS matrix (LUD) at point   1, number of state kets = 243
     Doing FMS for a cluster of   31 atoms around iph =   2 in fmsie
    0   FMS matrix (LUD) at point   1, number of state kets = 279
     Doing FMS for a cluster of   26 atoms around iph =   3 in fmsie
    0   FMS matrix (LUD) at point   1, number of state kets = 234
  Electronic configuration
   iph    il      N_el
     0     0    1.786
     0     1    4.305
     0     2    0.115
     0     3    0.000
     1     0    0.370
     1     1    6.465
     1     2    1.088
     1     3    0.000
     2     0    0.625
     2     1    0.803
     2     2    7.222
     2     3    0.000
     3     0    1.820
     3     1    4.263
     3     2    0.100
     3     3    0.000
 mu_new=    -6.368
 Charge transfer:  iph  charge(iph)
       0   -0.206
       1    0.077
       2    0.350
       3   -0.183
 Convergence reached.
 Done with module 1: potentials.
 total time       20.9319288730621     
 communicate time  0.176594734191895     
