 Number of processors =           12
 Calculating potentials ...
muffin tin radii and interstitial parameters
 iph, rnrm(iph)*bohr, rmt(iph)*bohr, folp(iph)
    0  1.01870E+00  8.92660E-01  1.15000E+00
    1  1.80803E+00  1.74876E+00  1.08589E+00
    2  1.42936E+00  1.25583E+00  1.15000E+00
    3  1.02730E+00  9.09113E-01  1.15000E+00
              Core-valence separation
 ecv=   -34.000
 mu_old=     2.961
              SCF ITERATION NUMBER  1  OUT OF  30
 Calculating energy and space dependent l-DOS.  It takes time ...
     point #   1  energy = -34.000
     Doing FMS for a cluster of   25 atoms around iph =   0 in fmsie
    0   FMS matrix (LUD) at point   1, number of state kets = 225
     Doing FMS for a cluster of   24 atoms around iph =   1 in fmsie
    0   FMS matrix (LUD) at point   1, number of state kets = 216
     Doing FMS for a cluster of   26 atoms around iph =   2 in fmsie
    0   FMS matrix (LUD) at point   1, number of state kets = 234
     Doing FMS for a cluster of   29 atoms around iph =   3 in fmsie
    0   FMS matrix (LUD) at point   1, number of state kets = 261
  Electronic configuration
   iph    il      N_el
     0     0    1.791
     0     1    4.562
     0     2    0.121
     0     3    0.000
     1     0    0.288
     1     1    6.393
     1     2    0.954
     1     3    0.000
     2     0    0.685
     2     1    0.780
     2     2    6.760
     2     3    0.000
     3     0    1.801
     3     1    4.569
     3     2    0.109
     3     3    0.000
 mu_new=    -7.742
 Charge transfer:  iph  charge(iph)
       0   -0.090
       1    0.075
       2    0.145
       3   -0.091
              SCF ITERATION NUMBER  2  OUT OF  30
 Calculating energy and space dependent l-DOS.  It takes time ...
     point #   1  energy = -34.000
     Doing FMS for a cluster of   25 atoms around iph =   0 in fmsie
    0   FMS matrix (LUD) at point   1, number of state kets = 225
     Doing FMS for a cluster of   24 atoms around iph =   1 in fmsie
    0   FMS matrix (LUD) at point   1, number of state kets = 216
     Doing FMS for a cluster of   26 atoms around iph =   2 in fmsie
    0   FMS matrix (LUD) at point   1, number of state kets = 234
     Doing FMS for a cluster of   29 atoms around iph =   3 in fmsie
    0   FMS matrix (LUD) at point   1, number of state kets = 261
  Electronic configuration
   iph    il      N_el
     0     0    1.774
     0     1    4.325
     0     2    0.121
     0     3    0.000
     1     0    0.295
     1     1    6.403
     1     2    0.973
     1     3    0.000
     2     0    0.708
     2     1    0.783
     2     2    7.243
     2     3    0.000
     3     0    1.783
     3     1    4.323
     3     2    0.109
     3     3    0.000
 mu_new=    -7.958
 Charge transfer:  iph  charge(iph)
       0   -0.201
       1    0.287
       2    0.249
       3   -0.196
              SCF ITERATION NUMBER  3  OUT OF  30
 Calculating energy and space dependent l-DOS.  It takes time ...
     point #   1  energy = -34.000
     Doing FMS for a cluster of   25 atoms around iph =   0 in fmsie
    0   FMS matrix (LUD) at point   1, number of state kets = 225
     Doing FMS for a cluster of   24 atoms around iph =   1 in fmsie
    0   FMS matrix (LUD) at point   1, number of state kets = 216
     Doing FMS for a cluster of   26 atoms around iph =   2 in fmsie
    0   FMS matrix (LUD) at point   1, number of state kets = 234
     Doing FMS for a cluster of   29 atoms around iph =   3 in fmsie
    0   FMS matrix (LUD) at point   1, number of state kets = 261
     point # 100  energy =  -7.346
  Electronic configuration
   iph    il      N_el
     0     0    1.762
     0     1    4.147
     0     2    0.124
     0     3    0.000
     1     0    0.314
     1     1    6.431
     1     2    1.082
     1     3    0.000
     2     0    0.733
     2     1    0.808
     2     2    7.439
     2     3    0.000
     3     0    1.773
     3     1    4.168
     3     2    0.112
     3     3    0.000
 mu_new=    -7.356
 Charge transfer:  iph  charge(iph)
       0   -0.171
       1    0.280
       2    0.203
       3   -0.171
              SCF ITERATION NUMBER  4  OUT OF  30
 Calculating energy and space dependent l-DOS.  It takes time ...
     point #   1  energy = -34.000
     Doing FMS for a cluster of   25 atoms around iph =   0 in fmsie
    0   FMS matrix (LUD) at point   1, number of state kets = 225
     Doing FMS for a cluster of   24 atoms around iph =   1 in fmsie
    0   FMS matrix (LUD) at point   1, number of state kets = 216
     Doing FMS for a cluster of   26 atoms around iph =   2 in fmsie
    0   FMS matrix (LUD) at point   1, number of state kets = 234
     Doing FMS for a cluster of   29 atoms around iph =   3 in fmsie
    0   FMS matrix (LUD) at point   1, number of state kets = 261
  Electronic configuration
   iph    il      N_el
     0     0    1.768
     0     1    4.246
     0     2    0.124
     0     3    0.000
     1     0    0.310
     1     1    6.425
     1     2    1.067
     1     3    0.000
     2     0    0.724
     2     1    0.806
     2     2    7.262
     2     3    0.000
     3     0    1.780
     3     1    4.262
     3     2    0.112
     3     3    0.000
 mu_new=    -7.257
 Charge transfer:  iph  charge(iph)
       0   -0.164
       1    0.265
       2    0.205
       3   -0.169
              SCF ITERATION NUMBER  5  OUT OF  30
 Calculating energy and space dependent l-DOS.  It takes time ...
     point #   1  energy = -34.000
     Doing FMS for a cluster of   25 atoms around iph =   0 in fmsie
    0   FMS matrix (LUD) at point   1, number of state kets = 225
     Doing FMS for a cluster of   24 atoms around iph =   1 in fmsie
    0   FMS matrix (LUD) at point   1, number of state kets = 216
     Doing FMS for a cluster of   26 atoms around iph =   2 in fmsie
    0   FMS matrix (LUD) at point   1, number of state kets = 234
     Doing FMS for a cluster of   29 atoms around iph =   3 in fmsie
    0   FMS matrix (LUD) at point   1, number of state kets = 261
  Electronic configuration
   iph    il      N_el
     0     0    1.769
     0     1    4.264
     0     2    0.124
     0     3    0.000
     1     0    0.307
     1     1    6.420
     1     2    1.048
     1     3    0.000
     2     0    0.722
     2     1    0.802
     2     2    7.266
     2     3    0.000
     3     0    1.780
     3     1    4.270
     3     2    0.111
     3     3    0.000
 mu_new=    -7.321
 Charge transfer:  iph  charge(iph)
       0   -0.163
       1    0.254
       2    0.207
       3   -0.167
              SCF ITERATION NUMBER  6  OUT OF  30
 Calculating energy and space dependent l-DOS.  It takes time ...
     point #   1  energy = -34.000
     Doing FMS for a cluster of   25 atoms around iph =   0 in fmsie
    0   FMS matrix (LUD) at point   1, number of state kets = 225
     Doing FMS for a cluster of   24 atoms around iph =   1 in fmsie
    0   FMS matrix (LUD) at point   1, number of state kets = 216
     Doing FMS for a cluster of   26 atoms around iph =   2 in fmsie
    0   FMS matrix (LUD) at point   1, number of state kets = 234
     Doing FMS for a cluster of   29 atoms around iph =   3 in fmsie
    0   FMS matrix (LUD) at point   1, number of state kets = 261
  Electronic configuration
   iph    il      N_el
     0     0    1.770
     0     1    4.268
     0     2    0.123
     0     3    0.000
     1     0    0.306
     1     1    6.417
     1     2    1.037
     1     3    0.000
     2     0    0.721
     2     1    0.799
     2     2    7.270
     2     3    0.000
     3     0    1.780
     3     1    4.274
     3     2    0.111
     3     3    0.000
 mu_new=    -7.372
 Charge transfer:  iph  charge(iph)
       0   -0.162
       1    0.247
       2    0.208
       3   -0.166
              SCF ITERATION NUMBER  7  OUT OF  30
 Calculating energy and space dependent l-DOS.  It takes time ...
     point #   1  energy = -34.000
     Doing FMS for a cluster of   25 atoms around iph =   0 in fmsie
    0   FMS matrix (LUD) at point   1, number of state kets = 225
     Doing FMS for a cluster of   24 atoms around iph =   1 in fmsie
    0   FMS matrix (LUD) at point   1, number of state kets = 216
     Doing FMS for a cluster of   26 atoms around iph =   2 in fmsie
    0   FMS matrix (LUD) at point   1, number of state kets = 234
     Doing FMS for a cluster of   29 atoms around iph =   3 in fmsie
    0   FMS matrix (LUD) at point   1, number of state kets = 261
  Electronic configuration
   iph    il      N_el
     0     0    1.770
     0     1    4.270
     0     2    0.123
     0     3    0.000
     1     0    0.304
     1     1    6.415
     1     2    1.029
     1     3    0.000
     2     0    0.720
     2     1    0.797
     2     2    7.275
     2     3    0.000
     3     0    1.780
     3     1    4.276
     3     2    0.111
     3     3    0.000
 mu_new=    -7.417
 Charge transfer:  iph  charge(iph)
       0   -0.162
       1    0.248
       2    0.208
       3   -0.166
              SCF ITERATION NUMBER  8  OUT OF  30
 Calculating energy and space dependent l-DOS.  It takes time ...
     point #   1  energy = -34.000
     Doing FMS for a cluster of   25 atoms around iph =   0 in fmsie
    0   FMS matrix (LUD) at point   1, number of state kets = 225
     Doing FMS for a cluster of   24 atoms around iph =   1 in fmsie
    0   FMS matrix (LUD) at point   1, number of state kets = 216
     Doing FMS for a cluster of   26 atoms around iph =   2 in fmsie
    0   FMS matrix (LUD) at point   1, number of state kets = 234
     Doing FMS for a cluster of   29 atoms around iph =   3 in fmsie
    0   FMS matrix (LUD) at point   1, number of state kets = 261
  Electronic configuration
   iph    il      N_el
     0     0    1.770
     0     1    4.270
     0     2    0.123
     0     3    0.000
     1     0    0.304
     1     1    6.415
     1     2    1.030
     1     3    0.000
     2     0    0.721
     2     1    0.797
     2     2    7.274
     2     3    0.000
     3     0    1.780
     3     1    4.276
     3     2    0.111
     3     3    0.000
 mu_new=    -7.414
 Charge transfer:  iph  charge(iph)
       0   -0.162
       1    0.249
       2    0.208
       3   -0.166
              SCF ITERATION NUMBER  9  OUT OF  30
 Calculating energy and space dependent l-DOS.  It takes time ...
     point #   1  energy = -34.000
     Doing FMS for a cluster of   25 atoms around iph =   0 in fmsie
    0   FMS matrix (LUD) at point   1, number of state kets = 225
     Doing FMS for a cluster of   24 atoms around iph =   1 in fmsie
    0   FMS matrix (LUD) at point   1, number of state kets = 216
     Doing FMS for a cluster of   26 atoms around iph =   2 in fmsie
    0   FMS matrix (LUD) at point   1, number of state kets = 234
     Doing FMS for a cluster of   29 atoms around iph =   3 in fmsie
    0   FMS matrix (LUD) at point   1, number of state kets = 261
  Electronic configuration
   iph    il      N_el
     0     0    1.770
     0     1    4.267
     0     2    0.125
     0     3    0.000
     1     0    0.305
     1     1    6.416
     1     2    1.039
     1     3    0.000
     2     0    0.721
     2     1    0.798
     2     2    7.271
     2     3    0.000
     3     0    1.780
     3     1    4.273
     3     2    0.112
     3     3    0.000
 mu_new=    -7.414
 Charge transfer:  iph  charge(iph)
       0   -0.162
       1    0.248
       2    0.208
       3   -0.166
              SCF ITERATION NUMBER 10  OUT OF  30
 Calculating energy and space dependent l-DOS.  It takes time ...
     point #   1  energy = -34.000
     Doing FMS for a cluster of   25 atoms around iph =   0 in fmsie
    0   FMS matrix (LUD) at point   1, number of state kets = 225
     Doing FMS for a cluster of   24 atoms around iph =   1 in fmsie
    0   FMS matrix (LUD) at point   1, number of state kets = 216
     Doing FMS for a cluster of   26 atoms around iph =   2 in fmsie
    0   FMS matrix (LUD) at point   1, number of state kets = 234
     Doing FMS for a cluster of   29 atoms around iph =   3 in fmsie
    0   FMS matrix (LUD) at point   1, number of state kets = 261
  Electronic configuration
   iph    il      N_el
     0     0    1.770
     0     1    4.265
     0     2    0.126
     0     3    0.000
     1     0    0.305
     1     1    6.416
     1     2    1.044
     1     3    0.000
     2     0    0.721
     2     1    0.799
     2     2    7.268
     2     3    0.000
     3     0    1.780
     3     1    4.272
     3     2    0.113
     3     3    0.000
 mu_new=    -7.414
 Charge transfer:  iph  charge(iph)
       0   -0.163
       1    0.251
       2    0.207
       3   -0.166
              SCF ITERATION NUMBER 11  OUT OF  30
 Calculating energy and space dependent l-DOS.  It takes time ...
     point #   1  energy = -34.000
     Doing FMS for a cluster of   25 atoms around iph =   0 in fmsie
    0   FMS matrix (LUD) at point   1, number of state kets = 225
     Doing FMS for a cluster of   24 atoms around iph =   1 in fmsie
    0   FMS matrix (LUD) at point   1, number of state kets = 216
     Doing FMS for a cluster of   26 atoms around iph =   2 in fmsie
    0   FMS matrix (LUD) at point   1, number of state kets = 234
     Doing FMS for a cluster of   29 atoms around iph =   3 in fmsie
    0   FMS matrix (LUD) at point   1, number of state kets = 261
  Electronic configuration
   iph    il      N_el
     0     0    1.770
     0     1    4.268
     0     2    0.124
     0     3    0.000
     1     0    0.305
     1     1    6.416
     1     2    1.036
     1     3    0.000
     2     0    0.721
     2     1    0.798
     2     2    7.272
     2     3    0.000
     3     0    1.780
     3     1    4.275
     3     2    0.112
     3     3    0.000
 mu_new=    -7.414
 Charge transfer:  iph  charge(iph)
       0   -0.163
       1    0.255
       2    0.206
       3   -0.167
              SCF ITERATION NUMBER 12  OUT OF  30
 Calculating energy and space dependent l-DOS.  It takes time ...
     point #   1  energy = -34.000
     Doing FMS for a cluster of   25 atoms around iph =   0 in fmsie
    0   FMS matrix (LUD) at point   1, number of state kets = 225
     Doing FMS for a cluster of   24 atoms around iph =   1 in fmsie
    0   FMS matrix (LUD) at point   1, number of state kets = 216
     Doing FMS for a cluster of   26 atoms around iph =   2 in fmsie
    0   FMS matrix (LUD) at point   1, number of state kets = 234
     Doing FMS for a cluster of   29 atoms around iph =   3 in fmsie
    0   FMS matrix (LUD) at point   1, number of state kets = 261
  Electronic configuration
   iph    il      N_el
     0     0    1.770
     0     1    4.269
     0     2    0.123
     0     3    0.000
     1     0    0.305
     1     1    6.416
     1     2    1.033
     1     3    0.000
     2     0    0.720
     2     1    0.797
     2     2    7.273
     2     3    0.000
     3     0    1.780
     3     1    4.276
     3     2    0.111
     3     3    0.000
 mu_new=    -7.413
 Charge transfer:  iph  charge(iph)
       0   -0.163
       1    0.256
       2    0.206
       3   -0.167
              SCF ITERATION NUMBER 13  OUT OF  30
 Calculating energy and space dependent l-DOS.  It takes time ...
     point #   1  energy = -34.000
     Doing FMS for a cluster of   25 atoms around iph =   0 in fmsie
    0   FMS matrix (LUD) at point   1, number of state kets = 225
     Doing FMS for a cluster of   24 atoms around iph =   1 in fmsie
    0   FMS matrix (LUD) at point   1, number of state kets = 216
     Doing FMS for a cluster of   26 atoms around iph =   2 in fmsie
    0   FMS matrix (LUD) at point   1, number of state kets = 234
     Doing FMS for a cluster of   29 atoms around iph =   3 in fmsie
    0   FMS matrix (LUD) at point   1, number of state kets = 261
  Electronic configuration
   iph    il      N_el
     0     0    1.770
     0     1    4.269
     0     2    0.123
     0     3    0.000
     1     0    0.305
     1     1    6.416
     1     2    1.033
     1     3    0.000
     2     0    0.720
     2     1    0.797
     2     2    7.273
     2     3    0.000
     3     0    1.780
     3     1    4.276
     3     2    0.111
     3     3    0.000
 mu_new=    -7.411
 Charge transfer:  iph  charge(iph)
       0   -0.163
       1    0.252
       2    0.207
       3   -0.167
              SCF ITERATION NUMBER 14  OUT OF  30
 Calculating energy and space dependent l-DOS.  It takes time ...
     point #   1  energy = -34.000
     Doing FMS for a cluster of   25 atoms around iph =   0 in fmsie
    0   FMS matrix (LUD) at point   1, number of state kets = 225
     Doing FMS for a cluster of   24 atoms around iph =   1 in fmsie
    0   FMS matrix (LUD) at point   1, number of state kets = 216
     Doing FMS for a cluster of   26 atoms around iph =   2 in fmsie
    0   FMS matrix (LUD) at point   1, number of state kets = 234
     Doing FMS for a cluster of   29 atoms around iph =   3 in fmsie
    0   FMS matrix (LUD) at point   1, number of state kets = 261
  Electronic configuration
   iph    il      N_el
     0     0    1.770
     0     1    4.266
     0     2    0.125
     0     3    0.000
     1     0    0.305
     1     1    6.416
     1     2    1.043
     1     3    0.000
     2     0    0.721
     2     1    0.798
     2     2    7.269
     2     3    0.000
     3     0    1.780
     3     1    4.273
     3     2    0.113
     3     3    0.000
 mu_new=    -7.411
 Charge transfer:  iph  charge(iph)
       0   -0.163
       1    0.259
       2    0.205
       3   -0.167
              SCF ITERATION NUMBER 15  OUT OF  30
 Calculating energy and space dependent l-DOS.  It takes time ...
     point #   1  energy = -34.000
     Doing FMS for a cluster of   25 atoms around iph =   0 in fmsie
    0   FMS matrix (LUD) at point   1, number of state kets = 225
     Doing FMS for a cluster of   24 atoms around iph =   1 in fmsie
    0   FMS matrix (LUD) at point   1, number of state kets = 216
     Doing FMS for a cluster of   26 atoms around iph =   2 in fmsie
    0   FMS matrix (LUD) at point   1, number of state kets = 234
     Doing FMS for a cluster of   29 atoms around iph =   3 in fmsie
    0   FMS matrix (LUD) at point   1, number of state kets = 261
  Electronic configuration
   iph    il      N_el
     0     0    1.770
     0     1    4.269
     0     2    0.123
     0     3    0.000
     1     0    0.305
     1     1    6.416
     1     2    1.035
     1     3    0.000
     2     0    0.720
     2     1    0.797
     2     2    7.272
     2     3    0.000
     3     0    1.780
     3     1    4.276
     3     2    0.111
     3     3    0.000
 mu_new=    -7.409
 Charge transfer:  iph  charge(iph)
       0   -0.169
       1    0.307
       2    0.192
       3   -0.172
negative dens  10  0-2057.356445 - usually due to harmless precision errors, but check DOS to make sure
negative dens  10  3-1991.048476 - usually due to harmless precision errors, but check DOS to make sure
              SCF ITERATION NUMBER 16  OUT OF  30
 Calculating energy and space dependent l-DOS.  It takes time ...
     point #   1  energy = -34.000
     Doing FMS for a cluster of   25 atoms around iph =   0 in fmsie
    0   FMS matrix (LUD) at point   1, number of state kets = 225
     Doing FMS for a cluster of   24 atoms around iph =   1 in fmsie
    0   FMS matrix (LUD) at point   1, number of state kets = 216
     Doing FMS for a cluster of   26 atoms around iph =   2 in fmsie
    0   FMS matrix (LUD) at point   1, number of state kets = 234
     Doing FMS for a cluster of   29 atoms around iph =   3 in fmsie
    0   FMS matrix (LUD) at point   1, number of state kets = 261
  Electronic configuration
   iph    il      N_el
     0     0    1.770
     0     1    4.267
     0     2    0.123
     0     3    0.000
     1     0    0.308
     1     1    6.422
     1     2    1.055
     1     3    0.000
     2     0    0.721
     2     1    0.799
     2     2    7.258
     2     3    0.000
     3     0    1.780
     3     1    4.274
     3     2    0.111
     3     3    0.000
 mu_new=    -7.369
 Charge transfer:  iph  charge(iph)
       0   -0.162
       1    0.249
       2    0.208
       3   -0.166
              SCF ITERATION NUMBER 17  OUT OF  30
 Calculating energy and space dependent l-DOS.  It takes time ...
     point #   1  energy = -34.000
     Doing FMS for a cluster of   25 atoms around iph =   0 in fmsie
    0   FMS matrix (LUD) at point   1, number of state kets = 225
     Doing FMS for a cluster of   24 atoms around iph =   1 in fmsie
    0   FMS matrix (LUD) at point   1, number of state kets = 216
     Doing FMS for a cluster of   26 atoms around iph =   2 in fmsie
    0   FMS matrix (LUD) at point   1, number of state kets = 234
     Doing FMS for a cluster of   29 atoms around iph =   3 in fmsie
    0   FMS matrix (LUD) at point   1, number of state kets = 261
  Electronic configuration
   iph    il      N_el
     0     0    1.770
     0     1    4.269
     0     2    0.123
     0     3    0.000
     1     0    0.304
     1     1    6.415
     1     2    1.030
     1     3    0.000
     2     0    0.720
     2     1    0.797
     2     2    7.276
     2     3    0.000
     3     0    1.780
     3     1    4.276
     3     2    0.111
     3     3    0.000
 mu_new=    -7.419
 Charge transfer:  iph  charge(iph)
       0   -0.163
       1    0.251
       2    0.207
       3   -0.166
              SCF ITERATION NUMBER 18  OUT OF  30
 Calculating energy and space dependent l-DOS.  It takes time ...
     point #   1  energy = -34.000
     Doing FMS for a cluster of   25 atoms around iph =   0 in fmsie
    0   FMS matrix (LUD) at point   1, number of state kets = 225
     Doing FMS for a cluster of   24 atoms around iph =   1 in fmsie
    0   FMS matrix (LUD) at point   1, number of state kets = 216
     Doing FMS for a cluster of   26 atoms around iph =   2 in fmsie
    0   FMS matrix (LUD) at point   1, number of state kets = 234
     Doing FMS for a cluster of   29 atoms around iph =   3 in fmsie
    0   FMS matrix (LUD) at point   1, number of state kets = 261
  Electronic configuration
   iph    il      N_el
     0     0    1.770
     0     1    4.270
     0     2    0.123
     0     3    0.000
     1     0    0.305
     1     1    6.415
     1     2    1.031
     1     3    0.000
     2     0    0.720
     2     1    0.797
     2     2    7.274
     2     3    0.000
     3     0    1.780
     3     1    4.276
     3     2    0.111
     3     3    0.000
 mu_new=    -7.416
 Charge transfer:  iph  charge(iph)
       0   -0.162
       1    0.250
       2    0.208
       3   -0.166
              SCF ITERATION NUMBER 19  OUT OF  30
 Calculating energy and space dependent l-DOS.  It takes time ...
     point #   1  energy = -34.000
     Doing FMS for a cluster of   25 atoms around iph =   0 in fmsie
    0   FMS matrix (LUD) at point   1, number of state kets = 225
     Doing FMS for a cluster of   24 atoms around iph =   1 in fmsie
    0   FMS matrix (LUD) at point   1, number of state kets = 216
     Doing FMS for a cluster of   26 atoms around iph =   2 in fmsie
    0   FMS matrix (LUD) at point   1, number of state kets = 234
     Doing FMS for a cluster of   29 atoms around iph =   3 in fmsie
    0   FMS matrix (LUD) at point   1, number of state kets = 261
  Electronic configuration
   iph    il      N_el
     0     0    1.770
     0     1    4.269
     0     2    0.124
     0     3    0.000
     1     0    0.305
     1     1    6.415
     1     2    1.034
     1     3    0.000
     2     0    0.721
     2     1    0.797
     2     2    7.273
     2     3    0.000
     3     0    1.780
     3     1    4.275
     3     2    0.111
     3     3    0.000
 mu_new=    -7.416
 Charge transfer:  iph  charge(iph)
       0   -0.163
       1    0.250
       2    0.208
       3   -0.166
              SCF ITERATION NUMBER 20  OUT OF  30
 Calculating energy and space dependent l-DOS.  It takes time ...
     point #   1  energy = -34.000
     Doing FMS for a cluster of   25 atoms around iph =   0 in fmsie
    0   FMS matrix (LUD) at point   1, number of state kets = 225
     Doing FMS for a cluster of   24 atoms around iph =   1 in fmsie
    0   FMS matrix (LUD) at point   1, number of state kets = 216
     Doing FMS for a cluster of   26 atoms around iph =   2 in fmsie
    0   FMS matrix (LUD) at point   1, number of state kets = 234
     Doing FMS for a cluster of   29 atoms around iph =   3 in fmsie
    0   FMS matrix (LUD) at point   1, number of state kets = 261
  Electronic configuration
   iph    il      N_el
     0     0    1.770
     0     1    4.268
     0     2    0.124
     0     3    0.000
     1     0    0.305
     1     1    6.415
     1     2    1.034
     1     3    0.000
     2     0    0.721
     2     1    0.797
     2     2    7.273
     2     3    0.000
     3     0    1.780
     3     1    4.275
     3     2    0.111
     3     3    0.000
 mu_new=    -7.416
 Charge transfer:  iph  charge(iph)
       0   -0.162
       1    0.246
       2    0.209
       3   -0.166
              SCF ITERATION NUMBER 21  OUT OF  30
 Calculating energy and space dependent l-DOS.  It takes time ...
     point #   1  energy = -34.000
     Doing FMS for a cluster of   25 atoms around iph =   0 in fmsie
    0   FMS matrix (LUD) at point   1, number of state kets = 225
     Doing FMS for a cluster of   24 atoms around iph =   1 in fmsie
    0   FMS matrix (LUD) at point   1, number of state kets = 216
     Doing FMS for a cluster of   26 atoms around iph =   2 in fmsie
    0   FMS matrix (LUD) at point   1, number of state kets = 234
     Doing FMS for a cluster of   29 atoms around iph =   3 in fmsie
    0   FMS matrix (LUD) at point   1, number of state kets = 261
  Electronic configuration
   iph    il      N_el
     0     0    1.770
     0     1    4.267
     0     2    0.125
     0     3    0.000
     1     0    0.305
     1     1    6.415
     1     2    1.038
     1     3    0.000
     2     0    0.721
     2     1    0.798
     2     2    7.271
     2     3    0.000
     3     0    1.780
     3     1    4.273
     3     2    0.112
     3     3    0.000
 mu_new=    -7.416
 Charge transfer:  iph  charge(iph)
       0   -0.164
       1    0.260
       2    0.205
       3   -0.167
              SCF ITERATION NUMBER 22  OUT OF  30
 Calculating energy and space dependent l-DOS.  It takes time ...
     point #   1  energy = -34.000
     Doing FMS for a cluster of   25 atoms around iph =   0 in fmsie
    0   FMS matrix (LUD) at point   1, number of state kets = 225
     Doing FMS for a cluster of   24 atoms around iph =   1 in fmsie
    0   FMS matrix (LUD) at point   1, number of state kets = 216
     Doing FMS for a cluster of   26 atoms around iph =   2 in fmsie
    0   FMS matrix (LUD) at point   1, number of state kets = 234
     Doing FMS for a cluster of   29 atoms around iph =   3 in fmsie
    0   FMS matrix (LUD) at point   1, number of state kets = 261
  Electronic configuration
   iph    il      N_el
     0     0    1.770
     0     1    4.269
     0     2    0.123
     0     3    0.000
     1     0    0.305
     1     1    6.416
     1     2    1.035
     1     3    0.000
     2     0    0.720
     2     1    0.797
     2     2    7.272
     2     3    0.000
     3     0    1.780
     3     1    4.276
     3     2    0.111
     3     3    0.000
 mu_new=    -7.409
 Charge transfer:  iph  charge(iph)
       0   -0.162
       1    0.241
       2    0.210
       3   -0.165
              SCF ITERATION NUMBER 23  OUT OF  30
 Calculating energy and space dependent l-DOS.  It takes time ...
     point #   1  energy = -34.000
     Doing FMS for a cluster of   25 atoms around iph =   0 in fmsie
    0   FMS matrix (LUD) at point   1, number of state kets = 225
     Doing FMS for a cluster of   24 atoms around iph =   1 in fmsie
    0   FMS matrix (LUD) at point   1, number of state kets = 216
     Doing FMS for a cluster of   26 atoms around iph =   2 in fmsie
    0   FMS matrix (LUD) at point   1, number of state kets = 234
     Doing FMS for a cluster of   29 atoms around iph =   3 in fmsie
    0   FMS matrix (LUD) at point   1, number of state kets = 261
  Electronic configuration
   iph    il      N_el
     0     0    1.770
     0     1    4.260
     0     2    0.130
     0     3    0.000
     1     0    0.307
     1     1    6.416
     1     2    1.064
     1     3    0.000
     2     0    0.721
     2     1    0.802
     2     2    7.257
     2     3    0.000
     3     0    1.780
     3     1    4.266
     3     2    0.118
     3     3    0.000
 mu_new=    -7.409
 Charge transfer:  iph  charge(iph)
       0   -0.167
       1    0.287
       2    0.197
       3   -0.170
negative dens  10  0 -365.899492 - usually due to harmless precision errors, but check DOS to make sure
negative dens  10  3 -297.331085 - usually due to harmless precision errors, but check DOS to make sure
              SCF ITERATION NUMBER 24  OUT OF  30
 Calculating energy and space dependent l-DOS.  It takes time ...
     point #   1  energy = -34.000
     Doing FMS for a cluster of   25 atoms around iph =   0 in fmsie
    0   FMS matrix (LUD) at point   1, number of state kets = 225
     Doing FMS for a cluster of   24 atoms around iph =   1 in fmsie
    0   FMS matrix (LUD) at point   1, number of state kets = 216
     Doing FMS for a cluster of   26 atoms around iph =   2 in fmsie
    0   FMS matrix (LUD) at point   1, number of state kets = 234
     Doing FMS for a cluster of   29 atoms around iph =   3 in fmsie
    0   FMS matrix (LUD) at point   1, number of state kets = 261
  Electronic configuration
   iph    il      N_el
     0     0    1.770
     0     1    4.268
     0     2    0.123
     0     3    0.000
     1     0    0.307
     1     1    6.420
     1     2    1.046
     1     3    0.000
     2     0    0.721
     2     1    0.798
     2     2    7.264
     2     3    0.000
     3     0    1.780
     3     1    4.275
     3     2    0.111
     3     3    0.000
 mu_new=    -7.387
 Charge transfer:  iph  charge(iph)
       0   -0.157
       1    0.201
       2    0.222
       3   -0.161
              SCF ITERATION NUMBER 25  OUT OF  30
 Calculating energy and space dependent l-DOS.  It takes time ...
     point #   1  energy = -34.000
     Doing FMS for a cluster of   25 atoms around iph =   0 in fmsie
    0   FMS matrix (LUD) at point   1, number of state kets = 225
     Doing FMS for a cluster of   24 atoms around iph =   1 in fmsie
    0   FMS matrix (LUD) at point   1, number of state kets = 216
     Doing FMS for a cluster of   26 atoms around iph =   2 in fmsie
    0   FMS matrix (LUD) at point   1, number of state kets = 234
     Doing FMS for a cluster of   29 atoms around iph =   3 in fmsie
    0   FMS matrix (LUD) at point   1, number of state kets = 261
  Electronic configuration
   iph    il      N_el
     0     0    1.770
     0     1    4.271
     0     2    0.123
     0     3    0.000
     1     0    0.302
     1     1    6.410
     1     2    1.011
     1     3    0.000
     2     0    0.720
     2     1    0.795
     2     2    7.290
     2     3    0.000
     3     0    1.779
     3     1    4.277
     3     2    0.110
     3     3    0.000
 mu_new=    -7.458
 Charge transfer:  iph  charge(iph)
       0   -0.163
       1    0.249
       2    0.208
       3   -0.166
              SCF ITERATION NUMBER 26  OUT OF  30
 Calculating energy and space dependent l-DOS.  It takes time ...
     point #   1  energy = -34.000
     Doing FMS for a cluster of   25 atoms around iph =   0 in fmsie
    0   FMS matrix (LUD) at point   1, number of state kets = 225
     Doing FMS for a cluster of   24 atoms around iph =   1 in fmsie
    0   FMS matrix (LUD) at point   1, number of state kets = 216
     Doing FMS for a cluster of   26 atoms around iph =   2 in fmsie
    0   FMS matrix (LUD) at point   1, number of state kets = 234
     Doing FMS for a cluster of   29 atoms around iph =   3 in fmsie
    0   FMS matrix (LUD) at point   1, number of state kets = 261
  Electronic configuration
   iph    il      N_el
     0     0    1.770
     0     1    4.270
     0     2    0.123
     0     3    0.000
     1     0    0.304
     1     1    6.415
     1     2    1.030
     1     3    0.000
     2     0    0.720
     2     1    0.797
     2     2    7.274
     2     3    0.000
     3     0    1.780
     3     1    4.276
     3     2    0.111
     3     3    0.000
 mu_new=    -7.417
 Charge transfer:  iph  charge(iph)
       0   -0.163
       1    0.250
       2    0.208
       3   -0.166
              SCF ITERATION NUMBER 27  OUT OF  30
 Calculating energy and space dependent l-DOS.  It takes time ...
     point #   1  energy = -34.000
     Doing FMS for a cluster of   25 atoms around iph =   0 in fmsie
    0   FMS matrix (LUD) at point   1, number of state kets = 225
     Doing FMS for a cluster of   24 atoms around iph =   1 in fmsie
    0   FMS matrix (LUD) at point   1, number of state kets = 216
     Doing FMS for a cluster of   26 atoms around iph =   2 in fmsie
    0   FMS matrix (LUD) at point   1, number of state kets = 234
     Doing FMS for a cluster of   29 atoms around iph =   3 in fmsie
    0   FMS matrix (LUD) at point   1, number of state kets = 261
  Electronic configuration
   iph    il      N_el
     0     0    1.770
     0     1    4.269
     0     2    0.123
     0     3    0.000
     1     0    0.305
     1     1    6.415
     1     2    1.033
     1     3    0.000
     2     0    0.720
     2     1    0.797
     2     2    7.274
     2     3    0.000
     3     0    1.780
     3     1    4.275
     3     2    0.111
     3     3    0.000
 mu_new=    -7.417
 Charge transfer:  iph  charge(iph)
       0   -0.163
       1    0.250
       2    0.208
       3   -0.166
              SCF ITERATION NUMBER 28  OUT OF  30
 Calculating energy and space dependent l-DOS.  It takes time ...
     point #   1  energy = -34.000
     Doing FMS for a cluster of   25 atoms around iph =   0 in fmsie
    0   FMS matrix (LUD) at point   1, number of state kets = 225
     Doing FMS for a cluster of   24 atoms around iph =   1 in fmsie
    0   FMS matrix (LUD) at point   1, number of state kets = 216
     Doing FMS for a cluster of   26 atoms around iph =   2 in fmsie
    0   FMS matrix (LUD) at point   1, number of state kets = 234
     Doing FMS for a cluster of   29 atoms around iph =   3 in fmsie
    0   FMS matrix (LUD) at point   1, number of state kets = 261
  Electronic configuration
   iph    il      N_el
     0     0    1.770
     0     1    4.269
     0     2    0.124
     0     3    0.000
     1     0    0.305
     1     1    6.415
     1     2    1.033
     1     3    0.000
     2     0    0.720
     2     1    0.797
     2     2    7.274
     2     3    0.000
     3     0    1.780
     3     1    4.275
     3     2    0.111
     3     3    0.000
 mu_new=    -7.417
 Charge transfer:  iph  charge(iph)
       0   -0.163
       1    0.250
       2    0.208
       3   -0.166
              SCF ITERATION NUMBER 29  OUT OF  30
 Calculating energy and space dependent l-DOS.  It takes time ...
     point #   1  energy = -34.000
     Doing FMS for a cluster of   25 atoms around iph =   0 in fmsie
    0   FMS matrix (LUD) at point   1, number of state kets = 225
     Doing FMS for a cluster of   24 atoms around iph =   1 in fmsie
    0   FMS matrix (LUD) at point   1, number of state kets = 216
     Doing FMS for a cluster of   26 atoms around iph =   2 in fmsie
    0   FMS matrix (LUD) at point   1, number of state kets = 234
     Doing FMS for a cluster of   29 atoms around iph =   3 in fmsie
    0   FMS matrix (LUD) at point   1, number of state kets = 261
  Electronic configuration
   iph    il      N_el
     0     0    1.770
     0     1    4.269
     0     2    0.124
     0     3    0.000
     1     0    0.305
     1     1    6.415
     1     2    1.033
     1     3    0.000
     2     0    0.721
     2     1    0.797
     2     2    7.274
     2     3    0.000
     3     0    1.780
     3     1    4.275
     3     2    0.111
     3     3    0.000
 mu_new=    -7.417
 Charge transfer:  iph  charge(iph)
       0   -0.163
       1    0.252
       2    0.207
       3   -0.166
              SCF ITERATION NUMBER 30  OUT OF  30
 Calculating energy and space dependent l-DOS.  It takes time ...
     point #   1  energy = -34.000
     Doing FMS for a cluster of   25 atoms around iph =   0 in fmsie
    0   FMS matrix (LUD) at point   1, number of state kets = 225
     Doing FMS for a cluster of   24 atoms around iph =   1 in fmsie
    0   FMS matrix (LUD) at point   1, number of state kets = 216
     Doing FMS for a cluster of   26 atoms around iph =   2 in fmsie
    0   FMS matrix (LUD) at point   1, number of state kets = 234
     Doing FMS for a cluster of   29 atoms around iph =   3 in fmsie
    0   FMS matrix (LUD) at point   1, number of state kets = 261
  Electronic configuration
   iph    il      N_el
     0     0    1.770
     0     1    4.269
     0     2    0.123
     0     3    0.000
     1     0    0.305
     1     1    6.415
     1     2    1.031
     1     3    0.000
     2     0    0.720
     2     1    0.797
     2     2    7.274
     2     3    0.000
     3     0    1.780
     3     1    4.276
     3     2    0.111
     3     3    0.000
 mu_new=    -7.416
 Charge transfer:  iph  charge(iph)
       0   -0.162
       1    0.242
       2    0.210
       3   -0.165
:WARNING Convergence not reached; ran out of iterations.
 Done with module 1: potentials.
 total time       20.3368978500366     
 communicate time  0.238570213317871     
