 Number of processors =           12
 Calculating LDOS ...
              LDOS calculation for specified grid
 Calculating energy and space dependent l-DOS.
 It takes time ...
     potential type  0
     potential type  1
     potential type  2
     potential type  3
 Number of energy points = 101
 Doing FMS for a cluster of 112 atoms around iph =  0
    7   FMS matrix (LUD) at point  20, number of state kets =1792
    3   FMS matrix (LUD) at point  40, number of state kets =1792
   11   FMS matrix (LUD) at point  60, number of state kets =1792
    7   FMS matrix (LUD) at point  80, number of state kets =1792
    3   FMS matrix (LUD) at point 100, number of state kets =1792
 Number of energy points = 101
* * * WARNING preparing cluster for FMS calculation.
      You specified a cluster of 118 atoms for the FMS calculation.
      This exceeds the hard wired limit of 112 atoms.
      The cluster size was reset to 112 and the calculation will continue.
 Doing FMS for a cluster of 112 atoms around iph =  1
    7   FMS matrix (LUD) at point  20, number of state kets =1792
    3   FMS matrix (LUD) at point  40, number of state kets =1792
   11   FMS matrix (LUD) at point  60, number of state kets =1792
    7   FMS matrix (LUD) at point  80, number of state kets =1792
    3   FMS matrix (LUD) at point 100, number of state kets =1792
 Number of energy points = 101
 Doing FMS for a cluster of 110 atoms around iph =  2
    7   FMS matrix (LUD) at point  20, number of state kets =1760
    3   FMS matrix (LUD) at point  40, number of state kets =1760
   11   FMS matrix (LUD) at point  60, number of state kets =1760
    7   FMS matrix (LUD) at point  80, number of state kets =1760
    3   FMS matrix (LUD) at point 100, number of state kets =1760
 Number of energy points = 101
 Doing FMS for a cluster of 112 atoms around iph =  3
    7   FMS matrix (LUD) at point  20, number of state kets =1792
    3   FMS matrix (LUD) at point  40, number of state kets =1792
   11   FMS matrix (LUD) at point  60, number of state kets =1792
    7   FMS matrix (LUD) at point  80, number of state kets =1792
    3   FMS matrix (LUD) at point 100, number of state kets =1792
 Calculating chi and rho...    0
 Calculating chi and rho...    1
 Calculating chi and rho...    2
 Calculating chi and rho...    3
 Done with LDOS.
 total time       48.6150078773499     
 communicate time  0.834675073623657     
