 Number of processors =           12
 Calculating potentials ...
muffin tin radii and interstitial parameters
 iph, rnrm(iph)*bohr, rmt(iph)*bohr, folp(iph)
    0  1.02565E+00  9.09576E-01  1.15000E+00
    1  1.80396E+00  1.73506E+00  1.10211E+00
    2  1.42936E+00  1.25176E+00  1.15000E+00
    3  1.03289E+00  9.14255E-01  1.15000E+00
              Core-valence separation
 ecv=   -34.000
 mu_old=     2.892
              SCF ITERATION NUMBER  1  OUT OF  30
 Calculating energy and space dependent l-DOS.  It takes time ...
     point #   1  energy = -34.000
     Doing FMS for a cluster of   24 atoms around iph =   0 in fmsie
    0   FMS matrix (LUD) at point   1, number of state kets = 216
     Doing FMS for a cluster of   23 atoms around iph =   1 in fmsie
    0   FMS matrix (LUD) at point   1, number of state kets = 207
     Doing FMS for a cluster of   26 atoms around iph =   2 in fmsie
    0   FMS matrix (LUD) at point   1, number of state kets = 234
     Doing FMS for a cluster of   28 atoms around iph =   3 in fmsie
    0   FMS matrix (LUD) at point   1, number of state kets = 252
  Electronic configuration
   iph    il      N_el
     0     0    1.796
     0     1    4.589
     0     2    0.115
     0     3    0.000
     1     0    0.287
     1     1    6.388
     1     2    0.955
     1     3    0.000
     2     0    0.686
     2     1    0.775
     2     2    6.762
     2     3    0.000
     3     0    1.804
     3     1    4.570
     3     2    0.106
     3     3    0.000
 mu_new=    -7.706
 Charge transfer:  iph  charge(iph)
       0   -0.096
       1    0.076
       2    0.145
       3   -0.092
              SCF ITERATION NUMBER  2  OUT OF  30
 Calculating energy and space dependent l-DOS.  It takes time ...
     point #   1  energy = -34.000
     Doing FMS for a cluster of   24 atoms around iph =   0 in fmsie
    0   FMS matrix (LUD) at point   1, number of state kets = 216
     Doing FMS for a cluster of   23 atoms around iph =   1 in fmsie
    0   FMS matrix (LUD) at point   1, number of state kets = 207
     Doing FMS for a cluster of   26 atoms around iph =   2 in fmsie
    0   FMS matrix (LUD) at point   1, number of state kets = 234
     Doing FMS for a cluster of   28 atoms around iph =   3 in fmsie
    0   FMS matrix (LUD) at point   1, number of state kets = 252
  Electronic configuration
   iph    il      N_el
     0     0    1.778
     0     1    4.359
     0     2    0.114
     0     3    0.000
     1     0    0.294
     1     1    6.396
     1     2    0.976
     1     3    0.000
     2     0    0.708
     2     1    0.778
     2     2    7.237
     2     3    0.000
     3     0    1.786
     3     1    4.330
     3     2    0.106
     3     3    0.000
 mu_new=    -7.918
 Charge transfer:  iph  charge(iph)
       0   -0.228
       1    0.294
       2    0.259
       3   -0.203
              SCF ITERATION NUMBER  3  OUT OF  30
 Calculating energy and space dependent l-DOS.  It takes time ...
     point #   1  energy = -34.000
     Doing FMS for a cluster of   24 atoms around iph =   0 in fmsie
    0   FMS matrix (LUD) at point   1, number of state kets = 216
     Doing FMS for a cluster of   23 atoms around iph =   1 in fmsie
    0   FMS matrix (LUD) at point   1, number of state kets = 207
     Doing FMS for a cluster of   26 atoms around iph =   2 in fmsie
    0   FMS matrix (LUD) at point   1, number of state kets = 234
     Doing FMS for a cluster of   28 atoms around iph =   3 in fmsie
    0   FMS matrix (LUD) at point   1, number of state kets = 252
  Electronic configuration
   iph    il      N_el
     0     0    1.763
     0     1    4.145
     0     2    0.117
     0     3    0.000
     1     0    0.313
     1     1    6.422
     1     2    1.086
     1     3    0.000
     2     0    0.734
     2     1    0.804
     2     2    7.425
     2     3    0.000
     3     0    1.777
     3     1    4.177
     3     2    0.109
     3     3    0.000
 mu_new=    -7.323
 Charge transfer:  iph  charge(iph)
       0   -0.192
       1    0.286
       2    0.215
       3   -0.179
              SCF ITERATION NUMBER  4  OUT OF  30
 Calculating energy and space dependent l-DOS.  It takes time ...
     point #   1  energy = -34.000
     Doing FMS for a cluster of   24 atoms around iph =   0 in fmsie
    0   FMS matrix (LUD) at point   1, number of state kets = 216
     Doing FMS for a cluster of   23 atoms around iph =   1 in fmsie
    0   FMS matrix (LUD) at point   1, number of state kets = 207
     Doing FMS for a cluster of   26 atoms around iph =   2 in fmsie
    0   FMS matrix (LUD) at point   1, number of state kets = 234
     Doing FMS for a cluster of   28 atoms around iph =   3 in fmsie
    0   FMS matrix (LUD) at point   1, number of state kets = 252
  Electronic configuration
   iph    il      N_el
     0     0    1.771
     0     1    4.264
     0     2    0.117
     0     3    0.000
     1     0    0.309
     1     1    6.416
     1     2    1.068
     1     3    0.000
     2     0    0.725
     2     1    0.800
     2     2    7.266
     2     3    0.000
     3     0    1.782
     3     1    4.265
     3     2    0.109
     3     3    0.000
 mu_new=    -7.236
 Charge transfer:  iph  charge(iph)
       0   -0.184
       1    0.271
       2    0.215
       3   -0.175
              SCF ITERATION NUMBER  5  OUT OF  30
 Calculating energy and space dependent l-DOS.  It takes time ...
     point #   1  energy = -34.000
     Doing FMS for a cluster of   24 atoms around iph =   0 in fmsie
    0   FMS matrix (LUD) at point   1, number of state kets = 216
     Doing FMS for a cluster of   23 atoms around iph =   1 in fmsie
    0   FMS matrix (LUD) at point   1, number of state kets = 207
     Doing FMS for a cluster of   26 atoms around iph =   2 in fmsie
    0   FMS matrix (LUD) at point   1, number of state kets = 234
     Doing FMS for a cluster of   28 atoms around iph =   3 in fmsie
    0   FMS matrix (LUD) at point   1, number of state kets = 252
  Electronic configuration
   iph    il      N_el
     0     0    1.773
     0     1    4.289
     0     2    0.116
     0     3    0.000
     1     0    0.306
     1     1    6.411
     1     2    1.049
     1     3    0.000
     2     0    0.723
     2     1    0.796
     2     2    7.259
     2     3    0.000
     3     0    1.783
     3     1    4.278
     3     2    0.109
     3     3    0.000
 mu_new=    -7.294
 Charge transfer:  iph  charge(iph)
       0   -0.182
       1    0.261
       2    0.217
       3   -0.174
              SCF ITERATION NUMBER  6  OUT OF  30
 Calculating energy and space dependent l-DOS.  It takes time ...
     point #   1  energy = -34.000
     Doing FMS for a cluster of   24 atoms around iph =   0 in fmsie
    0   FMS matrix (LUD) at point   1, number of state kets = 216
     Doing FMS for a cluster of   23 atoms around iph =   1 in fmsie
    0   FMS matrix (LUD) at point   1, number of state kets = 207
     Doing FMS for a cluster of   26 atoms around iph =   2 in fmsie
    0   FMS matrix (LUD) at point   1, number of state kets = 234
     Doing FMS for a cluster of   28 atoms around iph =   3 in fmsie
    0   FMS matrix (LUD) at point   1, number of state kets = 252
  Electronic configuration
   iph    il      N_el
     0     0    1.773
     0     1    4.292
     0     2    0.116
     0     3    0.000
     1     0    0.305
     1     1    6.408
     1     2    1.039
     1     3    0.000
     2     0    0.722
     2     1    0.794
     2     2    7.264
     2     3    0.000
     3     0    1.783
     3     1    4.281
     3     2    0.108
     3     3    0.000
 mu_new=    -7.344
 Charge transfer:  iph  charge(iph)
       0   -0.181
       1    0.255
       2    0.219
       3   -0.173
              SCF ITERATION NUMBER  7  OUT OF  30
 Calculating energy and space dependent l-DOS.  It takes time ...
     point #   1  energy = -34.000
     Doing FMS for a cluster of   24 atoms around iph =   0 in fmsie
    0   FMS matrix (LUD) at point   1, number of state kets = 216
     Doing FMS for a cluster of   23 atoms around iph =   1 in fmsie
    0   FMS matrix (LUD) at point   1, number of state kets = 207
     Doing FMS for a cluster of   26 atoms around iph =   2 in fmsie
    0   FMS matrix (LUD) at point   1, number of state kets = 234
     Doing FMS for a cluster of   28 atoms around iph =   3 in fmsie
    0   FMS matrix (LUD) at point   1, number of state kets = 252
  Electronic configuration
   iph    il      N_el
     0     0    1.773
     0     1    4.294
     0     2    0.116
     0     3    0.000
     1     0    0.303
     1     1    6.406
     1     2    1.031
     1     3    0.000
     2     0    0.721
     2     1    0.792
     2     2    7.269
     2     3    0.000
     3     0    1.783
     3     1    4.283
     3     2    0.108
     3     3    0.000
 mu_new=    -7.388
 Charge transfer:  iph  charge(iph)
       0   -0.182
       1    0.256
       2    0.219
       3   -0.173
              SCF ITERATION NUMBER  8  OUT OF  30
 Calculating energy and space dependent l-DOS.  It takes time ...
     point #   1  energy = -34.000
     Doing FMS for a cluster of   24 atoms around iph =   0 in fmsie
    0   FMS matrix (LUD) at point   1, number of state kets = 216
     Doing FMS for a cluster of   23 atoms around iph =   1 in fmsie
    0   FMS matrix (LUD) at point   1, number of state kets = 207
     Doing FMS for a cluster of   26 atoms around iph =   2 in fmsie
    0   FMS matrix (LUD) at point   1, number of state kets = 234
     Doing FMS for a cluster of   28 atoms around iph =   3 in fmsie
    0   FMS matrix (LUD) at point   1, number of state kets = 252
  Electronic configuration
   iph    il      N_el
     0     0    1.773
     0     1    4.294
     0     2    0.116
     0     3    0.000
     1     0    0.303
     1     1    6.407
     1     2    1.031
     1     3    0.000
     2     0    0.721
     2     1    0.792
     2     2    7.268
     2     3    0.000
     3     0    1.783
     3     1    4.283
     3     2    0.108
     3     3    0.000
 mu_new=    -7.387
 Charge transfer:  iph  charge(iph)
       0   -0.182
       1    0.258
       2    0.219
       3   -0.174
              SCF ITERATION NUMBER  9  OUT OF  30
 Calculating energy and space dependent l-DOS.  It takes time ...
     point #   1  energy = -34.000
     Doing FMS for a cluster of   24 atoms around iph =   0 in fmsie
    0   FMS matrix (LUD) at point   1, number of state kets = 216
     Doing FMS for a cluster of   23 atoms around iph =   1 in fmsie
    0   FMS matrix (LUD) at point   1, number of state kets = 207
     Doing FMS for a cluster of   26 atoms around iph =   2 in fmsie
    0   FMS matrix (LUD) at point   1, number of state kets = 234
     Doing FMS for a cluster of   28 atoms around iph =   3 in fmsie
    0   FMS matrix (LUD) at point   1, number of state kets = 252
  Electronic configuration
   iph    il      N_el
     0     0    1.773
     0     1    4.288
     0     2    0.118
     0     3    0.000
     1     0    0.304
     1     1    6.408
     1     2    1.045
     1     3    0.000
     2     0    0.721
     2     1    0.793
     2     2    7.264
     2     3    0.000
     3     0    1.783
     3     1    4.278
     3     2    0.110
     3     3    0.000
 mu_new=    -7.387
 Charge transfer:  iph  charge(iph)
       0   -0.182
       1    0.257
       2    0.219
       3   -0.174
              SCF ITERATION NUMBER 10  OUT OF  30
 Calculating energy and space dependent l-DOS.  It takes time ...
     point #   1  energy = -34.000
     Doing FMS for a cluster of   24 atoms around iph =   0 in fmsie
    0   FMS matrix (LUD) at point   1, number of state kets = 216
     Doing FMS for a cluster of   23 atoms around iph =   1 in fmsie
    0   FMS matrix (LUD) at point   1, number of state kets = 207
     Doing FMS for a cluster of   26 atoms around iph =   2 in fmsie
    0   FMS matrix (LUD) at point   1, number of state kets = 234
     Doing FMS for a cluster of   28 atoms around iph =   3 in fmsie
    0   FMS matrix (LUD) at point   1, number of state kets = 252
  Electronic configuration
   iph    il      N_el
     0     0    1.773
     0     1    4.287
     0     2    0.119
     0     3    0.000
     1     0    0.305
     1     1    6.408
     1     2    1.048
     1     3    0.000
     2     0    0.721
     2     1    0.794
     2     2    7.263
     2     3    0.000
     3     0    1.783
     3     1    4.277
     3     2    0.111
     3     3    0.000
 mu_new=    -7.387
 Charge transfer:  iph  charge(iph)
       0   -0.183
       1    0.262
       2    0.218
       3   -0.174
              SCF ITERATION NUMBER 11  OUT OF  30
 Calculating energy and space dependent l-DOS.  It takes time ...
     point #   1  energy = -34.000
     Doing FMS for a cluster of   24 atoms around iph =   0 in fmsie
    0   FMS matrix (LUD) at point   1, number of state kets = 216
     Doing FMS for a cluster of   23 atoms around iph =   1 in fmsie
    0   FMS matrix (LUD) at point   1, number of state kets = 207
     Doing FMS for a cluster of   26 atoms around iph =   2 in fmsie
    0   FMS matrix (LUD) at point   1, number of state kets = 234
     Doing FMS for a cluster of   28 atoms around iph =   3 in fmsie
    0   FMS matrix (LUD) at point   1, number of state kets = 252
  Electronic configuration
   iph    il      N_el
     0     0    1.773
     0     1    4.293
     0     2    0.116
     0     3    0.000
     1     0    0.304
     1     1    6.407
     1     2    1.034
     1     3    0.000
     2     0    0.721
     2     1    0.792
     2     2    7.268
     2     3    0.000
     3     0    1.783
     3     1    4.283
     3     2    0.108
     3     3    0.000
 mu_new=    -7.386
 Charge transfer:  iph  charge(iph)
       0   -0.183
       1    0.264
       2    0.217
       3   -0.174
              SCF ITERATION NUMBER 12  OUT OF  30
 Calculating energy and space dependent l-DOS.  It takes time ...
     point #   1  energy = -34.000
     Doing FMS for a cluster of   24 atoms around iph =   0 in fmsie
    0   FMS matrix (LUD) at point   1, number of state kets = 216
     Doing FMS for a cluster of   23 atoms around iph =   1 in fmsie
    0   FMS matrix (LUD) at point   1, number of state kets = 207
     Doing FMS for a cluster of   26 atoms around iph =   2 in fmsie
    0   FMS matrix (LUD) at point   1, number of state kets = 234
     Doing FMS for a cluster of   28 atoms around iph =   3 in fmsie
    0   FMS matrix (LUD) at point   1, number of state kets = 252
  Electronic configuration
   iph    il      N_el
     0     0    1.773
     0     1    4.293
     0     2    0.116
     0     3    0.000
     1     0    0.304
     1     1    6.408
     1     2    1.035
     1     3    0.000
     2     0    0.721
     2     1    0.792
     2     2    7.267
     2     3    0.000
     3     0    1.783
     3     1    4.283
     3     2    0.108
     3     3    0.000
 mu_new=    -7.384
 Charge transfer:  iph  charge(iph)
       0   -0.182
       1    0.259
       2    0.218
       3   -0.174
              SCF ITERATION NUMBER 13  OUT OF  30
 Calculating energy and space dependent l-DOS.  It takes time ...
     point #   1  energy = -34.000
     Doing FMS for a cluster of   24 atoms around iph =   0 in fmsie
    0   FMS matrix (LUD) at point   1, number of state kets = 216
     Doing FMS for a cluster of   23 atoms around iph =   1 in fmsie
    0   FMS matrix (LUD) at point   1, number of state kets = 207
     Doing FMS for a cluster of   26 atoms around iph =   2 in fmsie
    0   FMS matrix (LUD) at point   1, number of state kets = 234
     Doing FMS for a cluster of   28 atoms around iph =   3 in fmsie
    0   FMS matrix (LUD) at point   1, number of state kets = 252
  Electronic configuration
   iph    il      N_el
     0     0    1.773
     0     1    4.289
     0     2    0.118
     0     3    0.000
     1     0    0.304
     1     1    6.408
     1     2    1.045
     1     3    0.000
     2     0    0.721
     2     1    0.793
     2     2    7.263
     2     3    0.000
     3     0    1.783
     3     1    4.279
     3     2    0.110
     3     3    0.000
 mu_new=    -7.384
 Charge transfer:  iph  charge(iph)
       0   -0.184
       1    0.270
       2    0.216
       3   -0.175
              SCF ITERATION NUMBER 14  OUT OF  30
 Calculating energy and space dependent l-DOS.  It takes time ...
     point #   1  energy = -34.000
     Doing FMS for a cluster of   24 atoms around iph =   0 in fmsie
    0   FMS matrix (LUD) at point   1, number of state kets = 216
     Doing FMS for a cluster of   23 atoms around iph =   1 in fmsie
    0   FMS matrix (LUD) at point   1, number of state kets = 207
     Doing FMS for a cluster of   26 atoms around iph =   2 in fmsie
    0   FMS matrix (LUD) at point   1, number of state kets = 234
     Doing FMS for a cluster of   28 atoms around iph =   3 in fmsie
    0   FMS matrix (LUD) at point   1, number of state kets = 252
  Electronic configuration
   iph    il      N_el
     0     0    1.773
     0     1    4.292
     0     2    0.116
     0     3    0.000
     1     0    0.304
     1     1    6.408
     1     2    1.038
     1     3    0.000
     2     0    0.721
     2     1    0.792
     2     2    7.266
     2     3    0.000
     3     0    1.783
     3     1    4.282
     3     2    0.108
     3     3    0.000
 mu_new=    -7.379
 Charge transfer:  iph  charge(iph)
       0   -0.178
       1    0.229
       2    0.226
       3   -0.170
              SCF ITERATION NUMBER 15  OUT OF  30
 Calculating energy and space dependent l-DOS.  It takes time ...
     point #   1  energy = -34.000
     Doing FMS for a cluster of   24 atoms around iph =   0 in fmsie
    0   FMS matrix (LUD) at point   1, number of state kets = 216
     Doing FMS for a cluster of   23 atoms around iph =   1 in fmsie
    0   FMS matrix (LUD) at point   1, number of state kets = 207
     Doing FMS for a cluster of   26 atoms around iph =   2 in fmsie
    0   FMS matrix (LUD) at point   1, number of state kets = 234
     Doing FMS for a cluster of   28 atoms around iph =   3 in fmsie
    0   FMS matrix (LUD) at point   1, number of state kets = 252
  Electronic configuration
   iph    il      N_el
     0     0    1.773
     0     1    4.296
     0     2    0.116
     0     3    0.000
     1     0    0.302
     1     1    6.404
     1     2    1.020
     1     3    0.000
     2     0    0.720
     2     1    0.790
     2     2    7.275
     2     3    0.000
     3     0    1.783
     3     1    4.285
     3     2    0.108
     3     3    0.000
 mu_new=    -7.414
 Charge transfer:  iph  charge(iph)
       0   -0.182
       1    0.258
       2    0.219
       3   -0.174
              SCF ITERATION NUMBER 16  OUT OF  30
 Calculating energy and space dependent l-DOS.  It takes time ...
     point #   1  energy = -34.000
     Doing FMS for a cluster of   24 atoms around iph =   0 in fmsie
    0   FMS matrix (LUD) at point   1, number of state kets = 216
     Doing FMS for a cluster of   23 atoms around iph =   1 in fmsie
    0   FMS matrix (LUD) at point   1, number of state kets = 207
     Doing FMS for a cluster of   26 atoms around iph =   2 in fmsie
    0   FMS matrix (LUD) at point   1, number of state kets = 234
     Doing FMS for a cluster of   28 atoms around iph =   3 in fmsie
    0   FMS matrix (LUD) at point   1, number of state kets = 252
  Electronic configuration
   iph    il      N_el
     0     0    1.773
     0     1    4.294
     0     2    0.116
     0     3    0.000
     1     0    0.304
     1     1    6.407
     1     2    1.032
     1     3    0.000
     2     0    0.721
     2     1    0.792
     2     2    7.268
     2     3    0.000
     3     0    1.783
     3     1    4.283
     3     2    0.108
     3     3    0.000
 mu_new=    -7.389
 Charge transfer:  iph  charge(iph)
       0   -0.182
       1    0.258
       2    0.219
       3   -0.174
              SCF ITERATION NUMBER 17  OUT OF  30
 Calculating energy and space dependent l-DOS.  It takes time ...
     point #   1  energy = -34.000
     Doing FMS for a cluster of   24 atoms around iph =   0 in fmsie
    0   FMS matrix (LUD) at point   1, number of state kets = 216
     Doing FMS for a cluster of   23 atoms around iph =   1 in fmsie
    0   FMS matrix (LUD) at point   1, number of state kets = 207
     Doing FMS for a cluster of   26 atoms around iph =   2 in fmsie
    0   FMS matrix (LUD) at point   1, number of state kets = 234
     Doing FMS for a cluster of   28 atoms around iph =   3 in fmsie
    0   FMS matrix (LUD) at point   1, number of state kets = 252
  Electronic configuration
   iph    il      N_el
     0     0    1.773
     0     1    4.292
     0     2    0.117
     0     3    0.000
     1     0    0.304
     1     1    6.407
     1     2    1.037
     1     3    0.000
     2     0    0.721
     2     1    0.792
     2     2    7.267
     2     3    0.000
     3     0    1.783
     3     1    4.281
     3     2    0.109
     3     3    0.000
 mu_new=    -7.389
 Charge transfer:  iph  charge(iph)
       0   -0.182
       1    0.259
       2    0.219
       3   -0.174
              SCF ITERATION NUMBER 18  OUT OF  30
 Calculating energy and space dependent l-DOS.  It takes time ...
     point #   1  energy = -34.000
     Doing FMS for a cluster of   24 atoms around iph =   0 in fmsie
    0   FMS matrix (LUD) at point   1, number of state kets = 216
     Doing FMS for a cluster of   23 atoms around iph =   1 in fmsie
    0   FMS matrix (LUD) at point   1, number of state kets = 207
     Doing FMS for a cluster of   26 atoms around iph =   2 in fmsie
    0   FMS matrix (LUD) at point   1, number of state kets = 234
     Doing FMS for a cluster of   28 atoms around iph =   3 in fmsie
    0   FMS matrix (LUD) at point   1, number of state kets = 252
  Electronic configuration
   iph    il      N_el
     0     0    1.773
     0     1    4.292
     0     2    0.117
     0     3    0.000
     1     0    0.304
     1     1    6.407
     1     2    1.036
     1     3    0.000
     2     0    0.721
     2     1    0.792
     2     2    7.268
     2     3    0.000
     3     0    1.783
     3     1    4.281
     3     2    0.109
     3     3    0.000
 mu_new=    -7.389
 Charge transfer:  iph  charge(iph)
       0   -0.183
       1    0.266
       2    0.217
       3   -0.175
              SCF ITERATION NUMBER 19  OUT OF  30
 Calculating energy and space dependent l-DOS.  It takes time ...
     point #   1  energy = -34.000
     Doing FMS for a cluster of   24 atoms around iph =   0 in fmsie
    0   FMS matrix (LUD) at point   1, number of state kets = 216
     Doing FMS for a cluster of   23 atoms around iph =   1 in fmsie
    0   FMS matrix (LUD) at point   1, number of state kets = 207
     Doing FMS for a cluster of   26 atoms around iph =   2 in fmsie
    0   FMS matrix (LUD) at point   1, number of state kets = 234
     Doing FMS for a cluster of   28 atoms around iph =   3 in fmsie
    0   FMS matrix (LUD) at point   1, number of state kets = 252
  Electronic configuration
   iph    il      N_el
     0     0    1.773
     0     1    4.293
     0     2    0.116
     0     3    0.000
     1     0    0.304
     1     1    6.408
     1     2    1.035
     1     3    0.000
     2     0    0.721
     2     1    0.792
     2     2    7.268
     2     3    0.000
     3     0    1.783
     3     1    4.282
     3     2    0.108
     3     3    0.000
 mu_new=    -7.385
 Charge transfer:  iph  charge(iph)
       0   -0.182
       1    0.252
       2    0.220
       3   -0.173
              SCF ITERATION NUMBER 20  OUT OF  30
 Calculating energy and space dependent l-DOS.  It takes time ...
     point #   1  energy = -34.000
     Doing FMS for a cluster of   24 atoms around iph =   0 in fmsie
    0   FMS matrix (LUD) at point   1, number of state kets = 216
     Doing FMS for a cluster of   23 atoms around iph =   1 in fmsie
    0   FMS matrix (LUD) at point   1, number of state kets = 207
     Doing FMS for a cluster of   26 atoms around iph =   2 in fmsie
    0   FMS matrix (LUD) at point   1, number of state kets = 234
     Doing FMS for a cluster of   28 atoms around iph =   3 in fmsie
    0   FMS matrix (LUD) at point   1, number of state kets = 252
  Electronic configuration
   iph    il      N_el
     0     0    1.773
     0     1    4.285
     0     2    0.120
     0     3    0.000
     1     0    0.305
     1     1    6.408
     1     2    1.055
     1     3    0.000
     2     0    0.721
     2     1    0.795
     2     2    7.259
     2     3    0.000
     3     0    1.783
     3     1    4.275
     3     2    0.113
     3     3    0.000
 mu_new=    -7.385
 Charge transfer:  iph  charge(iph)
       0   -0.186
       1    0.284
       2    0.212
       3   -0.177
              SCF ITERATION NUMBER 21  OUT OF  30
 Calculating energy and space dependent l-DOS.  It takes time ...
     point #   1  energy = -34.000
     Doing FMS for a cluster of   24 atoms around iph =   0 in fmsie
    0   FMS matrix (LUD) at point   1, number of state kets = 216
     Doing FMS for a cluster of   23 atoms around iph =   1 in fmsie
    0   FMS matrix (LUD) at point   1, number of state kets = 207
     Doing FMS for a cluster of   26 atoms around iph =   2 in fmsie
    0   FMS matrix (LUD) at point   1, number of state kets = 234
     Doing FMS for a cluster of   28 atoms around iph =   3 in fmsie
    0   FMS matrix (LUD) at point   1, number of state kets = 252
  Electronic configuration
   iph    il      N_el
     0     0    1.773
     0     1    4.291
     0     2    0.116
     0     3    0.000
     1     0    0.305
     1     1    6.410
     1     2    1.043
     1     3    0.000
     2     0    0.721
     2     1    0.793
     2     2    7.264
     2     3    0.000
     3     0    1.783
     3     1    4.281
     3     2    0.108
     3     3    0.000
 mu_new=    -7.371
 Charge transfer:  iph  charge(iph)
       0   -0.178
       1    0.225
       2    0.227
       3   -0.170
              SCF ITERATION NUMBER 22  OUT OF  30
 Calculating energy and space dependent l-DOS.  It takes time ...
     point #   1  energy = -34.000
     Doing FMS for a cluster of   24 atoms around iph =   0 in fmsie
    0   FMS matrix (LUD) at point   1, number of state kets = 216
     Doing FMS for a cluster of   23 atoms around iph =   1 in fmsie
    0   FMS matrix (LUD) at point   1, number of state kets = 207
     Doing FMS for a cluster of   26 atoms around iph =   2 in fmsie
    0   FMS matrix (LUD) at point   1, number of state kets = 234
     Doing FMS for a cluster of   28 atoms around iph =   3 in fmsie
    0   FMS matrix (LUD) at point   1, number of state kets = 252
  Electronic configuration
   iph    il      N_el
     0     0    1.773
     0     1    4.296
     0     2    0.116
     0     3    0.000
     1     0    0.302
     1     1    6.403
     1     2    1.018
     1     3    0.000
     2     0    0.720
     2     1    0.790
     2     2    7.276
     2     3    0.000
     3     0    1.783
     3     1    4.286
     3     2    0.108
     3     3    0.000
 mu_new=    -7.416
 Charge transfer:  iph  charge(iph)
       0   -0.182
       1    0.258
       2    0.219
       3   -0.174
              SCF ITERATION NUMBER 23  OUT OF  30
 Calculating energy and space dependent l-DOS.  It takes time ...
     point #   1  energy = -34.000
     Doing FMS for a cluster of   24 atoms around iph =   0 in fmsie
    0   FMS matrix (LUD) at point   1, number of state kets = 216
     Doing FMS for a cluster of   23 atoms around iph =   1 in fmsie
    0   FMS matrix (LUD) at point   1, number of state kets = 207
     Doing FMS for a cluster of   26 atoms around iph =   2 in fmsie
    0   FMS matrix (LUD) at point   1, number of state kets = 234
     Doing FMS for a cluster of   28 atoms around iph =   3 in fmsie
    0   FMS matrix (LUD) at point   1, number of state kets = 252
  Electronic configuration
   iph    il      N_el
     0     0    1.773
     0     1    4.294
     0     2    0.116
     0     3    0.000
     1     0    0.303
     1     1    6.407
     1     2    1.032
     1     3    0.000
     2     0    0.721
     2     1    0.792
     2     2    7.268
     2     3    0.000
     3     0    1.783
     3     1    4.283
     3     2    0.108
     3     3    0.000
 mu_new=    -7.390
 Charge transfer:  iph  charge(iph)
       0   -0.183
       1    0.259
       2    0.219
       3   -0.174
              SCF ITERATION NUMBER 24  OUT OF  30
 Calculating energy and space dependent l-DOS.  It takes time ...
     point #   1  energy = -34.000
     Doing FMS for a cluster of   24 atoms around iph =   0 in fmsie
    0   FMS matrix (LUD) at point   1, number of state kets = 216
     Doing FMS for a cluster of   23 atoms around iph =   1 in fmsie
    0   FMS matrix (LUD) at point   1, number of state kets = 207
     Doing FMS for a cluster of   26 atoms around iph =   2 in fmsie
    0   FMS matrix (LUD) at point   1, number of state kets = 234
     Doing FMS for a cluster of   28 atoms around iph =   3 in fmsie
    0   FMS matrix (LUD) at point   1, number of state kets = 252
  Electronic configuration
   iph    il      N_el
     0     0    1.773
     0     1    4.293
     0     2    0.116
     0     3    0.000
     1     0    0.304
     1     1    6.407
     1     2    1.033
     1     3    0.000
     2     0    0.721
     2     1    0.792
     2     2    7.269
     2     3    0.000
     3     0    1.783
     3     1    4.283
     3     2    0.108
     3     3    0.000
 mu_new=    -7.390
 Charge transfer:  iph  charge(iph)
       0   -0.183
       1    0.259
       2    0.219
       3   -0.174
              SCF ITERATION NUMBER 25  OUT OF  30
 Calculating energy and space dependent l-DOS.  It takes time ...
     point #   1  energy = -34.000
     Doing FMS for a cluster of   24 atoms around iph =   0 in fmsie
    0   FMS matrix (LUD) at point   1, number of state kets = 216
     Doing FMS for a cluster of   23 atoms around iph =   1 in fmsie
    0   FMS matrix (LUD) at point   1, number of state kets = 207
     Doing FMS for a cluster of   26 atoms around iph =   2 in fmsie
    0   FMS matrix (LUD) at point   1, number of state kets = 234
     Doing FMS for a cluster of   28 atoms around iph =   3 in fmsie
    0   FMS matrix (LUD) at point   1, number of state kets = 252
  Electronic configuration
   iph    il      N_el
     0     0    1.773
     0     1    4.293
     0     2    0.116
     0     3    0.000
     1     0    0.304
     1     1    6.407
     1     2    1.034
     1     3    0.000
     2     0    0.721
     2     1    0.792
     2     2    7.269
     2     3    0.000
     3     0    1.783
     3     1    4.282
     3     2    0.108
     3     3    0.000
 mu_new=    -7.390
 Charge transfer:  iph  charge(iph)
       0   -0.183
       1    0.261
       2    0.218
       3   -0.174
              SCF ITERATION NUMBER 26  OUT OF  30
 Calculating energy and space dependent l-DOS.  It takes time ...
     point #   1  energy = -34.000
     Doing FMS for a cluster of   24 atoms around iph =   0 in fmsie
    0   FMS matrix (LUD) at point   1, number of state kets = 216
     Doing FMS for a cluster of   23 atoms around iph =   1 in fmsie
    0   FMS matrix (LUD) at point   1, number of state kets = 207
     Doing FMS for a cluster of   26 atoms around iph =   2 in fmsie
    0   FMS matrix (LUD) at point   1, number of state kets = 234
     Doing FMS for a cluster of   28 atoms around iph =   3 in fmsie
    0   FMS matrix (LUD) at point   1, number of state kets = 252
  Electronic configuration
   iph    il      N_el
     0     0    1.773
     0     1    4.293
     0     2    0.116
     0     3    0.000
     1     0    0.304
     1     1    6.407
     1     2    1.033
     1     3    0.000
     2     0    0.721
     2     1    0.792
     2     2    7.269
     2     3    0.000
     3     0    1.783
     3     1    4.283
     3     2    0.108
     3     3    0.000
 mu_new=    -7.388
 Charge transfer:  iph  charge(iph)
       0   -0.182
       1    0.254
       2    0.220
       3   -0.173
              SCF ITERATION NUMBER 27  OUT OF  30
 Calculating energy and space dependent l-DOS.  It takes time ...
     point #   1  energy = -34.000
     Doing FMS for a cluster of   24 atoms around iph =   0 in fmsie
    0   FMS matrix (LUD) at point   1, number of state kets = 216
     Doing FMS for a cluster of   23 atoms around iph =   1 in fmsie
    0   FMS matrix (LUD) at point   1, number of state kets = 207
     Doing FMS for a cluster of   26 atoms around iph =   2 in fmsie
    0   FMS matrix (LUD) at point   1, number of state kets = 234
     Doing FMS for a cluster of   28 atoms around iph =   3 in fmsie
    0   FMS matrix (LUD) at point   1, number of state kets = 252
  Electronic configuration
   iph    il      N_el
     0     0    1.773
     0     1    4.289
     0     2    0.118
     0     3    0.000
     1     0    0.304
     1     1    6.407
     1     2    1.043
     1     3    0.000
     2     0    0.721
     2     1    0.793
     2     2    7.264
     2     3    0.000
     3     0    1.783
     3     1    4.279
     3     2    0.110
     3     3    0.000
 mu_new=    -7.388
 Charge transfer:  iph  charge(iph)
       0   -0.184
       1    0.267
       2    0.217
       3   -0.175
              SCF ITERATION NUMBER 28  OUT OF  30
 Calculating energy and space dependent l-DOS.  It takes time ...
     point #   1  energy = -34.000
     Doing FMS for a cluster of   24 atoms around iph =   0 in fmsie
    0   FMS matrix (LUD) at point   1, number of state kets = 216
     Doing FMS for a cluster of   23 atoms around iph =   1 in fmsie
    0   FMS matrix (LUD) at point   1, number of state kets = 207
     Doing FMS for a cluster of   26 atoms around iph =   2 in fmsie
    0   FMS matrix (LUD) at point   1, number of state kets = 234
     Doing FMS for a cluster of   28 atoms around iph =   3 in fmsie
    0   FMS matrix (LUD) at point   1, number of state kets = 252
  Electronic configuration
   iph    il      N_el
     0     0    1.773
     0     1    4.293
     0     2    0.116
     0     3    0.000
     1     0    0.304
     1     1    6.408
     1     2    1.036
     1     3    0.000
     2     0    0.721
     2     1    0.792
     2     2    7.267
     2     3    0.000
     3     0    1.783
     3     1    4.282
     3     2    0.108
     3     3    0.000
 mu_new=    -7.384
 Charge transfer:  iph  charge(iph)
       0   -0.179
       1    0.235
       2    0.224
       3   -0.171
              SCF ITERATION NUMBER 29  OUT OF  30
 Calculating energy and space dependent l-DOS.  It takes time ...
     point #   1  energy = -34.000
     Doing FMS for a cluster of   24 atoms around iph =   0 in fmsie
    0   FMS matrix (LUD) at point   1, number of state kets = 216
     Doing FMS for a cluster of   23 atoms around iph =   1 in fmsie
    0   FMS matrix (LUD) at point   1, number of state kets = 207
     Doing FMS for a cluster of   26 atoms around iph =   2 in fmsie
    0   FMS matrix (LUD) at point   1, number of state kets = 234
     Doing FMS for a cluster of   28 atoms around iph =   3 in fmsie
    0   FMS matrix (LUD) at point   1, number of state kets = 252
  Electronic configuration
   iph    il      N_el
     0     0    1.774
     0     1    4.276
     0     2    0.127
     0     3    0.000
     1     0    0.307
     1     1    6.407
     1     2    1.081
     1     3    0.000
     2     0    0.722
     2     1    0.799
     2     2    7.245
     2     3    0.000
     3     0    1.784
     3     1    4.266
     3     2    0.119
     3     3    0.000
 mu_new=    -7.384
 Charge transfer:  iph  charge(iph)
       0   -0.185
       1    0.281
       2    0.213
       3   -0.177
              SCF ITERATION NUMBER 30  OUT OF  30
 Calculating energy and space dependent l-DOS.  It takes time ...
     point #   1  energy = -34.000
     Doing FMS for a cluster of   24 atoms around iph =   0 in fmsie
    0   FMS matrix (LUD) at point   1, number of state kets = 216
     Doing FMS for a cluster of   23 atoms around iph =   1 in fmsie
    0   FMS matrix (LUD) at point   1, number of state kets = 207
     Doing FMS for a cluster of   26 atoms around iph =   2 in fmsie
    0   FMS matrix (LUD) at point   1, number of state kets = 234
     Doing FMS for a cluster of   28 atoms around iph =   3 in fmsie
    0   FMS matrix (LUD) at point   1, number of state kets = 252
  Electronic configuration
   iph    il      N_el
     0     0    1.773
     0     1    4.292
     0     2    0.116
     0     3    0.000
     1     0    0.305
     1     1    6.410
     1     2    1.042
     1     3    0.000
     2     0    0.721
     2     1    0.793
     2     2    7.263
     2     3    0.000
     3     0    1.783
     3     1    4.282
     3     2    0.108
     3     3    0.000
 mu_new=    -7.372
 Charge transfer:  iph  charge(iph)
       0   -0.158
       1    0.075
       2    0.266
       3   -0.152
:WARNING Convergence not reached; ran out of iterations.
 Done with module 1: potentials.
 total time       19.4431869983673     
 communicate time  0.303180932998657     
