 Number of processors =           12
 Calculating potentials ...
muffin tin radii and interstitial parameters
 iph, rnrm(iph)*bohr, rmt(iph)*bohr, folp(iph)
    0  1.02832E+00  9.40726E-01  1.15000E+00
    1  1.85987E+00  1.78640E+00  1.10615E+00
    2  1.43647E+00  1.33480E+00  1.15000E+00
    3  1.07153E+00  1.02715E+00  1.11214E+00
              Core-valence separation
 ecv=   -33.500
 mu_old=     2.033
              SCF ITERATION NUMBER  1  OUT OF  30
 Calculating energy and space dependent l-DOS.  It takes time ...
     point #   1  energy = -33.500
     Doing FMS for a cluster of   33 atoms around iph =   0 in fmsie
    0   FMS matrix (LUD) at point   1, number of state kets = 297
     Doing FMS for a cluster of   27 atoms around iph =   1 in fmsie
    0   FMS matrix (LUD) at point   1, number of state kets = 243
     Doing FMS for a cluster of   26 atoms around iph =   2 in fmsie
    0   FMS matrix (LUD) at point   1, number of state kets = 234
     Doing FMS for a cluster of   29 atoms around iph =   3 in fmsie
    0   FMS matrix (LUD) at point   1, number of state kets = 261
  Electronic configuration
   iph    il      N_el
     0     0    1.775
     0     1    4.421
     0     2    0.128
     0     3    0.000
     1     0    0.344
     1     1    6.441
     1     2    1.053
     1     3    0.000
     2     0    0.555
     2     1    0.736
     2     2    6.569
     2     3    0.000
     3     0    1.830
     3     1    4.688
     3     2    0.077
     3     3    0.000
 mu_new=    -6.754
 Charge transfer:  iph  charge(iph)
       0   -0.060
       1    0.035
       2    0.219
       3   -0.115
              SCF ITERATION NUMBER  2  OUT OF  30
 Calculating energy and space dependent l-DOS.  It takes time ...
     point #   1  energy = -33.500
     Doing FMS for a cluster of   33 atoms around iph =   0 in fmsie
    0   FMS matrix (LUD) at point   1, number of state kets = 297
     Doing FMS for a cluster of   27 atoms around iph =   1 in fmsie
    0   FMS matrix (LUD) at point   1, number of state kets = 243
     Doing FMS for a cluster of   26 atoms around iph =   2 in fmsie
    0   FMS matrix (LUD) at point   1, number of state kets = 234
     Doing FMS for a cluster of   29 atoms around iph =   3 in fmsie
    0   FMS matrix (LUD) at point   1, number of state kets = 261
  Electronic configuration
   iph    il      N_el
     0     0    1.764
     0     1    4.218
     0     2    0.124
     0     3    0.000
     1     0    0.345
     1     1    6.445
     1     2    1.020
     1     3    0.000
     2     0    0.603
     2     1    0.780
     2     2    7.007
     2     3    0.000
     3     0    1.815
     3     1    4.444
     3     2    0.074
     3     3    0.000
 mu_new=    -7.280
 Charge transfer:  iph  charge(iph)
       0   -0.105
       1    0.181
       2    0.584
       3   -0.319
              SCF ITERATION NUMBER  3  OUT OF  30
 Calculating energy and space dependent l-DOS.  It takes time ...
     point #   1  energy = -33.500
     Doing FMS for a cluster of   33 atoms around iph =   0 in fmsie
    0   FMS matrix (LUD) at point   1, number of state kets = 297
     Doing FMS for a cluster of   27 atoms around iph =   1 in fmsie
    0   FMS matrix (LUD) at point   1, number of state kets = 243
     Doing FMS for a cluster of   26 atoms around iph =   2 in fmsie
    0   FMS matrix (LUD) at point   1, number of state kets = 234
     Doing FMS for a cluster of   29 atoms around iph =   3 in fmsie
    0   FMS matrix (LUD) at point   1, number of state kets = 261
  Electronic configuration
   iph    il      N_el
     0     0    1.764
     0     1    4.104
     0     2    0.124
     0     3    0.000
     1     0    0.361
     1     1    6.459
     1     2    1.065
     1     3    0.000
     2     0    0.658
     2     1    0.834
     2     2    7.473
     2     3    0.000
     3     0    1.802
     3     1    4.158
     3     2    0.075
     3     3    0.000
 mu_new=    -7.431
 Charge transfer:  iph  charge(iph)
       0   -0.080
       1    0.170
       2    0.476
       3   -0.264
              SCF ITERATION NUMBER  4  OUT OF  30
 Calculating energy and space dependent l-DOS.  It takes time ...
     point #   1  energy = -33.500
     Doing FMS for a cluster of   33 atoms around iph =   0 in fmsie
    0   FMS matrix (LUD) at point   1, number of state kets = 297
     Doing FMS for a cluster of   27 atoms around iph =   1 in fmsie
    0   FMS matrix (LUD) at point   1, number of state kets = 243
     Doing FMS for a cluster of   26 atoms around iph =   2 in fmsie
    0   FMS matrix (LUD) at point   1, number of state kets = 234
     Doing FMS for a cluster of   29 atoms around iph =   3 in fmsie
    0   FMS matrix (LUD) at point   1, number of state kets = 261
  Electronic configuration
   iph    il      N_el
     0     0    1.765
     0     1    4.198
     0     2    0.125
     0     3    0.000
     1     0    0.352
     1     1    6.450
     1     2    1.043
     1     3    0.000
     2     0    0.627
     2     1    0.804
     2     2    7.172
     2     3    0.000
     3     0    1.810
     3     1    4.338
     3     2    0.075
     3     3    0.000
 mu_new=    -7.184
 Charge transfer:  iph  charge(iph)
       0   -0.082
       1    0.168
       2    0.460
       3   -0.255
              SCF ITERATION NUMBER  5  OUT OF  30
 Calculating energy and space dependent l-DOS.  It takes time ...
     point #   1  energy = -33.500
     Doing FMS for a cluster of   33 atoms around iph =   0 in fmsie
    0   FMS matrix (LUD) at point   1, number of state kets = 297
     Doing FMS for a cluster of   27 atoms around iph =   1 in fmsie
    0   FMS matrix (LUD) at point   1, number of state kets = 243
     Doing FMS for a cluster of   26 atoms around iph =   2 in fmsie
    0   FMS matrix (LUD) at point   1, number of state kets = 234
     Doing FMS for a cluster of   29 atoms around iph =   3 in fmsie
    0   FMS matrix (LUD) at point   1, number of state kets = 261
  Electronic configuration
   iph    il      N_el
     0     0    1.764
     0     1    4.200
     0     2    0.125
     0     3    0.000
     1     0    0.350
     1     1    6.447
     1     2    1.036
     1     3    0.000
     2     0    0.621
     2     1    0.798
     2     2    7.119
     2     3    0.000
     3     0    1.811
     3     1    4.370
     3     2    0.075
     3     3    0.000
 mu_new=    -7.158
 Charge transfer:  iph  charge(iph)
       0   -0.084
       1    0.168
       2    0.460
       3   -0.255
              SCF ITERATION NUMBER  6  OUT OF  30
 Calculating energy and space dependent l-DOS.  It takes time ...
     point #   1  energy = -33.500
     Doing FMS for a cluster of   33 atoms around iph =   0 in fmsie
    0   FMS matrix (LUD) at point   1, number of state kets = 297
     Doing FMS for a cluster of   27 atoms around iph =   1 in fmsie
    0   FMS matrix (LUD) at point   1, number of state kets = 243
     Doing FMS for a cluster of   26 atoms around iph =   2 in fmsie
    0   FMS matrix (LUD) at point   1, number of state kets = 234
     Doing FMS for a cluster of   29 atoms around iph =   3 in fmsie
    0   FMS matrix (LUD) at point   1, number of state kets = 261
  Electronic configuration
   iph    il      N_el
     0     0    1.765
     0     1    4.186
     0     2    0.131
     0     3    0.000
     1     0    0.353
     1     1    6.450
     1     2    1.079
     1     3    0.000
     2     0    0.622
     2     1    0.800
     2     2    7.098
     2     3    0.000
     3     0    1.812
     3     1    4.363
     3     2    0.083
     3     3    0.000
 mu_new=    -7.158
 Charge transfer:  iph  charge(iph)
       0   -0.084
       1    0.168
       2    0.461
       3   -0.255
              SCF ITERATION NUMBER  7  OUT OF  30
 Calculating energy and space dependent l-DOS.  It takes time ...
     point #   1  energy = -33.500
     Doing FMS for a cluster of   33 atoms around iph =   0 in fmsie
    0   FMS matrix (LUD) at point   1, number of state kets = 297
     Doing FMS for a cluster of   27 atoms around iph =   1 in fmsie
    0   FMS matrix (LUD) at point   1, number of state kets = 243
     Doing FMS for a cluster of   26 atoms around iph =   2 in fmsie
    0   FMS matrix (LUD) at point   1, number of state kets = 234
     Doing FMS for a cluster of   29 atoms around iph =   3 in fmsie
    0   FMS matrix (LUD) at point   1, number of state kets = 261
  Electronic configuration
   iph    il      N_el
     0     0    1.765
     0     1    4.186
     0     2    0.132
     0     3    0.000
     1     0    0.353
     1     1    6.450
     1     2    1.081
     1     3    0.000
     2     0    0.622
     2     1    0.800
     2     2    7.097
     2     3    0.000
     3     0    1.812
     3     1    4.362
     3     2    0.083
     3     3    0.000
 mu_new=    -7.158
 Charge transfer:  iph  charge(iph)
       0   -0.084
       1    0.176
       2    0.458
       3   -0.256
              SCF ITERATION NUMBER  8  OUT OF  30
 Calculating energy and space dependent l-DOS.  It takes time ...
     point #   1  energy = -33.500
     Doing FMS for a cluster of   33 atoms around iph =   0 in fmsie
    0   FMS matrix (LUD) at point   1, number of state kets = 297
     Doing FMS for a cluster of   27 atoms around iph =   1 in fmsie
    0   FMS matrix (LUD) at point   1, number of state kets = 243
     Doing FMS for a cluster of   26 atoms around iph =   2 in fmsie
    0   FMS matrix (LUD) at point   1, number of state kets = 234
     Doing FMS for a cluster of   29 atoms around iph =   3 in fmsie
    0   FMS matrix (LUD) at point   1, number of state kets = 261
  Electronic configuration
   iph    il      N_el
     0     0    1.765
     0     1    4.187
     0     2    0.131
     0     3    0.000
     1     0    0.353
     1     1    6.451
     1     2    1.079
     1     3    0.000
     2     0    0.622
     2     1    0.800
     2     2    7.097
     2     3    0.000
     3     0    1.812
     3     1    4.363
     3     2    0.082
     3     3    0.000
 mu_new=    -7.158
 Charge transfer:  iph  charge(iph)
       0   -0.082
       1    0.136
       2    0.470
       3   -0.255
              SCF ITERATION NUMBER  9  OUT OF  30
 Calculating energy and space dependent l-DOS.  It takes time ...
     point #   1  energy = -33.500
     Doing FMS for a cluster of   33 atoms around iph =   0 in fmsie
    0   FMS matrix (LUD) at point   1, number of state kets = 297
     Doing FMS for a cluster of   27 atoms around iph =   1 in fmsie
    0   FMS matrix (LUD) at point   1, number of state kets = 243
     Doing FMS for a cluster of   26 atoms around iph =   2 in fmsie
    0   FMS matrix (LUD) at point   1, number of state kets = 234
     Doing FMS for a cluster of   29 atoms around iph =   3 in fmsie
    0   FMS matrix (LUD) at point   1, number of state kets = 261
  Electronic configuration
   iph    il      N_el
     0     0    1.764
     0     1    4.194
     0     2    0.124
     0     3    0.000
     1     0    0.347
     1     1    6.442
     1     2    1.018
     1     3    0.000
     2     0    0.621
     2     1    0.798
     2     2    7.131
     2     3    0.000
     3     0    1.811
     3     1    4.368
     3     2    0.074
     3     3    0.000
 mu_new=    -7.200
 Charge transfer:  iph  charge(iph)
       0   -0.084
       1    0.173
       2    0.460
       3   -0.256
              SCF ITERATION NUMBER 10  OUT OF  30
 Calculating energy and space dependent l-DOS.  It takes time ...
     point #   1  energy = -33.500
     Doing FMS for a cluster of   33 atoms around iph =   0 in fmsie
    0   FMS matrix (LUD) at point   1, number of state kets = 297
     Doing FMS for a cluster of   27 atoms around iph =   1 in fmsie
    0   FMS matrix (LUD) at point   1, number of state kets = 243
     Doing FMS for a cluster of   26 atoms around iph =   2 in fmsie
    0   FMS matrix (LUD) at point   1, number of state kets = 234
     Doing FMS for a cluster of   29 atoms around iph =   3 in fmsie
    0   FMS matrix (LUD) at point   1, number of state kets = 261
  Electronic configuration
   iph    il      N_el
     0     0    1.764
     0     1    4.194
     0     2    0.125
     0     3    0.000
     1     0    0.349
     1     1    6.446
     1     2    1.032
     1     3    0.000
     2     0    0.621
     2     1    0.797
     2     2    7.122
     2     3    0.000
     3     0    1.811
     3     1    4.370
     3     2    0.074
     3     3    0.000
 mu_new=    -7.194
 Charge transfer:  iph  charge(iph)
       0   -0.084
       1    0.183
       2    0.457
       3   -0.256
              SCF ITERATION NUMBER 11  OUT OF  30
 Calculating energy and space dependent l-DOS.  It takes time ...
     point #   1  energy = -33.500
     Doing FMS for a cluster of   33 atoms around iph =   0 in fmsie
    0   FMS matrix (LUD) at point   1, number of state kets = 297
     Doing FMS for a cluster of   27 atoms around iph =   1 in fmsie
    0   FMS matrix (LUD) at point   1, number of state kets = 243
     Doing FMS for a cluster of   26 atoms around iph =   2 in fmsie
    0   FMS matrix (LUD) at point   1, number of state kets = 234
     Doing FMS for a cluster of   29 atoms around iph =   3 in fmsie
    0   FMS matrix (LUD) at point   1, number of state kets = 261
  Electronic configuration
   iph    il      N_el
     0     0    1.764
     0     1    4.194
     0     2    0.125
     0     3    0.000
     1     0    0.350
     1     1    6.447
     1     2    1.041
     1     3    0.000
     2     0    0.621
     2     1    0.797
     2     2    7.118
     2     3    0.000
     3     0    1.811
     3     1    4.370
     3     2    0.075
     3     3    0.000
 mu_new=    -7.194
 Charge transfer:  iph  charge(iph)
       0   -0.084
       1    0.182
       2    0.457
       3   -0.256
              SCF ITERATION NUMBER 12  OUT OF  30
 Calculating energy and space dependent l-DOS.  It takes time ...
     point #   1  energy = -33.500
     Doing FMS for a cluster of   33 atoms around iph =   0 in fmsie
    0   FMS matrix (LUD) at point   1, number of state kets = 297
     Doing FMS for a cluster of   27 atoms around iph =   1 in fmsie
    0   FMS matrix (LUD) at point   1, number of state kets = 243
     Doing FMS for a cluster of   26 atoms around iph =   2 in fmsie
    0   FMS matrix (LUD) at point   1, number of state kets = 234
     Doing FMS for a cluster of   29 atoms around iph =   3 in fmsie
    0   FMS matrix (LUD) at point   1, number of state kets = 261
  Electronic configuration
   iph    il      N_el
     0     0    1.764
     0     1    4.193
     0     2    0.126
     0     3    0.000
     1     0    0.350
     1     1    6.447
     1     2    1.043
     1     3    0.000
     2     0    0.621
     2     1    0.797
     2     2    7.117
     2     3    0.000
     3     0    1.811
     3     1    4.369
     3     2    0.076
     3     3    0.000
 mu_new=    -7.194
 Charge transfer:  iph  charge(iph)
       0   -0.086
       1    0.200
       2    0.452
       3   -0.256
              SCF ITERATION NUMBER 13  OUT OF  30
 Calculating energy and space dependent l-DOS.  It takes time ...
     point #   1  energy = -33.500
     Doing FMS for a cluster of   33 atoms around iph =   0 in fmsie
    0   FMS matrix (LUD) at point   1, number of state kets = 297
     Doing FMS for a cluster of   27 atoms around iph =   1 in fmsie
    0   FMS matrix (LUD) at point   1, number of state kets = 243
     Doing FMS for a cluster of   26 atoms around iph =   2 in fmsie
    0   FMS matrix (LUD) at point   1, number of state kets = 234
     Doing FMS for a cluster of   29 atoms around iph =   3 in fmsie
    0   FMS matrix (LUD) at point   1, number of state kets = 261
  Electronic configuration
   iph    il      N_el
     0     0    1.764
     0     1    4.195
     0     2    0.125
     0     3    0.000
     1     0    0.351
     1     1    6.449
     1     2    1.044
     1     3    0.000
     2     0    0.620
     2     1    0.797
     2     2    7.116
     2     3    0.000
     3     0    1.811
     3     1    4.371
     3     2    0.074
     3     3    0.000
 mu_new=    -7.185
 Charge transfer:  iph  charge(iph)
       0   -0.083
       1    0.170
       2    0.461
       3   -0.256
              SCF ITERATION NUMBER 14  OUT OF  30
 Calculating energy and space dependent l-DOS.  It takes time ...
     point #   1  energy = -33.500
     Doing FMS for a cluster of   33 atoms around iph =   0 in fmsie
    0   FMS matrix (LUD) at point   1, number of state kets = 297
     Doing FMS for a cluster of   27 atoms around iph =   1 in fmsie
    0   FMS matrix (LUD) at point   1, number of state kets = 243
     Doing FMS for a cluster of   26 atoms around iph =   2 in fmsie
    0   FMS matrix (LUD) at point   1, number of state kets = 234
     Doing FMS for a cluster of   29 atoms around iph =   3 in fmsie
    0   FMS matrix (LUD) at point   1, number of state kets = 261
  Electronic configuration
   iph    il      N_el
     0     0    1.765
     0     1    4.181
     0     2    0.134
     0     3    0.000
     1     0    0.354
     1     1    6.451
     1     2    1.096
     1     3    0.000
     2     0    0.623
     2     1    0.801
     2     2    7.089
     2     3    0.000
     3     0    1.813
     3     1    4.359
     3     2    0.087
     3     3    0.000
 mu_new=    -7.185
 Charge transfer:  iph  charge(iph)
       0   -0.088
       1    0.238
       2    0.441
       3   -0.256
              SCF ITERATION NUMBER 15  OUT OF  30
 Calculating energy and space dependent l-DOS.  It takes time ...
     point #   1  energy = -33.500
     Doing FMS for a cluster of   33 atoms around iph =   0 in fmsie
    0   FMS matrix (LUD) at point   1, number of state kets = 297
     Doing FMS for a cluster of   27 atoms around iph =   1 in fmsie
    0   FMS matrix (LUD) at point   1, number of state kets = 243
     Doing FMS for a cluster of   26 atoms around iph =   2 in fmsie
    0   FMS matrix (LUD) at point   1, number of state kets = 234
     Doing FMS for a cluster of   29 atoms around iph =   3 in fmsie
    0   FMS matrix (LUD) at point   1, number of state kets = 261
  Electronic configuration
   iph    il      N_el
     0     0    1.763
     0     1    4.197
     0     2    0.125
     0     3    0.000
     1     0    0.354
     1     1    6.454
     1     2    1.063
     1     3    0.000
     2     0    0.620
     2     1    0.796
     2     2    7.105
     2     3    0.000
     3     0    1.811
     3     1    4.373
     3     2    0.075
     3     3    0.000
 mu_new=    -7.155
 Charge transfer:  iph  charge(iph)
       0   -0.073
       1    0.047
       2    0.499
       3   -0.256
              SCF ITERATION NUMBER 16  OUT OF  30
 Calculating energy and space dependent l-DOS.  It takes time ...
     point #   1  energy = -33.500
     Doing FMS for a cluster of   33 atoms around iph =   0 in fmsie
    0   FMS matrix (LUD) at point   1, number of state kets = 297
     Doing FMS for a cluster of   27 atoms around iph =   1 in fmsie
    0   FMS matrix (LUD) at point   1, number of state kets = 243
     Doing FMS for a cluster of   26 atoms around iph =   2 in fmsie
    0   FMS matrix (LUD) at point   1, number of state kets = 234
     Doing FMS for a cluster of   29 atoms around iph =   3 in fmsie
    0   FMS matrix (LUD) at point   1, number of state kets = 261
  Electronic configuration
   iph    il      N_el
     0     0    1.764
     0     1    4.190
     0     2    0.124
     0     3    0.000
     1     0    0.338
     1     1    6.429
     1     2    0.973
     1     3    0.000
     2     0    0.622
     2     1    0.797
     2     2    7.160
     2     3    0.000
     3     0    1.811
     3     1    4.364
     3     2    0.074
     3     3    0.000
 mu_new=    -7.327
 Charge transfer:  iph  charge(iph)
       0   -0.083
       1    0.174
       2    0.460
       3   -0.256
              SCF ITERATION NUMBER 17  OUT OF  30
 Calculating energy and space dependent l-DOS.  It takes time ...
     point #   1  energy = -33.500
     Doing FMS for a cluster of   33 atoms around iph =   0 in fmsie
    0   FMS matrix (LUD) at point   1, number of state kets = 297
     Doing FMS for a cluster of   27 atoms around iph =   1 in fmsie
    0   FMS matrix (LUD) at point   1, number of state kets = 243
     Doing FMS for a cluster of   26 atoms around iph =   2 in fmsie
    0   FMS matrix (LUD) at point   1, number of state kets = 234
     Doing FMS for a cluster of   29 atoms around iph =   3 in fmsie
    0   FMS matrix (LUD) at point   1, number of state kets = 261
  Electronic configuration
   iph    il      N_el
     0     0    1.764
     0     1    4.195
     0     2    0.124
     0     3    0.000
     1     0    0.348
     1     1    6.445
     1     2    1.029
     1     3    0.000
     2     0    0.621
     2     1    0.797
     2     2    7.124
     2     3    0.000
     3     0    1.811
     3     1    4.370
     3     2    0.074
     3     3    0.000
 mu_new=    -7.216
 Charge transfer:  iph  charge(iph)
       0   -0.083
       1    0.176
       2    0.459
       3   -0.256
              SCF ITERATION NUMBER 18  OUT OF  30
 Calculating energy and space dependent l-DOS.  It takes time ...
     point #   1  energy = -33.500
     Doing FMS for a cluster of   33 atoms around iph =   0 in fmsie
    0   FMS matrix (LUD) at point   1, number of state kets = 297
     Doing FMS for a cluster of   27 atoms around iph =   1 in fmsie
    0   FMS matrix (LUD) at point   1, number of state kets = 243
     Doing FMS for a cluster of   26 atoms around iph =   2 in fmsie
    0   FMS matrix (LUD) at point   1, number of state kets = 234
     Doing FMS for a cluster of   29 atoms around iph =   3 in fmsie
    0   FMS matrix (LUD) at point   1, number of state kets = 261
  Electronic configuration
   iph    il      N_el
     0     0    1.764
     0     1    4.195
     0     2    0.124
     0     3    0.000
     1     0    0.348
     1     1    6.445
     1     2    1.030
     1     3    0.000
     2     0    0.621
     2     1    0.797
     2     2    7.124
     2     3    0.000
     3     0    1.811
     3     1    4.370
     3     2    0.074
     3     3    0.000
 mu_new=    -7.213
 Charge transfer:  iph  charge(iph)
       0   -0.083
       1    0.176
       2    0.459
       3   -0.256
              SCF ITERATION NUMBER 19  OUT OF  30
 Calculating energy and space dependent l-DOS.  It takes time ...
     point #   1  energy = -33.500
     Doing FMS for a cluster of   33 atoms around iph =   0 in fmsie
    0   FMS matrix (LUD) at point   1, number of state kets = 297
     Doing FMS for a cluster of   27 atoms around iph =   1 in fmsie
    0   FMS matrix (LUD) at point   1, number of state kets = 243
     Doing FMS for a cluster of   26 atoms around iph =   2 in fmsie
    0   FMS matrix (LUD) at point   1, number of state kets = 234
     Doing FMS for a cluster of   29 atoms around iph =   3 in fmsie
    0   FMS matrix (LUD) at point   1, number of state kets = 261
  Electronic configuration
   iph    il      N_el
     0     0    1.764
     0     1    4.195
     0     2    0.125
     0     3    0.000
     1     0    0.348
     1     1    6.445
     1     2    1.031
     1     3    0.000
     2     0    0.621
     2     1    0.797
     2     2    7.123
     2     3    0.000
     3     0    1.811
     3     1    4.370
     3     2    0.075
     3     3    0.000
 mu_new=    -7.213
 Charge transfer:  iph  charge(iph)
       0   -0.083
       1    0.175
       2    0.460
       3   -0.256
              SCF ITERATION NUMBER 20  OUT OF  30
 Calculating energy and space dependent l-DOS.  It takes time ...
     point #   1  energy = -33.500
     Doing FMS for a cluster of   33 atoms around iph =   0 in fmsie
    0   FMS matrix (LUD) at point   1, number of state kets = 297
     Doing FMS for a cluster of   27 atoms around iph =   1 in fmsie
    0   FMS matrix (LUD) at point   1, number of state kets = 243
     Doing FMS for a cluster of   26 atoms around iph =   2 in fmsie
    0   FMS matrix (LUD) at point   1, number of state kets = 234
     Doing FMS for a cluster of   29 atoms around iph =   3 in fmsie
    0   FMS matrix (LUD) at point   1, number of state kets = 261
  Electronic configuration
   iph    il      N_el
     0     0    1.764
     0     1    4.194
     0     2    0.125
     0     3    0.000
     1     0    0.349
     1     1    6.445
     1     2    1.033
     1     3    0.000
     2     0    0.621
     2     1    0.797
     2     2    7.122
     2     3    0.000
     3     0    1.811
     3     1    4.370
     3     2    0.075
     3     3    0.000
 mu_new=    -7.213
 Charge transfer:  iph  charge(iph)
       0   -0.083
       1    0.174
       2    0.460
       3   -0.256
              SCF ITERATION NUMBER 21  OUT OF  30
 Calculating energy and space dependent l-DOS.  It takes time ...
     point #   1  energy = -33.500
     Doing FMS for a cluster of   33 atoms around iph =   0 in fmsie
    0   FMS matrix (LUD) at point   1, number of state kets = 297
     Doing FMS for a cluster of   27 atoms around iph =   1 in fmsie
    0   FMS matrix (LUD) at point   1, number of state kets = 243
     Doing FMS for a cluster of   26 atoms around iph =   2 in fmsie
    0   FMS matrix (LUD) at point   1, number of state kets = 234
     Doing FMS for a cluster of   29 atoms around iph =   3 in fmsie
    0   FMS matrix (LUD) at point   1, number of state kets = 261
  Electronic configuration
   iph    il      N_el
     0     0    1.764
     0     1    4.194
     0     2    0.125
     0     3    0.000
     1     0    0.349
     1     1    6.445
     1     2    1.034
     1     3    0.000
     2     0    0.621
     2     1    0.797
     2     2    7.122
     2     3    0.000
     3     0    1.811
     3     1    4.370
     3     2    0.075
     3     3    0.000
 mu_new=    -7.213
 Charge transfer:  iph  charge(iph)
       0   -0.083
       1    0.170
       2    0.461
       3   -0.256
              SCF ITERATION NUMBER 22  OUT OF  30
 Calculating energy and space dependent l-DOS.  It takes time ...
     point #   1  energy = -33.500
     Doing FMS for a cluster of   33 atoms around iph =   0 in fmsie
    0   FMS matrix (LUD) at point   1, number of state kets = 297
     Doing FMS for a cluster of   27 atoms around iph =   1 in fmsie
    0   FMS matrix (LUD) at point   1, number of state kets = 243
     Doing FMS for a cluster of   26 atoms around iph =   2 in fmsie
    0   FMS matrix (LUD) at point   1, number of state kets = 234
     Doing FMS for a cluster of   29 atoms around iph =   3 in fmsie
    0   FMS matrix (LUD) at point   1, number of state kets = 261
  Electronic configuration
   iph    il      N_el
     0     0    1.764
     0     1    4.192
     0     2    0.126
     0     3    0.000
     1     0    0.349
     1     1    6.445
     1     2    1.038
     1     3    0.000
     2     0    0.621
     2     1    0.797
     2     2    7.120
     2     3    0.000
     3     0    1.812
     3     1    4.368
     3     2    0.076
     3     3    0.000
 mu_new=    -7.213
 Charge transfer:  iph  charge(iph)
       0   -0.082
       1    0.167
       2    0.462
       3   -0.256
              SCF ITERATION NUMBER 23  OUT OF  30
 Calculating energy and space dependent l-DOS.  It takes time ...
     point #   1  energy = -33.500
     Doing FMS for a cluster of   33 atoms around iph =   0 in fmsie
    0   FMS matrix (LUD) at point   1, number of state kets = 297
     Doing FMS for a cluster of   27 atoms around iph =   1 in fmsie
    0   FMS matrix (LUD) at point   1, number of state kets = 243
     Doing FMS for a cluster of   26 atoms around iph =   2 in fmsie
    0   FMS matrix (LUD) at point   1, number of state kets = 234
     Doing FMS for a cluster of   29 atoms around iph =   3 in fmsie
    0   FMS matrix (LUD) at point   1, number of state kets = 261
  Electronic configuration
   iph    il      N_el
     0     0    1.764
     0     1    4.191
     0     2    0.127
     0     3    0.000
     1     0    0.349
     1     1    6.445
     1     2    1.041
     1     3    0.000
     2     0    0.621
     2     1    0.798
     2     2    7.118
     2     3    0.000
     3     0    1.812
     3     1    4.367
     3     2    0.077
     3     3    0.000
 mu_new=    -7.213
 Charge transfer:  iph  charge(iph)
       0   -0.083
       1    0.172
       2    0.461
       3   -0.256
              SCF ITERATION NUMBER 24  OUT OF  30
 Calculating energy and space dependent l-DOS.  It takes time ...
     point #   1  energy = -33.500
     Doing FMS for a cluster of   33 atoms around iph =   0 in fmsie
    0   FMS matrix (LUD) at point   1, number of state kets = 297
     Doing FMS for a cluster of   27 atoms around iph =   1 in fmsie
    0   FMS matrix (LUD) at point   1, number of state kets = 243
     Doing FMS for a cluster of   26 atoms around iph =   2 in fmsie
    0   FMS matrix (LUD) at point   1, number of state kets = 234
     Doing FMS for a cluster of   29 atoms around iph =   3 in fmsie
    0   FMS matrix (LUD) at point   1, number of state kets = 261
  Electronic configuration
   iph    il      N_el
     0     0    1.764
     0     1    4.193
     0     2    0.125
     0     3    0.000
     1     0    0.349
     1     1    6.445
     1     2    1.035
     1     3    0.000
     2     0    0.621
     2     1    0.797
     2     2    7.121
     2     3    0.000
     3     0    1.812
     3     1    4.369
     3     2    0.076
     3     3    0.000
 mu_new=    -7.213
 Charge transfer:  iph  charge(iph)
       0   -0.083
       1    0.176
       2    0.460
       3   -0.256
              SCF ITERATION NUMBER 25  OUT OF  30
 Calculating energy and space dependent l-DOS.  It takes time ...
     point #   1  energy = -33.500
     Doing FMS for a cluster of   33 atoms around iph =   0 in fmsie
    0   FMS matrix (LUD) at point   1, number of state kets = 297
     Doing FMS for a cluster of   27 atoms around iph =   1 in fmsie
    0   FMS matrix (LUD) at point   1, number of state kets = 243
     Doing FMS for a cluster of   26 atoms around iph =   2 in fmsie
    0   FMS matrix (LUD) at point   1, number of state kets = 234
     Doing FMS for a cluster of   29 atoms around iph =   3 in fmsie
    0   FMS matrix (LUD) at point   1, number of state kets = 261
  Electronic configuration
   iph    il      N_el
     0     0    1.764
     0     1    4.195
     0     2    0.125
     0     3    0.000
     1     0    0.348
     1     1    6.445
     1     2    1.031
     1     3    0.000
     2     0    0.621
     2     1    0.797
     2     2    7.123
     2     3    0.000
     3     0    1.811
     3     1    4.370
     3     2    0.075
     3     3    0.000
 mu_new=    -7.213
 Charge transfer:  iph  charge(iph)
       0   -0.083
       1    0.177
       2    0.459
       3   -0.256
              SCF ITERATION NUMBER 26  OUT OF  30
 Calculating energy and space dependent l-DOS.  It takes time ...
     point #   1  energy = -33.500
     Doing FMS for a cluster of   33 atoms around iph =   0 in fmsie
    0   FMS matrix (LUD) at point   1, number of state kets = 297
     Doing FMS for a cluster of   27 atoms around iph =   1 in fmsie
    0   FMS matrix (LUD) at point   1, number of state kets = 243
     Doing FMS for a cluster of   26 atoms around iph =   2 in fmsie
    0   FMS matrix (LUD) at point   1, number of state kets = 234
     Doing FMS for a cluster of   29 atoms around iph =   3 in fmsie
    0   FMS matrix (LUD) at point   1, number of state kets = 261
  Electronic configuration
   iph    il      N_el
     0     0    1.764
     0     1    4.195
     0     2    0.124
     0     3    0.000
     1     0    0.348
     1     1    6.445
     1     2    1.030
     1     3    0.000
     2     0    0.620
     2     1    0.797
     2     2    7.124
     2     3    0.000
     3     0    1.811
     3     1    4.370
     3     2    0.074
     3     3    0.000
 mu_new=    -7.213
 Charge transfer:  iph  charge(iph)
       0   -0.083
       1    0.176
       2    0.459
       3   -0.256
              SCF ITERATION NUMBER 27  OUT OF  30
 Calculating energy and space dependent l-DOS.  It takes time ...
     point #   1  energy = -33.500
     Doing FMS for a cluster of   33 atoms around iph =   0 in fmsie
    0   FMS matrix (LUD) at point   1, number of state kets = 297
     Doing FMS for a cluster of   27 atoms around iph =   1 in fmsie
    0   FMS matrix (LUD) at point   1, number of state kets = 243
     Doing FMS for a cluster of   26 atoms around iph =   2 in fmsie
    0   FMS matrix (LUD) at point   1, number of state kets = 234
     Doing FMS for a cluster of   29 atoms around iph =   3 in fmsie
    0   FMS matrix (LUD) at point   1, number of state kets = 261
  Electronic configuration
   iph    il      N_el
     0     0    1.764
     0     1    4.195
     0     2    0.124
     0     3    0.000
     1     0    0.348
     1     1    6.445
     1     2    1.030
     1     3    0.000
     2     0    0.621
     2     1    0.797
     2     2    7.123
     2     3    0.000
     3     0    1.811
     3     1    4.370
     3     2    0.074
     3     3    0.000
 mu_new=    -7.213
 Charge transfer:  iph  charge(iph)
       0   -0.083
       1    0.176
       2    0.460
       3   -0.256
              SCF ITERATION NUMBER 28  OUT OF  30
 Calculating energy and space dependent l-DOS.  It takes time ...
     point #   1  energy = -33.500
     Doing FMS for a cluster of   33 atoms around iph =   0 in fmsie
    0   FMS matrix (LUD) at point   1, number of state kets = 297
     Doing FMS for a cluster of   27 atoms around iph =   1 in fmsie
    0   FMS matrix (LUD) at point   1, number of state kets = 243
     Doing FMS for a cluster of   26 atoms around iph =   2 in fmsie
    0   FMS matrix (LUD) at point   1, number of state kets = 234
     Doing FMS for a cluster of   29 atoms around iph =   3 in fmsie
    0   FMS matrix (LUD) at point   1, number of state kets = 261
  Electronic configuration
   iph    il      N_el
     0     0    1.764
     0     1    4.195
     0     2    0.125
     0     3    0.000
     1     0    0.348
     1     1    6.445
     1     2    1.031
     1     3    0.000
     2     0    0.621
     2     1    0.797
     2     2    7.123
     2     3    0.000
     3     0    1.811
     3     1    4.370
     3     2    0.075
     3     3    0.000
 mu_new=    -7.213
 Charge transfer:  iph  charge(iph)
       0   -0.083
       1    0.176
       2    0.460
       3   -0.256
              SCF ITERATION NUMBER 29  OUT OF  30
 Calculating energy and space dependent l-DOS.  It takes time ...
     point #   1  energy = -33.500
     Doing FMS for a cluster of   33 atoms around iph =   0 in fmsie
    0   FMS matrix (LUD) at point   1, number of state kets = 297
     Doing FMS for a cluster of   27 atoms around iph =   1 in fmsie
    0   FMS matrix (LUD) at point   1, number of state kets = 243
     Doing FMS for a cluster of   26 atoms around iph =   2 in fmsie
    0   FMS matrix (LUD) at point   1, number of state kets = 234
     Doing FMS for a cluster of   29 atoms around iph =   3 in fmsie
    0   FMS matrix (LUD) at point   1, number of state kets = 261
  Electronic configuration
   iph    il      N_el
     0     0    1.764
     0     1    4.195
     0     2    0.124
     0     3    0.000
     1     0    0.348
     1     1    6.445
     1     2    1.031
     1     3    0.000
     2     0    0.621
     2     1    0.797
     2     2    7.123
     2     3    0.000
     3     0    1.811
     3     1    4.370
     3     2    0.074
     3     3    0.000
 mu_new=    -7.213
 Charge transfer:  iph  charge(iph)
       0   -0.083
       1    0.176
       2    0.460
       3   -0.256
              SCF ITERATION NUMBER 30  OUT OF  30
 Calculating energy and space dependent l-DOS.  It takes time ...
     point #   1  energy = -33.500
     Doing FMS for a cluster of   33 atoms around iph =   0 in fmsie
    0   FMS matrix (LUD) at point   1, number of state kets = 297
     Doing FMS for a cluster of   27 atoms around iph =   1 in fmsie
    0   FMS matrix (LUD) at point   1, number of state kets = 243
     Doing FMS for a cluster of   26 atoms around iph =   2 in fmsie
    0   FMS matrix (LUD) at point   1, number of state kets = 234
     Doing FMS for a cluster of   29 atoms around iph =   3 in fmsie
    0   FMS matrix (LUD) at point   1, number of state kets = 261
  Electronic configuration
   iph    il      N_el
     0     0    1.764
     0     1    4.195
     0     2    0.124
     0     3    0.000
     1     0    0.348
     1     1    6.445
     1     2    1.031
     1     3    0.000
     2     0    0.621
     2     1    0.797
     2     2    7.123
     2     3    0.000
     3     0    1.811
     3     1    4.370
     3     2    0.074
     3     3    0.000
 mu_new=    -7.213
 Charge transfer:  iph  charge(iph)
       0   -0.083
       1    0.176
       2    0.460
       3   -0.256
 Convergence reached.
 Done with module 1: potentials.
 total time       23.7911841869354     
 communicate time   1.29832959175110     
