 Number of processors =           12
 Calculating potentials ...
muffin tin radii and interstitial parameters
 iph, rnrm(iph)*bohr, rmt(iph)*bohr, folp(iph)
    0  1.03970E+00  9.59752E-01  1.15000E+00
    1  1.79676E+00  1.73770E+00  1.08613E+00
    2  1.43331E+00  1.33461E+00  1.15000E+00
    3  1.05686E+00  1.01038E+00  1.12025E+00
              Core-valence separation
 ecv=   -34.000
 mu_old=     2.595
              SCF ITERATION NUMBER  1  OUT OF  30
 Calculating energy and space dependent l-DOS.  It takes time ...
     point #   1  energy = -34.000
     Doing FMS for a cluster of   27 atoms around iph =   0 in fmsie
    0   FMS matrix (LUD) at point   1, number of state kets = 243
     Doing FMS for a cluster of   33 atoms around iph =   1 in fmsie
    0   FMS matrix (LUD) at point   1, number of state kets = 297
     Doing FMS for a cluster of   34 atoms around iph =   2 in fmsie
    0   FMS matrix (LUD) at point   1, number of state kets = 306
     Doing FMS for a cluster of   27 atoms around iph =   3 in fmsie
    0   FMS matrix (LUD) at point   1, number of state kets = 243
  Electronic configuration
   iph    il      N_el
     0     0    1.799
     0     1    4.393
     0     2    0.129
     0     3    0.000
     1     0    0.352
     1     1    6.438
     1     2    1.277
     1     3    0.000
     2     0    0.546
     2     1    0.736
     2     2    6.559
     2     3    0.000
     3     0    1.825
     3     1    4.656
     3     2    0.088
     3     3    0.000
 mu_new=    -6.420
 Charge transfer:  iph  charge(iph)
       0   -0.060
       1   -0.011
       2    0.222
       3   -0.109
              SCF ITERATION NUMBER  2  OUT OF  30
 Calculating energy and space dependent l-DOS.  It takes time ...
     point #   1  energy = -34.000
     Doing FMS for a cluster of   27 atoms around iph =   0 in fmsie
    0   FMS matrix (LUD) at point   1, number of state kets = 243
     Doing FMS for a cluster of   33 atoms around iph =   1 in fmsie
    0   FMS matrix (LUD) at point   1, number of state kets = 297
     Doing FMS for a cluster of   34 atoms around iph =   2 in fmsie
    0   FMS matrix (LUD) at point   1, number of state kets = 306
     Doing FMS for a cluster of   27 atoms around iph =   3 in fmsie
    0   FMS matrix (LUD) at point   1, number of state kets = 243
  Electronic configuration
   iph    il      N_el
     0     0    1.788
     0     1    4.187
     0     2    0.124
     0     3    0.000
     1     0    0.350
     1     1    6.432
     1     2    1.159
     1     3    0.000
     2     0    0.592
     2     1    0.780
     2     2    7.043
     2     3    0.000
     3     0    1.808
     3     1    4.409
     3     2    0.084
     3     3    0.000
 mu_new=    -6.824
 Charge transfer:  iph  charge(iph)
       0   -0.097
       1    0.053
       2    0.551
       3   -0.283
              SCF ITERATION NUMBER  3  OUT OF  30
 Calculating energy and space dependent l-DOS.  It takes time ...
     point #   1  energy = -34.000
     Doing FMS for a cluster of   27 atoms around iph =   0 in fmsie
    0   FMS matrix (LUD) at point   1, number of state kets = 243
     Doing FMS for a cluster of   33 atoms around iph =   1 in fmsie
    0   FMS matrix (LUD) at point   1, number of state kets = 297
     Doing FMS for a cluster of   34 atoms around iph =   2 in fmsie
    0   FMS matrix (LUD) at point   1, number of state kets = 306
     Doing FMS for a cluster of   27 atoms around iph =   3 in fmsie
    0   FMS matrix (LUD) at point   1, number of state kets = 243
  Electronic configuration
   iph    il      N_el
     0     0    1.794
     0     1    4.136
     0     2    0.135
     0     3    0.000
     1     0    0.359
     1     1    6.436
     1     2    1.213
     1     3    0.000
     2     0    0.638
     2     1    0.832
     2     2    7.409
     2     3    0.000
     3     0    1.797
     3     1    4.164
     3     2    0.098
     3     3    0.000
 mu_new=    -6.824
 Charge transfer:  iph  charge(iph)
       0   -0.091
       1    0.042
       2    0.473
       3   -0.242
              SCF ITERATION NUMBER  4  OUT OF  30
 Calculating energy and space dependent l-DOS.  It takes time ...
     point #   1  energy = -34.000
     Doing FMS for a cluster of   27 atoms around iph =   0 in fmsie
    0   FMS matrix (LUD) at point   1, number of state kets = 243
     Doing FMS for a cluster of   33 atoms around iph =   1 in fmsie
    0   FMS matrix (LUD) at point   1, number of state kets = 297
     Doing FMS for a cluster of   34 atoms around iph =   2 in fmsie
    0   FMS matrix (LUD) at point   1, number of state kets = 306
     Doing FMS for a cluster of   27 atoms around iph =   3 in fmsie
    0   FMS matrix (LUD) at point   1, number of state kets = 243
  Electronic configuration
   iph    il      N_el
     0     0    1.791
     0     1    4.196
     0     2    0.125
     0     3    0.000
     1     0    0.353
     1     1    6.430
     1     2    1.155
     1     3    0.000
     2     0    0.613
     2     1    0.804
     2     2    7.209
     2     3    0.000
     3     0    1.802
     3     1    4.309
     3     2    0.085
     3     3    0.000
 mu_new=    -6.581
 Charge transfer:  iph  charge(iph)
       0   -0.096
       1    0.048
       2    0.450
       3   -0.232
              SCF ITERATION NUMBER  5  OUT OF  30
 Calculating energy and space dependent l-DOS.  It takes time ...
     point #   1  energy = -34.000
     Doing FMS for a cluster of   27 atoms around iph =   0 in fmsie
    0   FMS matrix (LUD) at point   1, number of state kets = 243
     Doing FMS for a cluster of   33 atoms around iph =   1 in fmsie
    0   FMS matrix (LUD) at point   1, number of state kets = 297
     Doing FMS for a cluster of   34 atoms around iph =   2 in fmsie
    0   FMS matrix (LUD) at point   1, number of state kets = 306
     Doing FMS for a cluster of   27 atoms around iph =   3 in fmsie
    0   FMS matrix (LUD) at point   1, number of state kets = 243
  Electronic configuration
   iph    il      N_el
     0     0    1.790
     0     1    4.189
     0     2    0.130
     0     3    0.000
     1     0    0.353
     1     1    6.430
     1     2    1.185
     1     3    0.000
     2     0    0.608
     2     1    0.799
     2     2    7.124
     2     3    0.000
     3     0    1.805
     3     1    4.343
     3     2    0.091
     3     3    0.000
 mu_new=    -6.581
 Charge transfer:  iph  charge(iph)
       0   -0.099
       1    0.045
       2    0.454
       3   -0.234
              SCF ITERATION NUMBER  6  OUT OF  30
 Calculating energy and space dependent l-DOS.  It takes time ...
     point #   1  energy = -34.000
     Doing FMS for a cluster of   27 atoms around iph =   0 in fmsie
    0   FMS matrix (LUD) at point   1, number of state kets = 243
     Doing FMS for a cluster of   33 atoms around iph =   1 in fmsie
    0   FMS matrix (LUD) at point   1, number of state kets = 297
     Doing FMS for a cluster of   34 atoms around iph =   2 in fmsie
    0   FMS matrix (LUD) at point   1, number of state kets = 306
     Doing FMS for a cluster of   27 atoms around iph =   3 in fmsie
    0   FMS matrix (LUD) at point   1, number of state kets = 243
  Electronic configuration
   iph    il      N_el
     0     0    1.789
     0     1    4.184
     0     2    0.125
     0     3    0.000
     1     0    0.351
     1     1    6.428
     1     2    1.150
     1     3    0.000
     2     0    0.608
     2     1    0.798
     2     2    7.156
     2     3    0.000
     3     0    1.804
     3     1    4.342
     3     2    0.085
     3     3    0.000
 mu_new=    -6.583
 Charge transfer:  iph  charge(iph)
       0   -0.099
       1    0.049
       2    0.452
       3   -0.233
              SCF ITERATION NUMBER  7  OUT OF  30
 Calculating energy and space dependent l-DOS.  It takes time ...
     point #   1  energy = -34.000
     Doing FMS for a cluster of   27 atoms around iph =   0 in fmsie
    0   FMS matrix (LUD) at point   1, number of state kets = 243
     Doing FMS for a cluster of   33 atoms around iph =   1 in fmsie
    0   FMS matrix (LUD) at point   1, number of state kets = 297
     Doing FMS for a cluster of   34 atoms around iph =   2 in fmsie
    0   FMS matrix (LUD) at point   1, number of state kets = 306
     Doing FMS for a cluster of   27 atoms around iph =   3 in fmsie
    0   FMS matrix (LUD) at point   1, number of state kets = 243
  Electronic configuration
   iph    il      N_el
     0     0    1.789
     0     1    4.185
     0     2    0.125
     0     3    0.000
     1     0    0.351
     1     1    6.428
     1     2    1.151
     1     3    0.000
     2     0    0.608
     2     1    0.797
     2     2    7.152
     2     3    0.000
     3     0    1.804
     3     1    4.344
     3     2    0.085
     3     3    0.000
 mu_new=    -6.588
 Charge transfer:  iph  charge(iph)
       0   -0.099
       1    0.059
       2    0.449
       3   -0.233
              SCF ITERATION NUMBER  8  OUT OF  30
 Calculating energy and space dependent l-DOS.  It takes time ...
     point #   1  energy = -34.000
     Doing FMS for a cluster of   27 atoms around iph =   0 in fmsie
    0   FMS matrix (LUD) at point   1, number of state kets = 243
     Doing FMS for a cluster of   33 atoms around iph =   1 in fmsie
    0   FMS matrix (LUD) at point   1, number of state kets = 297
     Doing FMS for a cluster of   34 atoms around iph =   2 in fmsie
    0   FMS matrix (LUD) at point   1, number of state kets = 306
     Doing FMS for a cluster of   27 atoms around iph =   3 in fmsie
    0   FMS matrix (LUD) at point   1, number of state kets = 243
  Electronic configuration
   iph    il      N_el
     0     0    1.789
     0     1    4.186
     0     2    0.125
     0     3    0.000
     1     0    0.351
     1     1    6.428
     1     2    1.154
     1     3    0.000
     2     0    0.607
     2     1    0.796
     2     2    7.150
     2     3    0.000
     3     0    1.804
     3     1    4.345
     3     2    0.085
     3     3    0.000
 mu_new=    -6.605
 Charge transfer:  iph  charge(iph)
       0   -0.099
       1    0.063
       2    0.448
       3   -0.233
              SCF ITERATION NUMBER  9  OUT OF  30
 Calculating energy and space dependent l-DOS.  It takes time ...
     point #   1  energy = -34.000
     Doing FMS for a cluster of   27 atoms around iph =   0 in fmsie
    0   FMS matrix (LUD) at point   1, number of state kets = 243
     Doing FMS for a cluster of   33 atoms around iph =   1 in fmsie
    0   FMS matrix (LUD) at point   1, number of state kets = 297
     Doing FMS for a cluster of   34 atoms around iph =   2 in fmsie
    0   FMS matrix (LUD) at point   1, number of state kets = 306
     Doing FMS for a cluster of   27 atoms around iph =   3 in fmsie
    0   FMS matrix (LUD) at point   1, number of state kets = 243
  Electronic configuration
   iph    il      N_el
     0     0    1.789
     0     1    4.186
     0     2    0.125
     0     3    0.000
     1     0    0.351
     1     1    6.429
     1     2    1.154
     1     3    0.000
     2     0    0.607
     2     1    0.796
     2     2    7.151
     2     3    0.000
     3     0    1.804
     3     1    4.345
     3     2    0.085
     3     3    0.000
 mu_new=    -6.611
 Charge transfer:  iph  charge(iph)
       0   -0.099
       1    0.064
       2    0.447
       3   -0.233
              SCF ITERATION NUMBER 10  OUT OF  30
 Calculating energy and space dependent l-DOS.  It takes time ...
     point #   1  energy = -34.000
     Doing FMS for a cluster of   27 atoms around iph =   0 in fmsie
    0   FMS matrix (LUD) at point   1, number of state kets = 243
     Doing FMS for a cluster of   33 atoms around iph =   1 in fmsie
    0   FMS matrix (LUD) at point   1, number of state kets = 297
     Doing FMS for a cluster of   34 atoms around iph =   2 in fmsie
    0   FMS matrix (LUD) at point   1, number of state kets = 306
     Doing FMS for a cluster of   27 atoms around iph =   3 in fmsie
    0   FMS matrix (LUD) at point   1, number of state kets = 243
  Electronic configuration
   iph    il      N_el
     0     0    1.789
     0     1    4.186
     0     2    0.125
     0     3    0.000
     1     0    0.351
     1     1    6.429
     1     2    1.155
     1     3    0.000
     2     0    0.607
     2     1    0.796
     2     2    7.151
     2     3    0.000
     3     0    1.804
     3     1    4.345
     3     2    0.084
     3     3    0.000
 mu_new=    -6.612
 Charge transfer:  iph  charge(iph)
       0   -0.099
       1    0.065
       2    0.447
       3   -0.233
              SCF ITERATION NUMBER 11  OUT OF  30
 Calculating energy and space dependent l-DOS.  It takes time ...
     point #   1  energy = -34.000
     Doing FMS for a cluster of   27 atoms around iph =   0 in fmsie
    0   FMS matrix (LUD) at point   1, number of state kets = 243
     Doing FMS for a cluster of   33 atoms around iph =   1 in fmsie
    0   FMS matrix (LUD) at point   1, number of state kets = 297
     Doing FMS for a cluster of   34 atoms around iph =   2 in fmsie
    0   FMS matrix (LUD) at point   1, number of state kets = 306
     Doing FMS for a cluster of   27 atoms around iph =   3 in fmsie
    0   FMS matrix (LUD) at point   1, number of state kets = 243
  Electronic configuration
   iph    il      N_el
     0     0    1.789
     0     1    4.186
     0     2    0.125
     0     3    0.000
     1     0    0.351
     1     1    6.429
     1     2    1.156
     1     3    0.000
     2     0    0.607
     2     1    0.796
     2     2    7.149
     2     3    0.000
     3     0    1.804
     3     1    4.345
     3     2    0.085
     3     3    0.000
 mu_new=    -6.612
 Charge transfer:  iph  charge(iph)
       0   -0.099
       1    0.065
       2    0.447
       3   -0.233
              SCF ITERATION NUMBER 12  OUT OF  30
 Calculating energy and space dependent l-DOS.  It takes time ...
     point #   1  energy = -34.000
     Doing FMS for a cluster of   27 atoms around iph =   0 in fmsie
    0   FMS matrix (LUD) at point   1, number of state kets = 243
     Doing FMS for a cluster of   33 atoms around iph =   1 in fmsie
    0   FMS matrix (LUD) at point   1, number of state kets = 297
     Doing FMS for a cluster of   34 atoms around iph =   2 in fmsie
    0   FMS matrix (LUD) at point   1, number of state kets = 306
     Doing FMS for a cluster of   27 atoms around iph =   3 in fmsie
    0   FMS matrix (LUD) at point   1, number of state kets = 243
  Electronic configuration
   iph    il      N_el
     0     0    1.789
     0     1    4.186
     0     2    0.125
     0     3    0.000
     1     0    0.351
     1     1    6.429
     1     2    1.156
     1     3    0.000
     2     0    0.607
     2     1    0.796
     2     2    7.149
     2     3    0.000
     3     0    1.804
     3     1    4.345
     3     2    0.085
     3     3    0.000
 mu_new=    -6.612
 Charge transfer:  iph  charge(iph)
       0   -0.099
       1    0.065
       2    0.447
       3   -0.233
 Convergence reached.
 Done with module 1: potentials.
 total time       12.8376379013062     
 communicate time   1.66845560073853     
