 Number of processors =           12
 Calculating potentials ...
muffin tin radii and interstitial parameters
 iph, rnrm(iph)*bohr, rmt(iph)*bohr, folp(iph)
    0  1.03901E+00  9.84372E-01  1.14877E+00
    1  1.85987E+00  1.78665E+00  1.10573E+00
    2  1.43578E+00  1.34064E+00  1.15000E+00
    3  1.06359E+00  1.01818E+00  1.11616E+00
              Core-valence separation
 ecv=   -34.000
 mu_old=     1.768
              SCF ITERATION NUMBER  1  OUT OF  30
 Calculating energy and space dependent l-DOS.  It takes time ...
     point #   1  energy = -34.000
     Doing FMS for a cluster of   28 atoms around iph =   0 in fmsie
    0   FMS matrix (LUD) at point   1, number of state kets = 252
     Doing FMS for a cluster of   27 atoms around iph =   1 in fmsie
    0   FMS matrix (LUD) at point   1, number of state kets = 243
     Doing FMS for a cluster of   33 atoms around iph =   2 in fmsie
    0   FMS matrix (LUD) at point   1, number of state kets = 297
     Doing FMS for a cluster of   27 atoms around iph =   3 in fmsie
    0   FMS matrix (LUD) at point   1, number of state kets = 243
  Electronic configuration
   iph    il      N_el
     0     0    1.796
     0     1    4.527
     0     2    0.114
     0     3    0.000
     1     0    0.351
     1     1    6.449
     1     2    1.099
     1     3    0.000
     2     0    0.548
     2     1    0.735
     2     2    6.608
     2     3    0.000
     3     0    1.839
     3     1    4.645
     3     2    0.086
     3     3    0.000
 mu_new=    -6.580
 Charge transfer:  iph  charge(iph)
       0   -0.083
       1    0.023
       2    0.212
       3   -0.110
              SCF ITERATION NUMBER  2  OUT OF  30
 Calculating energy and space dependent l-DOS.  It takes time ...
     point #   1  energy = -34.000
     Doing FMS for a cluster of   28 atoms around iph =   0 in fmsie
    0   FMS matrix (LUD) at point   1, number of state kets = 252
     Doing FMS for a cluster of   27 atoms around iph =   1 in fmsie
    0   FMS matrix (LUD) at point   1, number of state kets = 243
     Doing FMS for a cluster of   33 atoms around iph =   2 in fmsie
    0   FMS matrix (LUD) at point   1, number of state kets = 297
     Doing FMS for a cluster of   27 atoms around iph =   3 in fmsie
    0   FMS matrix (LUD) at point   1, number of state kets = 243
  Electronic configuration
   iph    il      N_el
     0     0    1.786
     0     1    4.311
     0     2    0.111
     0     3    0.000
     1     0    0.350
     1     1    6.455
     1     2    1.059
     1     3    0.000
     2     0    0.595
     2     1    0.780
     2     2    7.100
     2     3    0.000
     3     0    1.813
     3     1    4.388
     3     2    0.082
     3     3    0.000
 mu_new=    -6.965
 Charge transfer:  iph  charge(iph)
       0   -0.198
       1    0.128
       2    0.501
       3   -0.270
              SCF ITERATION NUMBER  3  OUT OF  30
 Calculating energy and space dependent l-DOS.  It takes time ...
     point #   1  energy = -34.000
     Doing FMS for a cluster of   28 atoms around iph =   0 in fmsie
    0   FMS matrix (LUD) at point   1, number of state kets = 252
     Doing FMS for a cluster of   27 atoms around iph =   1 in fmsie
    0   FMS matrix (LUD) at point   1, number of state kets = 243
     Doing FMS for a cluster of   33 atoms around iph =   2 in fmsie
    0   FMS matrix (LUD) at point   1, number of state kets = 297
     Doing FMS for a cluster of   27 atoms around iph =   3 in fmsie
    0   FMS matrix (LUD) at point   1, number of state kets = 243
  Electronic configuration
   iph    il      N_el
     0     0    1.778
     0     1    4.139
     0     2    0.111
     0     3    0.000
     1     0    0.360
     1     1    6.467
     1     2    1.091
     1     3    0.000
     2     0    0.635
     2     1    0.820
     2     2    7.413
     2     3    0.000
     3     0    1.800
     3     1    4.197
     3     2    0.082
     3     3    0.000
 mu_new=    -6.908
 Charge transfer:  iph  charge(iph)
       0   -0.165
       1    0.122
       2    0.433
       3   -0.235
              SCF ITERATION NUMBER  4  OUT OF  30
 Calculating energy and space dependent l-DOS.  It takes time ...
     point #   1  energy = -34.000
     Doing FMS for a cluster of   28 atoms around iph =   0 in fmsie
    0   FMS matrix (LUD) at point   1, number of state kets = 252
     Doing FMS for a cluster of   27 atoms around iph =   1 in fmsie
    0   FMS matrix (LUD) at point   1, number of state kets = 243
     Doing FMS for a cluster of   33 atoms around iph =   2 in fmsie
    0   FMS matrix (LUD) at point   1, number of state kets = 297
     Doing FMS for a cluster of   27 atoms around iph =   3 in fmsie
    0   FMS matrix (LUD) at point   1, number of state kets = 243
  Electronic configuration
   iph    il      N_el
     0     0    1.782
     0     1    4.247
     0     2    0.112
     0     3    0.000
     1     0    0.356
     1     1    6.461
     1     2    1.084
     1     3    0.000
     2     0    0.613
     2     1    0.799
     2     2    7.205
     2     3    0.000
     3     0    1.807
     3     1    4.317
     3     2    0.082
     3     3    0.000
 mu_new=    -6.734
 Charge transfer:  iph  charge(iph)
       0   -0.160
       1    0.117
       2    0.423
       3   -0.229
              SCF ITERATION NUMBER  5  OUT OF  30
 Calculating energy and space dependent l-DOS.  It takes time ...
     point #   1  energy = -34.000
     Doing FMS for a cluster of   28 atoms around iph =   0 in fmsie
    0   FMS matrix (LUD) at point   1, number of state kets = 252
     Doing FMS for a cluster of   27 atoms around iph =   1 in fmsie
    0   FMS matrix (LUD) at point   1, number of state kets = 243
     Doing FMS for a cluster of   33 atoms around iph =   2 in fmsie
    0   FMS matrix (LUD) at point   1, number of state kets = 297
     Doing FMS for a cluster of   27 atoms around iph =   3 in fmsie
    0   FMS matrix (LUD) at point   1, number of state kets = 243
  Electronic configuration
   iph    il      N_el
     0     0    1.783
     0     1    4.265
     0     2    0.112
     0     3    0.000
     1     0    0.354
     1     1    6.458
     1     2    1.079
     1     3    0.000
     2     0    0.609
     2     1    0.794
     2     2    7.170
     2     3    0.000
     3     0    1.808
     3     1    4.338
     3     2    0.083
     3     3    0.000
 mu_new=    -6.734
 Charge transfer:  iph  charge(iph)
       0   -0.160
       1    0.116
       2    0.424
       3   -0.229
              SCF ITERATION NUMBER  6  OUT OF  30
 Calculating energy and space dependent l-DOS.  It takes time ...
     point #   1  energy = -34.000
     Doing FMS for a cluster of   28 atoms around iph =   0 in fmsie
    0   FMS matrix (LUD) at point   1, number of state kets = 252
     Doing FMS for a cluster of   27 atoms around iph =   1 in fmsie
    0   FMS matrix (LUD) at point   1, number of state kets = 243
     Doing FMS for a cluster of   33 atoms around iph =   2 in fmsie
    0   FMS matrix (LUD) at point   1, number of state kets = 297
     Doing FMS for a cluster of   27 atoms around iph =   3 in fmsie
    0   FMS matrix (LUD) at point   1, number of state kets = 243
  Electronic configuration
   iph    il      N_el
     0     0    1.783
     0     1    4.265
     0     2    0.111
     0     3    0.000
     1     0    0.353
     1     1    6.457
     1     2    1.072
     1     3    0.000
     2     0    0.609
     2     1    0.794
     2     2    7.175
     2     3    0.000
     3     0    1.808
     3     1    4.338
     3     2    0.082
     3     3    0.000
 mu_new=    -6.755
 Charge transfer:  iph  charge(iph)
       0   -0.160
       1    0.116
       2    0.424
       3   -0.229
              SCF ITERATION NUMBER  7  OUT OF  30
 Calculating energy and space dependent l-DOS.  It takes time ...
     point #   1  energy = -34.000
     Doing FMS for a cluster of   28 atoms around iph =   0 in fmsie
    0   FMS matrix (LUD) at point   1, number of state kets = 252
     Doing FMS for a cluster of   27 atoms around iph =   1 in fmsie
    0   FMS matrix (LUD) at point   1, number of state kets = 243
     Doing FMS for a cluster of   33 atoms around iph =   2 in fmsie
    0   FMS matrix (LUD) at point   1, number of state kets = 297
     Doing FMS for a cluster of   27 atoms around iph =   3 in fmsie
    0   FMS matrix (LUD) at point   1, number of state kets = 243
  Electronic configuration
   iph    il      N_el
     0     0    1.783
     0     1    4.266
     0     2    0.111
     0     3    0.000
     1     0    0.353
     1     1    6.456
     1     2    1.068
     1     3    0.000
     2     0    0.608
     2     1    0.793
     2     2    7.176
     2     3    0.000
     3     0    1.808
     3     1    4.339
     3     2    0.082
     3     3    0.000
 mu_new=    -6.781
 Charge transfer:  iph  charge(iph)
       0   -0.160
       1    0.118
       2    0.423
       3   -0.229
              SCF ITERATION NUMBER  8  OUT OF  30
 Calculating energy and space dependent l-DOS.  It takes time ...
     point #   1  energy = -34.000
     Doing FMS for a cluster of   28 atoms around iph =   0 in fmsie
    0   FMS matrix (LUD) at point   1, number of state kets = 252
     Doing FMS for a cluster of   27 atoms around iph =   1 in fmsie
    0   FMS matrix (LUD) at point   1, number of state kets = 243
     Doing FMS for a cluster of   33 atoms around iph =   2 in fmsie
    0   FMS matrix (LUD) at point   1, number of state kets = 297
     Doing FMS for a cluster of   27 atoms around iph =   3 in fmsie
    0   FMS matrix (LUD) at point   1, number of state kets = 243
  Electronic configuration
   iph    il      N_el
     0     0    1.783
     0     1    4.266
     0     2    0.111
     0     3    0.000
     1     0    0.353
     1     1    6.456
     1     2    1.068
     1     3    0.000
     2     0    0.608
     2     1    0.793
     2     2    7.177
     2     3    0.000
     3     0    1.808
     3     1    4.339
     3     2    0.082
     3     3    0.000
 mu_new=    -6.785
 Charge transfer:  iph  charge(iph)
       0   -0.160
       1    0.122
       2    0.422
       3   -0.229
              SCF ITERATION NUMBER  9  OUT OF  30
 Calculating energy and space dependent l-DOS.  It takes time ...
     point #   1  energy = -34.000
     Doing FMS for a cluster of   28 atoms around iph =   0 in fmsie
    0   FMS matrix (LUD) at point   1, number of state kets = 252
     Doing FMS for a cluster of   27 atoms around iph =   1 in fmsie
    0   FMS matrix (LUD) at point   1, number of state kets = 243
     Doing FMS for a cluster of   33 atoms around iph =   2 in fmsie
    0   FMS matrix (LUD) at point   1, number of state kets = 297
     Doing FMS for a cluster of   27 atoms around iph =   3 in fmsie
    0   FMS matrix (LUD) at point   1, number of state kets = 243
  Electronic configuration
   iph    il      N_el
     0     0    1.783
     0     1    4.266
     0     2    0.111
     0     3    0.000
     1     0    0.353
     1     1    6.456
     1     2    1.069
     1     3    0.000
     2     0    0.608
     2     1    0.793
     2     2    7.177
     2     3    0.000
     3     0    1.808
     3     1    4.339
     3     2    0.082
     3     3    0.000
 mu_new=    -6.789
 Charge transfer:  iph  charge(iph)
       0   -0.160
       1    0.123
       2    0.422
       3   -0.229
              SCF ITERATION NUMBER 10  OUT OF  30
 Calculating energy and space dependent l-DOS.  It takes time ...
     point #   1  energy = -34.000
     Doing FMS for a cluster of   28 atoms around iph =   0 in fmsie
    0   FMS matrix (LUD) at point   1, number of state kets = 252
     Doing FMS for a cluster of   27 atoms around iph =   1 in fmsie
    0   FMS matrix (LUD) at point   1, number of state kets = 243
     Doing FMS for a cluster of   33 atoms around iph =   2 in fmsie
    0   FMS matrix (LUD) at point   1, number of state kets = 297
     Doing FMS for a cluster of   27 atoms around iph =   3 in fmsie
    0   FMS matrix (LUD) at point   1, number of state kets = 243
  Electronic configuration
   iph    il      N_el
     0     0    1.783
     0     1    4.266
     0     2    0.111
     0     3    0.000
     1     0    0.353
     1     1    6.456
     1     2    1.069
     1     3    0.000
     2     0    0.608
     2     1    0.793
     2     2    7.177
     2     3    0.000
     3     0    1.808
     3     1    4.339
     3     2    0.082
     3     3    0.000
 mu_new=    -6.790
 Charge transfer:  iph  charge(iph)
       0   -0.160
       1    0.123
       2    0.422
       3   -0.229
 Convergence reached.
 Done with module 1: potentials.
 total time       8.92728304862976     
 communicate time  0.193905353546143     
