 Number of processors =           12
 Calculating potentials ...
muffin tin radii and interstitial parameters
 iph, rnrm(iph)*bohr, rmt(iph)*bohr, folp(iph)
    0  1.03984E+00  9.66554E-01  1.15000E+00
    1  1.78562E+00  1.72511E+00  1.08914E+00
    2  1.41381E+00  1.26059E+00  1.15000E+00
    3  1.03135E+00  9.24862E-01  1.15000E+00
              Core-valence separation
 ecv=   -34.000
 mu_old=     3.375
              SCF ITERATION NUMBER  1  OUT OF  30
 Calculating energy and space dependent l-DOS.  It takes time ...
     point #   1  energy = -34.000
     Doing FMS for a cluster of   27 atoms around iph =   0 in fmsie
    0   FMS matrix (LUD) at point   1, number of state kets = 243
     Doing FMS for a cluster of   26 atoms around iph =   1 in fmsie
    0   FMS matrix (LUD) at point   1, number of state kets = 234
     Doing FMS for a cluster of   29 atoms around iph =   2 in fmsie
    0   FMS matrix (LUD) at point   1, number of state kets = 261
     Doing FMS for a cluster of   23 atoms around iph =   3 in fmsie
    0   FMS matrix (LUD) at point   1, number of state kets = 207
  Electronic configuration
   iph    il      N_el
     0     0    1.813
     0     1    4.716
     0     2    0.109
     0     3    0.000
     1     0    0.312
     1     1    6.380
     1     2    1.025
     1     3    0.000
     2     0    0.650
     2     1    0.785
     2     2    6.702
     2     3    0.000
     3     0    1.803
     3     1    4.583
     3     2    0.116
     3     3    0.000
 mu_new=    -7.585
 Charge transfer:  iph  charge(iph)
       0   -0.123
       1    0.059
       2    0.162
       3   -0.096
              SCF ITERATION NUMBER  2  OUT OF  30
 Calculating energy and space dependent l-DOS.  It takes time ...
     point #   1  energy = -34.000
     Doing FMS for a cluster of   27 atoms around iph =   0 in fmsie
    0   FMS matrix (LUD) at point   1, number of state kets = 243
     Doing FMS for a cluster of   26 atoms around iph =   1 in fmsie
    0   FMS matrix (LUD) at point   1, number of state kets = 234
     Doing FMS for a cluster of   29 atoms around iph =   2 in fmsie
    0   FMS matrix (LUD) at point   1, number of state kets = 261
     Doing FMS for a cluster of   23 atoms around iph =   3 in fmsie
    0   FMS matrix (LUD) at point   1, number of state kets = 207
  Electronic configuration
   iph    il      N_el
     0     0    1.794
     0     1    4.471
     0     2    0.107
     0     3    0.000
     1     0    0.307
     1     1    6.377
     1     2    1.024
     1     3    0.000
     2     0    0.677
     2     1    0.806
     2     2    7.172
     2     3    0.000
     3     0    1.786
     3     1    4.345
     3     2    0.114
     3     3    0.000
 mu_new=    -7.848
 Charge transfer:  iph  charge(iph)
       0   -0.343
       1    0.264
       2    0.326
       3   -0.229
              SCF ITERATION NUMBER  3  OUT OF  30
 Calculating energy and space dependent l-DOS.  It takes time ...
     point #   1  energy = -34.000
     Doing FMS for a cluster of   27 atoms around iph =   0 in fmsie
    0   FMS matrix (LUD) at point   1, number of state kets = 243
     Doing FMS for a cluster of   26 atoms around iph =   1 in fmsie
    0   FMS matrix (LUD) at point   1, number of state kets = 234
     Doing FMS for a cluster of   29 atoms around iph =   2 in fmsie
    0   FMS matrix (LUD) at point   1, number of state kets = 261
     Doing FMS for a cluster of   23 atoms around iph =   3 in fmsie
    0   FMS matrix (LUD) at point   1, number of state kets = 207
  Electronic configuration
   iph    il      N_el
     0     0    1.773
     0     1    4.169
     0     2    0.109
     0     3    0.000
     1     0    0.329
     1     1    6.403
     1     2    1.150
     1     3    0.000
     2     0    0.705
     2     1    0.839
     2     2    7.411
     2     3    0.000
     3     0    1.774
     3     1    4.162
     3     2    0.117
     3     3    0.000
 mu_new=    -7.325
 Charge transfer:  iph  charge(iph)
       0   -0.288
       1    0.241
       2    0.269
       3   -0.195
              SCF ITERATION NUMBER  4  OUT OF  30
 Calculating energy and space dependent l-DOS.  It takes time ...
     point #   1  energy = -34.000
     Doing FMS for a cluster of   27 atoms around iph =   0 in fmsie
    0   FMS matrix (LUD) at point   1, number of state kets = 243
     Doing FMS for a cluster of   26 atoms around iph =   1 in fmsie
    0   FMS matrix (LUD) at point   1, number of state kets = 234
     Doing FMS for a cluster of   29 atoms around iph =   2 in fmsie
    0   FMS matrix (LUD) at point   1, number of state kets = 261
     Doing FMS for a cluster of   23 atoms around iph =   3 in fmsie
    0   FMS matrix (LUD) at point   1, number of state kets = 207
  Electronic configuration
   iph    il      N_el
     0     0    1.784
     0     1    4.336
     0     2    0.110
     0     3    0.000
     1     0    0.324
     1     1    6.397
     1     2    1.124
     1     3    0.000
     2     0    0.692
     2     1    0.828
     2     2    7.218
     2     3    0.000
     3     0    1.781
     3     1    4.272
     3     2    0.117
     3     3    0.000
 mu_new=    -7.247
 Charge transfer:  iph  charge(iph)
       0   -0.277
       1    0.223
       2    0.270
       3   -0.190
              SCF ITERATION NUMBER  5  OUT OF  30
 Calculating energy and space dependent l-DOS.  It takes time ...
     point #   1  energy = -34.000
     Doing FMS for a cluster of   27 atoms around iph =   0 in fmsie
    0   FMS matrix (LUD) at point   1, number of state kets = 243
     Doing FMS for a cluster of   26 atoms around iph =   1 in fmsie
    0   FMS matrix (LUD) at point   1, number of state kets = 234
     Doing FMS for a cluster of   29 atoms around iph =   2 in fmsie
    0   FMS matrix (LUD) at point   1, number of state kets = 261
     Doing FMS for a cluster of   23 atoms around iph =   3 in fmsie
    0   FMS matrix (LUD) at point   1, number of state kets = 207
  Electronic configuration
   iph    il      N_el
     0     0    1.787
     0     1    4.378
     0     2    0.110
     0     3    0.000
     1     0    0.320
     1     1    6.391
     1     2    1.099
     1     3    0.000
     2     0    0.690
     2     1    0.824
     2     2    7.207
     2     3    0.000
     3     0    1.782
     3     1    4.289
     3     2    0.117
     3     3    0.000
 mu_new=    -7.299
 Charge transfer:  iph  charge(iph)
       0   -0.276
       1    0.215
       2    0.272
       3   -0.190
              SCF ITERATION NUMBER  6  OUT OF  30
 Calculating energy and space dependent l-DOS.  It takes time ...
     point #   1  energy = -34.000
     Doing FMS for a cluster of   27 atoms around iph =   0 in fmsie
    0   FMS matrix (LUD) at point   1, number of state kets = 243
     Doing FMS for a cluster of   26 atoms around iph =   1 in fmsie
    0   FMS matrix (LUD) at point   1, number of state kets = 234
     Doing FMS for a cluster of   29 atoms around iph =   2 in fmsie
    0   FMS matrix (LUD) at point   1, number of state kets = 261
     Doing FMS for a cluster of   23 atoms around iph =   3 in fmsie
    0   FMS matrix (LUD) at point   1, number of state kets = 207
  Electronic configuration
   iph    il      N_el
     0     0    1.788
     0     1    4.363
     0     2    0.121
     0     3    0.000
     1     0    0.325
     1     1    6.395
     1     2    1.160
     1     3    0.000
     2     0    0.691
     2     1    0.829
     2     2    7.162
     2     3    0.000
     3     0    1.782
     3     1    4.279
     3     2    0.128
     3     3    0.000
 mu_new=    -7.299
 Charge transfer:  iph  charge(iph)
       0   -0.276
       1    0.219
       2    0.270
       3   -0.190
              SCF ITERATION NUMBER  7  OUT OF  30
 Calculating energy and space dependent l-DOS.  It takes time ...
     point #   1  energy = -34.000
     Doing FMS for a cluster of   27 atoms around iph =   0 in fmsie
    0   FMS matrix (LUD) at point   1, number of state kets = 243
     Doing FMS for a cluster of   26 atoms around iph =   1 in fmsie
    0   FMS matrix (LUD) at point   1, number of state kets = 234
     Doing FMS for a cluster of   29 atoms around iph =   2 in fmsie
    0   FMS matrix (LUD) at point   1, number of state kets = 261
     Doing FMS for a cluster of   23 atoms around iph =   3 in fmsie
    0   FMS matrix (LUD) at point   1, number of state kets = 207
  Electronic configuration
   iph    il      N_el
     0     0    1.788
     0     1    4.369
     0     2    0.118
     0     3    0.000
     1     0    0.324
     1     1    6.394
     1     2    1.143
     1     3    0.000
     2     0    0.691
     2     1    0.827
     2     2    7.172
     2     3    0.000
     3     0    1.782
     3     1    4.283
     3     2    0.124
     3     3    0.000
 mu_new=    -7.299
 Charge transfer:  iph  charge(iph)
       0   -0.279
       1    0.241
       2    0.262
       3   -0.191
              SCF ITERATION NUMBER  8  OUT OF  30
 Calculating energy and space dependent l-DOS.  It takes time ...
     point #   1  energy = -34.000
     Doing FMS for a cluster of   27 atoms around iph =   0 in fmsie
    0   FMS matrix (LUD) at point   1, number of state kets = 243
     Doing FMS for a cluster of   26 atoms around iph =   1 in fmsie
    0   FMS matrix (LUD) at point   1, number of state kets = 234
     Doing FMS for a cluster of   29 atoms around iph =   2 in fmsie
    0   FMS matrix (LUD) at point   1, number of state kets = 261
     Doing FMS for a cluster of   23 atoms around iph =   3 in fmsie
    0   FMS matrix (LUD) at point   1, number of state kets = 207
  Electronic configuration
   iph    il      N_el
     0     0    1.787
     0     1    4.379
     0     2    0.110
     0     3    0.000
     1     0    0.321
     1     1    6.393
     1     2    1.108
     1     3    0.000
     2     0    0.689
     2     1    0.823
     2     2    7.194
     2     3    0.000
     3     0    1.782
     3     1    4.292
     3     2    0.117
     3     3    0.000
 mu_new=    -7.299
 Charge transfer:  iph  charge(iph)
       0   -0.285
       1    0.312
       2    0.235
       3   -0.195
negative dens  10  0-3027.537744 - usually due to harmless precision errors, but check DOS to make sure
negative dens  10  3-1123.346853 - usually due to harmless precision errors, but check DOS to make sure
              SCF ITERATION NUMBER  9  OUT OF  30
 Calculating energy and space dependent l-DOS.  It takes time ...
     point #   1  energy = -34.000
     Doing FMS for a cluster of   27 atoms around iph =   0 in fmsie
    0   FMS matrix (LUD) at point   1, number of state kets = 243
     Doing FMS for a cluster of   26 atoms around iph =   1 in fmsie
    0   FMS matrix (LUD) at point   1, number of state kets = 234
     Doing FMS for a cluster of   29 atoms around iph =   2 in fmsie
    0   FMS matrix (LUD) at point   1, number of state kets = 261
     Doing FMS for a cluster of   23 atoms around iph =   3 in fmsie
    0   FMS matrix (LUD) at point   1, number of state kets = 207
  Electronic configuration
   iph    il      N_el
     0     0    1.787
     0     1    4.376
     0     2    0.110
     0     3    0.000
     1     0    0.327
     1     1    6.403
     1     2    1.149
     1     3    0.000
     2     0    0.688
     2     1    0.825
     2     2    7.155
     2     3    0.000
     3     0    1.783
     3     1    4.296
     3     2    0.117
     3     3    0.000
 mu_new=    -7.238
 Charge transfer:  iph  charge(iph)
       0   -0.275
       1    0.200
       2    0.278
       3   -0.189
              SCF ITERATION NUMBER 10  OUT OF  30
 Calculating energy and space dependent l-DOS.  It takes time ...
     point #   1  energy = -34.000
     Doing FMS for a cluster of   27 atoms around iph =   0 in fmsie
    0   FMS matrix (LUD) at point   1, number of state kets = 243
     Doing FMS for a cluster of   26 atoms around iph =   1 in fmsie
    0   FMS matrix (LUD) at point   1, number of state kets = 234
     Doing FMS for a cluster of   29 atoms around iph =   2 in fmsie
    0   FMS matrix (LUD) at point   1, number of state kets = 261
     Doing FMS for a cluster of   23 atoms around iph =   3 in fmsie
    0   FMS matrix (LUD) at point   1, number of state kets = 207
  Electronic configuration
   iph    il      N_el
     0     0    1.787
     0     1    4.382
     0     2    0.109
     0     3    0.000
     1     0    0.316
     1     1    6.386
     1     2    1.079
     1     3    0.000
     2     0    0.690
     2     1    0.822
     2     2    7.221
     2     3    0.000
     3     0    1.782
     3     1    4.290
     3     2    0.116
     3     3    0.000
 mu_new=    -7.364
 Charge transfer:  iph  charge(iph)
       0   -0.277
       1    0.208
       2    0.275
       3   -0.189
              SCF ITERATION NUMBER 11  OUT OF  30
 Calculating energy and space dependent l-DOS.  It takes time ...
     point #   1  energy = -34.000
     Doing FMS for a cluster of   27 atoms around iph =   0 in fmsie
    0   FMS matrix (LUD) at point   1, number of state kets = 243
     Doing FMS for a cluster of   26 atoms around iph =   1 in fmsie
    0   FMS matrix (LUD) at point   1, number of state kets = 234
     Doing FMS for a cluster of   29 atoms around iph =   2 in fmsie
    0   FMS matrix (LUD) at point   1, number of state kets = 261
     Doing FMS for a cluster of   23 atoms around iph =   3 in fmsie
    0   FMS matrix (LUD) at point   1, number of state kets = 207
  Electronic configuration
   iph    il      N_el
     0     0    1.787
     0     1    4.379
     0     2    0.111
     0     3    0.000
     1     0    0.318
     1     1    6.388
     1     2    1.093
     1     3    0.000
     2     0    0.690
     2     1    0.822
     2     2    7.210
     2     3    0.000
     3     0    1.782
     3     1    4.289
     3     2    0.118
     3     3    0.000
 mu_new=    -7.364
 Charge transfer:  iph  charge(iph)
       0   -0.277
       1    0.206
       2    0.276
       3   -0.189
              SCF ITERATION NUMBER 12  OUT OF  30
 Calculating energy and space dependent l-DOS.  It takes time ...
     point #   1  energy = -34.000
     Doing FMS for a cluster of   27 atoms around iph =   0 in fmsie
    0   FMS matrix (LUD) at point   1, number of state kets = 243
     Doing FMS for a cluster of   26 atoms around iph =   1 in fmsie
    0   FMS matrix (LUD) at point   1, number of state kets = 234
     Doing FMS for a cluster of   29 atoms around iph =   2 in fmsie
    0   FMS matrix (LUD) at point   1, number of state kets = 261
     Doing FMS for a cluster of   23 atoms around iph =   3 in fmsie
    0   FMS matrix (LUD) at point   1, number of state kets = 207
  Electronic configuration
   iph    il      N_el
     0     0    1.788
     0     1    4.374
     0     2    0.114
     0     3    0.000
     1     0    0.319
     1     1    6.389
     1     2    1.110
     1     3    0.000
     2     0    0.690
     2     1    0.824
     2     2    7.198
     2     3    0.000
     3     0    1.782
     3     1    4.286
     3     2    0.121
     3     3    0.000
 mu_new=    -7.364
 Charge transfer:  iph  charge(iph)
       0   -0.277
       1    0.206
       2    0.275
       3   -0.189
              SCF ITERATION NUMBER 13  OUT OF  30
 Calculating energy and space dependent l-DOS.  It takes time ...
     point #   1  energy = -34.000
     Doing FMS for a cluster of   27 atoms around iph =   0 in fmsie
    0   FMS matrix (LUD) at point   1, number of state kets = 243
     Doing FMS for a cluster of   26 atoms around iph =   1 in fmsie
    0   FMS matrix (LUD) at point   1, number of state kets = 234
     Doing FMS for a cluster of   29 atoms around iph =   2 in fmsie
    0   FMS matrix (LUD) at point   1, number of state kets = 261
     Doing FMS for a cluster of   23 atoms around iph =   3 in fmsie
    0   FMS matrix (LUD) at point   1, number of state kets = 207
  Electronic configuration
   iph    il      N_el
     0     0    1.788
     0     1    4.375
     0     2    0.114
     0     3    0.000
     1     0    0.319
     1     1    6.389
     1     2    1.109
     1     3    0.000
     2     0    0.690
     2     1    0.824
     2     2    7.199
     2     3    0.000
     3     0    1.782
     3     1    4.286
     3     2    0.121
     3     3    0.000
 mu_new=    -7.364
 Charge transfer:  iph  charge(iph)
       0   -0.287
       1    0.318
       2    0.232
       3   -0.195
negative dens  10  0-5001.299534 - usually due to harmless precision errors, but check DOS to make sure
negative dens  10  3-3042.348507 - usually due to harmless precision errors, but check DOS to make sure
              SCF ITERATION NUMBER 14  OUT OF  30
 Calculating energy and space dependent l-DOS.  It takes time ...
     point #   1  energy = -34.000
     Doing FMS for a cluster of   27 atoms around iph =   0 in fmsie
    0   FMS matrix (LUD) at point   1, number of state kets = 243
     Doing FMS for a cluster of   26 atoms around iph =   1 in fmsie
    0   FMS matrix (LUD) at point   1, number of state kets = 234
     Doing FMS for a cluster of   29 atoms around iph =   2 in fmsie
    0   FMS matrix (LUD) at point   1, number of state kets = 261
     Doing FMS for a cluster of   23 atoms around iph =   3 in fmsie
    0   FMS matrix (LUD) at point   1, number of state kets = 207
  Electronic configuration
   iph    il      N_el
     0     0    1.787
     0     1    4.378
     0     2    0.110
     0     3    0.000
     1     0    0.326
     1     1    6.402
     1     2    1.143
     1     3    0.000
     2     0    0.688
     2     1    0.823
     2     2    7.159
     2     3    0.000
     3     0    1.783
     3     1    4.298
     3     2    0.117
     3     3    0.000
 mu_new=    -7.276
 Charge transfer:  iph  charge(iph)
       0   -0.277
       1    0.207
       2    0.275
       3   -0.189
              SCF ITERATION NUMBER 15  OUT OF  30
 Calculating energy and space dependent l-DOS.  It takes time ...
     point #   1  energy = -34.000
     Doing FMS for a cluster of   27 atoms around iph =   0 in fmsie
    0   FMS matrix (LUD) at point   1, number of state kets = 243
     Doing FMS for a cluster of   26 atoms around iph =   1 in fmsie
    0   FMS matrix (LUD) at point   1, number of state kets = 234
     Doing FMS for a cluster of   29 atoms around iph =   2 in fmsie
    0   FMS matrix (LUD) at point   1, number of state kets = 261
     Doing FMS for a cluster of   23 atoms around iph =   3 in fmsie
    0   FMS matrix (LUD) at point   1, number of state kets = 207
  Electronic configuration
   iph    il      N_el
     0     0    1.787
     0     1    4.382
     0     2    0.109
     0     3    0.000
     1     0    0.316
     1     1    6.386
     1     2    1.078
     1     3    0.000
     2     0    0.689
     2     1    0.821
     2     2    7.222
     2     3    0.000
     3     0    1.782
     3     1    4.291
     3     2    0.116
     3     3    0.000
 mu_new=    -7.388
 Charge transfer:  iph  charge(iph)
       0   -0.278
       1    0.219
       2    0.271
       3   -0.190
              SCF ITERATION NUMBER 16  OUT OF  30
 Calculating energy and space dependent l-DOS.  It takes time ...
     point #   1  energy = -34.000
     Doing FMS for a cluster of   27 atoms around iph =   0 in fmsie
    0   FMS matrix (LUD) at point   1, number of state kets = 243
     Doing FMS for a cluster of   26 atoms around iph =   1 in fmsie
    0   FMS matrix (LUD) at point   1, number of state kets = 234
     Doing FMS for a cluster of   29 atoms around iph =   2 in fmsie
    0   FMS matrix (LUD) at point   1, number of state kets = 261
     Doing FMS for a cluster of   23 atoms around iph =   3 in fmsie
    0   FMS matrix (LUD) at point   1, number of state kets = 207
  Electronic configuration
   iph    il      N_el
     0     0    1.787
     0     1    4.382
     0     2    0.109
     0     3    0.000
     1     0    0.317
     1     1    6.387
     1     2    1.085
     1     3    0.000
     2     0    0.689
     2     1    0.821
     2     2    7.216
     2     3    0.000
     3     0    1.782
     3     1    4.292
     3     2    0.116
     3     3    0.000
 mu_new=    -7.378
 Charge transfer:  iph  charge(iph)
       0   -0.278
       1    0.217
       2    0.271
       3   -0.190
              SCF ITERATION NUMBER 17  OUT OF  30
 Calculating energy and space dependent l-DOS.  It takes time ...
     point #   1  energy = -34.000
     Doing FMS for a cluster of   27 atoms around iph =   0 in fmsie
    0   FMS matrix (LUD) at point   1, number of state kets = 243
     Doing FMS for a cluster of   26 atoms around iph =   1 in fmsie
    0   FMS matrix (LUD) at point   1, number of state kets = 234
     Doing FMS for a cluster of   29 atoms around iph =   2 in fmsie
    0   FMS matrix (LUD) at point   1, number of state kets = 261
     Doing FMS for a cluster of   23 atoms around iph =   3 in fmsie
    0   FMS matrix (LUD) at point   1, number of state kets = 207
  Electronic configuration
   iph    il      N_el
     0     0    1.787
     0     1    4.381
     0     2    0.110
     0     3    0.000
     1     0    0.317
     1     1    6.388
     1     2    1.088
     1     3    0.000
     2     0    0.689
     2     1    0.821
     2     2    7.214
     2     3    0.000
     3     0    1.782
     3     1    4.291
     3     2    0.117
     3     3    0.000
 mu_new=    -7.378
 Charge transfer:  iph  charge(iph)
       0   -0.279
       1    0.222
       2    0.270
       3   -0.190
              SCF ITERATION NUMBER 18  OUT OF  30
 Calculating energy and space dependent l-DOS.  It takes time ...
     point #   1  energy = -34.000
     Doing FMS for a cluster of   27 atoms around iph =   0 in fmsie
    0   FMS matrix (LUD) at point   1, number of state kets = 243
     Doing FMS for a cluster of   26 atoms around iph =   1 in fmsie
    0   FMS matrix (LUD) at point   1, number of state kets = 234
     Doing FMS for a cluster of   29 atoms around iph =   2 in fmsie
    0   FMS matrix (LUD) at point   1, number of state kets = 261
     Doing FMS for a cluster of   23 atoms around iph =   3 in fmsie
    0   FMS matrix (LUD) at point   1, number of state kets = 207
  Electronic configuration
   iph    il      N_el
     0     0    1.787
     0     1    4.382
     0     2    0.109
     0     3    0.000
     1     0    0.317
     1     1    6.388
     1     2    1.086
     1     3    0.000
     2     0    0.689
     2     1    0.821
     2     2    7.215
     2     3    0.000
     3     0    1.782
     3     1    4.292
     3     2    0.116
     3     3    0.000
 mu_new=    -7.376
 Charge transfer:  iph  charge(iph)
       0   -0.277
       1    0.198
       2    0.279
       3   -0.189
              SCF ITERATION NUMBER 19  OUT OF  30
 Calculating energy and space dependent l-DOS.  It takes time ...
     point #   1  energy = -34.000
     Doing FMS for a cluster of   27 atoms around iph =   0 in fmsie
    0   FMS matrix (LUD) at point   1, number of state kets = 243
     Doing FMS for a cluster of   26 atoms around iph =   1 in fmsie
    0   FMS matrix (LUD) at point   1, number of state kets = 234
     Doing FMS for a cluster of   29 atoms around iph =   2 in fmsie
    0   FMS matrix (LUD) at point   1, number of state kets = 261
     Doing FMS for a cluster of   23 atoms around iph =   3 in fmsie
    0   FMS matrix (LUD) at point   1, number of state kets = 207
  Electronic configuration
   iph    il      N_el
     0     0    1.788
     0     1    4.372
     0     2    0.116
     0     3    0.000
     1     0    0.319
     1     1    6.388
     1     2    1.114
     1     3    0.000
     2     0    0.690
     2     1    0.824
     2     2    7.196
     2     3    0.000
     3     0    1.782
     3     1    4.284
     3     2    0.123
     3     3    0.000
 mu_new=    -7.376
 Charge transfer:  iph  charge(iph)
       0   -0.278
       1    0.217
       2    0.271
       3   -0.190
              SCF ITERATION NUMBER 20  OUT OF  30
 Calculating energy and space dependent l-DOS.  It takes time ...
     point #   1  energy = -34.000
     Doing FMS for a cluster of   27 atoms around iph =   0 in fmsie
    0   FMS matrix (LUD) at point   1, number of state kets = 243
     Doing FMS for a cluster of   26 atoms around iph =   1 in fmsie
    0   FMS matrix (LUD) at point   1, number of state kets = 234
     Doing FMS for a cluster of   29 atoms around iph =   2 in fmsie
    0   FMS matrix (LUD) at point   1, number of state kets = 261
     Doing FMS for a cluster of   23 atoms around iph =   3 in fmsie
    0   FMS matrix (LUD) at point   1, number of state kets = 207
  Electronic configuration
   iph    il      N_el
     0     0    1.787
     0     1    4.379
     0     2    0.111
     0     3    0.000
     1     0    0.318
     1     1    6.388
     1     2    1.093
     1     3    0.000
     2     0    0.689
     2     1    0.822
     2     2    7.210
     2     3    0.000
     3     0    1.782
     3     1    4.290
     3     2    0.118
     3     3    0.000
 mu_new=    -7.376
 Charge transfer:  iph  charge(iph)
       0   -0.279
       1    0.230
       2    0.266
       3   -0.190
              SCF ITERATION NUMBER 21  OUT OF  30
 Calculating energy and space dependent l-DOS.  It takes time ...
     point #   1  energy = -34.000
     Doing FMS for a cluster of   27 atoms around iph =   0 in fmsie
    0   FMS matrix (LUD) at point   1, number of state kets = 243
     Doing FMS for a cluster of   26 atoms around iph =   1 in fmsie
    0   FMS matrix (LUD) at point   1, number of state kets = 234
     Doing FMS for a cluster of   29 atoms around iph =   2 in fmsie
    0   FMS matrix (LUD) at point   1, number of state kets = 261
     Doing FMS for a cluster of   23 atoms around iph =   3 in fmsie
    0   FMS matrix (LUD) at point   1, number of state kets = 207
  Electronic configuration
   iph    il      N_el
     0     0    1.787
     0     1    4.382
     0     2    0.109
     0     3    0.000
     1     0    0.318
     1     1    6.389
     1     2    1.091
     1     3    0.000
     2     0    0.689
     2     1    0.821
     2     2    7.210
     2     3    0.000
     3     0    1.782
     3     1    4.292
     3     2    0.116
     3     3    0.000
 mu_new=    -7.367
 Charge transfer:  iph  charge(iph)
       0   -0.276
       1    0.189
       2    0.282
       3   -0.188
              SCF ITERATION NUMBER 22  OUT OF  30
 Calculating energy and space dependent l-DOS.  It takes time ...
     point #   1  energy = -34.000
     Doing FMS for a cluster of   27 atoms around iph =   0 in fmsie
    0   FMS matrix (LUD) at point   1, number of state kets = 243
     Doing FMS for a cluster of   26 atoms around iph =   1 in fmsie
    0   FMS matrix (LUD) at point   1, number of state kets = 234
     Doing FMS for a cluster of   29 atoms around iph =   2 in fmsie
    0   FMS matrix (LUD) at point   1, number of state kets = 261
     Doing FMS for a cluster of   23 atoms around iph =   3 in fmsie
    0   FMS matrix (LUD) at point   1, number of state kets = 207
  Electronic configuration
   iph    il      N_el
     0     0    1.788
     0     1    4.364
     0     2    0.121
     0     3    0.000
     1     0    0.322
     1     1    6.390
     1     2    1.141
     1     3    0.000
     2     0    0.691
     2     1    0.827
     2     2    7.178
     2     3    0.000
     3     0    1.782
     3     1    4.278
     3     2    0.128
     3     3    0.000
 mu_new=    -7.367
 Charge transfer:  iph  charge(iph)
       0   -0.283
       1    0.274
       2    0.249
       3   -0.193
negative dens  10  0-1714.123080 - usually due to harmless precision errors, but check DOS to make sure
              SCF ITERATION NUMBER 23  OUT OF  30
 Calculating energy and space dependent l-DOS.  It takes time ...
     point #   1  energy = -34.000
     Doing FMS for a cluster of   27 atoms around iph =   0 in fmsie
    0   FMS matrix (LUD) at point   1, number of state kets = 243
     Doing FMS for a cluster of   26 atoms around iph =   1 in fmsie
    0   FMS matrix (LUD) at point   1, number of state kets = 234
     Doing FMS for a cluster of   29 atoms around iph =   2 in fmsie
    0   FMS matrix (LUD) at point   1, number of state kets = 261
     Doing FMS for a cluster of   23 atoms around iph =   3 in fmsie
    0   FMS matrix (LUD) at point   1, number of state kets = 207
  Electronic configuration
   iph    il      N_el
     0     0    1.787
     0     1    4.380
     0     2    0.109
     0     3    0.000
     1     0    0.322
     1     1    6.395
     1     2    1.116
     1     3    0.000
     2     0    0.688
     2     1    0.822
     2     2    7.185
     2     3    0.000
     3     0    1.782
     3     1    4.295
     3     2    0.116
     3     3    0.000
 mu_new=    -7.320
 Charge transfer:  iph  charge(iph)
       0   -0.271
       1    0.135
       2    0.304
       3   -0.185
              SCF ITERATION NUMBER 24  OUT OF  30
 Calculating energy and space dependent l-DOS.  It takes time ...
     point #   1  energy = -34.000
     Doing FMS for a cluster of   27 atoms around iph =   0 in fmsie
    0   FMS matrix (LUD) at point   1, number of state kets = 243
     Doing FMS for a cluster of   26 atoms around iph =   1 in fmsie
    0   FMS matrix (LUD) at point   1, number of state kets = 234
     Doing FMS for a cluster of   29 atoms around iph =   2 in fmsie
    0   FMS matrix (LUD) at point   1, number of state kets = 261
     Doing FMS for a cluster of   23 atoms around iph =   3 in fmsie
    0   FMS matrix (LUD) at point   1, number of state kets = 207
  Electronic configuration
   iph    il      N_el
     0     0    1.787
     0     1    4.385
     0     2    0.108
     0     3    0.000
     1     0    0.310
     1     1    6.376
     1     2    1.041
     1     3    0.000
     2     0    0.690
     2     1    0.819
     2     2    7.261
     2     3    0.000
     3     0    1.781
     3     1    4.287
     3     2    0.115
     3     3    0.000
 mu_new=    -7.468
 Charge transfer:  iph  charge(iph)
       0   -0.278
       1    0.210
       2    0.274
       3   -0.189
              SCF ITERATION NUMBER 25  OUT OF  30
 Calculating energy and space dependent l-DOS.  It takes time ...
     point #   1  energy = -34.000
     Doing FMS for a cluster of   27 atoms around iph =   0 in fmsie
    0   FMS matrix (LUD) at point   1, number of state kets = 243
     Doing FMS for a cluster of   26 atoms around iph =   1 in fmsie
    0   FMS matrix (LUD) at point   1, number of state kets = 234
     Doing FMS for a cluster of   29 atoms around iph =   2 in fmsie
    0   FMS matrix (LUD) at point   1, number of state kets = 261
     Doing FMS for a cluster of   23 atoms around iph =   3 in fmsie
    0   FMS matrix (LUD) at point   1, number of state kets = 207
  Electronic configuration
   iph    il      N_el
     0     0    1.787
     0     1    4.382
     0     2    0.109
     0     3    0.000
     1     0    0.316
     1     1    6.386
     1     2    1.079
     1     3    0.000
     2     0    0.689
     2     1    0.821
     2     2    7.221
     2     3    0.000
     3     0    1.782
     3     1    4.291
     3     2    0.116
     3     3    0.000
 mu_new=    -7.387
 Charge transfer:  iph  charge(iph)
       0   -0.278
       1    0.213
       2    0.273
       3   -0.189
              SCF ITERATION NUMBER 26  OUT OF  30
 Calculating energy and space dependent l-DOS.  It takes time ...
     point #   1  energy = -34.000
     Doing FMS for a cluster of   27 atoms around iph =   0 in fmsie
    0   FMS matrix (LUD) at point   1, number of state kets = 243
     Doing FMS for a cluster of   26 atoms around iph =   1 in fmsie
    0   FMS matrix (LUD) at point   1, number of state kets = 234
     Doing FMS for a cluster of   29 atoms around iph =   2 in fmsie
    0   FMS matrix (LUD) at point   1, number of state kets = 261
     Doing FMS for a cluster of   23 atoms around iph =   3 in fmsie
    0   FMS matrix (LUD) at point   1, number of state kets = 207
  Electronic configuration
   iph    il      N_el
     0     0    1.787
     0     1    4.382
     0     2    0.109
     0     3    0.000
     1     0    0.316
     1     1    6.387
     1     2    1.081
     1     3    0.000
     2     0    0.689
     2     1    0.821
     2     2    7.220
     2     3    0.000
     3     0    1.782
     3     1    4.291
     3     2    0.116
     3     3    0.000
 mu_new=    -7.386
 Charge transfer:  iph  charge(iph)
       0   -0.278
       1    0.216
       2    0.272
       3   -0.190
              SCF ITERATION NUMBER 27  OUT OF  30
 Calculating energy and space dependent l-DOS.  It takes time ...
     point #   1  energy = -34.000
     Doing FMS for a cluster of   27 atoms around iph =   0 in fmsie
    0   FMS matrix (LUD) at point   1, number of state kets = 243
     Doing FMS for a cluster of   26 atoms around iph =   1 in fmsie
    0   FMS matrix (LUD) at point   1, number of state kets = 234
     Doing FMS for a cluster of   29 atoms around iph =   2 in fmsie
    0   FMS matrix (LUD) at point   1, number of state kets = 261
     Doing FMS for a cluster of   23 atoms around iph =   3 in fmsie
    0   FMS matrix (LUD) at point   1, number of state kets = 207
  Electronic configuration
   iph    il      N_el
     0     0    1.787
     0     1    4.382
     0     2    0.109
     0     3    0.000
     1     0    0.316
     1     1    6.387
     1     2    1.082
     1     3    0.000
     2     0    0.689
     2     1    0.821
     2     2    7.218
     2     3    0.000
     3     0    1.782
     3     1    4.292
     3     2    0.116
     3     3    0.000
 mu_new=    -7.382
 Charge transfer:  iph  charge(iph)
       0   -0.278
       1    0.215
       2    0.272
       3   -0.190
              SCF ITERATION NUMBER 28  OUT OF  30
 Calculating energy and space dependent l-DOS.  It takes time ...
     point #   1  energy = -34.000
     Doing FMS for a cluster of   27 atoms around iph =   0 in fmsie
    0   FMS matrix (LUD) at point   1, number of state kets = 243
     Doing FMS for a cluster of   26 atoms around iph =   1 in fmsie
    0   FMS matrix (LUD) at point   1, number of state kets = 234
     Doing FMS for a cluster of   29 atoms around iph =   2 in fmsie
    0   FMS matrix (LUD) at point   1, number of state kets = 261
     Doing FMS for a cluster of   23 atoms around iph =   3 in fmsie
    0   FMS matrix (LUD) at point   1, number of state kets = 207
  Electronic configuration
   iph    il      N_el
     0     0    1.787
     0     1    4.381
     0     2    0.109
     0     3    0.000
     1     0    0.317
     1     1    6.387
     1     2    1.084
     1     3    0.000
     2     0    0.689
     2     1    0.821
     2     2    7.217
     2     3    0.000
     3     0    1.782
     3     1    4.291
     3     2    0.116
     3     3    0.000
 mu_new=    -7.382
 Charge transfer:  iph  charge(iph)
       0   -0.279
       1    0.217
       2    0.271
       3   -0.190
              SCF ITERATION NUMBER 29  OUT OF  30
 Calculating energy and space dependent l-DOS.  It takes time ...
     point #   1  energy = -34.000
     Doing FMS for a cluster of   27 atoms around iph =   0 in fmsie
    0   FMS matrix (LUD) at point   1, number of state kets = 243
     Doing FMS for a cluster of   26 atoms around iph =   1 in fmsie
    0   FMS matrix (LUD) at point   1, number of state kets = 234
     Doing FMS for a cluster of   29 atoms around iph =   2 in fmsie
    0   FMS matrix (LUD) at point   1, number of state kets = 261
     Doing FMS for a cluster of   23 atoms around iph =   3 in fmsie
    0   FMS matrix (LUD) at point   1, number of state kets = 207
  Electronic configuration
   iph    il      N_el
     0     0    1.787
     0     1    4.382
     0     2    0.109
     0     3    0.000
     1     0    0.317
     1     1    6.387
     1     2    1.083
     1     3    0.000
     2     0    0.689
     2     1    0.821
     2     2    7.217
     2     3    0.000
     3     0    1.782
     3     1    4.292
     3     2    0.116
     3     3    0.000
 mu_new=    -7.381
 Charge transfer:  iph  charge(iph)
       0   -0.278
       1    0.212
       2    0.273
       3   -0.189
              SCF ITERATION NUMBER 30  OUT OF  30
 Calculating energy and space dependent l-DOS.  It takes time ...
     point #   1  energy = -34.000
     Doing FMS for a cluster of   27 atoms around iph =   0 in fmsie
    0   FMS matrix (LUD) at point   1, number of state kets = 243
     Doing FMS for a cluster of   26 atoms around iph =   1 in fmsie
    0   FMS matrix (LUD) at point   1, number of state kets = 234
     Doing FMS for a cluster of   29 atoms around iph =   2 in fmsie
    0   FMS matrix (LUD) at point   1, number of state kets = 261
     Doing FMS for a cluster of   23 atoms around iph =   3 in fmsie
    0   FMS matrix (LUD) at point   1, number of state kets = 207
  Electronic configuration
   iph    il      N_el
     0     0    1.787
     0     1    4.380
     0     2    0.111
     0     3    0.000
     1     0    0.317
     1     1    6.387
     1     2    1.090
     1     3    0.000
     2     0    0.689
     2     1    0.822
     2     2    7.212
     2     3    0.000
     3     0    1.782
     3     1    4.290
     3     2    0.118
     3     3    0.000
 mu_new=    -7.381
 Charge transfer:  iph  charge(iph)
       0   -0.280
       1    0.230
       2    0.266
       3   -0.190
:WARNING Convergence not reached; ran out of iterations.
 Done with module 1: potentials.
 total time       20.2765150070190     
 communicate time  0.145507574081421     
