 Number of processors =           12
 Calculating potentials ...
muffin tin radii and interstitial parameters
 iph, rnrm(iph)*bohr, rmt(iph)*bohr, folp(iph)
    0  1.02501E+00  9.39292E-01  1.15000E+00
    1  1.84424E+00  1.77081E+00  1.10711E+00
    2  1.42180E+00  1.32123E+00  1.15000E+00
    3  1.05900E+00  9.96042E-01  1.15000E+00
              Core-valence separation
 ecv=   -33.000
 mu_old=     5.283
              SCF ITERATION NUMBER  1  OUT OF  30
 Calculating energy and space dependent l-DOS.  It takes time ...
     point #   1  energy = -33.000
     Doing FMS for a cluster of   27 atoms around iph =   0 in fmsie
    0   FMS matrix (LUD) at point   1, number of state kets = 243
     Doing FMS for a cluster of   28 atoms around iph =   1 in fmsie
    0   FMS matrix (LUD) at point   1, number of state kets = 252
     Doing FMS for a cluster of   34 atoms around iph =   2 in fmsie
    0   FMS matrix (LUD) at point   1, number of state kets = 306
     Doing FMS for a cluster of   21 atoms around iph =   3 in fmsie
    0   FMS matrix (LUD) at point   1, number of state kets = 189
  Electronic configuration
   iph    il      N_el
     0     0    1.785
     0     1    4.503
     0     2    0.130
     0     3    0.000
     1     0    0.358
     1     1    6.455
     1     2    1.122
     1     3    0.000
     2     0    0.567
     2     1    0.761
     2     2    6.782
     2     3    0.000
     3     0    1.832
     3     1    4.513
     3     2    0.103
     3     3    0.000
 mu_new=    -6.353
 Charge transfer:  iph  charge(iph)
       0   -0.079
       1    0.016
       2    0.168
       3   -0.085
              SCF ITERATION NUMBER  2  OUT OF  30
 Calculating energy and space dependent l-DOS.  It takes time ...
     point #   1  energy = -33.000
     Doing FMS for a cluster of   27 atoms around iph =   0 in fmsie
    0   FMS matrix (LUD) at point   1, number of state kets = 243
     Doing FMS for a cluster of   28 atoms around iph =   1 in fmsie
    0   FMS matrix (LUD) at point   1, number of state kets = 252
     Doing FMS for a cluster of   34 atoms around iph =   2 in fmsie
    0   FMS matrix (LUD) at point   1, number of state kets = 306
     Doing FMS for a cluster of   21 atoms around iph =   3 in fmsie
    0   FMS matrix (LUD) at point   1, number of state kets = 189
  Electronic configuration
   iph    il      N_el
     0     0    1.773
     0     1    4.309
     0     2    0.129
     0     3    0.000
     1     0    0.368
     1     1    6.468
     1     2    1.132
     1     3    0.000
     2     0    0.607
     2     1    0.799
     2     2    7.154
     2     3    0.000
     3     0    1.818
     3     1    4.301
     3     2    0.102
     3     3    0.000
 mu_new=    -6.493
 Charge transfer:  iph  charge(iph)
       0   -0.197
       1    0.032
       2    0.410
       3   -0.207
              SCF ITERATION NUMBER  3  OUT OF  30
 Calculating energy and space dependent l-DOS.  It takes time ...
     point #   1  energy = -33.000
     Doing FMS for a cluster of   27 atoms around iph =   0 in fmsie
    0   FMS matrix (LUD) at point   1, number of state kets = 243
     Doing FMS for a cluster of   28 atoms around iph =   1 in fmsie
    0   FMS matrix (LUD) at point   1, number of state kets = 252
     Doing FMS for a cluster of   34 atoms around iph =   2 in fmsie
    0   FMS matrix (LUD) at point   1, number of state kets = 306
     Doing FMS for a cluster of   21 atoms around iph =   3 in fmsie
    0   FMS matrix (LUD) at point   1, number of state kets = 189
  Electronic configuration
   iph    il      N_el
     0     0    1.760
     0     1    4.122
     0     2    0.131
     0     3    0.000
     1     0    0.380
     1     1    6.476
     1     2    1.161
     1     3    0.000
     2     0    0.639
     2     1    0.831
     2     2    7.365
     2     3    0.000
     3     0    1.810
     3     1    4.168
     3     2    0.104
     3     3    0.000
 mu_new=    -6.169
 Charge transfer:  iph  charge(iph)
       0   -0.163
       1    0.021
       2    0.370
       3   -0.186
              SCF ITERATION NUMBER  4  OUT OF  30
 Calculating energy and space dependent l-DOS.  It takes time ...
     point #   1  energy = -33.000
     Doing FMS for a cluster of   27 atoms around iph =   0 in fmsie
    0   FMS matrix (LUD) at point   1, number of state kets = 243
     Doing FMS for a cluster of   28 atoms around iph =   1 in fmsie
    0   FMS matrix (LUD) at point   1, number of state kets = 252
     Doing FMS for a cluster of   34 atoms around iph =   2 in fmsie
    0   FMS matrix (LUD) at point   1, number of state kets = 306
     Doing FMS for a cluster of   21 atoms around iph =   3 in fmsie
    0   FMS matrix (LUD) at point   1, number of state kets = 189
  Electronic configuration
   iph    il      N_el
     0     0    1.766
     0     1    4.225
     0     2    0.131
     0     3    0.000
     1     0    0.373
     1     1    6.468
     1     2    1.141
     1     3    0.000
     2     0    0.623
     2     1    0.815
     2     2    7.216
     2     3    0.000
     3     0    1.815
     3     1    4.255
     3     2    0.104
     3     3    0.000
 mu_new=    -6.095
 Charge transfer:  iph  charge(iph)
       0   -0.154
       1    0.020
       2    0.367
       3   -0.185
              SCF ITERATION NUMBER  5  OUT OF  30
 Calculating energy and space dependent l-DOS.  It takes time ...
     point #   1  energy = -33.000
     Doing FMS for a cluster of   27 atoms around iph =   0 in fmsie
    0   FMS matrix (LUD) at point   1, number of state kets = 243
     Doing FMS for a cluster of   28 atoms around iph =   1 in fmsie
    0   FMS matrix (LUD) at point   1, number of state kets = 252
     Doing FMS for a cluster of   34 atoms around iph =   2 in fmsie
    0   FMS matrix (LUD) at point   1, number of state kets = 306
     Doing FMS for a cluster of   21 atoms around iph =   3 in fmsie
    0   FMS matrix (LUD) at point   1, number of state kets = 189
  Electronic configuration
   iph    il      N_el
     0     0    1.769
     0     1    4.248
     0     2    0.135
     0     3    0.000
     1     0    0.374
     1     1    6.469
     1     2    1.165
     1     3    0.000
     2     0    0.621
     2     1    0.814
     2     2    7.187
     2     3    0.000
     3     0    1.816
     3     1    4.265
     3     2    0.108
     3     3    0.000
 mu_new=    -6.095
 Charge transfer:  iph  charge(iph)
       0   -0.153
       1    0.014
       2    0.369
       3   -0.185
              SCF ITERATION NUMBER  6  OUT OF  30
 Calculating energy and space dependent l-DOS.  It takes time ...
     point #   1  energy = -33.000
     Doing FMS for a cluster of   27 atoms around iph =   0 in fmsie
    0   FMS matrix (LUD) at point   1, number of state kets = 243
     Doing FMS for a cluster of   28 atoms around iph =   1 in fmsie
    0   FMS matrix (LUD) at point   1, number of state kets = 252
     Doing FMS for a cluster of   34 atoms around iph =   2 in fmsie
    0   FMS matrix (LUD) at point   1, number of state kets = 306
     Doing FMS for a cluster of   21 atoms around iph =   3 in fmsie
    0   FMS matrix (LUD) at point   1, number of state kets = 189
  Electronic configuration
   iph    il      N_el
     0     0    1.770
     0     1    4.244
     0     2    0.140
     0     3    0.000
     1     0    0.377
     1     1    6.473
     1     2    1.208
     1     3    0.000
     2     0    0.622
     2     1    0.817
     2     2    7.175
     2     3    0.000
     3     0    1.817
     3     1    4.258
     3     2    0.115
     3     3    0.000
 mu_new=    -6.095
 Charge transfer:  iph  charge(iph)
       0   -0.153
       1    0.023
       2    0.367
       3   -0.185
              SCF ITERATION NUMBER  7  OUT OF  30
 Calculating energy and space dependent l-DOS.  It takes time ...
     point #   1  energy = -33.000
     Doing FMS for a cluster of   27 atoms around iph =   0 in fmsie
    0   FMS matrix (LUD) at point   1, number of state kets = 243
     Doing FMS for a cluster of   28 atoms around iph =   1 in fmsie
    0   FMS matrix (LUD) at point   1, number of state kets = 252
     Doing FMS for a cluster of   34 atoms around iph =   2 in fmsie
    0   FMS matrix (LUD) at point   1, number of state kets = 306
     Doing FMS for a cluster of   21 atoms around iph =   3 in fmsie
    0   FMS matrix (LUD) at point   1, number of state kets = 189
  Electronic configuration
   iph    il      N_el
     0     0    1.770
     0     1    4.247
     0     2    0.137
     0     3    0.000
     1     0    0.376
     1     1    6.471
     1     2    1.188
     1     3    0.000
     2     0    0.621
     2     1    0.815
     2     2    7.180
     2     3    0.000
     3     0    1.816
     3     1    4.262
     3     2    0.111
     3     3    0.000
 mu_new=    -6.095
 Charge transfer:  iph  charge(iph)
       0   -0.153
       1    0.055
       2    0.362
       3   -0.184
              SCF ITERATION NUMBER  8  OUT OF  30
 Calculating energy and space dependent l-DOS.  It takes time ...
     point #   1  energy = -33.000
     Doing FMS for a cluster of   27 atoms around iph =   0 in fmsie
    0   FMS matrix (LUD) at point   1, number of state kets = 243
     Doing FMS for a cluster of   28 atoms around iph =   1 in fmsie
    0   FMS matrix (LUD) at point   1, number of state kets = 252
     Doing FMS for a cluster of   34 atoms around iph =   2 in fmsie
    0   FMS matrix (LUD) at point   1, number of state kets = 306
     Doing FMS for a cluster of   21 atoms around iph =   3 in fmsie
    0   FMS matrix (LUD) at point   1, number of state kets = 189
  Electronic configuration
   iph    il      N_el
     0     0    1.769
     0     1    4.252
     0     2    0.133
     0     3    0.000
     1     0    0.376
     1     1    6.472
     1     2    1.173
     1     3    0.000
     2     0    0.620
     2     1    0.813
     2     2    7.184
     2     3    0.000
     3     0    1.816
     3     1    4.267
     3     2    0.107
     3     3    0.000
 mu_new=    -6.095
 Charge transfer:  iph  charge(iph)
       0   -0.153
       1   -0.107
       2    0.389
       3   -0.189
              SCF ITERATION NUMBER  9  OUT OF  30
 Calculating energy and space dependent l-DOS.  It takes time ...
     point #   1  energy = -33.000
     Doing FMS for a cluster of   27 atoms around iph =   0 in fmsie
    0   FMS matrix (LUD) at point   1, number of state kets = 243
     Doing FMS for a cluster of   28 atoms around iph =   1 in fmsie
    0   FMS matrix (LUD) at point   1, number of state kets = 252
     Doing FMS for a cluster of   34 atoms around iph =   2 in fmsie
    0   FMS matrix (LUD) at point   1, number of state kets = 306
     Doing FMS for a cluster of   21 atoms around iph =   3 in fmsie
    0   FMS matrix (LUD) at point   1, number of state kets = 189
  Electronic configuration
   iph    il      N_el
     0     0    1.768
     0     1    4.246
     0     2    0.130
     0     3    0.000
     1     0    0.362
     1     1    6.452
     1     2    1.071
     1     3    0.000
     2     0    0.621
     2     1    0.813
     2     2    7.232
     2     3    0.000
     3     0    1.815
     3     1    4.255
     3     2    0.103
     3     3    0.000
 mu_new=    -6.224
 Charge transfer:  iph  charge(iph)
       0   -0.153
       1   -0.011
       2    0.374
       3   -0.186
              SCF ITERATION NUMBER 10  OUT OF  30
 Calculating energy and space dependent l-DOS.  It takes time ...
     point #   1  energy = -33.000
     Doing FMS for a cluster of   27 atoms around iph =   0 in fmsie
    0   FMS matrix (LUD) at point   1, number of state kets = 243
     Doing FMS for a cluster of   28 atoms around iph =   1 in fmsie
    0   FMS matrix (LUD) at point   1, number of state kets = 252
     Doing FMS for a cluster of   34 atoms around iph =   2 in fmsie
    0   FMS matrix (LUD) at point   1, number of state kets = 306
     Doing FMS for a cluster of   21 atoms around iph =   3 in fmsie
    0   FMS matrix (LUD) at point   1, number of state kets = 189
  Electronic configuration
   iph    il      N_el
     0     0    1.769
     0     1    4.252
     0     2    0.130
     0     3    0.000
     1     0    0.369
     1     1    6.461
     1     2    1.113
     1     3    0.000
     2     0    0.620
     2     1    0.812
     2     2    7.211
     2     3    0.000
     3     0    1.815
     3     1    4.263
     3     2    0.103
     3     3    0.000
 mu_new=    -6.181
 Charge transfer:  iph  charge(iph)
       0   -0.153
       1    0.020
       2    0.369
       3   -0.186
              SCF ITERATION NUMBER 11  OUT OF  30
 Calculating energy and space dependent l-DOS.  It takes time ...
     point #   1  energy = -33.000
     Doing FMS for a cluster of   27 atoms around iph =   0 in fmsie
    0   FMS matrix (LUD) at point   1, number of state kets = 243
     Doing FMS for a cluster of   28 atoms around iph =   1 in fmsie
    0   FMS matrix (LUD) at point   1, number of state kets = 252
     Doing FMS for a cluster of   34 atoms around iph =   2 in fmsie
    0   FMS matrix (LUD) at point   1, number of state kets = 306
     Doing FMS for a cluster of   21 atoms around iph =   3 in fmsie
    0   FMS matrix (LUD) at point   1, number of state kets = 189
  Electronic configuration
   iph    il      N_el
     0     0    1.769
     0     1    4.254
     0     2    0.130
     0     3    0.000
     1     0    0.370
     1     1    6.464
     1     2    1.126
     1     3    0.000
     2     0    0.619
     2     1    0.811
     2     2    7.205
     2     3    0.000
     3     0    1.815
     3     1    4.266
     3     2    0.103
     3     3    0.000
 mu_new=    -6.180
 Charge transfer:  iph  charge(iph)
       0   -0.153
       1    0.031
       2    0.368
       3   -0.185
              SCF ITERATION NUMBER 12  OUT OF  30
 Calculating energy and space dependent l-DOS.  It takes time ...
     point #   1  energy = -33.000
     Doing FMS for a cluster of   27 atoms around iph =   0 in fmsie
    0   FMS matrix (LUD) at point   1, number of state kets = 243
     Doing FMS for a cluster of   28 atoms around iph =   1 in fmsie
    0   FMS matrix (LUD) at point   1, number of state kets = 252
     Doing FMS for a cluster of   34 atoms around iph =   2 in fmsie
    0   FMS matrix (LUD) at point   1, number of state kets = 306
     Doing FMS for a cluster of   21 atoms around iph =   3 in fmsie
    0   FMS matrix (LUD) at point   1, number of state kets = 189
  Electronic configuration
   iph    il      N_el
     0     0    1.769
     0     1    4.253
     0     2    0.131
     0     3    0.000
     1     0    0.371
     1     1    6.466
     1     2    1.136
     1     3    0.000
     2     0    0.619
     2     1    0.811
     2     2    7.201
     2     3    0.000
     3     0    1.815
     3     1    4.266
     3     2    0.104
     3     3    0.000
 mu_new=    -6.180
 Charge transfer:  iph  charge(iph)
       0   -0.153
       1    0.029
       2    0.368
       3   -0.185
              SCF ITERATION NUMBER 13  OUT OF  30
 Calculating energy and space dependent l-DOS.  It takes time ...
     point #   1  energy = -33.000
     Doing FMS for a cluster of   27 atoms around iph =   0 in fmsie
    0   FMS matrix (LUD) at point   1, number of state kets = 243
     Doing FMS for a cluster of   28 atoms around iph =   1 in fmsie
    0   FMS matrix (LUD) at point   1, number of state kets = 252
     Doing FMS for a cluster of   34 atoms around iph =   2 in fmsie
    0   FMS matrix (LUD) at point   1, number of state kets = 306
     Doing FMS for a cluster of   21 atoms around iph =   3 in fmsie
    0   FMS matrix (LUD) at point   1, number of state kets = 189
  Electronic configuration
   iph    il      N_el
     0     0    1.769
     0     1    4.253
     0     2    0.131
     0     3    0.000
     1     0    0.371
     1     1    6.466
     1     2    1.137
     1     3    0.000
     2     0    0.619
     2     1    0.812
     2     2    7.201
     2     3    0.000
     3     0    1.815
     3     1    4.266
     3     2    0.105
     3     3    0.000
 mu_new=    -6.180
 Charge transfer:  iph  charge(iph)
       0   -0.153
       1    0.022
       2    0.369
       3   -0.185
              SCF ITERATION NUMBER 14  OUT OF  30
 Calculating energy and space dependent l-DOS.  It takes time ...
     point #   1  energy = -33.000
     Doing FMS for a cluster of   27 atoms around iph =   0 in fmsie
    0   FMS matrix (LUD) at point   1, number of state kets = 243
     Doing FMS for a cluster of   28 atoms around iph =   1 in fmsie
    0   FMS matrix (LUD) at point   1, number of state kets = 252
     Doing FMS for a cluster of   34 atoms around iph =   2 in fmsie
    0   FMS matrix (LUD) at point   1, number of state kets = 306
     Doing FMS for a cluster of   21 atoms around iph =   3 in fmsie
    0   FMS matrix (LUD) at point   1, number of state kets = 189
  Electronic configuration
   iph    il      N_el
     0     0    1.769
     0     1    4.252
     0     2    0.132
     0     3    0.000
     1     0    0.371
     1     1    6.465
     1     2    1.141
     1     3    0.000
     2     0    0.620
     2     1    0.812
     2     2    7.200
     2     3    0.000
     3     0    1.815
     3     1    4.265
     3     2    0.106
     3     3    0.000
 mu_new=    -6.180
 Charge transfer:  iph  charge(iph)
       0   -0.153
       1    0.023
       2    0.369
       3   -0.185
              SCF ITERATION NUMBER 15  OUT OF  30
 Calculating energy and space dependent l-DOS.  It takes time ...
     point #   1  energy = -33.000
     Doing FMS for a cluster of   27 atoms around iph =   0 in fmsie
    0   FMS matrix (LUD) at point   1, number of state kets = 243
     Doing FMS for a cluster of   28 atoms around iph =   1 in fmsie
    0   FMS matrix (LUD) at point   1, number of state kets = 252
     Doing FMS for a cluster of   34 atoms around iph =   2 in fmsie
    0   FMS matrix (LUD) at point   1, number of state kets = 306
     Doing FMS for a cluster of   21 atoms around iph =   3 in fmsie
    0   FMS matrix (LUD) at point   1, number of state kets = 189
  Electronic configuration
   iph    il      N_el
     0     0    1.769
     0     1    4.252
     0     2    0.132
     0     3    0.000
     1     0    0.371
     1     1    6.465
     1     2    1.140
     1     3    0.000
     2     0    0.619
     2     1    0.812
     2     2    7.200
     2     3    0.000
     3     0    1.815
     3     1    4.265
     3     2    0.105
     3     3    0.000
 mu_new=    -6.180
 Charge transfer:  iph  charge(iph)
       0   -0.153
       1    0.024
       2    0.369
       3   -0.185
              SCF ITERATION NUMBER 16  OUT OF  30
 Calculating energy and space dependent l-DOS.  It takes time ...
     point #   1  energy = -33.000
     Doing FMS for a cluster of   27 atoms around iph =   0 in fmsie
    0   FMS matrix (LUD) at point   1, number of state kets = 243
     Doing FMS for a cluster of   28 atoms around iph =   1 in fmsie
    0   FMS matrix (LUD) at point   1, number of state kets = 252
     Doing FMS for a cluster of   34 atoms around iph =   2 in fmsie
    0   FMS matrix (LUD) at point   1, number of state kets = 306
     Doing FMS for a cluster of   21 atoms around iph =   3 in fmsie
    0   FMS matrix (LUD) at point   1, number of state kets = 189
  Electronic configuration
   iph    il      N_el
     0     0    1.769
     0     1    4.252
     0     2    0.132
     0     3    0.000
     1     0    0.371
     1     1    6.465
     1     2    1.139
     1     3    0.000
     2     0    0.619
     2     1    0.812
     2     2    7.200
     2     3    0.000
     3     0    1.815
     3     1    4.265
     3     2    0.105
     3     3    0.000
 mu_new=    -6.180
 Charge transfer:  iph  charge(iph)
       0   -0.153
       1    0.024
       2    0.369
       3   -0.185
              SCF ITERATION NUMBER 17  OUT OF  30
 Calculating energy and space dependent l-DOS.  It takes time ...
     point #   1  energy = -33.000
     Doing FMS for a cluster of   27 atoms around iph =   0 in fmsie
    0   FMS matrix (LUD) at point   1, number of state kets = 243
     Doing FMS for a cluster of   28 atoms around iph =   1 in fmsie
    0   FMS matrix (LUD) at point   1, number of state kets = 252
     Doing FMS for a cluster of   34 atoms around iph =   2 in fmsie
    0   FMS matrix (LUD) at point   1, number of state kets = 306
     Doing FMS for a cluster of   21 atoms around iph =   3 in fmsie
    0   FMS matrix (LUD) at point   1, number of state kets = 189
  Electronic configuration
   iph    il      N_el
     0     0    1.769
     0     1    4.252
     0     2    0.132
     0     3    0.000
     1     0    0.371
     1     1    6.465
     1     2    1.139
     1     3    0.000
     2     0    0.619
     2     1    0.812
     2     2    7.200
     2     3    0.000
     3     0    1.815
     3     1    4.265
     3     2    0.105
     3     3    0.000
 mu_new=    -6.180
 Charge transfer:  iph  charge(iph)
       0   -0.153
       1    0.024
       2    0.369
       3   -0.185
 Convergence reached.
 Done with module 1: potentials.
 total time       11.9841470718384     
 communicate time  0.186379671096802     
