 Number of processors =           12
 Calculating LDOS ...
              LDOS calculation for specified grid
 Calculating energy and space dependent l-DOS.
 It takes time ...
     potential type  0
     potential type  1
     potential type  2
     potential type  3
 Number of energy points = 101
 Doing FMS for a cluster of 107 atoms around iph =  0
    7   FMS matrix (LUD) at point  20, number of state kets =1712
    3   FMS matrix (LUD) at point  40, number of state kets =1712
   11   FMS matrix (LUD) at point  60, number of state kets =1712
    7   FMS matrix (LUD) at point  80, number of state kets =1712
    3   FMS matrix (LUD) at point 100, number of state kets =1712
 Number of energy points = 101
* * * WARNING preparing cluster for FMS calculation.
      You specified a cluster of 116 atoms for the FMS calculation.
      This exceeds the hard wired limit of 107 atoms.
      The cluster size was reset to 107 and the calculation will continue.
 Doing FMS for a cluster of 107 atoms around iph =  1
    7   FMS matrix (LUD) at point  20, number of state kets =1712
    3   FMS matrix (LUD) at point  40, number of state kets =1712
   11   FMS matrix (LUD) at point  60, number of state kets =1712
    7   FMS matrix (LUD) at point  80, number of state kets =1712
    3   FMS matrix (LUD) at point 100, number of state kets =1712
 Number of energy points = 101
 Doing FMS for a cluster of 103 atoms around iph =  2
    7   FMS matrix (LUD) at point  20, number of state kets =1648
    3   FMS matrix (LUD) at point  40, number of state kets =1648
   11   FMS matrix (LUD) at point  60, number of state kets =1648
    7   FMS matrix (LUD) at point  80, number of state kets =1648
    3   FMS matrix (LUD) at point 100, number of state kets =1648
 Number of energy points = 101
 Doing FMS for a cluster of 107 atoms around iph =  3
    7   FMS matrix (LUD) at point  20, number of state kets =1712
    3   FMS matrix (LUD) at point  40, number of state kets =1712
   11   FMS matrix (LUD) at point  60, number of state kets =1712
    7   FMS matrix (LUD) at point  80, number of state kets =1712
    3   FMS matrix (LUD) at point 100, number of state kets =1712
 Calculating chi and rho...    0
 Calculating chi and rho...    1
 Calculating chi and rho...    2
 Calculating chi and rho...    3
 Done with LDOS.
 total time       43.0815529823303     
 communicate time   1.21022391319275     
