 Number of processors =           12
 Calculating potentials ...
muffin tin radii and interstitial parameters
 iph, rnrm(iph)*bohr, rmt(iph)*bohr, folp(iph)
    0  1.03670E+00  9.47989E-01  1.15000E+00
    1  1.85697E+00  1.81758E+00  1.05326E+00
    2  1.41530E+00  1.25855E+00  1.15000E+00
    3  1.03670E+00  9.49881E-01  1.15000E+00
              Core-valence separation
 ecv=   -34.000
 mu_old=     3.438
              SCF ITERATION NUMBER  1  OUT OF  30
 Calculating energy and space dependent l-DOS.  It takes time ...
     point #   1  energy = -34.000
     Doing FMS for a cluster of   23 atoms around iph =   0 in fmsie
    0   FMS matrix (LUD) at point   1, number of state kets = 207
     Doing FMS for a cluster of   17 atoms around iph =   1 in fmsie
    0   FMS matrix (LUD) at point   1, number of state kets = 153
     Doing FMS for a cluster of   31 atoms around iph =   2 in fmsie
    0   FMS matrix (LUD) at point   1, number of state kets = 279
     Doing FMS for a cluster of   23 atoms around iph =   3 in fmsie
    0   FMS matrix (LUD) at point   1, number of state kets = 207
  Electronic configuration
   iph    il      N_el
     0     0    1.809
     0     1    4.653
     0     2    0.109
     0     3    0.000
     1     0    0.270
     1     1    6.386
     1     2    0.905
     1     3    0.000
     2     0    0.641
     2     1    0.781
     2     2    6.643
     2     3    0.000
     3     0    1.809
     3     1    4.659
     3     2    0.109
     3     3    0.000
 mu_new=    -7.568
 Charge transfer:  iph  charge(iph)
       0   -0.109
       1    0.091
       2    0.176
       3   -0.111
              SCF ITERATION NUMBER  2  OUT OF  30
 Calculating energy and space dependent l-DOS.  It takes time ...
     point #   1  energy = -34.000
     Doing FMS for a cluster of   23 atoms around iph =   0 in fmsie
    0   FMS matrix (LUD) at point   1, number of state kets = 207
     Doing FMS for a cluster of   17 atoms around iph =   1 in fmsie
    0   FMS matrix (LUD) at point   1, number of state kets = 153
     Doing FMS for a cluster of   31 atoms around iph =   2 in fmsie
    0   FMS matrix (LUD) at point   1, number of state kets = 279
     Doing FMS for a cluster of   23 atoms around iph =   3 in fmsie
    0   FMS matrix (LUD) at point   1, number of state kets = 207
  Electronic configuration
   iph    il      N_el
     0     0    1.790
     0     1    4.396
     0     2    0.106
     0     3    0.000
     1     0    0.271
     1     1    6.394
     1     2    0.919
     1     3    0.000
     2     0    0.670
     2     1    0.798
     2     2    7.147
     2     3    0.000
     3     0    1.791
     3     1    4.400
     3     2    0.106
     3     3    0.000
 mu_new=    -7.897
 Charge transfer:  iph  charge(iph)
       0   -0.276
       1    0.384
       2    0.367
       3   -0.280
              SCF ITERATION NUMBER  3  OUT OF  30
 Calculating energy and space dependent l-DOS.  It takes time ...
     point #   1  energy = -34.000
     Doing FMS for a cluster of   23 atoms around iph =   0 in fmsie
    0   FMS matrix (LUD) at point   1, number of state kets = 207
     Doing FMS for a cluster of   17 atoms around iph =   1 in fmsie
    0   FMS matrix (LUD) at point   1, number of state kets = 153
     Doing FMS for a cluster of   31 atoms around iph =   2 in fmsie
    0   FMS matrix (LUD) at point   1, number of state kets = 279
     Doing FMS for a cluster of   23 atoms around iph =   3 in fmsie
    0   FMS matrix (LUD) at point   1, number of state kets = 207
  Electronic configuration
   iph    il      N_el
     0     0    1.775
     0     1    4.164
     0     2    0.109
     0     3    0.000
     1     0    0.294
     1     1    6.432
     1     2    1.061
     1     3    0.000
     2     0    0.700
     2     1    0.831
     2     2    7.482
     2     3    0.000
     3     0    1.775
     3     1    4.163
     3     2    0.109
     3     3    0.000
 mu_new=    -7.364
 Charge transfer:  iph  charge(iph)
       0   -0.232
       1    0.359
       2    0.290
       3   -0.235
              SCF ITERATION NUMBER  4  OUT OF  30
 Calculating energy and space dependent l-DOS.  It takes time ...
     point #   1  energy = -34.000
     Doing FMS for a cluster of   23 atoms around iph =   0 in fmsie
    0   FMS matrix (LUD) at point   1, number of state kets = 207
     Doing FMS for a cluster of   17 atoms around iph =   1 in fmsie
    0   FMS matrix (LUD) at point   1, number of state kets = 153
     Doing FMS for a cluster of   31 atoms around iph =   2 in fmsie
    0   FMS matrix (LUD) at point   1, number of state kets = 279
     Doing FMS for a cluster of   23 atoms around iph =   3 in fmsie
    0   FMS matrix (LUD) at point   1, number of state kets = 207
  Electronic configuration
   iph    il      N_el
     0     0    1.784
     0     1    4.307
     0     2    0.109
     0     3    0.000
     1     0    0.288
     1     1    6.421
     1     2    1.035
     1     3    0.000
     2     0    0.686
     2     1    0.821
     2     2    7.217
     2     3    0.000
     3     0    1.784
     3     1    4.309
     3     2    0.109
     3     3    0.000
 mu_new=    -7.231
 Charge transfer:  iph  charge(iph)
       0   -0.226
       1    0.338
       2    0.289
       3   -0.229
              SCF ITERATION NUMBER  5  OUT OF  30
 Calculating energy and space dependent l-DOS.  It takes time ...
     point #   1  energy = -34.000
     Doing FMS for a cluster of   23 atoms around iph =   0 in fmsie
    0   FMS matrix (LUD) at point   1, number of state kets = 207
     Doing FMS for a cluster of   17 atoms around iph =   1 in fmsie
    0   FMS matrix (LUD) at point   1, number of state kets = 153
     Doing FMS for a cluster of   31 atoms around iph =   2 in fmsie
    0   FMS matrix (LUD) at point   1, number of state kets = 279
     Doing FMS for a cluster of   23 atoms around iph =   3 in fmsie
    0   FMS matrix (LUD) at point   1, number of state kets = 207
  Electronic configuration
   iph    il      N_el
     0     0    1.785
     0     1    4.328
     0     2    0.109
     0     3    0.000
     1     0    0.284
     1     1    6.415
     1     2    1.011
     1     3    0.000
     2     0    0.683
     2     1    0.817
     2     2    7.195
     2     3    0.000
     3     0    1.786
     3     1    4.330
     3     2    0.109
     3     3    0.000
 mu_new=    -7.293
 Charge transfer:  iph  charge(iph)
       0   -0.225
       1    0.326
       2    0.293
       3   -0.228
              SCF ITERATION NUMBER  6  OUT OF  30
 Calculating energy and space dependent l-DOS.  It takes time ...
     point #   1  energy = -34.000
     Doing FMS for a cluster of   23 atoms around iph =   0 in fmsie
    0   FMS matrix (LUD) at point   1, number of state kets = 207
     Doing FMS for a cluster of   17 atoms around iph =   1 in fmsie
    0   FMS matrix (LUD) at point   1, number of state kets = 153
     Doing FMS for a cluster of   31 atoms around iph =   2 in fmsie
    0   FMS matrix (LUD) at point   1, number of state kets = 279
     Doing FMS for a cluster of   23 atoms around iph =   3 in fmsie
    0   FMS matrix (LUD) at point   1, number of state kets = 207
  Electronic configuration
   iph    il      N_el
     0     0    1.785
     0     1    4.329
     0     2    0.108
     0     3    0.000
     1     0    0.283
     1     1    6.412
     1     2    0.998
     1     3    0.000
     2     0    0.683
     2     1    0.815
     2     2    7.205
     2     3    0.000
     3     0    1.786
     3     1    4.332
     3     2    0.108
     3     3    0.000
 mu_new=    -7.351
 Charge transfer:  iph  charge(iph)
       0   -0.224
       1    0.317
       2    0.296
       3   -0.227
              SCF ITERATION NUMBER  7  OUT OF  30
 Calculating energy and space dependent l-DOS.  It takes time ...
     point #   1  energy = -34.000
     Doing FMS for a cluster of   23 atoms around iph =   0 in fmsie
    0   FMS matrix (LUD) at point   1, number of state kets = 207
     Doing FMS for a cluster of   17 atoms around iph =   1 in fmsie
    0   FMS matrix (LUD) at point   1, number of state kets = 153
     Doing FMS for a cluster of   31 atoms around iph =   2 in fmsie
    0   FMS matrix (LUD) at point   1, number of state kets = 279
     Doing FMS for a cluster of   23 atoms around iph =   3 in fmsie
    0   FMS matrix (LUD) at point   1, number of state kets = 207
  Electronic configuration
   iph    il      N_el
     0     0    1.786
     0     1    4.331
     0     2    0.108
     0     3    0.000
     1     0    0.281
     1     1    6.409
     1     2    0.987
     1     3    0.000
     2     0    0.682
     2     1    0.813
     2     2    7.211
     2     3    0.000
     3     0    1.786
     3     1    4.334
     3     2    0.108
     3     3    0.000
 mu_new=    -7.404
 Charge transfer:  iph  charge(iph)
       0   -0.225
       1    0.318
       2    0.295
       3   -0.227
              SCF ITERATION NUMBER  8  OUT OF  30
 Calculating energy and space dependent l-DOS.  It takes time ...
     point #   1  energy = -34.000
     Doing FMS for a cluster of   23 atoms around iph =   0 in fmsie
    0   FMS matrix (LUD) at point   1, number of state kets = 207
     Doing FMS for a cluster of   17 atoms around iph =   1 in fmsie
    0   FMS matrix (LUD) at point   1, number of state kets = 153
     Doing FMS for a cluster of   31 atoms around iph =   2 in fmsie
    0   FMS matrix (LUD) at point   1, number of state kets = 279
     Doing FMS for a cluster of   23 atoms around iph =   3 in fmsie
    0   FMS matrix (LUD) at point   1, number of state kets = 207
  Electronic configuration
   iph    il      N_el
     0     0    1.786
     0     1    4.331
     0     2    0.108
     0     3    0.000
     1     0    0.281
     1     1    6.409
     1     2    0.988
     1     3    0.000
     2     0    0.682
     2     1    0.813
     2     2    7.210
     2     3    0.000
     3     0    1.786
     3     1    4.334
     3     2    0.108
     3     3    0.000
 mu_new=    -7.402
 Charge transfer:  iph  charge(iph)
       0   -0.225
       1    0.320
       2    0.295
       3   -0.227
              SCF ITERATION NUMBER  9  OUT OF  30
 Calculating energy and space dependent l-DOS.  It takes time ...
     point #   1  energy = -34.000
     Doing FMS for a cluster of   23 atoms around iph =   0 in fmsie
    0   FMS matrix (LUD) at point   1, number of state kets = 207
     Doing FMS for a cluster of   17 atoms around iph =   1 in fmsie
    0   FMS matrix (LUD) at point   1, number of state kets = 153
     Doing FMS for a cluster of   31 atoms around iph =   2 in fmsie
    0   FMS matrix (LUD) at point   1, number of state kets = 279
     Doing FMS for a cluster of   23 atoms around iph =   3 in fmsie
    0   FMS matrix (LUD) at point   1, number of state kets = 207
  Electronic configuration
   iph    il      N_el
     0     0    1.786
     0     1    4.329
     0     2    0.109
     0     3    0.000
     1     0    0.282
     1     1    6.410
     1     2    0.995
     1     3    0.000
     2     0    0.682
     2     1    0.814
     2     2    7.206
     2     3    0.000
     3     0    1.786
     3     1    4.332
     3     2    0.109
     3     3    0.000
 mu_new=    -7.402
 Charge transfer:  iph  charge(iph)
       0   -0.225
       1    0.318
       2    0.296
       3   -0.227
              SCF ITERATION NUMBER 10  OUT OF  30
 Calculating energy and space dependent l-DOS.  It takes time ...
     point #   1  energy = -34.000
     Doing FMS for a cluster of   23 atoms around iph =   0 in fmsie
    0   FMS matrix (LUD) at point   1, number of state kets = 207
     Doing FMS for a cluster of   17 atoms around iph =   1 in fmsie
    0   FMS matrix (LUD) at point   1, number of state kets = 153
     Doing FMS for a cluster of   31 atoms around iph =   2 in fmsie
    0   FMS matrix (LUD) at point   1, number of state kets = 279
     Doing FMS for a cluster of   23 atoms around iph =   3 in fmsie
    0   FMS matrix (LUD) at point   1, number of state kets = 207
  Electronic configuration
   iph    il      N_el
     0     0    1.786
     0     1    4.328
     0     2    0.110
     0     3    0.000
     1     0    0.283
     1     1    6.410
     1     2    1.000
     1     3    0.000
     2     0    0.683
     2     1    0.814
     2     2    7.203
     2     3    0.000
     3     0    1.786
     3     1    4.331
     3     2    0.110
     3     3    0.000
 mu_new=    -7.402
 Charge transfer:  iph  charge(iph)
       0   -0.225
       1    0.321
       2    0.294
       3   -0.227
              SCF ITERATION NUMBER 11  OUT OF  30
 Calculating energy and space dependent l-DOS.  It takes time ...
     point #   1  energy = -34.000
     Doing FMS for a cluster of   23 atoms around iph =   0 in fmsie
    0   FMS matrix (LUD) at point   1, number of state kets = 207
     Doing FMS for a cluster of   17 atoms around iph =   1 in fmsie
    0   FMS matrix (LUD) at point   1, number of state kets = 153
     Doing FMS for a cluster of   31 atoms around iph =   2 in fmsie
    0   FMS matrix (LUD) at point   1, number of state kets = 279
     Doing FMS for a cluster of   23 atoms around iph =   3 in fmsie
    0   FMS matrix (LUD) at point   1, number of state kets = 207
  Electronic configuration
   iph    il      N_el
     0     0    1.786
     0     1    4.330
     0     2    0.109
     0     3    0.000
     1     0    0.282
     1     1    6.410
     1     2    0.995
     1     3    0.000
     2     0    0.682
     2     1    0.814
     2     2    7.206
     2     3    0.000
     3     0    1.786
     3     1    4.332
     3     2    0.109
     3     3    0.000
 mu_new=    -7.402
 Charge transfer:  iph  charge(iph)
       0   -0.225
       1    0.327
       2    0.293
       3   -0.228
              SCF ITERATION NUMBER 12  OUT OF  30
 Calculating energy and space dependent l-DOS.  It takes time ...
     point #   1  energy = -34.000
     Doing FMS for a cluster of   23 atoms around iph =   0 in fmsie
    0   FMS matrix (LUD) at point   1, number of state kets = 207
     Doing FMS for a cluster of   17 atoms around iph =   1 in fmsie
    0   FMS matrix (LUD) at point   1, number of state kets = 153
     Doing FMS for a cluster of   31 atoms around iph =   2 in fmsie
    0   FMS matrix (LUD) at point   1, number of state kets = 279
     Doing FMS for a cluster of   23 atoms around iph =   3 in fmsie
    0   FMS matrix (LUD) at point   1, number of state kets = 207
  Electronic configuration
   iph    il      N_el
     0     0    1.786
     0     1    4.331
     0     2    0.108
     0     3    0.000
     1     0    0.282
     1     1    6.410
     1     2    0.992
     1     3    0.000
     2     0    0.682
     2     1    0.813
     2     2    7.207
     2     3    0.000
     3     0    1.786
     3     1    4.334
     3     2    0.108
     3     3    0.000
 mu_new=    -7.399
 Charge transfer:  iph  charge(iph)
       0   -0.225
       1    0.321
       2    0.295
       3   -0.227
              SCF ITERATION NUMBER 13  OUT OF  30
 Calculating energy and space dependent l-DOS.  It takes time ...
     point #   1  energy = -34.000
     Doing FMS for a cluster of   23 atoms around iph =   0 in fmsie
    0   FMS matrix (LUD) at point   1, number of state kets = 207
     Doing FMS for a cluster of   17 atoms around iph =   1 in fmsie
    0   FMS matrix (LUD) at point   1, number of state kets = 153
     Doing FMS for a cluster of   31 atoms around iph =   2 in fmsie
    0   FMS matrix (LUD) at point   1, number of state kets = 279
     Doing FMS for a cluster of   23 atoms around iph =   3 in fmsie
    0   FMS matrix (LUD) at point   1, number of state kets = 207
  Electronic configuration
   iph    il      N_el
     0     0    1.786
     0     1    4.329
     0     2    0.110
     0     3    0.000
     1     0    0.283
     1     1    6.411
     1     2    1.001
     1     3    0.000
     2     0    0.682
     2     1    0.814
     2     2    7.202
     2     3    0.000
     3     0    1.786
     3     1    4.331
     3     2    0.110
     3     3    0.000
 mu_new=    -7.399
 Charge transfer:  iph  charge(iph)
       0   -0.226
       1    0.331
       2    0.291
       3   -0.228
              SCF ITERATION NUMBER 14  OUT OF  30
 Calculating energy and space dependent l-DOS.  It takes time ...
     point #   1  energy = -34.000
     Doing FMS for a cluster of   23 atoms around iph =   0 in fmsie
    0   FMS matrix (LUD) at point   1, number of state kets = 207
     Doing FMS for a cluster of   17 atoms around iph =   1 in fmsie
    0   FMS matrix (LUD) at point   1, number of state kets = 153
     Doing FMS for a cluster of   31 atoms around iph =   2 in fmsie
    0   FMS matrix (LUD) at point   1, number of state kets = 279
     Doing FMS for a cluster of   23 atoms around iph =   3 in fmsie
    0   FMS matrix (LUD) at point   1, number of state kets = 207
  Electronic configuration
   iph    il      N_el
     0     0    1.786
     0     1    4.331
     0     2    0.108
     0     3    0.000
     1     0    0.282
     1     1    6.411
     1     2    0.994
     1     3    0.000
     2     0    0.682
     2     1    0.813
     2     2    7.206
     2     3    0.000
     3     0    1.786
     3     1    4.334
     3     2    0.108
     3     3    0.000
 mu_new=    -7.396
 Charge transfer:  iph  charge(iph)
       0   -0.221
       1    0.270
       2    0.312
       3   -0.224
              SCF ITERATION NUMBER 15  OUT OF  30
 Calculating energy and space dependent l-DOS.  It takes time ...
     point #   1  energy = -34.000
     Doing FMS for a cluster of   23 atoms around iph =   0 in fmsie
    0   FMS matrix (LUD) at point   1, number of state kets = 207
     Doing FMS for a cluster of   17 atoms around iph =   1 in fmsie
    0   FMS matrix (LUD) at point   1, number of state kets = 153
     Doing FMS for a cluster of   31 atoms around iph =   2 in fmsie
    0   FMS matrix (LUD) at point   1, number of state kets = 279
     Doing FMS for a cluster of   23 atoms around iph =   3 in fmsie
    0   FMS matrix (LUD) at point   1, number of state kets = 207
  Electronic configuration
   iph    il      N_el
     0     0    1.785
     0     1    4.330
     0     2    0.108
     0     3    0.000
     1     0    0.279
     1     1    6.404
     1     2    0.967
     1     3    0.000
     2     0    0.683
     2     1    0.811
     2     2    7.229
     2     3    0.000
     3     0    1.786
     3     1    4.333
     3     2    0.108
     3     3    0.000
 mu_new=    -7.461
 Charge transfer:  iph  charge(iph)
       0   -0.225
       1    0.322
       2    0.294
       3   -0.227
              SCF ITERATION NUMBER 16  OUT OF  30
 Calculating energy and space dependent l-DOS.  It takes time ...
     point #   1  energy = -34.000
     Doing FMS for a cluster of   23 atoms around iph =   0 in fmsie
    0   FMS matrix (LUD) at point   1, number of state kets = 207
     Doing FMS for a cluster of   17 atoms around iph =   1 in fmsie
    0   FMS matrix (LUD) at point   1, number of state kets = 153
     Doing FMS for a cluster of   31 atoms around iph =   2 in fmsie
    0   FMS matrix (LUD) at point   1, number of state kets = 279
     Doing FMS for a cluster of   23 atoms around iph =   3 in fmsie
    0   FMS matrix (LUD) at point   1, number of state kets = 207
  Electronic configuration
   iph    il      N_el
     0     0    1.786
     0     1    4.331
     0     2    0.108
     0     3    0.000
     1     0    0.281
     1     1    6.410
     1     2    0.989
     1     3    0.000
     2     0    0.682
     2     1    0.813
     2     2    7.209
     2     3    0.000
     3     0    1.786
     3     1    4.334
     3     2    0.108
     3     3    0.000
 mu_new=    -7.405
 Charge transfer:  iph  charge(iph)
       0   -0.225
       1    0.321
       2    0.295
       3   -0.227
              SCF ITERATION NUMBER 17  OUT OF  30
 Calculating energy and space dependent l-DOS.  It takes time ...
     point #   1  energy = -34.000
     Doing FMS for a cluster of   23 atoms around iph =   0 in fmsie
    0   FMS matrix (LUD) at point   1, number of state kets = 207
     Doing FMS for a cluster of   17 atoms around iph =   1 in fmsie
    0   FMS matrix (LUD) at point   1, number of state kets = 153
     Doing FMS for a cluster of   31 atoms around iph =   2 in fmsie
    0   FMS matrix (LUD) at point   1, number of state kets = 279
     Doing FMS for a cluster of   23 atoms around iph =   3 in fmsie
    0   FMS matrix (LUD) at point   1, number of state kets = 207
  Electronic configuration
   iph    il      N_el
     0     0    1.786
     0     1    4.330
     0     2    0.109
     0     3    0.000
     1     0    0.282
     1     1    6.410
     1     2    0.993
     1     3    0.000
     2     0    0.682
     2     1    0.813
     2     2    7.208
     2     3    0.000
     3     0    1.786
     3     1    4.332
     3     2    0.109
     3     3    0.000
 mu_new=    -7.405
 Charge transfer:  iph  charge(iph)
       0   -0.225
       1    0.322
       2    0.295
       3   -0.228
              SCF ITERATION NUMBER 18  OUT OF  30
 Calculating energy and space dependent l-DOS.  It takes time ...
     point #   1  energy = -34.000
     Doing FMS for a cluster of   23 atoms around iph =   0 in fmsie
    0   FMS matrix (LUD) at point   1, number of state kets = 207
     Doing FMS for a cluster of   17 atoms around iph =   1 in fmsie
    0   FMS matrix (LUD) at point   1, number of state kets = 153
     Doing FMS for a cluster of   31 atoms around iph =   2 in fmsie
    0   FMS matrix (LUD) at point   1, number of state kets = 279
     Doing FMS for a cluster of   23 atoms around iph =   3 in fmsie
    0   FMS matrix (LUD) at point   1, number of state kets = 207
  Electronic configuration
   iph    il      N_el
     0     0    1.786
     0     1    4.330
     0     2    0.109
     0     3    0.000
     1     0    0.282
     1     1    6.410
     1     2    0.993
     1     3    0.000
     2     0    0.682
     2     1    0.813
     2     2    7.208
     2     3    0.000
     3     0    1.786
     3     1    4.333
     3     2    0.109
     3     3    0.000
 mu_new=    -7.405
 Charge transfer:  iph  charge(iph)
       0   -0.224
       1    0.314
       2    0.297
       3   -0.227
              SCF ITERATION NUMBER 19  OUT OF  30
 Calculating energy and space dependent l-DOS.  It takes time ...
     point #   1  energy = -34.000
     Doing FMS for a cluster of   23 atoms around iph =   0 in fmsie
    0   FMS matrix (LUD) at point   1, number of state kets = 207
     Doing FMS for a cluster of   17 atoms around iph =   1 in fmsie
    0   FMS matrix (LUD) at point   1, number of state kets = 153
     Doing FMS for a cluster of   31 atoms around iph =   2 in fmsie
    0   FMS matrix (LUD) at point   1, number of state kets = 279
     Doing FMS for a cluster of   23 atoms around iph =   3 in fmsie
    0   FMS matrix (LUD) at point   1, number of state kets = 207
  Electronic configuration
   iph    il      N_el
     0     0    1.786
     0     1    4.328
     0     2    0.111
     0     3    0.000
     1     0    0.282
     1     1    6.410
     1     2    1.000
     1     3    0.000
     2     0    0.683
     2     1    0.814
     2     2    7.203
     2     3    0.000
     3     0    1.786
     3     1    4.330
     3     2    0.110
     3     3    0.000
 mu_new=    -7.405
 Charge transfer:  iph  charge(iph)
       0   -0.226
       1    0.336
       2    0.289
       3   -0.228
              SCF ITERATION NUMBER 20  OUT OF  30
 Calculating energy and space dependent l-DOS.  It takes time ...
     point #   1  energy = -34.000
     Doing FMS for a cluster of   23 atoms around iph =   0 in fmsie
    0   FMS matrix (LUD) at point   1, number of state kets = 207
     Doing FMS for a cluster of   17 atoms around iph =   1 in fmsie
    0   FMS matrix (LUD) at point   1, number of state kets = 153
     Doing FMS for a cluster of   31 atoms around iph =   2 in fmsie
    0   FMS matrix (LUD) at point   1, number of state kets = 279
     Doing FMS for a cluster of   23 atoms around iph =   3 in fmsie
    0   FMS matrix (LUD) at point   1, number of state kets = 207
  Electronic configuration
   iph    il      N_el
     0     0    1.786
     0     1    4.332
     0     2    0.108
     0     3    0.000
     1     0    0.282
     1     1    6.411
     1     2    0.996
     1     3    0.000
     2     0    0.682
     2     1    0.813
     2     2    7.204
     2     3    0.000
     3     0    1.786
     3     1    4.334
     3     2    0.108
     3     3    0.000
 mu_new=    -7.391
 Charge transfer:  iph  charge(iph)
       0   -0.224
       1    0.303
       2    0.301
       3   -0.226
              SCF ITERATION NUMBER 21  OUT OF  30
 Calculating energy and space dependent l-DOS.  It takes time ...
     point #   1  energy = -34.000
     Doing FMS for a cluster of   23 atoms around iph =   0 in fmsie
    0   FMS matrix (LUD) at point   1, number of state kets = 207
     Doing FMS for a cluster of   17 atoms around iph =   1 in fmsie
    0   FMS matrix (LUD) at point   1, number of state kets = 153
     Doing FMS for a cluster of   31 atoms around iph =   2 in fmsie
    0   FMS matrix (LUD) at point   1, number of state kets = 279
     Doing FMS for a cluster of   23 atoms around iph =   3 in fmsie
    0   FMS matrix (LUD) at point   1, number of state kets = 207
  Electronic configuration
   iph    il      N_el
     0     0    1.786
     0     1    4.320
     0     2    0.117
     0     3    0.000
     1     0    0.286
     1     1    6.412
     1     2    1.030
     1     3    0.000
     2     0    0.684
     2     1    0.818
     2     2    7.183
     2     3    0.000
     3     0    1.786
     3     1    4.323
     3     2    0.117
     3     3    0.000
 mu_new=    -7.391
 Charge transfer:  iph  charge(iph)
       0   -0.232
       1    0.424
       2    0.258
       3   -0.235
negative dens  10  0-2919.067632 - usually due to harmless precision errors, but check DOS to make sure
negative dens  10  3-2906.203905 - usually due to harmless precision errors, but check DOS to make sure
              SCF ITERATION NUMBER 22  OUT OF  30
 Calculating energy and space dependent l-DOS.  It takes time ...
     point #   1  energy = -34.000
     Doing FMS for a cluster of   23 atoms around iph =   0 in fmsie
    0   FMS matrix (LUD) at point   1, number of state kets = 207
     Doing FMS for a cluster of   17 atoms around iph =   1 in fmsie
    0   FMS matrix (LUD) at point   1, number of state kets = 153
     Doing FMS for a cluster of   31 atoms around iph =   2 in fmsie
    0   FMS matrix (LUD) at point   1, number of state kets = 279
     Doing FMS for a cluster of   23 atoms around iph =   3 in fmsie
    0   FMS matrix (LUD) at point   1, number of state kets = 207
  Electronic configuration
   iph    il      N_el
     0     0    1.786
     0     1    4.333
     0     2    0.109
     0     3    0.000
     1     0    0.287
     1     1    6.422
     1     2    1.039
     1     3    0.000
     2     0    0.681
     2     1    0.816
     2     2    7.169
     2     3    0.000
     3     0    1.786
     3     1    4.335
     3     2    0.109
     3     3    0.000
 mu_new=    -7.299
 Charge transfer:  iph  charge(iph)
       0   -0.222
       1    0.284
       2    0.308
       3   -0.225
              SCF ITERATION NUMBER 23  OUT OF  30
 Calculating energy and space dependent l-DOS.  It takes time ...
     point #   1  energy = -34.000
     Doing FMS for a cluster of   23 atoms around iph =   0 in fmsie
    0   FMS matrix (LUD) at point   1, number of state kets = 207
     Doing FMS for a cluster of   17 atoms around iph =   1 in fmsie
    0   FMS matrix (LUD) at point   1, number of state kets = 153
     Doing FMS for a cluster of   31 atoms around iph =   2 in fmsie
    0   FMS matrix (LUD) at point   1, number of state kets = 279
     Doing FMS for a cluster of   23 atoms around iph =   3 in fmsie
    0   FMS matrix (LUD) at point   1, number of state kets = 207
  Electronic configuration
   iph    il      N_el
     0     0    1.785
     0     1    4.330
     0     2    0.108
     0     3    0.000
     1     0    0.279
     1     1    6.405
     1     2    0.972
     1     3    0.000
     2     0    0.682
     2     1    0.812
     2     2    7.224
     2     3    0.000
     3     0    1.786
     3     1    4.333
     3     2    0.108
     3     3    0.000
 mu_new=    -7.446
 Charge transfer:  iph  charge(iph)
       0   -0.225
       1    0.317
       2    0.296
       3   -0.227
              SCF ITERATION NUMBER 24  OUT OF  30
 Calculating energy and space dependent l-DOS.  It takes time ...
     point #   1  energy = -34.000
     Doing FMS for a cluster of   23 atoms around iph =   0 in fmsie
    0   FMS matrix (LUD) at point   1, number of state kets = 207
     Doing FMS for a cluster of   17 atoms around iph =   1 in fmsie
    0   FMS matrix (LUD) at point   1, number of state kets = 153
     Doing FMS for a cluster of   31 atoms around iph =   2 in fmsie
    0   FMS matrix (LUD) at point   1, number of state kets = 279
     Doing FMS for a cluster of   23 atoms around iph =   3 in fmsie
    0   FMS matrix (LUD) at point   1, number of state kets = 207
  Electronic configuration
   iph    il      N_el
     0     0    1.786
     0     1    4.331
     0     2    0.108
     0     3    0.000
     1     0    0.281
     1     1    6.409
     1     2    0.987
     1     3    0.000
     2     0    0.682
     2     1    0.813
     2     2    7.211
     2     3    0.000
     3     0    1.786
     3     1    4.334
     3     2    0.108
     3     3    0.000
 mu_new=    -7.410
 Charge transfer:  iph  charge(iph)
       0   -0.225
       1    0.321
       2    0.295
       3   -0.227
              SCF ITERATION NUMBER 25  OUT OF  30
 Calculating energy and space dependent l-DOS.  It takes time ...
     point #   1  energy = -34.000
     Doing FMS for a cluster of   23 atoms around iph =   0 in fmsie
    0   FMS matrix (LUD) at point   1, number of state kets = 207
     Doing FMS for a cluster of   17 atoms around iph =   1 in fmsie
    0   FMS matrix (LUD) at point   1, number of state kets = 153
     Doing FMS for a cluster of   31 atoms around iph =   2 in fmsie
    0   FMS matrix (LUD) at point   1, number of state kets = 279
     Doing FMS for a cluster of   23 atoms around iph =   3 in fmsie
    0   FMS matrix (LUD) at point   1, number of state kets = 207
  Electronic configuration
   iph    il      N_el
     0     0    1.786
     0     1    4.331
     0     2    0.108
     0     3    0.000
     1     0    0.281
     1     1    6.410
     1     2    0.989
     1     3    0.000
     2     0    0.682
     2     1    0.813
     2     2    7.210
     2     3    0.000
     3     0    1.786
     3     1    4.334
     3     2    0.108
     3     3    0.000
 mu_new=    -7.407
 Charge transfer:  iph  charge(iph)
       0   -0.225
       1    0.318
       2    0.296
       3   -0.227
              SCF ITERATION NUMBER 26  OUT OF  30
 Calculating energy and space dependent l-DOS.  It takes time ...
     point #   1  energy = -34.000
     Doing FMS for a cluster of   23 atoms around iph =   0 in fmsie
    0   FMS matrix (LUD) at point   1, number of state kets = 207
     Doing FMS for a cluster of   17 atoms around iph =   1 in fmsie
    0   FMS matrix (LUD) at point   1, number of state kets = 153
     Doing FMS for a cluster of   31 atoms around iph =   2 in fmsie
    0   FMS matrix (LUD) at point   1, number of state kets = 279
     Doing FMS for a cluster of   23 atoms around iph =   3 in fmsie
    0   FMS matrix (LUD) at point   1, number of state kets = 207
  Electronic configuration
   iph    il      N_el
     0     0    1.786
     0     1    4.330
     0     2    0.109
     0     3    0.000
     1     0    0.282
     1     1    6.410
     1     2    0.992
     1     3    0.000
     2     0    0.682
     2     1    0.813
     2     2    7.208
     2     3    0.000
     3     0    1.786
     3     1    4.332
     3     2    0.109
     3     3    0.000
 mu_new=    -7.407
 Charge transfer:  iph  charge(iph)
       0   -0.225
       1    0.318
       2    0.296
       3   -0.227
              SCF ITERATION NUMBER 27  OUT OF  30
 Calculating energy and space dependent l-DOS.  It takes time ...
     point #   1  energy = -34.000
     Doing FMS for a cluster of   23 atoms around iph =   0 in fmsie
    0   FMS matrix (LUD) at point   1, number of state kets = 207
     Doing FMS for a cluster of   17 atoms around iph =   1 in fmsie
    0   FMS matrix (LUD) at point   1, number of state kets = 153
     Doing FMS for a cluster of   31 atoms around iph =   2 in fmsie
    0   FMS matrix (LUD) at point   1, number of state kets = 279
     Doing FMS for a cluster of   23 atoms around iph =   3 in fmsie
    0   FMS matrix (LUD) at point   1, number of state kets = 207
  Electronic configuration
   iph    il      N_el
     0     0    1.786
     0     1    4.330
     0     2    0.109
     0     3    0.000
     1     0    0.282
     1     1    6.410
     1     2    0.992
     1     3    0.000
     2     0    0.682
     2     1    0.813
     2     2    7.208
     2     3    0.000
     3     0    1.786
     3     1    4.332
     3     2    0.109
     3     3    0.000
 mu_new=    -7.407
 Charge transfer:  iph  charge(iph)
       0   -0.224
       1    0.314
       2    0.297
       3   -0.227
              SCF ITERATION NUMBER 28  OUT OF  30
 Calculating energy and space dependent l-DOS.  It takes time ...
     point #   1  energy = -34.000
     Doing FMS for a cluster of   23 atoms around iph =   0 in fmsie
    0   FMS matrix (LUD) at point   1, number of state kets = 207
     Doing FMS for a cluster of   17 atoms around iph =   1 in fmsie
    0   FMS matrix (LUD) at point   1, number of state kets = 153
     Doing FMS for a cluster of   31 atoms around iph =   2 in fmsie
    0   FMS matrix (LUD) at point   1, number of state kets = 279
     Doing FMS for a cluster of   23 atoms around iph =   3 in fmsie
    0   FMS matrix (LUD) at point   1, number of state kets = 207
  Electronic configuration
   iph    il      N_el
     0     0    1.786
     0     1    4.329
     0     2    0.110
     0     3    0.000
     1     0    0.282
     1     1    6.410
     1     2    0.996
     1     3    0.000
     2     0    0.683
     2     1    0.814
     2     2    7.206
     2     3    0.000
     3     0    1.786
     3     1    4.331
     3     2    0.110
     3     3    0.000
 mu_new=    -7.407
 Charge transfer:  iph  charge(iph)
       0   -0.225
       1    0.317
       2    0.296
       3   -0.227
              SCF ITERATION NUMBER 29  OUT OF  30
 Calculating energy and space dependent l-DOS.  It takes time ...
     point #   1  energy = -34.000
     Doing FMS for a cluster of   23 atoms around iph =   0 in fmsie
    0   FMS matrix (LUD) at point   1, number of state kets = 207
     Doing FMS for a cluster of   17 atoms around iph =   1 in fmsie
    0   FMS matrix (LUD) at point   1, number of state kets = 153
     Doing FMS for a cluster of   31 atoms around iph =   2 in fmsie
    0   FMS matrix (LUD) at point   1, number of state kets = 279
     Doing FMS for a cluster of   23 atoms around iph =   3 in fmsie
    0   FMS matrix (LUD) at point   1, number of state kets = 207
  Electronic configuration
   iph    il      N_el
     0     0    1.786
     0     1    4.330
     0     2    0.109
     0     3    0.000
     1     0    0.282
     1     1    6.409
     1     2    0.993
     1     3    0.000
     2     0    0.682
     2     1    0.814
     2     2    7.208
     2     3    0.000
     3     0    1.786
     3     1    4.332
     3     2    0.109
     3     3    0.000
 mu_new=    -7.407
 Charge transfer:  iph  charge(iph)
       0   -0.225
       1    0.324
       2    0.294
       3   -0.228
              SCF ITERATION NUMBER 30  OUT OF  30
 Calculating energy and space dependent l-DOS.  It takes time ...
     point #   1  energy = -34.000
     Doing FMS for a cluster of   23 atoms around iph =   0 in fmsie
    0   FMS matrix (LUD) at point   1, number of state kets = 207
     Doing FMS for a cluster of   17 atoms around iph =   1 in fmsie
    0   FMS matrix (LUD) at point   1, number of state kets = 153
     Doing FMS for a cluster of   31 atoms around iph =   2 in fmsie
    0   FMS matrix (LUD) at point   1, number of state kets = 279
     Doing FMS for a cluster of   23 atoms around iph =   3 in fmsie
    0   FMS matrix (LUD) at point   1, number of state kets = 207
  Electronic configuration
   iph    il      N_el
     0     0    1.786
     0     1    4.331
     0     2    0.108
     0     3    0.000
     1     0    0.282
     1     1    6.410
     1     2    0.990
     1     3    0.000
     2     0    0.682
     2     1    0.813
     2     2    7.209
     2     3    0.000
     3     0    1.786
     3     1    4.334
     3     2    0.108
     3     3    0.000
 mu_new=    -7.404
 Charge transfer:  iph  charge(iph)
       0   -0.224
       1    0.316
       2    0.296
       3   -0.227
:WARNING Convergence not reached; ran out of iterations.
 Done with module 1: potentials.
 total time       29.4204828739166     
 communicate time  0.314506530761719     
