 Number of processors =           12
 Calculating potentials ...
muffin tin radii and interstitial parameters
 iph, rnrm(iph)*bohr, rmt(iph)*bohr, folp(iph)
    0  1.03844E+00  9.39914E-01  1.15000E+00
    1  1.80396E+00  1.73508E+00  1.10209E+00
    2  1.40869E+00  1.25324E+00  1.15000E+00
    3  1.02535E+00  9.16145E-01  1.15000E+00
              Core-valence separation
 ecv=   -34.000
 mu_old=     3.394
              SCF ITERATION NUMBER  1  OUT OF  30
 Calculating energy and space dependent l-DOS.  It takes time ...
     point #   1  energy = -34.000
     Doing FMS for a cluster of   31 atoms around iph =   0 in fmsie
    0   FMS matrix (LUD) at point   1, number of state kets = 279
     Doing FMS for a cluster of   23 atoms around iph =   1 in fmsie
    0   FMS matrix (LUD) at point   1, number of state kets = 207
     Doing FMS for a cluster of   28 atoms around iph =   2 in fmsie
    0   FMS matrix (LUD) at point   1, number of state kets = 252
     Doing FMS for a cluster of   24 atoms around iph =   3 in fmsie
    0   FMS matrix (LUD) at point   1, number of state kets = 216
  Electronic configuration
   iph    il      N_el
     0     0    1.818
     0     1    4.638
     0     2    0.115
     0     3    0.000
     1     0    0.294
     1     1    6.400
     1     2    1.002
     1     3    0.000
     2     0    0.641
     2     1    0.797
     2     2    6.602
     2     3    0.000
     3     0    1.798
     3     1    4.637
     3     2    0.120
     3     3    0.000
 mu_new=    -7.370
 Charge transfer:  iph  charge(iph)
       0   -0.109
       1    0.064
       2    0.181
       3   -0.106
              SCF ITERATION NUMBER  2  OUT OF  30
 Calculating energy and space dependent l-DOS.  It takes time ...
     point #   1  energy = -34.000
     Doing FMS for a cluster of   31 atoms around iph =   0 in fmsie
    0   FMS matrix (LUD) at point   1, number of state kets = 279
     Doing FMS for a cluster of   23 atoms around iph =   1 in fmsie
    0   FMS matrix (LUD) at point   1, number of state kets = 207
     Doing FMS for a cluster of   28 atoms around iph =   2 in fmsie
    0   FMS matrix (LUD) at point   1, number of state kets = 252
     Doing FMS for a cluster of   24 atoms around iph =   3 in fmsie
    0   FMS matrix (LUD) at point   1, number of state kets = 216
  Electronic configuration
   iph    il      N_el
     0     0    1.800
     0     1    4.374
     0     2    0.112
     0     3    0.000
     1     0    0.299
     1     1    6.405
     1     2    1.007
     1     3    0.000
     2     0    0.670
     2     1    0.813
     2     2    7.125
     2     3    0.000
     3     0    1.778
     3     1    4.372
     3     2    0.118
     3     3    0.000
 mu_new=    -7.693
 Charge transfer:  iph  charge(iph)
       0   -0.258
       1    0.253
       2    0.360
       3   -0.243
              SCF ITERATION NUMBER  3  OUT OF  30
 Calculating energy and space dependent l-DOS.  It takes time ...
     point #   1  energy = -34.000
     Doing FMS for a cluster of   31 atoms around iph =   0 in fmsie
    0   FMS matrix (LUD) at point   1, number of state kets = 279
     Doing FMS for a cluster of   23 atoms around iph =   1 in fmsie
    0   FMS matrix (LUD) at point   1, number of state kets = 207
     Doing FMS for a cluster of   28 atoms around iph =   2 in fmsie
    0   FMS matrix (LUD) at point   1, number of state kets = 252
     Doing FMS for a cluster of   24 atoms around iph =   3 in fmsie
    0   FMS matrix (LUD) at point   1, number of state kets = 216
  Electronic configuration
   iph    il      N_el
     0     0    1.787
     0     1    4.171
     0     2    0.114
     0     3    0.000
     1     0    0.318
     1     1    6.430
     1     2    1.114
     1     3    0.000
     2     0    0.698
     2     1    0.841
     2     2    7.421
     2     3    0.000
     3     0    1.764
     3     1    4.170
     3     2    0.121
     3     3    0.000
 mu_new=    -7.196
 Charge transfer:  iph  charge(iph)
       0   -0.226
       1    0.242
       2    0.299
       3   -0.210
              SCF ITERATION NUMBER  4  OUT OF  30
 Calculating energy and space dependent l-DOS.  It takes time ...
     point #   1  energy = -34.000
     Doing FMS for a cluster of   31 atoms around iph =   0 in fmsie
    0   FMS matrix (LUD) at point   1, number of state kets = 279
     Doing FMS for a cluster of   23 atoms around iph =   1 in fmsie
    0   FMS matrix (LUD) at point   1, number of state kets = 207
     Doing FMS for a cluster of   28 atoms around iph =   2 in fmsie
    0   FMS matrix (LUD) at point   1, number of state kets = 252
     Doing FMS for a cluster of   24 atoms around iph =   3 in fmsie
    0   FMS matrix (LUD) at point   1, number of state kets = 216
  Electronic configuration
   iph    il      N_el
     0     0    1.796
     0     1    4.311
     0     2    0.115
     0     3    0.000
     1     0    0.314
     1     1    6.425
     1     2    1.100
     1     3    0.000
     2     0    0.686
     2     1    0.834
     2     2    7.196
     2     3    0.000
     3     0    1.771
     3     1    4.289
     3     2    0.121
     3     3    0.000
 mu_new=    -7.026
 Charge transfer:  iph  charge(iph)
       0   -0.228
       1    0.226
       2    0.298
       3   -0.205
              SCF ITERATION NUMBER  5  OUT OF  30
 Calculating energy and space dependent l-DOS.  It takes time ...
     point #   1  energy = -34.000
     Doing FMS for a cluster of   31 atoms around iph =   0 in fmsie
    0   FMS matrix (LUD) at point   1, number of state kets = 279
     Doing FMS for a cluster of   23 atoms around iph =   1 in fmsie
    0   FMS matrix (LUD) at point   1, number of state kets = 207
     Doing FMS for a cluster of   28 atoms around iph =   2 in fmsie
    0   FMS matrix (LUD) at point   1, number of state kets = 252
     Doing FMS for a cluster of   24 atoms around iph =   3 in fmsie
    0   FMS matrix (LUD) at point   1, number of state kets = 216
  Electronic configuration
   iph    il      N_el
     0     0    1.796
     0     1    4.303
     0     2    0.127
     0     3    0.000
     1     0    0.317
     1     1    6.425
     1     2    1.152
     1     3    0.000
     2     0    0.686
     2     1    0.838
     2     2    7.137
     2     3    0.000
     3     0    1.774
     3     1    4.289
     3     2    0.133
     3     3    0.000
 mu_new=    -7.026
 Charge transfer:  iph  charge(iph)
       0   -0.228
       1    0.204
       2    0.306
       3   -0.204
              SCF ITERATION NUMBER  6  OUT OF  30
 Calculating energy and space dependent l-DOS.  It takes time ...
     point #   1  energy = -34.000
     Doing FMS for a cluster of   31 atoms around iph =   0 in fmsie
    0   FMS matrix (LUD) at point   1, number of state kets = 279
     Doing FMS for a cluster of   23 atoms around iph =   1 in fmsie
    0   FMS matrix (LUD) at point   1, number of state kets = 207
     Doing FMS for a cluster of   28 atoms around iph =   2 in fmsie
    0   FMS matrix (LUD) at point   1, number of state kets = 252
     Doing FMS for a cluster of   24 atoms around iph =   3 in fmsie
    0   FMS matrix (LUD) at point   1, number of state kets = 216
  Electronic configuration
   iph    il      N_el
     0     0    1.796
     0     1    4.312
     0     2    0.114
     0     3    0.000
     1     0    0.309
     1     1    6.416
     1     2    1.066
     1     3    0.000
     2     0    0.684
     2     1    0.829
     2     2    7.190
     2     3    0.000
     3     0    1.773
     3     1    4.308
     3     2    0.120
     3     3    0.000
 mu_new=    -7.135
 Charge transfer:  iph  charge(iph)
       0   -0.227
       1    0.200
       2    0.306
       3   -0.203
              SCF ITERATION NUMBER  7  OUT OF  30
 Calculating energy and space dependent l-DOS.  It takes time ...
     point #   1  energy = -34.000
     Doing FMS for a cluster of   31 atoms around iph =   0 in fmsie
    0   FMS matrix (LUD) at point   1, number of state kets = 279
     Doing FMS for a cluster of   23 atoms around iph =   1 in fmsie
    0   FMS matrix (LUD) at point   1, number of state kets = 207
     Doing FMS for a cluster of   28 atoms around iph =   2 in fmsie
    0   FMS matrix (LUD) at point   1, number of state kets = 252
     Doing FMS for a cluster of   24 atoms around iph =   3 in fmsie
    0   FMS matrix (LUD) at point   1, number of state kets = 216
  Electronic configuration
   iph    il      N_el
     0     0    1.796
     0     1    4.308
     0     2    0.121
     0     3    0.000
     1     0    0.311
     1     1    6.418
     1     2    1.102
     1     3    0.000
     2     0    0.684
     2     1    0.832
     2     2    7.167
     2     3    0.000
     3     0    1.773
     3     1    4.300
     3     2    0.128
     3     3    0.000
 mu_new=    -7.135
 Charge transfer:  iph  charge(iph)
       0   -0.227
       1    0.195
       2    0.308
       3   -0.202
              SCF ITERATION NUMBER  8  OUT OF  30
 Calculating energy and space dependent l-DOS.  It takes time ...
     point #   1  energy = -34.000
     Doing FMS for a cluster of   31 atoms around iph =   0 in fmsie
    0   FMS matrix (LUD) at point   1, number of state kets = 279
     Doing FMS for a cluster of   23 atoms around iph =   1 in fmsie
    0   FMS matrix (LUD) at point   1, number of state kets = 207
     Doing FMS for a cluster of   28 atoms around iph =   2 in fmsie
    0   FMS matrix (LUD) at point   1, number of state kets = 252
     Doing FMS for a cluster of   24 atoms around iph =   3 in fmsie
    0   FMS matrix (LUD) at point   1, number of state kets = 216
  Electronic configuration
   iph    il      N_el
     0     0    1.796
     0     1    4.316
     0     2    0.114
     0     3    0.000
     1     0    0.307
     1     1    6.414
     1     2    1.057
     1     3    0.000
     2     0    0.683
     2     1    0.827
     2     2    7.192
     2     3    0.000
     3     0    1.773
     3     1    4.311
     3     2    0.120
     3     3    0.000
 mu_new=    -7.180
 Charge transfer:  iph  charge(iph)
       0   -0.227
       1    0.197
       2    0.307
       3   -0.203
              SCF ITERATION NUMBER  9  OUT OF  30
 Calculating energy and space dependent l-DOS.  It takes time ...
     point #   1  energy = -34.000
     Doing FMS for a cluster of   31 atoms around iph =   0 in fmsie
    0   FMS matrix (LUD) at point   1, number of state kets = 279
     Doing FMS for a cluster of   23 atoms around iph =   1 in fmsie
    0   FMS matrix (LUD) at point   1, number of state kets = 207
     Doing FMS for a cluster of   28 atoms around iph =   2 in fmsie
    0   FMS matrix (LUD) at point   1, number of state kets = 252
     Doing FMS for a cluster of   24 atoms around iph =   3 in fmsie
    0   FMS matrix (LUD) at point   1, number of state kets = 216
  Electronic configuration
   iph    il      N_el
     0     0    1.796
     0     1    4.316
     0     2    0.115
     0     3    0.000
     1     0    0.308
     1     1    6.414
     1     2    1.063
     1     3    0.000
     2     0    0.683
     2     1    0.827
     2     2    7.189
     2     3    0.000
     3     0    1.773
     3     1    4.310
     3     2    0.121
     3     3    0.000
 mu_new=    -7.180
 Charge transfer:  iph  charge(iph)
       0   -0.227
       1    0.201
       2    0.306
       3   -0.203
              SCF ITERATION NUMBER 10  OUT OF  30
 Calculating energy and space dependent l-DOS.  It takes time ...
     point #   1  energy = -34.000
     Doing FMS for a cluster of   31 atoms around iph =   0 in fmsie
    0   FMS matrix (LUD) at point   1, number of state kets = 279
     Doing FMS for a cluster of   23 atoms around iph =   1 in fmsie
    0   FMS matrix (LUD) at point   1, number of state kets = 207
     Doing FMS for a cluster of   28 atoms around iph =   2 in fmsie
    0   FMS matrix (LUD) at point   1, number of state kets = 252
     Doing FMS for a cluster of   24 atoms around iph =   3 in fmsie
    0   FMS matrix (LUD) at point   1, number of state kets = 216
  Electronic configuration
   iph    il      N_el
     0     0    1.796
     0     1    4.315
     0     2    0.116
     0     3    0.000
     1     0    0.309
     1     1    6.415
     1     2    1.072
     1     3    0.000
     2     0    0.683
     2     1    0.828
     2     2    7.184
     2     3    0.000
     3     0    1.773
     3     1    4.307
     3     2    0.122
     3     3    0.000
 mu_new=    -7.180
 Charge transfer:  iph  charge(iph)
       0   -0.227
       1    0.202
       2    0.306
       3   -0.203
              SCF ITERATION NUMBER 11  OUT OF  30
 Calculating energy and space dependent l-DOS.  It takes time ...
     point #   1  energy = -34.000
     Doing FMS for a cluster of   31 atoms around iph =   0 in fmsie
    0   FMS matrix (LUD) at point   1, number of state kets = 279
     Doing FMS for a cluster of   23 atoms around iph =   1 in fmsie
    0   FMS matrix (LUD) at point   1, number of state kets = 207
     Doing FMS for a cluster of   28 atoms around iph =   2 in fmsie
    0   FMS matrix (LUD) at point   1, number of state kets = 252
     Doing FMS for a cluster of   24 atoms around iph =   3 in fmsie
    0   FMS matrix (LUD) at point   1, number of state kets = 216
  Electronic configuration
   iph    il      N_el
     0     0    1.796
     0     1    4.315
     0     2    0.116
     0     3    0.000
     1     0    0.309
     1     1    6.416
     1     2    1.073
     1     3    0.000
     2     0    0.683
     2     1    0.828
     2     2    7.184
     2     3    0.000
     3     0    1.773
     3     1    4.307
     3     2    0.123
     3     3    0.000
 mu_new=    -7.180
 Charge transfer:  iph  charge(iph)
       0   -0.227
       1    0.202
       2    0.305
       3   -0.203
              SCF ITERATION NUMBER 12  OUT OF  30
 Calculating energy and space dependent l-DOS.  It takes time ...
     point #   1  energy = -34.000
     Doing FMS for a cluster of   31 atoms around iph =   0 in fmsie
    0   FMS matrix (LUD) at point   1, number of state kets = 279
     Doing FMS for a cluster of   23 atoms around iph =   1 in fmsie
    0   FMS matrix (LUD) at point   1, number of state kets = 207
     Doing FMS for a cluster of   28 atoms around iph =   2 in fmsie
    0   FMS matrix (LUD) at point   1, number of state kets = 252
     Doing FMS for a cluster of   24 atoms around iph =   3 in fmsie
    0   FMS matrix (LUD) at point   1, number of state kets = 216
  Electronic configuration
   iph    il      N_el
     0     0    1.796
     0     1    4.315
     0     2    0.116
     0     3    0.000
     1     0    0.309
     1     1    6.416
     1     2    1.074
     1     3    0.000
     2     0    0.683
     2     1    0.828
     2     2    7.183
     2     3    0.000
     3     0    1.773
     3     1    4.307
     3     2    0.123
     3     3    0.000
 mu_new=    -7.180
 Charge transfer:  iph  charge(iph)
       0   -0.227
       1    0.202
       2    0.305
       3   -0.203
              SCF ITERATION NUMBER 13  OUT OF  30
 Calculating energy and space dependent l-DOS.  It takes time ...
     point #   1  energy = -34.000
     Doing FMS for a cluster of   31 atoms around iph =   0 in fmsie
    0   FMS matrix (LUD) at point   1, number of state kets = 279
     Doing FMS for a cluster of   23 atoms around iph =   1 in fmsie
    0   FMS matrix (LUD) at point   1, number of state kets = 207
     Doing FMS for a cluster of   28 atoms around iph =   2 in fmsie
    0   FMS matrix (LUD) at point   1, number of state kets = 252
     Doing FMS for a cluster of   24 atoms around iph =   3 in fmsie
    0   FMS matrix (LUD) at point   1, number of state kets = 216
  Electronic configuration
   iph    il      N_el
     0     0    1.796
     0     1    4.315
     0     2    0.116
     0     3    0.000
     1     0    0.309
     1     1    6.416
     1     2    1.073
     1     3    0.000
     2     0    0.683
     2     1    0.828
     2     2    7.184
     2     3    0.000
     3     0    1.773
     3     1    4.307
     3     2    0.123
     3     3    0.000
 mu_new=    -7.180
 Charge transfer:  iph  charge(iph)
       0   -0.227
       1    0.203
       2    0.305
       3   -0.203
              SCF ITERATION NUMBER 14  OUT OF  30
 Calculating energy and space dependent l-DOS.  It takes time ...
     point #   1  energy = -34.000
     Doing FMS for a cluster of   31 atoms around iph =   0 in fmsie
    0   FMS matrix (LUD) at point   1, number of state kets = 279
     Doing FMS for a cluster of   23 atoms around iph =   1 in fmsie
    0   FMS matrix (LUD) at point   1, number of state kets = 207
     Doing FMS for a cluster of   28 atoms around iph =   2 in fmsie
    0   FMS matrix (LUD) at point   1, number of state kets = 252
     Doing FMS for a cluster of   24 atoms around iph =   3 in fmsie
    0   FMS matrix (LUD) at point   1, number of state kets = 216
  Electronic configuration
   iph    il      N_el
     0     0    1.796
     0     1    4.315
     0     2    0.116
     0     3    0.000
     1     0    0.309
     1     1    6.416
     1     2    1.073
     1     3    0.000
     2     0    0.683
     2     1    0.828
     2     2    7.184
     2     3    0.000
     3     0    1.773
     3     1    4.307
     3     2    0.122
     3     3    0.000
 mu_new=    -7.180
 Charge transfer:  iph  charge(iph)
       0   -0.227
       1    0.203
       2    0.305
       3   -0.203
              SCF ITERATION NUMBER 15  OUT OF  30
 Calculating energy and space dependent l-DOS.  It takes time ...
     point #   1  energy = -34.000
     Doing FMS for a cluster of   31 atoms around iph =   0 in fmsie
    0   FMS matrix (LUD) at point   1, number of state kets = 279
     Doing FMS for a cluster of   23 atoms around iph =   1 in fmsie
    0   FMS matrix (LUD) at point   1, number of state kets = 207
     Doing FMS for a cluster of   28 atoms around iph =   2 in fmsie
    0   FMS matrix (LUD) at point   1, number of state kets = 252
     Doing FMS for a cluster of   24 atoms around iph =   3 in fmsie
    0   FMS matrix (LUD) at point   1, number of state kets = 216
  Electronic configuration
   iph    il      N_el
     0     0    1.796
     0     1    4.315
     0     2    0.116
     0     3    0.000
     1     0    0.309
     1     1    6.416
     1     2    1.073
     1     3    0.000
     2     0    0.683
     2     1    0.828
     2     2    7.184
     2     3    0.000
     3     0    1.773
     3     1    4.308
     3     2    0.122
     3     3    0.000
 mu_new=    -7.180
 Charge transfer:  iph  charge(iph)
       0   -0.227
       1    0.203
       2    0.305
       3   -0.203
 Convergence reached.
 Done with module 1: potentials.
 total time       11.5981009006500     
 communicate time  0.176850080490112     
