 Number of processors =           12
 Calculating potentials ...
muffin tin radii and interstitial parameters
 iph, rnrm(iph)*bohr, rmt(iph)*bohr, folp(iph)
    0  1.04077E+00  9.69195E-01  1.15000E+00
    1  1.78743E+00  1.72843E+00  1.08655E+00
    2  1.41428E+00  1.26133E+00  1.15000E+00
    3  1.03064E+00  9.23295E-01  1.15000E+00
              Core-valence separation
 ecv=   -34.000
 mu_old=     3.385
              SCF ITERATION NUMBER  1  OUT OF  30
 Calculating energy and space dependent l-DOS.  It takes time ...
     point #   1  energy = -34.000
     Doing FMS for a cluster of   27 atoms around iph =   0 in fmsie
    0   FMS matrix (LUD) at point   1, number of state kets = 243
     Doing FMS for a cluster of   27 atoms around iph =   1 in fmsie
    0   FMS matrix (LUD) at point   1, number of state kets = 243
     Doing FMS for a cluster of   29 atoms around iph =   2 in fmsie
    0   FMS matrix (LUD) at point   1, number of state kets = 261
     Doing FMS for a cluster of   24 atoms around iph =   3 in fmsie
    0   FMS matrix (LUD) at point   1, number of state kets = 216
  Electronic configuration
   iph    il      N_el
     0     0    1.814
     0     1    4.720
     0     2    0.109
     0     3    0.000
     1     0    0.313
     1     1    6.380
     1     2    1.023
     1     3    0.000
     2     0    0.649
     2     1    0.785
     2     2    6.699
     2     3    0.000
     3     0    1.802
     3     1    4.586
     3     2    0.116
     3     3    0.000
 mu_new=    -7.582
 Charge transfer:  iph  charge(iph)
       0   -0.124
       1    0.059
       2    0.162
       3   -0.096
              SCF ITERATION NUMBER  2  OUT OF  30
 Calculating energy and space dependent l-DOS.  It takes time ...
     point #   1  energy = -34.000
     Doing FMS for a cluster of   27 atoms around iph =   0 in fmsie
    0   FMS matrix (LUD) at point   1, number of state kets = 243
     Doing FMS for a cluster of   27 atoms around iph =   1 in fmsie
    0   FMS matrix (LUD) at point   1, number of state kets = 243
     Doing FMS for a cluster of   29 atoms around iph =   2 in fmsie
    0   FMS matrix (LUD) at point   1, number of state kets = 261
     Doing FMS for a cluster of   24 atoms around iph =   3 in fmsie
    0   FMS matrix (LUD) at point   1, number of state kets = 216
  Electronic configuration
   iph    il      N_el
     0     0    1.795
     0     1    4.476
     0     2    0.106
     0     3    0.000
     1     0    0.307
     1     1    6.378
     1     2    1.020
     1     3    0.000
     2     0    0.676
     2     1    0.806
     2     2    7.172
     2     3    0.000
     3     0    1.785
     3     1    4.347
     3     2    0.114
     3     3    0.000
 mu_new=    -7.848
 Charge transfer:  iph  charge(iph)
       0   -0.347
       1    0.266
       2    0.325
       3   -0.229
              SCF ITERATION NUMBER  3  OUT OF  30
 Calculating energy and space dependent l-DOS.  It takes time ...
     point #   1  energy = -34.000
     Doing FMS for a cluster of   27 atoms around iph =   0 in fmsie
    0   FMS matrix (LUD) at point   1, number of state kets = 243
     Doing FMS for a cluster of   27 atoms around iph =   1 in fmsie
    0   FMS matrix (LUD) at point   1, number of state kets = 243
     Doing FMS for a cluster of   29 atoms around iph =   2 in fmsie
    0   FMS matrix (LUD) at point   1, number of state kets = 261
     Doing FMS for a cluster of   24 atoms around iph =   3 in fmsie
    0   FMS matrix (LUD) at point   1, number of state kets = 216
  Electronic configuration
   iph    il      N_el
     0     0    1.774
     0     1    4.173
     0     2    0.109
     0     3    0.000
     1     0    0.330
     1     1    6.404
     1     2    1.148
     1     3    0.000
     2     0    0.704
     2     1    0.839
     2     2    7.414
     2     3    0.000
     3     0    1.773
     3     1    4.161
     3     2    0.117
     3     3    0.000
 mu_new=    -7.323
 Charge transfer:  iph  charge(iph)
       0   -0.292
       1    0.243
       2    0.268
       3   -0.195
              SCF ITERATION NUMBER  4  OUT OF  30
 Calculating energy and space dependent l-DOS.  It takes time ...
     point #   1  energy = -34.000
     Doing FMS for a cluster of   27 atoms around iph =   0 in fmsie
    0   FMS matrix (LUD) at point   1, number of state kets = 243
     Doing FMS for a cluster of   27 atoms around iph =   1 in fmsie
    0   FMS matrix (LUD) at point   1, number of state kets = 243
     Doing FMS for a cluster of   29 atoms around iph =   2 in fmsie
    0   FMS matrix (LUD) at point   1, number of state kets = 261
     Doing FMS for a cluster of   24 atoms around iph =   3 in fmsie
    0   FMS matrix (LUD) at point   1, number of state kets = 216
  Electronic configuration
   iph    il      N_el
     0     0    1.785
     0     1    4.340
     0     2    0.109
     0     3    0.000
     1     0    0.325
     1     1    6.398
     1     2    1.121
     1     3    0.000
     2     0    0.692
     2     1    0.828
     2     2    7.219
     2     3    0.000
     3     0    1.780
     3     1    4.272
     3     2    0.117
     3     3    0.000
 mu_new=    -7.242
 Charge transfer:  iph  charge(iph)
       0   -0.281
       1    0.224
       2    0.268
       3   -0.190
              SCF ITERATION NUMBER  5  OUT OF  30
 Calculating energy and space dependent l-DOS.  It takes time ...
     point #   1  energy = -34.000
     Doing FMS for a cluster of   27 atoms around iph =   0 in fmsie
    0   FMS matrix (LUD) at point   1, number of state kets = 243
     Doing FMS for a cluster of   27 atoms around iph =   1 in fmsie
    0   FMS matrix (LUD) at point   1, number of state kets = 243
     Doing FMS for a cluster of   29 atoms around iph =   2 in fmsie
    0   FMS matrix (LUD) at point   1, number of state kets = 261
     Doing FMS for a cluster of   24 atoms around iph =   3 in fmsie
    0   FMS matrix (LUD) at point   1, number of state kets = 216
  Electronic configuration
   iph    il      N_el
     0     0    1.788
     0     1    4.382
     0     2    0.109
     0     3    0.000
     1     0    0.321
     1     1    6.392
     1     2    1.096
     1     3    0.000
     2     0    0.690
     2     1    0.824
     2     2    7.207
     2     3    0.000
     3     0    1.781
     3     1    4.290
     3     2    0.117
     3     3    0.000
 mu_new=    -7.294
 Charge transfer:  iph  charge(iph)
       0   -0.280
       1    0.216
       2    0.271
       3   -0.190
              SCF ITERATION NUMBER  6  OUT OF  30
 Calculating energy and space dependent l-DOS.  It takes time ...
     point #   1  energy = -34.000
     Doing FMS for a cluster of   27 atoms around iph =   0 in fmsie
    0   FMS matrix (LUD) at point   1, number of state kets = 243
     Doing FMS for a cluster of   27 atoms around iph =   1 in fmsie
    0   FMS matrix (LUD) at point   1, number of state kets = 243
     Doing FMS for a cluster of   29 atoms around iph =   2 in fmsie
    0   FMS matrix (LUD) at point   1, number of state kets = 261
     Doing FMS for a cluster of   24 atoms around iph =   3 in fmsie
    0   FMS matrix (LUD) at point   1, number of state kets = 216
  Electronic configuration
   iph    il      N_el
     0     0    1.789
     0     1    4.367
     0     2    0.121
     0     3    0.000
     1     0    0.326
     1     1    6.396
     1     2    1.158
     1     3    0.000
     2     0    0.691
     2     1    0.830
     2     2    7.162
     2     3    0.000
     3     0    1.782
     3     1    4.279
     3     2    0.128
     3     3    0.000
 mu_new=    -7.294
 Charge transfer:  iph  charge(iph)
       0   -0.281
       1    0.221
       2    0.269
       3   -0.190
              SCF ITERATION NUMBER  7  OUT OF  30
 Calculating energy and space dependent l-DOS.  It takes time ...
     point #   1  energy = -34.000
     Doing FMS for a cluster of   27 atoms around iph =   0 in fmsie
    0   FMS matrix (LUD) at point   1, number of state kets = 243
     Doing FMS for a cluster of   27 atoms around iph =   1 in fmsie
    0   FMS matrix (LUD) at point   1, number of state kets = 243
     Doing FMS for a cluster of   29 atoms around iph =   2 in fmsie
    0   FMS matrix (LUD) at point   1, number of state kets = 261
     Doing FMS for a cluster of   24 atoms around iph =   3 in fmsie
    0   FMS matrix (LUD) at point   1, number of state kets = 216
  Electronic configuration
   iph    il      N_el
     0     0    1.789
     0     1    4.373
     0     2    0.117
     0     3    0.000
     1     0    0.325
     1     1    6.395
     1     2    1.140
     1     3    0.000
     2     0    0.690
     2     1    0.828
     2     2    7.172
     2     3    0.000
     3     0    1.782
     3     1    4.284
     3     2    0.124
     3     3    0.000
 mu_new=    -7.294
 Charge transfer:  iph  charge(iph)
       0   -0.283
       1    0.243
       2    0.260
       3   -0.191
              SCF ITERATION NUMBER  8  OUT OF  30
 Calculating energy and space dependent l-DOS.  It takes time ...
     point #   1  energy = -34.000
     Doing FMS for a cluster of   27 atoms around iph =   0 in fmsie
    0   FMS matrix (LUD) at point   1, number of state kets = 243
     Doing FMS for a cluster of   27 atoms around iph =   1 in fmsie
    0   FMS matrix (LUD) at point   1, number of state kets = 243
     Doing FMS for a cluster of   29 atoms around iph =   2 in fmsie
    0   FMS matrix (LUD) at point   1, number of state kets = 261
     Doing FMS for a cluster of   24 atoms around iph =   3 in fmsie
    0   FMS matrix (LUD) at point   1, number of state kets = 216
  Electronic configuration
   iph    il      N_el
     0     0    1.788
     0     1    4.383
     0     2    0.109
     0     3    0.000
     1     0    0.322
     1     1    6.394
     1     2    1.105
     1     3    0.000
     2     0    0.689
     2     1    0.824
     2     2    7.196
     2     3    0.000
     3     0    1.781
     3     1    4.292
     3     2    0.117
     3     3    0.000
 mu_new=    -7.294
 Charge transfer:  iph  charge(iph)
       0   -0.289
       1    0.313
       2    0.233
       3   -0.195
negative dens  10  0-2991.606345 - usually due to harmless precision errors, but check DOS to make sure
negative dens  10  3-1071.308420 - usually due to harmless precision errors, but check DOS to make sure
              SCF ITERATION NUMBER  9  OUT OF  30
 Calculating energy and space dependent l-DOS.  It takes time ...
     point #   1  energy = -34.000
     Doing FMS for a cluster of   27 atoms around iph =   0 in fmsie
    0   FMS matrix (LUD) at point   1, number of state kets = 243
     Doing FMS for a cluster of   27 atoms around iph =   1 in fmsie
    0   FMS matrix (LUD) at point   1, number of state kets = 243
     Doing FMS for a cluster of   29 atoms around iph =   2 in fmsie
    0   FMS matrix (LUD) at point   1, number of state kets = 261
     Doing FMS for a cluster of   24 atoms around iph =   3 in fmsie
    0   FMS matrix (LUD) at point   1, number of state kets = 216
  Electronic configuration
   iph    il      N_el
     0     0    1.788
     0     1    4.380
     0     2    0.110
     0     3    0.000
     1     0    0.328
     1     1    6.405
     1     2    1.147
     1     3    0.000
     2     0    0.688
     2     1    0.825
     2     2    7.156
     2     3    0.000
     3     0    1.782
     3     1    4.297
     3     2    0.117
     3     3    0.000
 mu_new=    -7.233
 Charge transfer:  iph  charge(iph)
       0   -0.280
       1    0.202
       2    0.276
       3   -0.189
              SCF ITERATION NUMBER 10  OUT OF  30
 Calculating energy and space dependent l-DOS.  It takes time ...
     point #   1  energy = -34.000
     Doing FMS for a cluster of   27 atoms around iph =   0 in fmsie
    0   FMS matrix (LUD) at point   1, number of state kets = 243
     Doing FMS for a cluster of   27 atoms around iph =   1 in fmsie
    0   FMS matrix (LUD) at point   1, number of state kets = 243
     Doing FMS for a cluster of   29 atoms around iph =   2 in fmsie
    0   FMS matrix (LUD) at point   1, number of state kets = 261
     Doing FMS for a cluster of   24 atoms around iph =   3 in fmsie
    0   FMS matrix (LUD) at point   1, number of state kets = 216
  Electronic configuration
   iph    il      N_el
     0     0    1.788
     0     1    4.386
     0     2    0.109
     0     3    0.000
     1     0    0.317
     1     1    6.387
     1     2    1.077
     1     3    0.000
     2     0    0.689
     2     1    0.822
     2     2    7.222
     2     3    0.000
     3     0    1.781
     3     1    4.291
     3     2    0.116
     3     3    0.000
 mu_new=    -7.359
 Charge transfer:  iph  charge(iph)
       0   -0.281
       1    0.209
       2    0.274
       3   -0.189
              SCF ITERATION NUMBER 11  OUT OF  30
 Calculating energy and space dependent l-DOS.  It takes time ...
     point #   1  energy = -34.000
     Doing FMS for a cluster of   27 atoms around iph =   0 in fmsie
    0   FMS matrix (LUD) at point   1, number of state kets = 243
     Doing FMS for a cluster of   27 atoms around iph =   1 in fmsie
    0   FMS matrix (LUD) at point   1, number of state kets = 243
     Doing FMS for a cluster of   29 atoms around iph =   2 in fmsie
    0   FMS matrix (LUD) at point   1, number of state kets = 261
     Doing FMS for a cluster of   24 atoms around iph =   3 in fmsie
    0   FMS matrix (LUD) at point   1, number of state kets = 216
  Electronic configuration
   iph    il      N_el
     0     0    1.788
     0     1    4.382
     0     2    0.111
     0     3    0.000
     1     0    0.319
     1     1    6.389
     1     2    1.092
     1     3    0.000
     2     0    0.689
     2     1    0.823
     2     2    7.210
     2     3    0.000
     3     0    1.781
     3     1    4.289
     3     2    0.118
     3     3    0.000
 mu_new=    -7.359
 Charge transfer:  iph  charge(iph)
       0   -0.281
       1    0.206
       2    0.275
       3   -0.189
              SCF ITERATION NUMBER 12  OUT OF  30
 Calculating energy and space dependent l-DOS.  It takes time ...
     point #   1  energy = -34.000
     Doing FMS for a cluster of   27 atoms around iph =   0 in fmsie
    0   FMS matrix (LUD) at point   1, number of state kets = 243
     Doing FMS for a cluster of   27 atoms around iph =   1 in fmsie
    0   FMS matrix (LUD) at point   1, number of state kets = 243
     Doing FMS for a cluster of   29 atoms around iph =   2 in fmsie
    0   FMS matrix (LUD) at point   1, number of state kets = 261
     Doing FMS for a cluster of   24 atoms around iph =   3 in fmsie
    0   FMS matrix (LUD) at point   1, number of state kets = 216
  Electronic configuration
   iph    il      N_el
     0     0    1.789
     0     1    4.378
     0     2    0.114
     0     3    0.000
     1     0    0.320
     1     1    6.390
     1     2    1.109
     1     3    0.000
     2     0    0.690
     2     1    0.824
     2     2    7.198
     2     3    0.000
     3     0    1.782
     3     1    4.286
     3     2    0.121
     3     3    0.000
 mu_new=    -7.359
 Charge transfer:  iph  charge(iph)
       0   -0.281
       1    0.208
       2    0.274
       3   -0.189
              SCF ITERATION NUMBER 13  OUT OF  30
 Calculating energy and space dependent l-DOS.  It takes time ...
     point #   1  energy = -34.000
     Doing FMS for a cluster of   27 atoms around iph =   0 in fmsie
    0   FMS matrix (LUD) at point   1, number of state kets = 243
     Doing FMS for a cluster of   27 atoms around iph =   1 in fmsie
    0   FMS matrix (LUD) at point   1, number of state kets = 243
     Doing FMS for a cluster of   29 atoms around iph =   2 in fmsie
    0   FMS matrix (LUD) at point   1, number of state kets = 261
     Doing FMS for a cluster of   24 atoms around iph =   3 in fmsie
    0   FMS matrix (LUD) at point   1, number of state kets = 216
  Electronic configuration
   iph    il      N_el
     0     0    1.789
     0     1    4.378
     0     2    0.113
     0     3    0.000
     1     0    0.320
     1     1    6.390
     1     2    1.107
     1     3    0.000
     2     0    0.690
     2     1    0.824
     2     2    7.199
     2     3    0.000
     3     0    1.782
     3     1    4.287
     3     2    0.121
     3     3    0.000
 mu_new=    -7.359
 Charge transfer:  iph  charge(iph)
       0   -0.291
       1    0.320
       2    0.231
       3   -0.195
negative dens  10  0-5023.928287 - usually due to harmless precision errors, but check DOS to make sure
negative dens  10  3-3048.515450 - usually due to harmless precision errors, but check DOS to make sure
              SCF ITERATION NUMBER 14  OUT OF  30
 Calculating energy and space dependent l-DOS.  It takes time ...
     point #   1  energy = -34.000
     Doing FMS for a cluster of   27 atoms around iph =   0 in fmsie
    0   FMS matrix (LUD) at point   1, number of state kets = 243
     Doing FMS for a cluster of   27 atoms around iph =   1 in fmsie
    0   FMS matrix (LUD) at point   1, number of state kets = 243
     Doing FMS for a cluster of   29 atoms around iph =   2 in fmsie
    0   FMS matrix (LUD) at point   1, number of state kets = 261
     Doing FMS for a cluster of   24 atoms around iph =   3 in fmsie
    0   FMS matrix (LUD) at point   1, number of state kets = 216
  Electronic configuration
   iph    il      N_el
     0     0    1.788
     0     1    4.382
     0     2    0.109
     0     3    0.000
     1     0    0.327
     1     1    6.403
     1     2    1.141
     1     3    0.000
     2     0    0.687
     2     1    0.824
     2     2    7.160
     2     3    0.000
     3     0    1.782
     3     1    4.298
     3     2    0.117
     3     3    0.000
 mu_new=    -7.270
 Charge transfer:  iph  charge(iph)
       0   -0.281
       1    0.207
       2    0.275
       3   -0.189
              SCF ITERATION NUMBER 15  OUT OF  30
 Calculating energy and space dependent l-DOS.  It takes time ...
     point #   1  energy = -34.000
     Doing FMS for a cluster of   27 atoms around iph =   0 in fmsie
    0   FMS matrix (LUD) at point   1, number of state kets = 243
     Doing FMS for a cluster of   27 atoms around iph =   1 in fmsie
    0   FMS matrix (LUD) at point   1, number of state kets = 243
     Doing FMS for a cluster of   29 atoms around iph =   2 in fmsie
    0   FMS matrix (LUD) at point   1, number of state kets = 261
     Doing FMS for a cluster of   24 atoms around iph =   3 in fmsie
    0   FMS matrix (LUD) at point   1, number of state kets = 216
  Electronic configuration
   iph    il      N_el
     0     0    1.788
     0     1    4.386
     0     2    0.108
     0     3    0.000
     1     0    0.317
     1     1    6.387
     1     2    1.075
     1     3    0.000
     2     0    0.689
     2     1    0.821
     2     2    7.224
     2     3    0.000
     3     0    1.781
     3     1    4.291
     3     2    0.116
     3     3    0.000
 mu_new=    -7.386
 Charge transfer:  iph  charge(iph)
       0   -0.283
       1    0.221
       2    0.270
       3   -0.190
              SCF ITERATION NUMBER 16  OUT OF  30
 Calculating energy and space dependent l-DOS.  It takes time ...
     point #   1  energy = -34.000
     Doing FMS for a cluster of   27 atoms around iph =   0 in fmsie
    0   FMS matrix (LUD) at point   1, number of state kets = 243
     Doing FMS for a cluster of   27 atoms around iph =   1 in fmsie
    0   FMS matrix (LUD) at point   1, number of state kets = 243
     Doing FMS for a cluster of   29 atoms around iph =   2 in fmsie
    0   FMS matrix (LUD) at point   1, number of state kets = 261
     Doing FMS for a cluster of   24 atoms around iph =   3 in fmsie
    0   FMS matrix (LUD) at point   1, number of state kets = 216
  Electronic configuration
   iph    il      N_el
     0     0    1.788
     0     1    4.386
     0     2    0.108
     0     3    0.000
     1     0    0.318
     1     1    6.389
     1     2    1.082
     1     3    0.000
     2     0    0.689
     2     1    0.821
     2     2    7.217
     2     3    0.000
     3     0    1.781
     3     1    4.292
     3     2    0.116
     3     3    0.000
 mu_new=    -7.373
 Charge transfer:  iph  charge(iph)
       0   -0.283
       1    0.219
       2    0.270
       3   -0.190
              SCF ITERATION NUMBER 17  OUT OF  30
 Calculating energy and space dependent l-DOS.  It takes time ...
     point #   1  energy = -34.000
     Doing FMS for a cluster of   27 atoms around iph =   0 in fmsie
    0   FMS matrix (LUD) at point   1, number of state kets = 243
     Doing FMS for a cluster of   27 atoms around iph =   1 in fmsie
    0   FMS matrix (LUD) at point   1, number of state kets = 243
     Doing FMS for a cluster of   29 atoms around iph =   2 in fmsie
    0   FMS matrix (LUD) at point   1, number of state kets = 261
     Doing FMS for a cluster of   24 atoms around iph =   3 in fmsie
    0   FMS matrix (LUD) at point   1, number of state kets = 216
  Electronic configuration
   iph    il      N_el
     0     0    1.788
     0     1    4.384
     0     2    0.109
     0     3    0.000
     1     0    0.318
     1     1    6.389
     1     2    1.086
     1     3    0.000
     2     0    0.689
     2     1    0.822
     2     2    7.214
     2     3    0.000
     3     0    1.781
     3     1    4.291
     3     2    0.117
     3     3    0.000
 mu_new=    -7.373
 Charge transfer:  iph  charge(iph)
       0   -0.283
       1    0.225
       2    0.268
       3   -0.190
              SCF ITERATION NUMBER 18  OUT OF  30
 Calculating energy and space dependent l-DOS.  It takes time ...
     point #   1  energy = -34.000
     Doing FMS for a cluster of   27 atoms around iph =   0 in fmsie
    0   FMS matrix (LUD) at point   1, number of state kets = 243
     Doing FMS for a cluster of   27 atoms around iph =   1 in fmsie
    0   FMS matrix (LUD) at point   1, number of state kets = 243
     Doing FMS for a cluster of   29 atoms around iph =   2 in fmsie
    0   FMS matrix (LUD) at point   1, number of state kets = 261
     Doing FMS for a cluster of   24 atoms around iph =   3 in fmsie
    0   FMS matrix (LUD) at point   1, number of state kets = 216
  Electronic configuration
   iph    il      N_el
     0     0    1.788
     0     1    4.385
     0     2    0.109
     0     3    0.000
     1     0    0.318
     1     1    6.389
     1     2    1.084
     1     3    0.000
     2     0    0.689
     2     1    0.821
     2     2    7.214
     2     3    0.000
     3     0    1.781
     3     1    4.292
     3     2    0.116
     3     3    0.000
 mu_new=    -7.370
 Charge transfer:  iph  charge(iph)
       0   -0.281
       1    0.204
       2    0.276
       3   -0.189
              SCF ITERATION NUMBER 19  OUT OF  30
 Calculating energy and space dependent l-DOS.  It takes time ...
     point #   1  energy = -34.000
     Doing FMS for a cluster of   27 atoms around iph =   0 in fmsie
    0   FMS matrix (LUD) at point   1, number of state kets = 243
     Doing FMS for a cluster of   27 atoms around iph =   1 in fmsie
    0   FMS matrix (LUD) at point   1, number of state kets = 243
     Doing FMS for a cluster of   29 atoms around iph =   2 in fmsie
    0   FMS matrix (LUD) at point   1, number of state kets = 261
     Doing FMS for a cluster of   24 atoms around iph =   3 in fmsie
    0   FMS matrix (LUD) at point   1, number of state kets = 216
  Electronic configuration
   iph    il      N_el
     0     0    1.789
     0     1    4.377
     0     2    0.115
     0     3    0.000
     1     0    0.320
     1     1    6.390
     1     2    1.110
     1     3    0.000
     2     0    0.690
     2     1    0.824
     2     2    7.198
     2     3    0.000
     3     0    1.782
     3     1    4.286
     3     2    0.122
     3     3    0.000
 mu_new=    -7.370
 Charge transfer:  iph  charge(iph)
       0   -0.284
       1    0.232
       2    0.265
       3   -0.190
              SCF ITERATION NUMBER 20  OUT OF  30
 Calculating energy and space dependent l-DOS.  It takes time ...
     point #   1  energy = -34.000
     Doing FMS for a cluster of   27 atoms around iph =   0 in fmsie
    0   FMS matrix (LUD) at point   1, number of state kets = 243
     Doing FMS for a cluster of   27 atoms around iph =   1 in fmsie
    0   FMS matrix (LUD) at point   1, number of state kets = 243
     Doing FMS for a cluster of   29 atoms around iph =   2 in fmsie
    0   FMS matrix (LUD) at point   1, number of state kets = 261
     Doing FMS for a cluster of   24 atoms around iph =   3 in fmsie
    0   FMS matrix (LUD) at point   1, number of state kets = 216
  Electronic configuration
   iph    il      N_el
     0     0    1.788
     0     1    4.385
     0     2    0.109
     0     3    0.000
     1     0    0.319
     1     1    6.390
     1     2    1.088
     1     3    0.000
     2     0    0.688
     2     1    0.821
     2     2    7.211
     2     3    0.000
     3     0    1.781
     3     1    4.293
     3     2    0.116
     3     3    0.000
 mu_new=    -7.364
 Charge transfer:  iph  charge(iph)
       0   -0.278
       1    0.168
       2    0.290
       3   -0.187
              SCF ITERATION NUMBER 21  OUT OF  30
 Calculating energy and space dependent l-DOS.  It takes time ...
     point #   1  energy = -34.000
     Doing FMS for a cluster of   27 atoms around iph =   0 in fmsie
    0   FMS matrix (LUD) at point   1, number of state kets = 243
     Doing FMS for a cluster of   27 atoms around iph =   1 in fmsie
    0   FMS matrix (LUD) at point   1, number of state kets = 243
     Doing FMS for a cluster of   29 atoms around iph =   2 in fmsie
    0   FMS matrix (LUD) at point   1, number of state kets = 261
     Doing FMS for a cluster of   24 atoms around iph =   3 in fmsie
    0   FMS matrix (LUD) at point   1, number of state kets = 216
  Electronic configuration
   iph    il      N_el
     0     0    1.788
     0     1    4.387
     0     2    0.108
     0     3    0.000
     1     0    0.313
     1     1    6.381
     1     2    1.054
     1     3    0.000
     2     0    0.689
     2     1    0.820
     2     2    7.245
     2     3    0.000
     3     0    1.781
     3     1    4.289
     3     2    0.116
     3     3    0.000
 mu_new=    -7.431
 Charge transfer:  iph  charge(iph)
       0   -0.281
       1    0.193
       2    0.280
       3   -0.188
              SCF ITERATION NUMBER 22  OUT OF  30
 Calculating energy and space dependent l-DOS.  It takes time ...
     point #   1  energy = -34.000
     Doing FMS for a cluster of   27 atoms around iph =   0 in fmsie
    0   FMS matrix (LUD) at point   1, number of state kets = 243
     Doing FMS for a cluster of   27 atoms around iph =   1 in fmsie
    0   FMS matrix (LUD) at point   1, number of state kets = 243
     Doing FMS for a cluster of   29 atoms around iph =   2 in fmsie
    0   FMS matrix (LUD) at point   1, number of state kets = 261
     Doing FMS for a cluster of   24 atoms around iph =   3 in fmsie
    0   FMS matrix (LUD) at point   1, number of state kets = 216
  Electronic configuration
   iph    il      N_el
     0     0    1.788
     0     1    4.387
     0     2    0.108
     0     3    0.000
     1     0    0.315
     1     1    6.385
     1     2    1.067
     1     3    0.000
     2     0    0.689
     2     1    0.821
     2     2    7.231
     2     3    0.000
     3     0    1.781
     3     1    4.291
     3     2    0.116
     3     3    0.000
 mu_new=    -7.403
 Charge transfer:  iph  charge(iph)
       0   -0.282
       1    0.208
       2    0.274
       3   -0.189
              SCF ITERATION NUMBER 23  OUT OF  30
 Calculating energy and space dependent l-DOS.  It takes time ...
     point #   1  energy = -34.000
     Doing FMS for a cluster of   27 atoms around iph =   0 in fmsie
    0   FMS matrix (LUD) at point   1, number of state kets = 243
     Doing FMS for a cluster of   27 atoms around iph =   1 in fmsie
    0   FMS matrix (LUD) at point   1, number of state kets = 243
     Doing FMS for a cluster of   29 atoms around iph =   2 in fmsie
    0   FMS matrix (LUD) at point   1, number of state kets = 261
     Doing FMS for a cluster of   24 atoms around iph =   3 in fmsie
    0   FMS matrix (LUD) at point   1, number of state kets = 216
  Electronic configuration
   iph    il      N_el
     0     0    1.788
     0     1    4.386
     0     2    0.108
     0     3    0.000
     1     0    0.317
     1     1    6.387
     1     2    1.075
     1     3    0.000
     2     0    0.689
     2     1    0.821
     2     2    7.223
     2     3    0.000
     3     0    1.781
     3     1    4.292
     3     2    0.116
     3     3    0.000
 mu_new=    -7.388
 Charge transfer:  iph  charge(iph)
       0   -0.283
       1    0.215
       2    0.271
       3   -0.189
              SCF ITERATION NUMBER 24  OUT OF  30
 Calculating energy and space dependent l-DOS.  It takes time ...
     point #   1  energy = -34.000
     Doing FMS for a cluster of   27 atoms around iph =   0 in fmsie
    0   FMS matrix (LUD) at point   1, number of state kets = 243
     Doing FMS for a cluster of   27 atoms around iph =   1 in fmsie
    0   FMS matrix (LUD) at point   1, number of state kets = 243
     Doing FMS for a cluster of   29 atoms around iph =   2 in fmsie
    0   FMS matrix (LUD) at point   1, number of state kets = 261
     Doing FMS for a cluster of   24 atoms around iph =   3 in fmsie
    0   FMS matrix (LUD) at point   1, number of state kets = 216
  Electronic configuration
   iph    il      N_el
     0     0    1.788
     0     1    4.386
     0     2    0.108
     0     3    0.000
     1     0    0.317
     1     1    6.388
     1     2    1.079
     1     3    0.000
     2     0    0.689
     2     1    0.821
     2     2    7.220
     2     3    0.000
     3     0    1.781
     3     1    4.292
     3     2    0.116
     3     3    0.000
 mu_new=    -7.381
 Charge transfer:  iph  charge(iph)
       0   -0.283
       1    0.216
       2    0.271
       3   -0.189
              SCF ITERATION NUMBER 25  OUT OF  30
 Calculating energy and space dependent l-DOS.  It takes time ...
     point #   1  energy = -34.000
     Doing FMS for a cluster of   27 atoms around iph =   0 in fmsie
    0   FMS matrix (LUD) at point   1, number of state kets = 243
     Doing FMS for a cluster of   27 atoms around iph =   1 in fmsie
    0   FMS matrix (LUD) at point   1, number of state kets = 243
     Doing FMS for a cluster of   29 atoms around iph =   2 in fmsie
    0   FMS matrix (LUD) at point   1, number of state kets = 261
     Doing FMS for a cluster of   24 atoms around iph =   3 in fmsie
    0   FMS matrix (LUD) at point   1, number of state kets = 216
  Electronic configuration
   iph    il      N_el
     0     0    1.788
     0     1    4.386
     0     2    0.108
     0     3    0.000
     1     0    0.317
     1     1    6.388
     1     2    1.079
     1     3    0.000
     2     0    0.689
     2     1    0.821
     2     2    7.219
     2     3    0.000
     3     0    1.781
     3     1    4.292
     3     2    0.116
     3     3    0.000
 mu_new=    -7.380
 Charge transfer:  iph  charge(iph)
       0   -0.283
       1    0.216
       2    0.271
       3   -0.189
 Convergence reached.
 Done with module 1: potentials.
 total time       18.0630030632019     
 communicate time  0.300919294357300     
