 Number of processors =           12
 Calculating potentials ...
muffin tin radii and interstitial parameters
 iph, rnrm(iph)*bohr, rmt(iph)*bohr, folp(iph)
    0  1.03375E+00  9.32359E-01  1.15000E+00
    1  1.85636E+00  1.81509E+00  1.05602E+00
    2  1.41536E+00  1.25793E+00  1.15000E+00
    3  1.04060E+00  9.61356E-01  1.15000E+00
              Core-valence separation
 ecv=   -34.000
 mu_old=     3.315
              SCF ITERATION NUMBER  1  OUT OF  30
 Calculating energy and space dependent l-DOS.  It takes time ...
     point #   1  energy = -34.000
     Doing FMS for a cluster of   23 atoms around iph =   0 in fmsie
    0   FMS matrix (LUD) at point   1, number of state kets = 207
     Doing FMS for a cluster of   17 atoms around iph =   1 in fmsie
    0   FMS matrix (LUD) at point   1, number of state kets = 153
     Doing FMS for a cluster of   31 atoms around iph =   2 in fmsie
    0   FMS matrix (LUD) at point   1, number of state kets = 279
     Doing FMS for a cluster of   23 atoms around iph =   3 in fmsie
    0   FMS matrix (LUD) at point   1, number of state kets = 207
  Electronic configuration
   iph    il      N_el
     0     0    1.804
     0     1    4.619
     0     2    0.111
     0     3    0.000
     1     0    0.270
     1     1    6.386
     1     2    0.906
     1     3    0.000
     2     0    0.641
     2     1    0.781
     2     2    6.593
     2     3    0.000
     3     0    1.814
     3     1    4.681
     3     2    0.106
     3     3    0.000
 mu_new=    -7.566
 Charge transfer:  iph  charge(iph)
       0   -0.102
       1    0.091
       2    0.186
       3   -0.116
              SCF ITERATION NUMBER  2  OUT OF  30
 Calculating energy and space dependent l-DOS.  It takes time ...
     point #   1  energy = -34.000
     Doing FMS for a cluster of   23 atoms around iph =   0 in fmsie
    0   FMS matrix (LUD) at point   1, number of state kets = 207
     Doing FMS for a cluster of   17 atoms around iph =   1 in fmsie
    0   FMS matrix (LUD) at point   1, number of state kets = 153
     Doing FMS for a cluster of   31 atoms around iph =   2 in fmsie
    0   FMS matrix (LUD) at point   1, number of state kets = 279
     Doing FMS for a cluster of   23 atoms around iph =   3 in fmsie
    0   FMS matrix (LUD) at point   1, number of state kets = 207
  Electronic configuration
   iph    il      N_el
     0     0    1.786
     0     1    4.361
     0     2    0.108
     0     3    0.000
     1     0    0.271
     1     1    6.393
     1     2    0.917
     1     3    0.000
     2     0    0.670
     2     1    0.798
     2     2    7.119
     2     3    0.000
     3     0    1.795
     3     1    4.413
     3     2    0.103
     3     3    0.000
 mu_new=    -7.937
 Charge transfer:  iph  charge(iph)
       0   -0.241
       1    0.386
       2    0.393
       3   -0.293
              SCF ITERATION NUMBER  3  OUT OF  30
 Calculating energy and space dependent l-DOS.  It takes time ...
     point #   1  energy = -34.000
     Doing FMS for a cluster of   23 atoms around iph =   0 in fmsie
    0   FMS matrix (LUD) at point   1, number of state kets = 207
     Doing FMS for a cluster of   17 atoms around iph =   1 in fmsie
    0   FMS matrix (LUD) at point   1, number of state kets = 153
     Doing FMS for a cluster of   31 atoms around iph =   2 in fmsie
    0   FMS matrix (LUD) at point   1, number of state kets = 279
     Doing FMS for a cluster of   23 atoms around iph =   3 in fmsie
    0   FMS matrix (LUD) at point   1, number of state kets = 207
  Electronic configuration
   iph    il      N_el
     0     0    1.773
     0     1    4.167
     0     2    0.111
     0     3    0.000
     1     0    0.294
     1     1    6.429
     1     2    1.052
     1     3    0.000
     2     0    0.701
     2     1    0.828
     2     2    7.493
     2     3    0.000
     3     0    1.779
     3     1    4.161
     3     2    0.106
     3     3    0.000
 mu_new=    -7.465
 Charge transfer:  iph  charge(iph)
       0   -0.204
       1    0.364
       2    0.309
       3   -0.245
              SCF ITERATION NUMBER  4  OUT OF  30
 Calculating energy and space dependent l-DOS.  It takes time ...
     point #   1  energy = -34.000
     Doing FMS for a cluster of   23 atoms around iph =   0 in fmsie
    0   FMS matrix (LUD) at point   1, number of state kets = 207
     Doing FMS for a cluster of   17 atoms around iph =   1 in fmsie
    0   FMS matrix (LUD) at point   1, number of state kets = 153
     Doing FMS for a cluster of   31 atoms around iph =   2 in fmsie
    0   FMS matrix (LUD) at point   1, number of state kets = 279
     Doing FMS for a cluster of   23 atoms around iph =   3 in fmsie
    0   FMS matrix (LUD) at point   1, number of state kets = 207
  Electronic configuration
   iph    il      N_el
     0     0    1.781
     0     1    4.292
     0     2    0.111
     0     3    0.000
     1     0    0.287
     1     1    6.419
     1     2    1.028
     1     3    0.000
     2     0    0.686
     2     1    0.820
     2     2    7.196
     2     3    0.000
     3     0    1.788
     3     1    4.321
     3     2    0.106
     3     3    0.000
 mu_new=    -7.298
 Charge transfer:  iph  charge(iph)
       0   -0.201
       1    0.345
       2    0.308
       3   -0.240
              SCF ITERATION NUMBER  5  OUT OF  30
 Calculating energy and space dependent l-DOS.  It takes time ...
     point #   1  energy = -34.000
     Doing FMS for a cluster of   23 atoms around iph =   0 in fmsie
    0   FMS matrix (LUD) at point   1, number of state kets = 207
     Doing FMS for a cluster of   17 atoms around iph =   1 in fmsie
    0   FMS matrix (LUD) at point   1, number of state kets = 153
     Doing FMS for a cluster of   31 atoms around iph =   2 in fmsie
    0   FMS matrix (LUD) at point   1, number of state kets = 279
     Doing FMS for a cluster of   23 atoms around iph =   3 in fmsie
    0   FMS matrix (LUD) at point   1, number of state kets = 207
  Electronic configuration
   iph    il      N_el
     0     0    1.782
     0     1    4.304
     0     2    0.111
     0     3    0.000
     1     0    0.284
     1     1    6.413
     1     2    1.006
     1     3    0.000
     2     0    0.683
     2     1    0.816
     2     2    7.178
     2     3    0.000
     3     0    1.790
     3     1    4.340
     3     2    0.106
     3     3    0.000
 mu_new=    -7.359
 Charge transfer:  iph  charge(iph)
       0   -0.200
       1    0.333
       2    0.312
       3   -0.239
              SCF ITERATION NUMBER  6  OUT OF  30
 Calculating energy and space dependent l-DOS.  It takes time ...
     point #   1  energy = -34.000
     Doing FMS for a cluster of   23 atoms around iph =   0 in fmsie
    0   FMS matrix (LUD) at point   1, number of state kets = 207
     Doing FMS for a cluster of   17 atoms around iph =   1 in fmsie
    0   FMS matrix (LUD) at point   1, number of state kets = 153
     Doing FMS for a cluster of   31 atoms around iph =   2 in fmsie
    0   FMS matrix (LUD) at point   1, number of state kets = 279
     Doing FMS for a cluster of   23 atoms around iph =   3 in fmsie
    0   FMS matrix (LUD) at point   1, number of state kets = 207
  Electronic configuration
   iph    il      N_el
     0     0    1.782
     0     1    4.305
     0     2    0.110
     0     3    0.000
     1     0    0.282
     1     1    6.410
     1     2    0.994
     1     3    0.000
     2     0    0.683
     2     1    0.814
     2     2    7.186
     2     3    0.000
     3     0    1.790
     3     1    4.342
     3     2    0.105
     3     3    0.000
 mu_new=    -7.416
 Charge transfer:  iph  charge(iph)
       0   -0.199
       1    0.323
       2    0.316
       3   -0.239
              SCF ITERATION NUMBER  7  OUT OF  30
 Calculating energy and space dependent l-DOS.  It takes time ...
     point #   1  energy = -34.000
     Doing FMS for a cluster of   23 atoms around iph =   0 in fmsie
    0   FMS matrix (LUD) at point   1, number of state kets = 207
     Doing FMS for a cluster of   17 atoms around iph =   1 in fmsie
    0   FMS matrix (LUD) at point   1, number of state kets = 153
     Doing FMS for a cluster of   31 atoms around iph =   2 in fmsie
    0   FMS matrix (LUD) at point   1, number of state kets = 279
     Doing FMS for a cluster of   23 atoms around iph =   3 in fmsie
    0   FMS matrix (LUD) at point   1, number of state kets = 207
  Electronic configuration
   iph    il      N_el
     0     0    1.782
     0     1    4.307
     0     2    0.110
     0     3    0.000
     1     0    0.281
     1     1    6.407
     1     2    0.982
     1     3    0.000
     2     0    0.682
     2     1    0.812
     2     2    7.192
     2     3    0.000
     3     0    1.790
     3     1    4.344
     3     2    0.105
     3     3    0.000
 mu_new=    -7.471
 Charge transfer:  iph  charge(iph)
       0   -0.199
       1    0.325
       2    0.315
       3   -0.239
              SCF ITERATION NUMBER  8  OUT OF  30
 Calculating energy and space dependent l-DOS.  It takes time ...
     point #   1  energy = -34.000
     Doing FMS for a cluster of   23 atoms around iph =   0 in fmsie
    0   FMS matrix (LUD) at point   1, number of state kets = 207
     Doing FMS for a cluster of   17 atoms around iph =   1 in fmsie
    0   FMS matrix (LUD) at point   1, number of state kets = 153
     Doing FMS for a cluster of   31 atoms around iph =   2 in fmsie
    0   FMS matrix (LUD) at point   1, number of state kets = 279
     Doing FMS for a cluster of   23 atoms around iph =   3 in fmsie
    0   FMS matrix (LUD) at point   1, number of state kets = 207
  Electronic configuration
   iph    il      N_el
     0     0    1.782
     0     1    4.307
     0     2    0.110
     0     3    0.000
     1     0    0.281
     1     1    6.408
     1     2    0.984
     1     3    0.000
     2     0    0.682
     2     1    0.812
     2     2    7.191
     2     3    0.000
     3     0    1.790
     3     1    4.344
     3     2    0.105
     3     3    0.000
 mu_new=    -7.468
 Charge transfer:  iph  charge(iph)
       0   -0.199
       1    0.327
       2    0.315
       3   -0.239
              SCF ITERATION NUMBER  9  OUT OF  30
 Calculating energy and space dependent l-DOS.  It takes time ...
     point #   1  energy = -34.000
     Doing FMS for a cluster of   23 atoms around iph =   0 in fmsie
    0   FMS matrix (LUD) at point   1, number of state kets = 207
     Doing FMS for a cluster of   17 atoms around iph =   1 in fmsie
    0   FMS matrix (LUD) at point   1, number of state kets = 153
     Doing FMS for a cluster of   31 atoms around iph =   2 in fmsie
    0   FMS matrix (LUD) at point   1, number of state kets = 279
     Doing FMS for a cluster of   23 atoms around iph =   3 in fmsie
    0   FMS matrix (LUD) at point   1, number of state kets = 207
  Electronic configuration
   iph    il      N_el
     0     0    1.782
     0     1    4.306
     0     2    0.111
     0     3    0.000
     1     0    0.282
     1     1    6.408
     1     2    0.991
     1     3    0.000
     2     0    0.683
     2     1    0.813
     2     2    7.188
     2     3    0.000
     3     0    1.790
     3     1    4.342
     3     2    0.106
     3     3    0.000
 mu_new=    -7.468
 Charge transfer:  iph  charge(iph)
       0   -0.199
       1    0.325
       2    0.315
       3   -0.239
              SCF ITERATION NUMBER 10  OUT OF  30
 Calculating energy and space dependent l-DOS.  It takes time ...
     point #   1  energy = -34.000
     Doing FMS for a cluster of   23 atoms around iph =   0 in fmsie
    0   FMS matrix (LUD) at point   1, number of state kets = 207
     Doing FMS for a cluster of   17 atoms around iph =   1 in fmsie
    0   FMS matrix (LUD) at point   1, number of state kets = 153
     Doing FMS for a cluster of   31 atoms around iph =   2 in fmsie
    0   FMS matrix (LUD) at point   1, number of state kets = 279
     Doing FMS for a cluster of   23 atoms around iph =   3 in fmsie
    0   FMS matrix (LUD) at point   1, number of state kets = 207
  Electronic configuration
   iph    il      N_el
     0     0    1.782
     0     1    4.304
     0     2    0.112
     0     3    0.000
     1     0    0.282
     1     1    6.409
     1     2    0.995
     1     3    0.000
     2     0    0.683
     2     1    0.813
     2     2    7.185
     2     3    0.000
     3     0    1.790
     3     1    4.341
     3     2    0.107
     3     3    0.000
 mu_new=    -7.468
 Charge transfer:  iph  charge(iph)
       0   -0.199
       1    0.328
       2    0.314
       3   -0.239
              SCF ITERATION NUMBER 11  OUT OF  30
 Calculating energy and space dependent l-DOS.  It takes time ...
     point #   1  energy = -34.000
     Doing FMS for a cluster of   23 atoms around iph =   0 in fmsie
    0   FMS matrix (LUD) at point   1, number of state kets = 207
     Doing FMS for a cluster of   17 atoms around iph =   1 in fmsie
    0   FMS matrix (LUD) at point   1, number of state kets = 153
     Doing FMS for a cluster of   31 atoms around iph =   2 in fmsie
    0   FMS matrix (LUD) at point   1, number of state kets = 279
     Doing FMS for a cluster of   23 atoms around iph =   3 in fmsie
    0   FMS matrix (LUD) at point   1, number of state kets = 207
  Electronic configuration
   iph    il      N_el
     0     0    1.782
     0     1    4.306
     0     2    0.111
     0     3    0.000
     1     0    0.282
     1     1    6.409
     1     2    0.990
     1     3    0.000
     2     0    0.682
     2     1    0.813
     2     2    7.188
     2     3    0.000
     3     0    1.790
     3     1    4.342
     3     2    0.106
     3     3    0.000
 mu_new=    -7.468
 Charge transfer:  iph  charge(iph)
       0   -0.199
       1    0.333
       2    0.313
       3   -0.239
              SCF ITERATION NUMBER 12  OUT OF  30
 Calculating energy and space dependent l-DOS.  It takes time ...
     point #   1  energy = -34.000
     Doing FMS for a cluster of   23 atoms around iph =   0 in fmsie
    0   FMS matrix (LUD) at point   1, number of state kets = 207
     Doing FMS for a cluster of   17 atoms around iph =   1 in fmsie
    0   FMS matrix (LUD) at point   1, number of state kets = 153
     Doing FMS for a cluster of   31 atoms around iph =   2 in fmsie
    0   FMS matrix (LUD) at point   1, number of state kets = 279
     Doing FMS for a cluster of   23 atoms around iph =   3 in fmsie
    0   FMS matrix (LUD) at point   1, number of state kets = 207
  Electronic configuration
   iph    il      N_el
     0     0    1.782
     0     1    4.307
     0     2    0.110
     0     3    0.000
     1     0    0.281
     1     1    6.409
     1     2    0.987
     1     3    0.000
     2     0    0.682
     2     1    0.812
     2     2    7.189
     2     3    0.000
     3     0    1.790
     3     1    4.344
     3     2    0.105
     3     3    0.000
 mu_new=    -7.465
 Charge transfer:  iph  charge(iph)
       0   -0.199
       1    0.329
       2    0.314
       3   -0.239
              SCF ITERATION NUMBER 13  OUT OF  30
 Calculating energy and space dependent l-DOS.  It takes time ...
     point #   1  energy = -34.000
     Doing FMS for a cluster of   23 atoms around iph =   0 in fmsie
    0   FMS matrix (LUD) at point   1, number of state kets = 207
     Doing FMS for a cluster of   17 atoms around iph =   1 in fmsie
    0   FMS matrix (LUD) at point   1, number of state kets = 153
     Doing FMS for a cluster of   31 atoms around iph =   2 in fmsie
    0   FMS matrix (LUD) at point   1, number of state kets = 279
     Doing FMS for a cluster of   23 atoms around iph =   3 in fmsie
    0   FMS matrix (LUD) at point   1, number of state kets = 207
  Electronic configuration
   iph    il      N_el
     0     0    1.782
     0     1    4.305
     0     2    0.112
     0     3    0.000
     1     0    0.282
     1     1    6.409
     1     2    0.994
     1     3    0.000
     2     0    0.683
     2     1    0.813
     2     2    7.186
     2     3    0.000
     3     0    1.790
     3     1    4.341
     3     2    0.107
     3     3    0.000
 mu_new=    -7.465
 Charge transfer:  iph  charge(iph)
       0   -0.200
       1    0.339
       2    0.311
       3   -0.240
              SCF ITERATION NUMBER 14  OUT OF  30
 Calculating energy and space dependent l-DOS.  It takes time ...
     point #   1  energy = -34.000
     Doing FMS for a cluster of   23 atoms around iph =   0 in fmsie
    0   FMS matrix (LUD) at point   1, number of state kets = 207
     Doing FMS for a cluster of   17 atoms around iph =   1 in fmsie
    0   FMS matrix (LUD) at point   1, number of state kets = 153
     Doing FMS for a cluster of   31 atoms around iph =   2 in fmsie
    0   FMS matrix (LUD) at point   1, number of state kets = 279
     Doing FMS for a cluster of   23 atoms around iph =   3 in fmsie
    0   FMS matrix (LUD) at point   1, number of state kets = 207
  Electronic configuration
   iph    il      N_el
     0     0    1.782
     0     1    4.307
     0     2    0.110
     0     3    0.000
     1     0    0.282
     1     1    6.409
     1     2    0.989
     1     3    0.000
     2     0    0.682
     2     1    0.812
     2     2    7.188
     2     3    0.000
     3     0    1.790
     3     1    4.344
     3     2    0.105
     3     3    0.000
 mu_new=    -7.461
 Charge transfer:  iph  charge(iph)
       0   -0.198
       1    0.310
       2    0.320
       3   -0.237
              SCF ITERATION NUMBER 15  OUT OF  30
 Calculating energy and space dependent l-DOS.  It takes time ...
     point #   1  energy = -34.000
     Doing FMS for a cluster of   23 atoms around iph =   0 in fmsie
    0   FMS matrix (LUD) at point   1, number of state kets = 207
     Doing FMS for a cluster of   17 atoms around iph =   1 in fmsie
    0   FMS matrix (LUD) at point   1, number of state kets = 153
     Doing FMS for a cluster of   31 atoms around iph =   2 in fmsie
    0   FMS matrix (LUD) at point   1, number of state kets = 279
     Doing FMS for a cluster of   23 atoms around iph =   3 in fmsie
    0   FMS matrix (LUD) at point   1, number of state kets = 207
  Electronic configuration
   iph    il      N_el
     0     0    1.782
     0     1    4.298
     0     2    0.117
     0     3    0.000
     1     0    0.284
     1     1    6.410
     1     2    1.019
     1     3    0.000
     2     0    0.684
     2     1    0.816
     2     2    7.171
     2     3    0.000
     3     0    1.790
     3     1    4.333
     3     2    0.113
     3     3    0.000
 mu_new=    -7.461
 Charge transfer:  iph  charge(iph)
       0   -0.206
       1    0.446
       2    0.276
       3   -0.250
negative dens  10  0-4371.798466 - usually due to harmless precision errors, but check DOS to make sure
negative dens  10  3-4286.841728 - usually due to harmless precision errors, but check DOS to make sure
              SCF ITERATION NUMBER 16  OUT OF  30
 Calculating energy and space dependent l-DOS.  It takes time ...
     point #   1  energy = -34.000
     Doing FMS for a cluster of   23 atoms around iph =   0 in fmsie
    0   FMS matrix (LUD) at point   1, number of state kets = 207
     Doing FMS for a cluster of   17 atoms around iph =   1 in fmsie
    0   FMS matrix (LUD) at point   1, number of state kets = 153
     Doing FMS for a cluster of   31 atoms around iph =   2 in fmsie
    0   FMS matrix (LUD) at point   1, number of state kets = 279
     Doing FMS for a cluster of   23 atoms around iph =   3 in fmsie
    0   FMS matrix (LUD) at point   1, number of state kets = 207
  Electronic configuration
   iph    il      N_el
     0     0    1.783
     0     1    4.312
     0     2    0.111
     0     3    0.000
     1     0    0.288
     1     1    6.422
     1     2    1.041
     1     3    0.000
     2     0    0.681
     2     1    0.815
     2     2    7.153
     2     3    0.000
     3     0    1.790
     3     1    4.342
     3     2    0.106
     3     3    0.000
 mu_new=    -7.356
 Charge transfer:  iph  charge(iph)
       0   -0.197
       1    0.295
       2    0.325
       3   -0.236
              SCF ITERATION NUMBER 17  OUT OF  30
 Calculating energy and space dependent l-DOS.  It takes time ...
     point #   1  energy = -34.000
     Doing FMS for a cluster of   23 atoms around iph =   0 in fmsie
    0   FMS matrix (LUD) at point   1, number of state kets = 207
     Doing FMS for a cluster of   17 atoms around iph =   1 in fmsie
    0   FMS matrix (LUD) at point   1, number of state kets = 153
     Doing FMS for a cluster of   31 atoms around iph =   2 in fmsie
    0   FMS matrix (LUD) at point   1, number of state kets = 279
     Doing FMS for a cluster of   23 atoms around iph =   3 in fmsie
    0   FMS matrix (LUD) at point   1, number of state kets = 207
  Electronic configuration
   iph    il      N_el
     0     0    1.782
     0     1    4.306
     0     2    0.110
     0     3    0.000
     1     0    0.279
     1     1    6.404
     1     2    0.970
     1     3    0.000
     2     0    0.682
     2     1    0.811
     2     2    7.201
     2     3    0.000
     3     0    1.790
     3     1    4.344
     3     2    0.105
     3     3    0.000
 mu_new=    -7.505
 Charge transfer:  iph  charge(iph)
       0   -0.199
       1    0.326
       2    0.315
       3   -0.239
              SCF ITERATION NUMBER 18  OUT OF  30
 Calculating energy and space dependent l-DOS.  It takes time ...
     point #   1  energy = -34.000
     Doing FMS for a cluster of   23 atoms around iph =   0 in fmsie
    0   FMS matrix (LUD) at point   1, number of state kets = 207
     Doing FMS for a cluster of   17 atoms around iph =   1 in fmsie
    0   FMS matrix (LUD) at point   1, number of state kets = 153
     Doing FMS for a cluster of   31 atoms around iph =   2 in fmsie
    0   FMS matrix (LUD) at point   1, number of state kets = 279
     Doing FMS for a cluster of   23 atoms around iph =   3 in fmsie
    0   FMS matrix (LUD) at point   1, number of state kets = 207
  Electronic configuration
   iph    il      N_el
     0     0    1.782
     0     1    4.307
     0     2    0.110
     0     3    0.000
     1     0    0.281
     1     1    6.408
     1     2    0.983
     1     3    0.000
     2     0    0.682
     2     1    0.812
     2     2    7.191
     2     3    0.000
     3     0    1.790
     3     1    4.344
     3     2    0.105
     3     3    0.000
 mu_new=    -7.473
 Charge transfer:  iph  charge(iph)
       0   -0.199
       1    0.328
       2    0.314
       3   -0.239
              SCF ITERATION NUMBER 19  OUT OF  30
 Calculating energy and space dependent l-DOS.  It takes time ...
     point #   1  energy = -34.000
     Doing FMS for a cluster of   23 atoms around iph =   0 in fmsie
    0   FMS matrix (LUD) at point   1, number of state kets = 207
     Doing FMS for a cluster of   17 atoms around iph =   1 in fmsie
    0   FMS matrix (LUD) at point   1, number of state kets = 153
     Doing FMS for a cluster of   31 atoms around iph =   2 in fmsie
    0   FMS matrix (LUD) at point   1, number of state kets = 279
     Doing FMS for a cluster of   23 atoms around iph =   3 in fmsie
    0   FMS matrix (LUD) at point   1, number of state kets = 207
  Electronic configuration
   iph    il      N_el
     0     0    1.782
     0     1    4.307
     0     2    0.110
     0     3    0.000
     1     0    0.281
     1     1    6.408
     1     2    0.984
     1     3    0.000
     2     0    0.682
     2     1    0.812
     2     2    7.192
     2     3    0.000
     3     0    1.790
     3     1    4.344
     3     2    0.105
     3     3    0.000
 mu_new=    -7.473
 Charge transfer:  iph  charge(iph)
       0   -0.199
       1    0.327
       2    0.315
       3   -0.239
              SCF ITERATION NUMBER 20  OUT OF  30
 Calculating energy and space dependent l-DOS.  It takes time ...
     point #   1  energy = -34.000
     Doing FMS for a cluster of   23 atoms around iph =   0 in fmsie
    0   FMS matrix (LUD) at point   1, number of state kets = 207
     Doing FMS for a cluster of   17 atoms around iph =   1 in fmsie
    0   FMS matrix (LUD) at point   1, number of state kets = 153
     Doing FMS for a cluster of   31 atoms around iph =   2 in fmsie
    0   FMS matrix (LUD) at point   1, number of state kets = 279
     Doing FMS for a cluster of   23 atoms around iph =   3 in fmsie
    0   FMS matrix (LUD) at point   1, number of state kets = 207
  Electronic configuration
   iph    il      N_el
     0     0    1.782
     0     1    4.307
     0     2    0.110
     0     3    0.000
     1     0    0.281
     1     1    6.408
     1     2    0.984
     1     3    0.000
     2     0    0.682
     2     1    0.812
     2     2    7.191
     2     3    0.000
     3     0    1.790
     3     1    4.344
     3     2    0.105
     3     3    0.000
 mu_new=    -7.473
 Charge transfer:  iph  charge(iph)
       0   -0.199
       1    0.327
       2    0.315
       3   -0.239
              SCF ITERATION NUMBER 21  OUT OF  30
 Calculating energy and space dependent l-DOS.  It takes time ...
     point #   1  energy = -34.000
     Doing FMS for a cluster of   23 atoms around iph =   0 in fmsie
    0   FMS matrix (LUD) at point   1, number of state kets = 207
     Doing FMS for a cluster of   17 atoms around iph =   1 in fmsie
    0   FMS matrix (LUD) at point   1, number of state kets = 153
     Doing FMS for a cluster of   31 atoms around iph =   2 in fmsie
    0   FMS matrix (LUD) at point   1, number of state kets = 279
     Doing FMS for a cluster of   23 atoms around iph =   3 in fmsie
    0   FMS matrix (LUD) at point   1, number of state kets = 207
  Electronic configuration
   iph    il      N_el
     0     0    1.782
     0     1    4.307
     0     2    0.110
     0     3    0.000
     1     0    0.281
     1     1    6.408
     1     2    0.985
     1     3    0.000
     2     0    0.682
     2     1    0.812
     2     2    7.191
     2     3    0.000
     3     0    1.790
     3     1    4.344
     3     2    0.105
     3     3    0.000
 mu_new=    -7.473
 Charge transfer:  iph  charge(iph)
       0   -0.199
       1    0.327
       2    0.315
       3   -0.239
              SCF ITERATION NUMBER 22  OUT OF  30
 Calculating energy and space dependent l-DOS.  It takes time ...
     point #   1  energy = -34.000
     Doing FMS for a cluster of   23 atoms around iph =   0 in fmsie
    0   FMS matrix (LUD) at point   1, number of state kets = 207
     Doing FMS for a cluster of   17 atoms around iph =   1 in fmsie
    0   FMS matrix (LUD) at point   1, number of state kets = 153
     Doing FMS for a cluster of   31 atoms around iph =   2 in fmsie
    0   FMS matrix (LUD) at point   1, number of state kets = 279
     Doing FMS for a cluster of   23 atoms around iph =   3 in fmsie
    0   FMS matrix (LUD) at point   1, number of state kets = 207
  Electronic configuration
   iph    il      N_el
     0     0    1.782
     0     1    4.307
     0     2    0.110
     0     3    0.000
     1     0    0.281
     1     1    6.408
     1     2    0.985
     1     3    0.000
     2     0    0.682
     2     1    0.812
     2     2    7.191
     2     3    0.000
     3     0    1.790
     3     1    4.344
     3     2    0.105
     3     3    0.000
 mu_new=    -7.473
 Charge transfer:  iph  charge(iph)
       0   -0.199
       1    0.326
       2    0.315
       3   -0.239
 Convergence reached.
 Done with module 1: potentials.
 total time       17.7551729679108     
 communicate time   4.52517271041870     
