 Number of processors =           12
 Calculating potentials ...
muffin tin radii and interstitial parameters
 iph, rnrm(iph)*bohr, rmt(iph)*bohr, folp(iph)
    0  1.03049E+00  8.99841E-01  1.15000E+00
    1  1.81387E+00  1.73889E+00  1.11187E+00
    2  1.46891E+00  1.29322E+00  1.15000E+00
    3  1.05741E+00  9.18217E-01  1.15000E+00
              Core-valence separation
 ecv=   -33.000
 mu_old=     3.258
              SCF ITERATION NUMBER  1  OUT OF  30
 Calculating energy and space dependent l-DOS.  It takes time ...
     point #   1  energy = -33.000
     Doing FMS for a cluster of   25 atoms around iph =   0 in fmsie
    0   FMS matrix (LUD) at point   1, number of state kets = 225
     Doing FMS for a cluster of   20 atoms around iph =   1 in fmsie
    0   FMS matrix (LUD) at point   1, number of state kets = 180
     Doing FMS for a cluster of   26 atoms around iph =   2 in fmsie
    0   FMS matrix (LUD) at point   1, number of state kets = 234
     Doing FMS for a cluster of   24 atoms around iph =   3 in fmsie
    0   FMS matrix (LUD) at point   1, number of state kets = 216
  Electronic configuration
   iph    il      N_el
     0     0    1.812
     0     1    4.710
     0     2    0.118
     0     3    0.000
     1     0    0.311
     1     1    6.411
     1     2    1.030
     1     3    0.000
     2     0    0.705
     2     1    0.763
     2     2    7.233
     2     3    0.000
     3     0    1.837
     3     1    4.258
     3     2    0.116
     3     3    0.000
 mu_new=    -7.209
 Charge transfer:  iph  charge(iph)
       0   -0.125
       1    0.051
       2    0.052
       3   -0.039
              SCF ITERATION NUMBER  2  OUT OF  30
 Calculating energy and space dependent l-DOS.  It takes time ...
     point #   1  energy = -33.000
     Doing FMS for a cluster of   25 atoms around iph =   0 in fmsie
    0   FMS matrix (LUD) at point   1, number of state kets = 225
     Doing FMS for a cluster of   20 atoms around iph =   1 in fmsie
    0   FMS matrix (LUD) at point   1, number of state kets = 180
     Doing FMS for a cluster of   26 atoms around iph =   2 in fmsie
    0   FMS matrix (LUD) at point   1, number of state kets = 234
     Doing FMS for a cluster of   24 atoms around iph =   3 in fmsie
    0   FMS matrix (LUD) at point   1, number of state kets = 216
  Electronic configuration
   iph    il      N_el
     0     0    1.792
     0     1    4.373
     0     2    0.117
     0     3    0.000
     1     0    0.319
     1     1    6.420
     1     2    1.060
     1     3    0.000
     2     0    0.724
     2     1    0.781
     2     2    7.381
     2     3    0.000
     3     0    1.834
     3     1    4.154
     3     2    0.119
     3     3    0.000
 mu_new=    -7.125
 Charge transfer:  iph  charge(iph)
       0   -0.270
       1    0.190
       2    0.112
       3   -0.103
              SCF ITERATION NUMBER  3  OUT OF  30
 Calculating energy and space dependent l-DOS.  It takes time ...
     point #   1  energy = -33.000
     Doing FMS for a cluster of   25 atoms around iph =   0 in fmsie
    0   FMS matrix (LUD) at point   1, number of state kets = 225
     Doing FMS for a cluster of   20 atoms around iph =   1 in fmsie
    0   FMS matrix (LUD) at point   1, number of state kets = 180
     Doing FMS for a cluster of   26 atoms around iph =   2 in fmsie
    0   FMS matrix (LUD) at point   1, number of state kets = 234
     Doing FMS for a cluster of   24 atoms around iph =   3 in fmsie
    0   FMS matrix (LUD) at point   1, number of state kets = 216
  Electronic configuration
   iph    il      N_el
     0     0    1.773
     0     1    4.018
     0     2    0.119
     0     3    0.000
     1     0    0.332
     1     1    6.432
     1     2    1.118
     1     3    0.000
     2     0    0.744
     2     1    0.805
     2     2    7.400
     2     3    0.000
     3     0    1.832
     3     1    4.100
     3     2    0.123
     3     3    0.000
 mu_new=    -6.606
 Charge transfer:  iph  charge(iph)
       0   -0.197
       1    0.179
       2    0.099
       3   -0.094
              SCF ITERATION NUMBER  4  OUT OF  30
 Calculating energy and space dependent l-DOS.  It takes time ...
     point #   1  energy = -33.000
     Doing FMS for a cluster of   25 atoms around iph =   0 in fmsie
    0   FMS matrix (LUD) at point   1, number of state kets = 225
     Doing FMS for a cluster of   20 atoms around iph =   1 in fmsie
    0   FMS matrix (LUD) at point   1, number of state kets = 180
     Doing FMS for a cluster of   26 atoms around iph =   2 in fmsie
    0   FMS matrix (LUD) at point   1, number of state kets = 234
     Doing FMS for a cluster of   24 atoms around iph =   3 in fmsie
    0   FMS matrix (LUD) at point   1, number of state kets = 216
  Electronic configuration
   iph    il      N_el
     0     0    1.786
     0     1    4.275
     0     2    0.119
     0     3    0.000
     1     0    0.325
     1     1    6.423
     1     2    1.090
     1     3    0.000
     2     0    0.736
     2     1    0.795
     2     2    7.412
     2     3    0.000
     3     0    1.832
     3     1    4.115
     3     2    0.121
     3     3    0.000
 mu_new=    -6.674
 Charge transfer:  iph  charge(iph)
       0   -0.193
       1    0.177
       2    0.089
       3   -0.089
              SCF ITERATION NUMBER  5  OUT OF  30
 Calculating energy and space dependent l-DOS.  It takes time ...
     point #   1  energy = -33.000
     Doing FMS for a cluster of   25 atoms around iph =   0 in fmsie
    0   FMS matrix (LUD) at point   1, number of state kets = 225
     Doing FMS for a cluster of   20 atoms around iph =   1 in fmsie
    0   FMS matrix (LUD) at point   1, number of state kets = 180
     Doing FMS for a cluster of   26 atoms around iph =   2 in fmsie
    0   FMS matrix (LUD) at point   1, number of state kets = 234
     Doing FMS for a cluster of   24 atoms around iph =   3 in fmsie
    0   FMS matrix (LUD) at point   1, number of state kets = 216
  Electronic configuration
   iph    il      N_el
     0     0    1.787
     0     1    4.289
     0     2    0.119
     0     3    0.000
     1     0    0.324
     1     1    6.421
     1     2    1.083
     1     3    0.000
     2     0    0.734
     2     1    0.792
     2     2    7.368
     2     3    0.000
     3     0    1.833
     3     1    4.142
     3     2    0.121
     3     3    0.000
 mu_new=    -6.677
 Charge transfer:  iph  charge(iph)
       0   -0.194
       1    0.176
       2    0.092
       3   -0.090
              SCF ITERATION NUMBER  6  OUT OF  30
 Calculating energy and space dependent l-DOS.  It takes time ...
     point #   1  energy = -33.000
     Doing FMS for a cluster of   25 atoms around iph =   0 in fmsie
    0   FMS matrix (LUD) at point   1, number of state kets = 225
     Doing FMS for a cluster of   20 atoms around iph =   1 in fmsie
    0   FMS matrix (LUD) at point   1, number of state kets = 180
     Doing FMS for a cluster of   26 atoms around iph =   2 in fmsie
    0   FMS matrix (LUD) at point   1, number of state kets = 234
     Doing FMS for a cluster of   24 atoms around iph =   3 in fmsie
    0   FMS matrix (LUD) at point   1, number of state kets = 216
  Electronic configuration
   iph    il      N_el
     0     0    1.787
     0     1    4.289
     0     2    0.118
     0     3    0.000
     1     0    0.323
     1     1    6.420
     1     2    1.080
     1     3    0.000
     2     0    0.734
     2     1    0.791
     2     2    7.385
     2     3    0.000
     3     0    1.833
     3     1    4.135
     3     2    0.121
     3     3    0.000
 mu_new=    -6.705
 Charge transfer:  iph  charge(iph)
       0   -0.194
       1    0.176
       2    0.092
       3   -0.090
              SCF ITERATION NUMBER  7  OUT OF  30
 Calculating energy and space dependent l-DOS.  It takes time ...
     point #   1  energy = -33.000
     Doing FMS for a cluster of   25 atoms around iph =   0 in fmsie
    0   FMS matrix (LUD) at point   1, number of state kets = 225
     Doing FMS for a cluster of   20 atoms around iph =   1 in fmsie
    0   FMS matrix (LUD) at point   1, number of state kets = 180
     Doing FMS for a cluster of   26 atoms around iph =   2 in fmsie
    0   FMS matrix (LUD) at point   1, number of state kets = 234
     Doing FMS for a cluster of   24 atoms around iph =   3 in fmsie
    0   FMS matrix (LUD) at point   1, number of state kets = 216
  Electronic configuration
   iph    il      N_el
     0     0    1.787
     0     1    4.290
     0     2    0.118
     0     3    0.000
     1     0    0.323
     1     1    6.420
     1     2    1.079
     1     3    0.000
     2     0    0.734
     2     1    0.790
     2     2    7.385
     2     3    0.000
     3     0    1.833
     3     1    4.137
     3     2    0.121
     3     3    0.000
 mu_new=    -6.721
 Charge transfer:  iph  charge(iph)
       0   -0.194
       1    0.177
       2    0.092
       3   -0.090
              SCF ITERATION NUMBER  8  OUT OF  30
 Calculating energy and space dependent l-DOS.  It takes time ...
     point #   1  energy = -33.000
     Doing FMS for a cluster of   25 atoms around iph =   0 in fmsie
    0   FMS matrix (LUD) at point   1, number of state kets = 225
     Doing FMS for a cluster of   20 atoms around iph =   1 in fmsie
    0   FMS matrix (LUD) at point   1, number of state kets = 180
     Doing FMS for a cluster of   26 atoms around iph =   2 in fmsie
    0   FMS matrix (LUD) at point   1, number of state kets = 234
     Doing FMS for a cluster of   24 atoms around iph =   3 in fmsie
    0   FMS matrix (LUD) at point   1, number of state kets = 216
  Electronic configuration
   iph    il      N_el
     0     0    1.787
     0     1    4.290
     0     2    0.118
     0     3    0.000
     1     0    0.322
     1     1    6.420
     1     2    1.078
     1     3    0.000
     2     0    0.733
     2     1    0.790
     2     2    7.386
     2     3    0.000
     3     0    1.833
     3     1    4.137
     3     2    0.121
     3     3    0.000
 mu_new=    -6.736
 Charge transfer:  iph  charge(iph)
       0   -0.194
       1    0.178
       2    0.092
       3   -0.090
              SCF ITERATION NUMBER  9  OUT OF  30
 Calculating energy and space dependent l-DOS.  It takes time ...
     point #   1  energy = -33.000
     Doing FMS for a cluster of   25 atoms around iph =   0 in fmsie
    0   FMS matrix (LUD) at point   1, number of state kets = 225
     Doing FMS for a cluster of   20 atoms around iph =   1 in fmsie
    0   FMS matrix (LUD) at point   1, number of state kets = 180
     Doing FMS for a cluster of   26 atoms around iph =   2 in fmsie
    0   FMS matrix (LUD) at point   1, number of state kets = 234
     Doing FMS for a cluster of   24 atoms around iph =   3 in fmsie
    0   FMS matrix (LUD) at point   1, number of state kets = 216
  Electronic configuration
   iph    il      N_el
     0     0    1.787
     0     1    4.290
     0     2    0.118
     0     3    0.000
     1     0    0.323
     1     1    6.420
     1     2    1.078
     1     3    0.000
     2     0    0.733
     2     1    0.790
     2     2    7.384
     2     3    0.000
     3     0    1.833
     3     1    4.137
     3     2    0.121
     3     3    0.000
 mu_new=    -6.734
 Charge transfer:  iph  charge(iph)
       0   -0.195
       1    0.179
       2    0.092
       3   -0.091
              SCF ITERATION NUMBER 10  OUT OF  30
 Calculating energy and space dependent l-DOS.  It takes time ...
     point #   1  energy = -33.000
     Doing FMS for a cluster of   25 atoms around iph =   0 in fmsie
    0   FMS matrix (LUD) at point   1, number of state kets = 225
     Doing FMS for a cluster of   20 atoms around iph =   1 in fmsie
    0   FMS matrix (LUD) at point   1, number of state kets = 180
     Doing FMS for a cluster of   26 atoms around iph =   2 in fmsie
    0   FMS matrix (LUD) at point   1, number of state kets = 234
     Doing FMS for a cluster of   24 atoms around iph =   3 in fmsie
    0   FMS matrix (LUD) at point   1, number of state kets = 216
  Electronic configuration
   iph    il      N_el
     0     0    1.787
     0     1    4.289
     0     2    0.118
     0     3    0.000
     1     0    0.323
     1     1    6.420
     1     2    1.078
     1     3    0.000
     2     0    0.733
     2     1    0.790
     2     2    7.387
     2     3    0.000
     3     0    1.833
     3     1    4.136
     3     2    0.121
     3     3    0.000
 mu_new=    -6.737
 Charge transfer:  iph  charge(iph)
       0   -0.195
       1    0.179
       2    0.092
       3   -0.091
              SCF ITERATION NUMBER 11  OUT OF  30
 Calculating energy and space dependent l-DOS.  It takes time ...
     point #   1  energy = -33.000
     Doing FMS for a cluster of   25 atoms around iph =   0 in fmsie
    0   FMS matrix (LUD) at point   1, number of state kets = 225
     Doing FMS for a cluster of   20 atoms around iph =   1 in fmsie
    0   FMS matrix (LUD) at point   1, number of state kets = 180
     Doing FMS for a cluster of   26 atoms around iph =   2 in fmsie
    0   FMS matrix (LUD) at point   1, number of state kets = 234
     Doing FMS for a cluster of   24 atoms around iph =   3 in fmsie
    0   FMS matrix (LUD) at point   1, number of state kets = 216
  Electronic configuration
   iph    il      N_el
     0     0    1.787
     0     1    4.290
     0     2    0.118
     0     3    0.000
     1     0    0.323
     1     1    6.420
     1     2    1.079
     1     3    0.000
     2     0    0.733
     2     1    0.790
     2     2    7.385
     2     3    0.000
     3     0    1.833
     3     1    4.137
     3     2    0.121
     3     3    0.000
 mu_new=    -6.735
 Charge transfer:  iph  charge(iph)
       0   -0.195
       1    0.179
       2    0.092
       3   -0.091
              SCF ITERATION NUMBER 12  OUT OF  30
 Calculating energy and space dependent l-DOS.  It takes time ...
     point #   1  energy = -33.000
     Doing FMS for a cluster of   25 atoms around iph =   0 in fmsie
    0   FMS matrix (LUD) at point   1, number of state kets = 225
     Doing FMS for a cluster of   20 atoms around iph =   1 in fmsie
    0   FMS matrix (LUD) at point   1, number of state kets = 180
     Doing FMS for a cluster of   26 atoms around iph =   2 in fmsie
    0   FMS matrix (LUD) at point   1, number of state kets = 234
     Doing FMS for a cluster of   24 atoms around iph =   3 in fmsie
    0   FMS matrix (LUD) at point   1, number of state kets = 216
  Electronic configuration
   iph    il      N_el
     0     0    1.787
     0     1    4.290
     0     2    0.118
     0     3    0.000
     1     0    0.323
     1     1    6.420
     1     2    1.078
     1     3    0.000
     2     0    0.733
     2     1    0.790
     2     2    7.386
     2     3    0.000
     3     0    1.833
     3     1    4.137
     3     2    0.120
     3     3    0.000
 mu_new=    -6.735
 Charge transfer:  iph  charge(iph)
       0   -0.195
       1    0.179
       2    0.092
       3   -0.091
              SCF ITERATION NUMBER 13  OUT OF  30
 Calculating energy and space dependent l-DOS.  It takes time ...
     point #   1  energy = -33.000
     Doing FMS for a cluster of   25 atoms around iph =   0 in fmsie
    0   FMS matrix (LUD) at point   1, number of state kets = 225
     Doing FMS for a cluster of   20 atoms around iph =   1 in fmsie
    0   FMS matrix (LUD) at point   1, number of state kets = 180
     Doing FMS for a cluster of   26 atoms around iph =   2 in fmsie
    0   FMS matrix (LUD) at point   1, number of state kets = 234
     Doing FMS for a cluster of   24 atoms around iph =   3 in fmsie
    0   FMS matrix (LUD) at point   1, number of state kets = 216
  Electronic configuration
   iph    il      N_el
     0     0    1.787
     0     1    4.295
     0     2    0.117
     0     3    0.000
     1     0    0.322
     1     1    6.420
     1     2    1.070
     1     3    0.000
     2     0    0.733
     2     1    0.789
     2     2    7.395
     2     3    0.000
     3     0    1.833
     3     1    4.136
     3     2    0.119
     3     3    0.000
 mu_new=    -6.735
 Charge transfer:  iph  charge(iph)
       0   -0.195
       1    0.179
       2    0.092
       3   -0.091
              SCF ITERATION NUMBER 14  OUT OF  30
 Calculating energy and space dependent l-DOS.  It takes time ...
     point #   1  energy = -33.000
     Doing FMS for a cluster of   25 atoms around iph =   0 in fmsie
    0   FMS matrix (LUD) at point   1, number of state kets = 225
     Doing FMS for a cluster of   20 atoms around iph =   1 in fmsie
    0   FMS matrix (LUD) at point   1, number of state kets = 180
     Doing FMS for a cluster of   26 atoms around iph =   2 in fmsie
    0   FMS matrix (LUD) at point   1, number of state kets = 234
     Doing FMS for a cluster of   24 atoms around iph =   3 in fmsie
    0   FMS matrix (LUD) at point   1, number of state kets = 216
  Electronic configuration
   iph    il      N_el
     0     0    1.787
     0     1    4.295
     0     2    0.117
     0     3    0.000
     1     0    0.322
     1     1    6.420
     1     2    1.069
     1     3    0.000
     2     0    0.733
     2     1    0.789
     2     2    7.397
     2     3    0.000
     3     0    1.833
     3     1    4.136
     3     2    0.119
     3     3    0.000
 mu_new=    -6.735
 Charge transfer:  iph  charge(iph)
       0   -0.195
       1    0.179
       2    0.092
       3   -0.091
              SCF ITERATION NUMBER 15  OUT OF  30
 Calculating energy and space dependent l-DOS.  It takes time ...
     point #   1  energy = -33.000
     Doing FMS for a cluster of   25 atoms around iph =   0 in fmsie
    0   FMS matrix (LUD) at point   1, number of state kets = 225
     Doing FMS for a cluster of   20 atoms around iph =   1 in fmsie
    0   FMS matrix (LUD) at point   1, number of state kets = 180
     Doing FMS for a cluster of   26 atoms around iph =   2 in fmsie
    0   FMS matrix (LUD) at point   1, number of state kets = 234
     Doing FMS for a cluster of   24 atoms around iph =   3 in fmsie
    0   FMS matrix (LUD) at point   1, number of state kets = 216
  Electronic configuration
   iph    il      N_el
     0     0    1.787
     0     1    4.302
     0     2    0.115
     0     3    0.000
     1     0    0.321
     1     1    6.419
     1     2    1.058
     1     3    0.000
     2     0    0.733
     2     1    0.788
     2     2    7.410
     2     3    0.000
     3     0    1.833
     3     1    4.134
     3     2    0.117
     3     3    0.000
 mu_new=    -6.735
 Charge transfer:  iph  charge(iph)
       0   -0.195
       1    0.178
       2    0.092
       3   -0.091
              SCF ITERATION NUMBER 16  OUT OF  30
 Calculating energy and space dependent l-DOS.  It takes time ...
     point #   1  energy = -33.000
     Doing FMS for a cluster of   25 atoms around iph =   0 in fmsie
    0   FMS matrix (LUD) at point   1, number of state kets = 225
     Doing FMS for a cluster of   20 atoms around iph =   1 in fmsie
    0   FMS matrix (LUD) at point   1, number of state kets = 180
     Doing FMS for a cluster of   26 atoms around iph =   2 in fmsie
    0   FMS matrix (LUD) at point   1, number of state kets = 234
     Doing FMS for a cluster of   24 atoms around iph =   3 in fmsie
    0   FMS matrix (LUD) at point   1, number of state kets = 216
  Electronic configuration
   iph    il      N_el
     0     0    1.787
     0     1    4.290
     0     2    0.118
     0     3    0.000
     1     0    0.323
     1     1    6.420
     1     2    1.078
     1     3    0.000
     2     0    0.733
     2     1    0.790
     2     2    7.385
     2     3    0.000
     3     0    1.833
     3     1    4.137
     3     2    0.121
     3     3    0.000
 mu_new=    -6.735
 Charge transfer:  iph  charge(iph)
       0   -0.195
       1    0.178
       2    0.092
       3   -0.091
              SCF ITERATION NUMBER 17  OUT OF  30
 Calculating energy and space dependent l-DOS.  It takes time ...
     point #   1  energy = -33.000
     Doing FMS for a cluster of   25 atoms around iph =   0 in fmsie
    0   FMS matrix (LUD) at point   1, number of state kets = 225
     Doing FMS for a cluster of   20 atoms around iph =   1 in fmsie
    0   FMS matrix (LUD) at point   1, number of state kets = 180
     Doing FMS for a cluster of   26 atoms around iph =   2 in fmsie
    0   FMS matrix (LUD) at point   1, number of state kets = 234
     Doing FMS for a cluster of   24 atoms around iph =   3 in fmsie
    0   FMS matrix (LUD) at point   1, number of state kets = 216
  Electronic configuration
   iph    il      N_el
     0     0    1.787
     0     1    4.290
     0     2    0.118
     0     3    0.000
     1     0    0.323
     1     1    6.420
     1     2    1.078
     1     3    0.000
     2     0    0.733
     2     1    0.790
     2     2    7.386
     2     3    0.000
     3     0    1.833
     3     1    4.137
     3     2    0.120
     3     3    0.000
 mu_new=    -6.735
 Charge transfer:  iph  charge(iph)
       0   -0.195
       1    0.178
       2    0.092
       3   -0.091
              SCF ITERATION NUMBER 18  OUT OF  30
 Calculating energy and space dependent l-DOS.  It takes time ...
     point #   1  energy = -33.000
     Doing FMS for a cluster of   25 atoms around iph =   0 in fmsie
    0   FMS matrix (LUD) at point   1, number of state kets = 225
     Doing FMS for a cluster of   20 atoms around iph =   1 in fmsie
    0   FMS matrix (LUD) at point   1, number of state kets = 180
     Doing FMS for a cluster of   26 atoms around iph =   2 in fmsie
    0   FMS matrix (LUD) at point   1, number of state kets = 234
     Doing FMS for a cluster of   24 atoms around iph =   3 in fmsie
    0   FMS matrix (LUD) at point   1, number of state kets = 216
  Electronic configuration
   iph    il      N_el
     0     0    1.787
     0     1    4.291
     0     2    0.118
     0     3    0.000
     1     0    0.322
     1     1    6.420
     1     2    1.076
     1     3    0.000
     2     0    0.733
     2     1    0.789
     2     2    7.388
     2     3    0.000
     3     0    1.833
     3     1    4.137
     3     2    0.120
     3     3    0.000
 mu_new=    -6.735
 Charge transfer:  iph  charge(iph)
       0   -0.195
       1    0.178
       2    0.092
       3   -0.091
              SCF ITERATION NUMBER 19  OUT OF  30
 Calculating energy and space dependent l-DOS.  It takes time ...
     point #   1  energy = -33.000
     Doing FMS for a cluster of   25 atoms around iph =   0 in fmsie
    0   FMS matrix (LUD) at point   1, number of state kets = 225
     Doing FMS for a cluster of   20 atoms around iph =   1 in fmsie
    0   FMS matrix (LUD) at point   1, number of state kets = 180
     Doing FMS for a cluster of   26 atoms around iph =   2 in fmsie
    0   FMS matrix (LUD) at point   1, number of state kets = 234
     Doing FMS for a cluster of   24 atoms around iph =   3 in fmsie
    0   FMS matrix (LUD) at point   1, number of state kets = 216
  Electronic configuration
   iph    il      N_el
     0     0    1.787
     0     1    4.290
     0     2    0.118
     0     3    0.000
     1     0    0.323
     1     1    6.420
     1     2    1.078
     1     3    0.000
     2     0    0.733
     2     1    0.790
     2     2    7.385
     2     3    0.000
     3     0    1.833
     3     1    4.137
     3     2    0.121
     3     3    0.000
 mu_new=    -6.735
 Charge transfer:  iph  charge(iph)
       0   -0.195
       1    0.178
       2    0.092
       3   -0.091
              SCF ITERATION NUMBER 20  OUT OF  30
 Calculating energy and space dependent l-DOS.  It takes time ...
     point #   1  energy = -33.000
     Doing FMS for a cluster of   25 atoms around iph =   0 in fmsie
    0   FMS matrix (LUD) at point   1, number of state kets = 225
     Doing FMS for a cluster of   20 atoms around iph =   1 in fmsie
    0   FMS matrix (LUD) at point   1, number of state kets = 180
     Doing FMS for a cluster of   26 atoms around iph =   2 in fmsie
    0   FMS matrix (LUD) at point   1, number of state kets = 234
     Doing FMS for a cluster of   24 atoms around iph =   3 in fmsie
    0   FMS matrix (LUD) at point   1, number of state kets = 216
  Electronic configuration
   iph    il      N_el
     0     0    1.787
     0     1    4.290
     0     2    0.118
     0     3    0.000
     1     0    0.323
     1     1    6.420
     1     2    1.078
     1     3    0.000
     2     0    0.733
     2     1    0.790
     2     2    7.385
     2     3    0.000
     3     0    1.833
     3     1    4.137
     3     2    0.121
     3     3    0.000
 mu_new=    -6.735
 Charge transfer:  iph  charge(iph)
       0   -0.195
       1    0.179
       2    0.092
       3   -0.091
 Convergence reached.
 Done with module 1: potentials.
 total time       11.7773489952087     
 communicate time  0.134811401367188     
