 Number of processors =           12
 Calculating potentials ...
muffin tin radii and interstitial parameters
 iph, rnrm(iph)*bohr, rmt(iph)*bohr, folp(iph)
    0  1.03913E+00  9.48640E-01  1.15000E+00
    1  1.85715E+00  1.81782E+00  1.05318E+00
    2  1.41567E+00  1.25911E+00  1.15000E+00
    3  1.03455E+00  9.39983E-01  1.15000E+00
              Core-valence separation
 ecv=   -34.000
 mu_old=     3.557
              SCF ITERATION NUMBER  1  OUT OF  30
 Calculating energy and space dependent l-DOS.  It takes time ...
     point #   1  energy = -34.000
     Doing FMS for a cluster of   23 atoms around iph =   0 in fmsie
    0   FMS matrix (LUD) at point   1, number of state kets = 207
     Doing FMS for a cluster of   17 atoms around iph =   1 in fmsie
    0   FMS matrix (LUD) at point   1, number of state kets = 153
     Doing FMS for a cluster of   31 atoms around iph =   2 in fmsie
    0   FMS matrix (LUD) at point   1, number of state kets = 279
     Doing FMS for a cluster of   23 atoms around iph =   3 in fmsie
    0   FMS matrix (LUD) at point   1, number of state kets = 207
  Electronic configuration
   iph    il      N_el
     0     0    1.811
     0     1    4.655
     0     2    0.108
     0     3    0.000
     1     0    0.271
     1     1    6.387
     1     2    0.909
     1     3    0.000
     2     0    0.642
     2     1    0.782
     2     2    6.670
     2     3    0.000
     3     0    1.806
     3     1    4.644
     3     2    0.110
     3     3    0.000
 mu_new=    -7.524
 Charge transfer:  iph  charge(iph)
       0   -0.110
       1    0.090
       2    0.170
       3   -0.107
              SCF ITERATION NUMBER  2  OUT OF  30
 Calculating energy and space dependent l-DOS.  It takes time ...
     point #   1  energy = -34.000
     Doing FMS for a cluster of   23 atoms around iph =   0 in fmsie
    0   FMS matrix (LUD) at point   1, number of state kets = 207
     Doing FMS for a cluster of   17 atoms around iph =   1 in fmsie
    0   FMS matrix (LUD) at point   1, number of state kets = 153
     Doing FMS for a cluster of   31 atoms around iph =   2 in fmsie
    0   FMS matrix (LUD) at point   1, number of state kets = 279
     Doing FMS for a cluster of   23 atoms around iph =   3 in fmsie
    0   FMS matrix (LUD) at point   1, number of state kets = 207
  Electronic configuration
   iph    il      N_el
     0     0    1.792
     0     1    4.400
     0     2    0.105
     0     3    0.000
     1     0    0.272
     1     1    6.396
     1     2    0.924
     1     3    0.000
     2     0    0.670
     2     1    0.800
     2     2    7.162
     2     3    0.000
     3     0    1.788
     3     1    4.390
     3     2    0.108
     3     3    0.000
 mu_new=    -7.833
 Charge transfer:  iph  charge(iph)
       0   -0.281
       1    0.379
       2    0.352
       3   -0.271
              SCF ITERATION NUMBER  3  OUT OF  30
 Calculating energy and space dependent l-DOS.  It takes time ...
     point #   1  energy = -34.000
     Doing FMS for a cluster of   23 atoms around iph =   0 in fmsie
    0   FMS matrix (LUD) at point   1, number of state kets = 207
     Doing FMS for a cluster of   17 atoms around iph =   1 in fmsie
    0   FMS matrix (LUD) at point   1, number of state kets = 153
     Doing FMS for a cluster of   31 atoms around iph =   2 in fmsie
    0   FMS matrix (LUD) at point   1, number of state kets = 279
     Doing FMS for a cluster of   23 atoms around iph =   3 in fmsie
    0   FMS matrix (LUD) at point   1, number of state kets = 207
  Electronic configuration
   iph    il      N_el
     0     0    1.777
     0     1    4.169
     0     2    0.108
     0     3    0.000
     1     0    0.295
     1     1    6.433
     1     2    1.069
     1     3    0.000
     2     0    0.700
     2     1    0.832
     2     2    7.475
     2     3    0.000
     3     0    1.773
     3     1    4.163
     3     2    0.111
     3     3    0.000
 mu_new=    -7.269
 Charge transfer:  iph  charge(iph)
       0   -0.238
       1    0.351
       2    0.279
       3   -0.227
              SCF ITERATION NUMBER  4  OUT OF  30
 Calculating energy and space dependent l-DOS.  It takes time ...
     point #   1  energy = -34.000
     Doing FMS for a cluster of   23 atoms around iph =   0 in fmsie
    0   FMS matrix (LUD) at point   1, number of state kets = 207
     Doing FMS for a cluster of   17 atoms around iph =   1 in fmsie
    0   FMS matrix (LUD) at point   1, number of state kets = 153
     Doing FMS for a cluster of   31 atoms around iph =   2 in fmsie
    0   FMS matrix (LUD) at point   1, number of state kets = 279
     Doing FMS for a cluster of   23 atoms around iph =   3 in fmsie
    0   FMS matrix (LUD) at point   1, number of state kets = 207
  Electronic configuration
   iph    il      N_el
     0     0    1.786
     0     1    4.311
     0     2    0.109
     0     3    0.000
     1     0    0.289
     1     1    6.423
     1     2    1.041
     1     3    0.000
     2     0    0.686
     2     1    0.823
     2     2    7.226
     2     3    0.000
     3     0    1.782
     3     1    4.301
     3     2    0.111
     3     3    0.000
 mu_new=    -7.153
 Charge transfer:  iph  charge(iph)
       0   -0.232
       1    0.329
       2    0.277
       3   -0.221
              SCF ITERATION NUMBER  5  OUT OF  30
 Calculating energy and space dependent l-DOS.  It takes time ...
     point #   1  energy = -34.000
     Doing FMS for a cluster of   23 atoms around iph =   0 in fmsie
    0   FMS matrix (LUD) at point   1, number of state kets = 207
     Doing FMS for a cluster of   17 atoms around iph =   1 in fmsie
    0   FMS matrix (LUD) at point   1, number of state kets = 153
     Doing FMS for a cluster of   31 atoms around iph =   2 in fmsie
    0   FMS matrix (LUD) at point   1, number of state kets = 279
     Doing FMS for a cluster of   23 atoms around iph =   3 in fmsie
    0   FMS matrix (LUD) at point   1, number of state kets = 207
  Electronic configuration
   iph    il      N_el
     0     0    1.788
     0     1    4.333
     0     2    0.108
     0     3    0.000
     1     0    0.285
     1     1    6.417
     1     2    1.017
     1     3    0.000
     2     0    0.683
     2     1    0.819
     2     2    7.205
     2     3    0.000
     3     0    1.783
     3     1    4.323
     3     2    0.111
     3     3    0.000
 mu_new=    -7.216
 Charge transfer:  iph  charge(iph)
       0   -0.231
       1    0.317
       2    0.281
       3   -0.220
              SCF ITERATION NUMBER  6  OUT OF  30
 Calculating energy and space dependent l-DOS.  It takes time ...
     point #   1  energy = -34.000
     Doing FMS for a cluster of   23 atoms around iph =   0 in fmsie
    0   FMS matrix (LUD) at point   1, number of state kets = 207
     Doing FMS for a cluster of   17 atoms around iph =   1 in fmsie
    0   FMS matrix (LUD) at point   1, number of state kets = 153
     Doing FMS for a cluster of   31 atoms around iph =   2 in fmsie
    0   FMS matrix (LUD) at point   1, number of state kets = 279
     Doing FMS for a cluster of   23 atoms around iph =   3 in fmsie
    0   FMS matrix (LUD) at point   1, number of state kets = 207
  Electronic configuration
   iph    il      N_el
     0     0    1.788
     0     1    4.334
     0     2    0.108
     0     3    0.000
     1     0    0.284
     1     1    6.413
     1     2    1.004
     1     3    0.000
     2     0    0.683
     2     1    0.817
     2     2    7.215
     2     3    0.000
     3     0    1.783
     3     1    4.324
     3     2    0.110
     3     3    0.000
 mu_new=    -7.276
 Charge transfer:  iph  charge(iph)
       0   -0.230
       1    0.308
       2    0.284
       3   -0.219
              SCF ITERATION NUMBER  7  OUT OF  30
 Calculating energy and space dependent l-DOS.  It takes time ...
     point #   1  energy = -34.000
     Doing FMS for a cluster of   23 atoms around iph =   0 in fmsie
    0   FMS matrix (LUD) at point   1, number of state kets = 207
     Doing FMS for a cluster of   17 atoms around iph =   1 in fmsie
    0   FMS matrix (LUD) at point   1, number of state kets = 153
     Doing FMS for a cluster of   31 atoms around iph =   2 in fmsie
    0   FMS matrix (LUD) at point   1, number of state kets = 279
     Doing FMS for a cluster of   23 atoms around iph =   3 in fmsie
    0   FMS matrix (LUD) at point   1, number of state kets = 207
  Electronic configuration
   iph    il      N_el
     0     0    1.788
     0     1    4.336
     0     2    0.107
     0     3    0.000
     1     0    0.282
     1     1    6.411
     1     2    0.993
     1     3    0.000
     2     0    0.682
     2     1    0.815
     2     2    7.220
     2     3    0.000
     3     0    1.783
     3     1    4.327
     3     2    0.110
     3     3    0.000
 mu_new=    -7.327
 Charge transfer:  iph  charge(iph)
       0   -0.231
       1    0.310
       2    0.284
       3   -0.219
              SCF ITERATION NUMBER  8  OUT OF  30
 Calculating energy and space dependent l-DOS.  It takes time ...
     point #   1  energy = -34.000
     Doing FMS for a cluster of   23 atoms around iph =   0 in fmsie
    0   FMS matrix (LUD) at point   1, number of state kets = 207
     Doing FMS for a cluster of   17 atoms around iph =   1 in fmsie
    0   FMS matrix (LUD) at point   1, number of state kets = 153
     Doing FMS for a cluster of   31 atoms around iph =   2 in fmsie
    0   FMS matrix (LUD) at point   1, number of state kets = 279
     Doing FMS for a cluster of   23 atoms around iph =   3 in fmsie
    0   FMS matrix (LUD) at point   1, number of state kets = 207
  Electronic configuration
   iph    il      N_el
     0     0    1.788
     0     1    4.336
     0     2    0.108
     0     3    0.000
     1     0    0.282
     1     1    6.411
     1     2    0.994
     1     3    0.000
     2     0    0.683
     2     1    0.815
     2     2    7.220
     2     3    0.000
     3     0    1.783
     3     1    4.326
     3     2    0.110
     3     3    0.000
 mu_new=    -7.325
 Charge transfer:  iph  charge(iph)
       0   -0.231
       1    0.312
       2    0.283
       3   -0.219
              SCF ITERATION NUMBER  9  OUT OF  30
 Calculating energy and space dependent l-DOS.  It takes time ...
     point #   1  energy = -34.000
     Doing FMS for a cluster of   23 atoms around iph =   0 in fmsie
    0   FMS matrix (LUD) at point   1, number of state kets = 207
     Doing FMS for a cluster of   17 atoms around iph =   1 in fmsie
    0   FMS matrix (LUD) at point   1, number of state kets = 153
     Doing FMS for a cluster of   31 atoms around iph =   2 in fmsie
    0   FMS matrix (LUD) at point   1, number of state kets = 279
     Doing FMS for a cluster of   23 atoms around iph =   3 in fmsie
    0   FMS matrix (LUD) at point   1, number of state kets = 207
  Electronic configuration
   iph    il      N_el
     0     0    1.788
     0     1    4.334
     0     2    0.109
     0     3    0.000
     1     0    0.283
     1     1    6.412
     1     2    1.001
     1     3    0.000
     2     0    0.683
     2     1    0.815
     2     2    7.216
     2     3    0.000
     3     0    1.783
     3     1    4.325
     3     2    0.111
     3     3    0.000
 mu_new=    -7.325
 Charge transfer:  iph  charge(iph)
       0   -0.231
       1    0.310
       2    0.284
       3   -0.219
              SCF ITERATION NUMBER 10  OUT OF  30
 Calculating energy and space dependent l-DOS.  It takes time ...
     point #   1  energy = -34.000
     Doing FMS for a cluster of   23 atoms around iph =   0 in fmsie
    0   FMS matrix (LUD) at point   1, number of state kets = 207
     Doing FMS for a cluster of   17 atoms around iph =   1 in fmsie
    0   FMS matrix (LUD) at point   1, number of state kets = 153
     Doing FMS for a cluster of   31 atoms around iph =   2 in fmsie
    0   FMS matrix (LUD) at point   1, number of state kets = 279
     Doing FMS for a cluster of   23 atoms around iph =   3 in fmsie
    0   FMS matrix (LUD) at point   1, number of state kets = 207
  Electronic configuration
   iph    il      N_el
     0     0    1.788
     0     1    4.333
     0     2    0.110
     0     3    0.000
     1     0    0.283
     1     1    6.412
     1     2    1.006
     1     3    0.000
     2     0    0.683
     2     1    0.816
     2     2    7.212
     2     3    0.000
     3     0    1.783
     3     1    4.324
     3     2    0.112
     3     3    0.000
 mu_new=    -7.325
 Charge transfer:  iph  charge(iph)
       0   -0.231
       1    0.313
       2    0.283
       3   -0.219
              SCF ITERATION NUMBER 11  OUT OF  30
 Calculating energy and space dependent l-DOS.  It takes time ...
     point #   1  energy = -34.000
     Doing FMS for a cluster of   23 atoms around iph =   0 in fmsie
    0   FMS matrix (LUD) at point   1, number of state kets = 207
     Doing FMS for a cluster of   17 atoms around iph =   1 in fmsie
    0   FMS matrix (LUD) at point   1, number of state kets = 153
     Doing FMS for a cluster of   31 atoms around iph =   2 in fmsie
    0   FMS matrix (LUD) at point   1, number of state kets = 279
     Doing FMS for a cluster of   23 atoms around iph =   3 in fmsie
    0   FMS matrix (LUD) at point   1, number of state kets = 207
  Electronic configuration
   iph    il      N_el
     0     0    1.788
     0     1    4.334
     0     2    0.109
     0     3    0.000
     1     0    0.283
     1     1    6.412
     1     2    1.001
     1     3    0.000
     2     0    0.683
     2     1    0.815
     2     2    7.215
     2     3    0.000
     3     0    1.783
     3     1    4.325
     3     2    0.111
     3     3    0.000
 mu_new=    -7.325
 Charge transfer:  iph  charge(iph)
       0   -0.231
       1    0.319
       2    0.281
       3   -0.220
              SCF ITERATION NUMBER 12  OUT OF  30
 Calculating energy and space dependent l-DOS.  It takes time ...
     point #   1  energy = -34.000
     Doing FMS for a cluster of   23 atoms around iph =   0 in fmsie
    0   FMS matrix (LUD) at point   1, number of state kets = 207
     Doing FMS for a cluster of   17 atoms around iph =   1 in fmsie
    0   FMS matrix (LUD) at point   1, number of state kets = 153
     Doing FMS for a cluster of   31 atoms around iph =   2 in fmsie
    0   FMS matrix (LUD) at point   1, number of state kets = 279
     Doing FMS for a cluster of   23 atoms around iph =   3 in fmsie
    0   FMS matrix (LUD) at point   1, number of state kets = 207
  Electronic configuration
   iph    il      N_el
     0     0    1.788
     0     1    4.336
     0     2    0.108
     0     3    0.000
     1     0    0.283
     1     1    6.412
     1     2    0.998
     1     3    0.000
     2     0    0.682
     2     1    0.815
     2     2    7.217
     2     3    0.000
     3     0    1.783
     3     1    4.327
     3     2    0.110
     3     3    0.000
 mu_new=    -7.321
 Charge transfer:  iph  charge(iph)
       0   -0.231
       1    0.313
       2    0.283
       3   -0.219
              SCF ITERATION NUMBER 13  OUT OF  30
 Calculating energy and space dependent l-DOS.  It takes time ...
     point #   1  energy = -34.000
     Doing FMS for a cluster of   23 atoms around iph =   0 in fmsie
    0   FMS matrix (LUD) at point   1, number of state kets = 207
     Doing FMS for a cluster of   17 atoms around iph =   1 in fmsie
    0   FMS matrix (LUD) at point   1, number of state kets = 153
     Doing FMS for a cluster of   31 atoms around iph =   2 in fmsie
    0   FMS matrix (LUD) at point   1, number of state kets = 279
     Doing FMS for a cluster of   23 atoms around iph =   3 in fmsie
    0   FMS matrix (LUD) at point   1, number of state kets = 207
  Electronic configuration
   iph    il      N_el
     0     0    1.788
     0     1    4.333
     0     2    0.109
     0     3    0.000
     1     0    0.284
     1     1    6.412
     1     2    1.006
     1     3    0.000
     2     0    0.683
     2     1    0.816
     2     2    7.211
     2     3    0.000
     3     0    1.783
     3     1    4.324
     3     2    0.112
     3     3    0.000
 mu_new=    -7.321
 Charge transfer:  iph  charge(iph)
       0   -0.232
       1    0.322
       2    0.279
       3   -0.220
              SCF ITERATION NUMBER 14  OUT OF  30
 Calculating energy and space dependent l-DOS.  It takes time ...
     point #   1  energy = -34.000
     Doing FMS for a cluster of   23 atoms around iph =   0 in fmsie
    0   FMS matrix (LUD) at point   1, number of state kets = 207
     Doing FMS for a cluster of   17 atoms around iph =   1 in fmsie
    0   FMS matrix (LUD) at point   1, number of state kets = 153
     Doing FMS for a cluster of   31 atoms around iph =   2 in fmsie
    0   FMS matrix (LUD) at point   1, number of state kets = 279
     Doing FMS for a cluster of   23 atoms around iph =   3 in fmsie
    0   FMS matrix (LUD) at point   1, number of state kets = 207
  Electronic configuration
   iph    il      N_el
     0     0    1.788
     0     1    4.336
     0     2    0.108
     0     3    0.000
     1     0    0.283
     1     1    6.412
     1     2    0.999
     1     3    0.000
     2     0    0.682
     2     1    0.815
     2     2    7.216
     2     3    0.000
     3     0    1.783
     3     1    4.327
     3     2    0.110
     3     3    0.000
 mu_new=    -7.319
 Charge transfer:  iph  charge(iph)
       0   -0.223
       1    0.219
       2    0.318
       3   -0.214
              SCF ITERATION NUMBER 15  OUT OF  30
 Calculating energy and space dependent l-DOS.  It takes time ...
     point #   1  energy = -34.000
     Doing FMS for a cluster of   23 atoms around iph =   0 in fmsie
    0   FMS matrix (LUD) at point   1, number of state kets = 207
     Doing FMS for a cluster of   17 atoms around iph =   1 in fmsie
    0   FMS matrix (LUD) at point   1, number of state kets = 153
     Doing FMS for a cluster of   31 atoms around iph =   2 in fmsie
    0   FMS matrix (LUD) at point   1, number of state kets = 279
     Doing FMS for a cluster of   23 atoms around iph =   3 in fmsie
    0   FMS matrix (LUD) at point   1, number of state kets = 207
  Electronic configuration
   iph    il      N_el
     0     0    1.787
     0     1    4.334
     0     2    0.107
     0     3    0.000
     1     0    0.277
     1     1    6.401
     1     2    0.954
     1     3    0.000
     2     0    0.683
     2     1    0.812
     2     2    7.260
     2     3    0.000
     3     0    1.783
     3     1    4.322
     3     2    0.109
     3     3    0.000
 mu_new=    -7.433
 Charge transfer:  iph  charge(iph)
       0   -0.231
       1    0.310
       2    0.284
       3   -0.219
              SCF ITERATION NUMBER 16  OUT OF  30
 Calculating energy and space dependent l-DOS.  It takes time ...
     point #   1  energy = -34.000
     Doing FMS for a cluster of   23 atoms around iph =   0 in fmsie
    0   FMS matrix (LUD) at point   1, number of state kets = 207
     Doing FMS for a cluster of   17 atoms around iph =   1 in fmsie
    0   FMS matrix (LUD) at point   1, number of state kets = 153
     Doing FMS for a cluster of   31 atoms around iph =   2 in fmsie
    0   FMS matrix (LUD) at point   1, number of state kets = 279
     Doing FMS for a cluster of   23 atoms around iph =   3 in fmsie
    0   FMS matrix (LUD) at point   1, number of state kets = 207
  Electronic configuration
   iph    il      N_el
     0     0    1.788
     0     1    4.336
     0     2    0.107
     0     3    0.000
     1     0    0.282
     1     1    6.411
     1     2    0.994
     1     3    0.000
     2     0    0.682
     2     1    0.815
     2     2    7.220
     2     3    0.000
     3     0    1.783
     3     1    4.327
     3     2    0.110
     3     3    0.000
 mu_new=    -7.331
 Charge transfer:  iph  charge(iph)
       0   -0.231
       1    0.316
       2    0.282
       3   -0.220
              SCF ITERATION NUMBER 17  OUT OF  30
 Calculating energy and space dependent l-DOS.  It takes time ...
     point #   1  energy = -34.000
     Doing FMS for a cluster of   23 atoms around iph =   0 in fmsie
    0   FMS matrix (LUD) at point   1, number of state kets = 207
     Doing FMS for a cluster of   17 atoms around iph =   1 in fmsie
    0   FMS matrix (LUD) at point   1, number of state kets = 153
     Doing FMS for a cluster of   31 atoms around iph =   2 in fmsie
    0   FMS matrix (LUD) at point   1, number of state kets = 279
     Doing FMS for a cluster of   23 atoms around iph =   3 in fmsie
    0   FMS matrix (LUD) at point   1, number of state kets = 207
  Electronic configuration
   iph    il      N_el
     0     0    1.788
     0     1    4.335
     0     2    0.107
     0     3    0.000
     1     0    0.283
     1     1    6.412
     1     2    0.996
     1     3    0.000
     2     0    0.682
     2     1    0.815
     2     2    7.219
     2     3    0.000
     3     0    1.783
     3     1    4.326
     3     2    0.110
     3     3    0.000
 mu_new=    -7.326
 Charge transfer:  iph  charge(iph)
       0   -0.231
       1    0.315
       2    0.282
       3   -0.220
              SCF ITERATION NUMBER 18  OUT OF  30
 Calculating energy and space dependent l-DOS.  It takes time ...
     point #   1  energy = -34.000
     Doing FMS for a cluster of   23 atoms around iph =   0 in fmsie
    0   FMS matrix (LUD) at point   1, number of state kets = 207
     Doing FMS for a cluster of   17 atoms around iph =   1 in fmsie
    0   FMS matrix (LUD) at point   1, number of state kets = 153
     Doing FMS for a cluster of   31 atoms around iph =   2 in fmsie
    0   FMS matrix (LUD) at point   1, number of state kets = 279
     Doing FMS for a cluster of   23 atoms around iph =   3 in fmsie
    0   FMS matrix (LUD) at point   1, number of state kets = 207
  Electronic configuration
   iph    il      N_el
     0     0    1.788
     0     1    4.335
     0     2    0.108
     0     3    0.000
     1     0    0.283
     1     1    6.412
     1     2    0.998
     1     3    0.000
     2     0    0.682
     2     1    0.815
     2     2    7.217
     2     3    0.000
     3     0    1.783
     3     1    4.326
     3     2    0.110
     3     3    0.000
 mu_new=    -7.326
 Charge transfer:  iph  charge(iph)
       0   -0.232
       1    0.324
       2    0.279
       3   -0.220
              SCF ITERATION NUMBER 19  OUT OF  30
 Calculating energy and space dependent l-DOS.  It takes time ...
     point #   1  energy = -34.000
     Doing FMS for a cluster of   23 atoms around iph =   0 in fmsie
    0   FMS matrix (LUD) at point   1, number of state kets = 207
     Doing FMS for a cluster of   17 atoms around iph =   1 in fmsie
    0   FMS matrix (LUD) at point   1, number of state kets = 153
     Doing FMS for a cluster of   31 atoms around iph =   2 in fmsie
    0   FMS matrix (LUD) at point   1, number of state kets = 279
     Doing FMS for a cluster of   23 atoms around iph =   3 in fmsie
    0   FMS matrix (LUD) at point   1, number of state kets = 207
  Electronic configuration
   iph    il      N_el
     0     0    1.788
     0     1    4.335
     0     2    0.108
     0     3    0.000
     1     0    0.283
     1     1    6.412
     1     2    1.000
     1     3    0.000
     2     0    0.682
     2     1    0.815
     2     2    7.216
     2     3    0.000
     3     0    1.783
     3     1    4.327
     3     2    0.110
     3     3    0.000
 mu_new=    -7.318
 Charge transfer:  iph  charge(iph)
       0   -0.230
       1    0.309
       2    0.284
       3   -0.219
              SCF ITERATION NUMBER 20  OUT OF  30
 Calculating energy and space dependent l-DOS.  It takes time ...
     point #   1  energy = -34.000
     Doing FMS for a cluster of   23 atoms around iph =   0 in fmsie
    0   FMS matrix (LUD) at point   1, number of state kets = 207
     Doing FMS for a cluster of   17 atoms around iph =   1 in fmsie
    0   FMS matrix (LUD) at point   1, number of state kets = 153
     Doing FMS for a cluster of   31 atoms around iph =   2 in fmsie
    0   FMS matrix (LUD) at point   1, number of state kets = 279
     Doing FMS for a cluster of   23 atoms around iph =   3 in fmsie
    0   FMS matrix (LUD) at point   1, number of state kets = 207
  Electronic configuration
   iph    il      N_el
     0     0    1.788
     0     1    4.330
     0     2    0.111
     0     3    0.000
     1     0    0.284
     1     1    6.413
     1     2    1.015
     1     3    0.000
     2     0    0.683
     2     1    0.817
     2     2    7.205
     2     3    0.000
     3     0    1.784
     3     1    4.322
     3     2    0.114
     3     3    0.000
 mu_new=    -7.318
 Charge transfer:  iph  charge(iph)
       0   -0.235
       1    0.363
       2    0.264
       3   -0.223
              SCF ITERATION NUMBER 21  OUT OF  30
 Calculating energy and space dependent l-DOS.  It takes time ...
     point #   1  energy = -34.000
     Doing FMS for a cluster of   23 atoms around iph =   0 in fmsie
    0   FMS matrix (LUD) at point   1, number of state kets = 207
     Doing FMS for a cluster of   17 atoms around iph =   1 in fmsie
    0   FMS matrix (LUD) at point   1, number of state kets = 153
     Doing FMS for a cluster of   31 atoms around iph =   2 in fmsie
    0   FMS matrix (LUD) at point   1, number of state kets = 279
     Doing FMS for a cluster of   23 atoms around iph =   3 in fmsie
    0   FMS matrix (LUD) at point   1, number of state kets = 207
  Electronic configuration
   iph    il      N_el
     0     0    1.788
     0     1    4.336
     0     2    0.108
     0     3    0.000
     1     0    0.285
     1     1    6.417
     1     2    1.019
     1     3    0.000
     2     0    0.682
     2     1    0.816
     2     2    7.197
     2     3    0.000
     3     0    1.784
     3     1    4.328
     3     2    0.110
     3     3    0.000
 mu_new=    -7.276
 Charge transfer:  iph  charge(iph)
       0   -0.229
       1    0.291
       2    0.291
       3   -0.218
              SCF ITERATION NUMBER 22  OUT OF  30
 Calculating energy and space dependent l-DOS.  It takes time ...
     point #   1  energy = -34.000
     Doing FMS for a cluster of   23 atoms around iph =   0 in fmsie
    0   FMS matrix (LUD) at point   1, number of state kets = 207
     Doing FMS for a cluster of   17 atoms around iph =   1 in fmsie
    0   FMS matrix (LUD) at point   1, number of state kets = 153
     Doing FMS for a cluster of   31 atoms around iph =   2 in fmsie
    0   FMS matrix (LUD) at point   1, number of state kets = 279
     Doing FMS for a cluster of   23 atoms around iph =   3 in fmsie
    0   FMS matrix (LUD) at point   1, number of state kets = 207
  Electronic configuration
   iph    il      N_el
     0     0    1.788
     0     1    4.335
     0     2    0.107
     0     3    0.000
     1     0    0.281
     1     1    6.409
     1     2    0.984
     1     3    0.000
     2     0    0.683
     2     1    0.814
     2     2    7.229
     2     3    0.000
     3     0    1.783
     3     1    4.326
     3     2    0.110
     3     3    0.000
 mu_new=    -7.354
 Charge transfer:  iph  charge(iph)
       0   -0.231
       1    0.314
       2    0.283
       3   -0.220
              SCF ITERATION NUMBER 23  OUT OF  30
 Calculating energy and space dependent l-DOS.  It takes time ...
     point #   1  energy = -34.000
     Doing FMS for a cluster of   23 atoms around iph =   0 in fmsie
    0   FMS matrix (LUD) at point   1, number of state kets = 207
     Doing FMS for a cluster of   17 atoms around iph =   1 in fmsie
    0   FMS matrix (LUD) at point   1, number of state kets = 153
     Doing FMS for a cluster of   31 atoms around iph =   2 in fmsie
    0   FMS matrix (LUD) at point   1, number of state kets = 279
     Doing FMS for a cluster of   23 atoms around iph =   3 in fmsie
    0   FMS matrix (LUD) at point   1, number of state kets = 207
  Electronic configuration
   iph    il      N_el
     0     0    1.788
     0     1    4.336
     0     2    0.107
     0     3    0.000
     1     0    0.282
     1     1    6.411
     1     2    0.995
     1     3    0.000
     2     0    0.682
     2     1    0.815
     2     2    7.219
     2     3    0.000
     3     0    1.783
     3     1    4.327
     3     2    0.110
     3     3    0.000
 mu_new=    -7.328
 Charge transfer:  iph  charge(iph)
       0   -0.231
       1    0.314
       2    0.282
       3   -0.220
              SCF ITERATION NUMBER 24  OUT OF  30
 Calculating energy and space dependent l-DOS.  It takes time ...
     point #   1  energy = -34.000
     Doing FMS for a cluster of   23 atoms around iph =   0 in fmsie
    0   FMS matrix (LUD) at point   1, number of state kets = 207
     Doing FMS for a cluster of   17 atoms around iph =   1 in fmsie
    0   FMS matrix (LUD) at point   1, number of state kets = 153
     Doing FMS for a cluster of   31 atoms around iph =   2 in fmsie
    0   FMS matrix (LUD) at point   1, number of state kets = 279
     Doing FMS for a cluster of   23 atoms around iph =   3 in fmsie
    0   FMS matrix (LUD) at point   1, number of state kets = 207
  Electronic configuration
   iph    il      N_el
     0     0    1.788
     0     1    4.335
     0     2    0.108
     0     3    0.000
     1     0    0.282
     1     1    6.411
     1     2    0.996
     1     3    0.000
     2     0    0.682
     2     1    0.815
     2     2    7.219
     2     3    0.000
     3     0    1.783
     3     1    4.326
     3     2    0.110
     3     3    0.000
 mu_new=    -7.328
 Charge transfer:  iph  charge(iph)
       0   -0.231
       1    0.319
       2    0.281
       3   -0.220
              SCF ITERATION NUMBER 25  OUT OF  30
 Calculating energy and space dependent l-DOS.  It takes time ...
     point #   1  energy = -34.000
     Doing FMS for a cluster of   23 atoms around iph =   0 in fmsie
    0   FMS matrix (LUD) at point   1, number of state kets = 207
     Doing FMS for a cluster of   17 atoms around iph =   1 in fmsie
    0   FMS matrix (LUD) at point   1, number of state kets = 153
     Doing FMS for a cluster of   31 atoms around iph =   2 in fmsie
    0   FMS matrix (LUD) at point   1, number of state kets = 279
     Doing FMS for a cluster of   23 atoms around iph =   3 in fmsie
    0   FMS matrix (LUD) at point   1, number of state kets = 207
  Electronic configuration
   iph    il      N_el
     0     0    1.788
     0     1    4.335
     0     2    0.108
     0     3    0.000
     1     0    0.283
     1     1    6.412
     1     2    0.997
     1     3    0.000
     2     0    0.682
     2     1    0.815
     2     2    7.218
     2     3    0.000
     3     0    1.783
     3     1    4.326
     3     2    0.110
     3     3    0.000
 mu_new=    -7.324
 Charge transfer:  iph  charge(iph)
       0   -0.231
       1    0.310
       2    0.284
       3   -0.219
              SCF ITERATION NUMBER 26  OUT OF  30
 Calculating energy and space dependent l-DOS.  It takes time ...
     point #   1  energy = -34.000
     Doing FMS for a cluster of   23 atoms around iph =   0 in fmsie
    0   FMS matrix (LUD) at point   1, number of state kets = 207
     Doing FMS for a cluster of   17 atoms around iph =   1 in fmsie
    0   FMS matrix (LUD) at point   1, number of state kets = 153
     Doing FMS for a cluster of   31 atoms around iph =   2 in fmsie
    0   FMS matrix (LUD) at point   1, number of state kets = 279
     Doing FMS for a cluster of   23 atoms around iph =   3 in fmsie
    0   FMS matrix (LUD) at point   1, number of state kets = 207
  Electronic configuration
   iph    il      N_el
     0     0    1.788
     0     1    4.333
     0     2    0.110
     0     3    0.000
     1     0    0.283
     1     1    6.412
     1     2    1.006
     1     3    0.000
     2     0    0.683
     2     1    0.816
     2     2    7.212
     2     3    0.000
     3     0    1.783
     3     1    4.324
     3     2    0.112
     3     3    0.000
 mu_new=    -7.324
 Charge transfer:  iph  charge(iph)
       0   -0.232
       1    0.329
       2    0.277
       3   -0.221
              SCF ITERATION NUMBER 27  OUT OF  30
 Calculating energy and space dependent l-DOS.  It takes time ...
     point #   1  energy = -34.000
     Doing FMS for a cluster of   23 atoms around iph =   0 in fmsie
    0   FMS matrix (LUD) at point   1, number of state kets = 207
     Doing FMS for a cluster of   17 atoms around iph =   1 in fmsie
    0   FMS matrix (LUD) at point   1, number of state kets = 153
     Doing FMS for a cluster of   31 atoms around iph =   2 in fmsie
    0   FMS matrix (LUD) at point   1, number of state kets = 279
     Doing FMS for a cluster of   23 atoms around iph =   3 in fmsie
    0   FMS matrix (LUD) at point   1, number of state kets = 207
  Electronic configuration
   iph    il      N_el
     0     0    1.788
     0     1    4.336
     0     2    0.108
     0     3    0.000
     1     0    0.283
     1     1    6.413
     1     2    1.002
     1     3    0.000
     2     0    0.682
     2     1    0.815
     2     2    7.213
     2     3    0.000
     3     0    1.783
     3     1    4.327
     3     2    0.110
     3     3    0.000
 mu_new=    -7.313
 Charge transfer:  iph  charge(iph)
       0   -0.230
       1    0.299
       2    0.288
       3   -0.219
              SCF ITERATION NUMBER 28  OUT OF  30
 Calculating energy and space dependent l-DOS.  It takes time ...
     point #   1  energy = -34.000
     Doing FMS for a cluster of   23 atoms around iph =   0 in fmsie
    0   FMS matrix (LUD) at point   1, number of state kets = 207
     Doing FMS for a cluster of   17 atoms around iph =   1 in fmsie
    0   FMS matrix (LUD) at point   1, number of state kets = 153
     Doing FMS for a cluster of   31 atoms around iph =   2 in fmsie
    0   FMS matrix (LUD) at point   1, number of state kets = 279
     Doing FMS for a cluster of   23 atoms around iph =   3 in fmsie
    0   FMS matrix (LUD) at point   1, number of state kets = 207
  Electronic configuration
   iph    il      N_el
     0     0    1.788
     0     1    4.325
     0     2    0.115
     0     3    0.000
     1     0    0.286
     1     1    6.413
     1     2    1.033
     1     3    0.000
     2     0    0.684
     2     1    0.819
     2     2    7.193
     2     3    0.000
     3     0    1.784
     3     1    4.317
     3     2    0.117
     3     3    0.000
 mu_new=    -7.313
 Charge transfer:  iph  charge(iph)
       0   -0.239
       1    0.410
       2    0.247
       3   -0.226
negative dens  10  0-2548.057198 - usually due to harmless precision errors, but check DOS to make sure
negative dens  10  3-2474.056978 - usually due to harmless precision errors, but check DOS to make sure
              SCF ITERATION NUMBER 29  OUT OF  30
 Calculating energy and space dependent l-DOS.  It takes time ...
     point #   1  energy = -34.000
     Doing FMS for a cluster of   23 atoms around iph =   0 in fmsie
    0   FMS matrix (LUD) at point   1, number of state kets = 207
     Doing FMS for a cluster of   17 atoms around iph =   1 in fmsie
    0   FMS matrix (LUD) at point   1, number of state kets = 153
     Doing FMS for a cluster of   31 atoms around iph =   2 in fmsie
    0   FMS matrix (LUD) at point   1, number of state kets = 279
     Doing FMS for a cluster of   23 atoms around iph =   3 in fmsie
    0   FMS matrix (LUD) at point   1, number of state kets = 207
  Electronic configuration
   iph    il      N_el
     0     0    1.788
     0     1    4.337
     0     2    0.108
     0     3    0.000
     1     0    0.288
     1     1    6.423
     1     2    1.043
     1     3    0.000
     2     0    0.681
     2     1    0.818
     2     2    7.175
     2     3    0.000
     3     0    1.784
     3     1    4.330
     3     2    0.110
     3     3    0.000
 mu_new=    -7.225
 Charge transfer:  iph  charge(iph)
       0   -0.228
       1    0.278
       2    0.296
       3   -0.217
              SCF ITERATION NUMBER 30  OUT OF  30
 Calculating energy and space dependent l-DOS.  It takes time ...
     point #   1  energy = -34.000
     Doing FMS for a cluster of   23 atoms around iph =   0 in fmsie
    0   FMS matrix (LUD) at point   1, number of state kets = 207
     Doing FMS for a cluster of   17 atoms around iph =   1 in fmsie
    0   FMS matrix (LUD) at point   1, number of state kets = 153
     Doing FMS for a cluster of   31 atoms around iph =   2 in fmsie
    0   FMS matrix (LUD) at point   1, number of state kets = 279
     Doing FMS for a cluster of   23 atoms around iph =   3 in fmsie
    0   FMS matrix (LUD) at point   1, number of state kets = 207
  Electronic configuration
   iph    il      N_el
     0     0    1.788
     0     1    4.335
     0     2    0.107
     0     3    0.000
     1     0    0.280
     1     1    6.407
     1     2    0.978
     1     3    0.000
     2     0    0.683
     2     1    0.814
     2     2    7.235
     2     3    0.000
     3     0    1.783
     3     1    4.325
     3     2    0.109
     3     3    0.000
 mu_new=    -7.368
 Charge transfer:  iph  charge(iph)
       0   -0.231
       1    0.312
       2    0.283
       3   -0.219
:WARNING Convergence not reached; ran out of iterations.
 Done with module 1: potentials.
 total time       24.2993979454041     
 communicate time   7.54576897621155     
