 Number of processors =           12
 Calculating potentials ...
muffin tin radii and interstitial parameters
 iph, rnrm(iph)*bohr, rmt(iph)*bohr, folp(iph)
    0  1.03538E+00  9.44429E-01  1.15000E+00
    1  1.85583E+00  1.81479E+00  1.05570E+00
    2  1.41563E+00  1.25744E+00  1.15000E+00
    3  1.04054E+00  9.53069E-01  1.15000E+00
              Core-valence separation
 ecv=   -34.000
 mu_old=     3.485
              SCF ITERATION NUMBER  1  OUT OF  30
 Calculating energy and space dependent l-DOS.  It takes time ...
     point #   1  energy = -34.000
     Doing FMS for a cluster of   23 atoms around iph =   0 in fmsie
    0   FMS matrix (LUD) at point   1, number of state kets = 207
     Doing FMS for a cluster of   17 atoms around iph =   1 in fmsie
    0   FMS matrix (LUD) at point   1, number of state kets = 153
     Doing FMS for a cluster of   31 atoms around iph =   2 in fmsie
    0   FMS matrix (LUD) at point   1, number of state kets = 279
     Doing FMS for a cluster of   23 atoms around iph =   3 in fmsie
    0   FMS matrix (LUD) at point   1, number of state kets = 207
  Electronic configuration
   iph    il      N_el
     0     0    1.808
     0     1    4.656
     0     2    0.109
     0     3    0.000
     1     0    0.270
     1     1    6.386
     1     2    0.906
     1     3    0.000
     2     0    0.642
     2     1    0.780
     2     2    6.627
     2     3    0.000
     3     0    1.813
     3     1    4.665
     3     2    0.107
     3     3    0.000
 mu_new=    -7.533
 Charge transfer:  iph  charge(iph)
       0   -0.110
       1    0.091
       2    0.179
       3   -0.112
              SCF ITERATION NUMBER  2  OUT OF  30
 Calculating energy and space dependent l-DOS.  It takes time ...
     point #   1  energy = -34.000
     Doing FMS for a cluster of   23 atoms around iph =   0 in fmsie
    0   FMS matrix (LUD) at point   1, number of state kets = 207
     Doing FMS for a cluster of   17 atoms around iph =   1 in fmsie
    0   FMS matrix (LUD) at point   1, number of state kets = 153
     Doing FMS for a cluster of   31 atoms around iph =   2 in fmsie
    0   FMS matrix (LUD) at point   1, number of state kets = 279
     Doing FMS for a cluster of   23 atoms around iph =   3 in fmsie
    0   FMS matrix (LUD) at point   1, number of state kets = 207
  Electronic configuration
   iph    il      N_el
     0     0    1.789
     0     1    4.393
     0     2    0.106
     0     3    0.000
     1     0    0.272
     1     1    6.395
     1     2    0.921
     1     3    0.000
     2     0    0.671
     2     1    0.797
     2     2    7.139
     2     3    0.000
     3     0    1.794
     3     1    4.402
     3     2    0.104
     3     3    0.000
 mu_new=    -7.874
 Charge transfer:  iph  charge(iph)
       0   -0.273
       1    0.380
       2    0.375
       3   -0.282
              SCF ITERATION NUMBER  3  OUT OF  30
 Calculating energy and space dependent l-DOS.  It takes time ...
     point #   1  energy = -34.000
     Doing FMS for a cluster of   23 atoms around iph =   0 in fmsie
    0   FMS matrix (LUD) at point   1, number of state kets = 207
     Doing FMS for a cluster of   17 atoms around iph =   1 in fmsie
    0   FMS matrix (LUD) at point   1, number of state kets = 153
     Doing FMS for a cluster of   31 atoms around iph =   2 in fmsie
    0   FMS matrix (LUD) at point   1, number of state kets = 279
     Doing FMS for a cluster of   23 atoms around iph =   3 in fmsie
    0   FMS matrix (LUD) at point   1, number of state kets = 207
  Electronic configuration
   iph    il      N_el
     0     0    1.774
     0     1    4.159
     0     2    0.109
     0     3    0.000
     1     0    0.295
     1     1    6.431
     1     2    1.060
     1     3    0.000
     2     0    0.701
     2     1    0.828
     2     2    7.475
     2     3    0.000
     3     0    1.779
     3     1    4.166
     3     2    0.107
     3     3    0.000
 mu_new=    -7.360
 Charge transfer:  iph  charge(iph)
       0   -0.228
       1    0.356
       2    0.299
       3   -0.238
              SCF ITERATION NUMBER  4  OUT OF  30
 Calculating energy and space dependent l-DOS.  It takes time ...
     point #   1  energy = -34.000
     Doing FMS for a cluster of   23 atoms around iph =   0 in fmsie
    0   FMS matrix (LUD) at point   1, number of state kets = 207
     Doing FMS for a cluster of   17 atoms around iph =   1 in fmsie
    0   FMS matrix (LUD) at point   1, number of state kets = 153
     Doing FMS for a cluster of   31 atoms around iph =   2 in fmsie
    0   FMS matrix (LUD) at point   1, number of state kets = 279
     Doing FMS for a cluster of   23 atoms around iph =   3 in fmsie
    0   FMS matrix (LUD) at point   1, number of state kets = 207
  Electronic configuration
   iph    il      N_el
     0     0    1.783
     0     1    4.304
     0     2    0.110
     0     3    0.000
     1     0    0.288
     1     1    6.421
     1     2    1.033
     1     3    0.000
     2     0    0.686
     2     1    0.819
     2     2    7.205
     2     3    0.000
     3     0    1.788
     3     1    4.314
     3     2    0.107
     3     3    0.000
 mu_new=    -7.222
 Charge transfer:  iph  charge(iph)
       0   -0.222
       1    0.337
       2    0.298
       3   -0.233
              SCF ITERATION NUMBER  5  OUT OF  30
 Calculating energy and space dependent l-DOS.  It takes time ...
     point #   1  energy = -34.000
     Doing FMS for a cluster of   23 atoms around iph =   0 in fmsie
    0   FMS matrix (LUD) at point   1, number of state kets = 207
     Doing FMS for a cluster of   17 atoms around iph =   1 in fmsie
    0   FMS matrix (LUD) at point   1, number of state kets = 153
     Doing FMS for a cluster of   31 atoms around iph =   2 in fmsie
    0   FMS matrix (LUD) at point   1, number of state kets = 279
     Doing FMS for a cluster of   23 atoms around iph =   3 in fmsie
    0   FMS matrix (LUD) at point   1, number of state kets = 207
  Electronic configuration
   iph    il      N_el
     0     0    1.784
     0     1    4.324
     0     2    0.109
     0     3    0.000
     1     0    0.285
     1     1    6.415
     1     2    1.010
     1     3    0.000
     2     0    0.684
     2     1    0.815
     2     2    7.188
     2     3    0.000
     3     0    1.789
     3     1    4.333
     3     2    0.107
     3     3    0.000
 mu_new=    -7.285
 Charge transfer:  iph  charge(iph)
       0   -0.221
       1    0.325
       2    0.302
       3   -0.232
              SCF ITERATION NUMBER  6  OUT OF  30
 Calculating energy and space dependent l-DOS.  It takes time ...
     point #   1  energy = -34.000
     Doing FMS for a cluster of   23 atoms around iph =   0 in fmsie
    0   FMS matrix (LUD) at point   1, number of state kets = 207
     Doing FMS for a cluster of   17 atoms around iph =   1 in fmsie
    0   FMS matrix (LUD) at point   1, number of state kets = 153
     Doing FMS for a cluster of   31 atoms around iph =   2 in fmsie
    0   FMS matrix (LUD) at point   1, number of state kets = 279
     Doing FMS for a cluster of   23 atoms around iph =   3 in fmsie
    0   FMS matrix (LUD) at point   1, number of state kets = 207
  Electronic configuration
   iph    il      N_el
     0     0    1.784
     0     1    4.326
     0     2    0.109
     0     3    0.000
     1     0    0.283
     1     1    6.411
     1     2    0.998
     1     3    0.000
     2     0    0.684
     2     1    0.813
     2     2    7.196
     2     3    0.000
     3     0    1.789
     3     1    4.335
     3     2    0.106
     3     3    0.000
 mu_new=    -7.341
 Charge transfer:  iph  charge(iph)
       0   -0.220
       1    0.316
       2    0.305
       3   -0.231
              SCF ITERATION NUMBER  7  OUT OF  30
 Calculating energy and space dependent l-DOS.  It takes time ...
     point #   1  energy = -34.000
     Doing FMS for a cluster of   23 atoms around iph =   0 in fmsie
    0   FMS matrix (LUD) at point   1, number of state kets = 207
     Doing FMS for a cluster of   17 atoms around iph =   1 in fmsie
    0   FMS matrix (LUD) at point   1, number of state kets = 153
     Doing FMS for a cluster of   31 atoms around iph =   2 in fmsie
    0   FMS matrix (LUD) at point   1, number of state kets = 279
     Doing FMS for a cluster of   23 atoms around iph =   3 in fmsie
    0   FMS matrix (LUD) at point   1, number of state kets = 207
  Electronic configuration
   iph    il      N_el
     0     0    1.784
     0     1    4.328
     0     2    0.108
     0     3    0.000
     1     0    0.282
     1     1    6.409
     1     2    0.987
     1     3    0.000
     2     0    0.683
     2     1    0.811
     2     2    7.202
     2     3    0.000
     3     0    1.789
     3     1    4.337
     3     2    0.106
     3     3    0.000
 mu_new=    -7.394
 Charge transfer:  iph  charge(iph)
       0   -0.221
       1    0.318
       2    0.305
       3   -0.232
              SCF ITERATION NUMBER  8  OUT OF  30
 Calculating energy and space dependent l-DOS.  It takes time ...
     point #   1  energy = -34.000
     Doing FMS for a cluster of   23 atoms around iph =   0 in fmsie
    0   FMS matrix (LUD) at point   1, number of state kets = 207
     Doing FMS for a cluster of   17 atoms around iph =   1 in fmsie
    0   FMS matrix (LUD) at point   1, number of state kets = 153
     Doing FMS for a cluster of   31 atoms around iph =   2 in fmsie
    0   FMS matrix (LUD) at point   1, number of state kets = 279
     Doing FMS for a cluster of   23 atoms around iph =   3 in fmsie
    0   FMS matrix (LUD) at point   1, number of state kets = 207
  Electronic configuration
   iph    il      N_el
     0     0    1.784
     0     1    4.328
     0     2    0.108
     0     3    0.000
     1     0    0.282
     1     1    6.409
     1     2    0.988
     1     3    0.000
     2     0    0.683
     2     1    0.811
     2     2    7.202
     2     3    0.000
     3     0    1.789
     3     1    4.337
     3     2    0.106
     3     3    0.000
 mu_new=    -7.391
 Charge transfer:  iph  charge(iph)
       0   -0.221
       1    0.319
       2    0.304
       3   -0.232
              SCF ITERATION NUMBER  9  OUT OF  30
 Calculating energy and space dependent l-DOS.  It takes time ...
     point #   1  energy = -34.000
     Doing FMS for a cluster of   23 atoms around iph =   0 in fmsie
    0   FMS matrix (LUD) at point   1, number of state kets = 207
     Doing FMS for a cluster of   17 atoms around iph =   1 in fmsie
    0   FMS matrix (LUD) at point   1, number of state kets = 153
     Doing FMS for a cluster of   31 atoms around iph =   2 in fmsie
    0   FMS matrix (LUD) at point   1, number of state kets = 279
     Doing FMS for a cluster of   23 atoms around iph =   3 in fmsie
    0   FMS matrix (LUD) at point   1, number of state kets = 207
  Electronic configuration
   iph    il      N_el
     0     0    1.785
     0     1    4.326
     0     2    0.110
     0     3    0.000
     1     0    0.283
     1     1    6.410
     1     2    0.996
     1     3    0.000
     2     0    0.683
     2     1    0.812
     2     2    7.198
     2     3    0.000
     3     0    1.789
     3     1    4.335
     3     2    0.107
     3     3    0.000
 mu_new=    -7.391
 Charge transfer:  iph  charge(iph)
       0   -0.221
       1    0.318
       2    0.305
       3   -0.232
              SCF ITERATION NUMBER 10  OUT OF  30
 Calculating energy and space dependent l-DOS.  It takes time ...
     point #   1  energy = -34.000
     Doing FMS for a cluster of   23 atoms around iph =   0 in fmsie
    0   FMS matrix (LUD) at point   1, number of state kets = 207
     Doing FMS for a cluster of   17 atoms around iph =   1 in fmsie
    0   FMS matrix (LUD) at point   1, number of state kets = 153
     Doing FMS for a cluster of   31 atoms around iph =   2 in fmsie
    0   FMS matrix (LUD) at point   1, number of state kets = 279
     Doing FMS for a cluster of   23 atoms around iph =   3 in fmsie
    0   FMS matrix (LUD) at point   1, number of state kets = 207
  Electronic configuration
   iph    il      N_el
     0     0    1.785
     0     1    4.325
     0     2    0.111
     0     3    0.000
     1     0    0.283
     1     1    6.410
     1     2    1.000
     1     3    0.000
     2     0    0.683
     2     1    0.813
     2     2    7.195
     2     3    0.000
     3     0    1.789
     3     1    4.333
     3     2    0.108
     3     3    0.000
 mu_new=    -7.391
 Charge transfer:  iph  charge(iph)
       0   -0.221
       1    0.321
       2    0.304
       3   -0.232
              SCF ITERATION NUMBER 11  OUT OF  30
 Calculating energy and space dependent l-DOS.  It takes time ...
     point #   1  energy = -34.000
     Doing FMS for a cluster of   23 atoms around iph =   0 in fmsie
    0   FMS matrix (LUD) at point   1, number of state kets = 207
     Doing FMS for a cluster of   17 atoms around iph =   1 in fmsie
    0   FMS matrix (LUD) at point   1, number of state kets = 153
     Doing FMS for a cluster of   31 atoms around iph =   2 in fmsie
    0   FMS matrix (LUD) at point   1, number of state kets = 279
     Doing FMS for a cluster of   23 atoms around iph =   3 in fmsie
    0   FMS matrix (LUD) at point   1, number of state kets = 207
  Electronic configuration
   iph    il      N_el
     0     0    1.785
     0     1    4.327
     0     2    0.109
     0     3    0.000
     1     0    0.283
     1     1    6.410
     1     2    0.995
     1     3    0.000
     2     0    0.683
     2     1    0.812
     2     2    7.198
     2     3    0.000
     3     0    1.789
     3     1    4.335
     3     2    0.107
     3     3    0.000
 mu_new=    -7.391
 Charge transfer:  iph  charge(iph)
       0   -0.221
       1    0.326
       2    0.302
       3   -0.232
              SCF ITERATION NUMBER 12  OUT OF  30
 Calculating energy and space dependent l-DOS.  It takes time ...
     point #   1  energy = -34.000
     Doing FMS for a cluster of   23 atoms around iph =   0 in fmsie
    0   FMS matrix (LUD) at point   1, number of state kets = 207
     Doing FMS for a cluster of   17 atoms around iph =   1 in fmsie
    0   FMS matrix (LUD) at point   1, number of state kets = 153
     Doing FMS for a cluster of   31 atoms around iph =   2 in fmsie
    0   FMS matrix (LUD) at point   1, number of state kets = 279
     Doing FMS for a cluster of   23 atoms around iph =   3 in fmsie
    0   FMS matrix (LUD) at point   1, number of state kets = 207
  Electronic configuration
   iph    il      N_el
     0     0    1.785
     0     1    4.328
     0     2    0.108
     0     3    0.000
     1     0    0.282
     1     1    6.410
     1     2    0.992
     1     3    0.000
     2     0    0.683
     2     1    0.812
     2     2    7.199
     2     3    0.000
     3     0    1.789
     3     1    4.337
     3     2    0.106
     3     3    0.000
 mu_new=    -7.389
 Charge transfer:  iph  charge(iph)
       0   -0.221
       1    0.320
       2    0.304
       3   -0.232
              SCF ITERATION NUMBER 13  OUT OF  30
 Calculating energy and space dependent l-DOS.  It takes time ...
     point #   1  energy = -34.000
     Doing FMS for a cluster of   23 atoms around iph =   0 in fmsie
    0   FMS matrix (LUD) at point   1, number of state kets = 207
     Doing FMS for a cluster of   17 atoms around iph =   1 in fmsie
    0   FMS matrix (LUD) at point   1, number of state kets = 153
     Doing FMS for a cluster of   31 atoms around iph =   2 in fmsie
    0   FMS matrix (LUD) at point   1, number of state kets = 279
     Doing FMS for a cluster of   23 atoms around iph =   3 in fmsie
    0   FMS matrix (LUD) at point   1, number of state kets = 207
  Electronic configuration
   iph    il      N_el
     0     0    1.785
     0     1    4.325
     0     2    0.111
     0     3    0.000
     1     0    0.283
     1     1    6.410
     1     2    1.001
     1     3    0.000
     2     0    0.683
     2     1    0.813
     2     2    7.194
     2     3    0.000
     3     0    1.789
     3     1    4.333
     3     2    0.108
     3     3    0.000
 mu_new=    -7.389
 Charge transfer:  iph  charge(iph)
       0   -0.222
       1    0.332
       2    0.300
       3   -0.233
              SCF ITERATION NUMBER 14  OUT OF  30
 Calculating energy and space dependent l-DOS.  It takes time ...
     point #   1  energy = -34.000
     Doing FMS for a cluster of   23 atoms around iph =   0 in fmsie
    0   FMS matrix (LUD) at point   1, number of state kets = 207
     Doing FMS for a cluster of   17 atoms around iph =   1 in fmsie
    0   FMS matrix (LUD) at point   1, number of state kets = 153
     Doing FMS for a cluster of   31 atoms around iph =   2 in fmsie
    0   FMS matrix (LUD) at point   1, number of state kets = 279
     Doing FMS for a cluster of   23 atoms around iph =   3 in fmsie
    0   FMS matrix (LUD) at point   1, number of state kets = 207
  Electronic configuration
   iph    il      N_el
     0     0    1.785
     0     1    4.328
     0     2    0.109
     0     3    0.000
     1     0    0.283
     1     1    6.411
     1     2    0.994
     1     3    0.000
     2     0    0.683
     2     1    0.812
     2     2    7.198
     2     3    0.000
     3     0    1.789
     3     1    4.337
     3     2    0.106
     3     3    0.000
 mu_new=    -7.384
 Charge transfer:  iph  charge(iph)
       0   -0.219
       1    0.295
       2    0.312
       3   -0.230
              SCF ITERATION NUMBER 15  OUT OF  30
 Calculating energy and space dependent l-DOS.  It takes time ...
     point #   1  energy = -34.000
     Doing FMS for a cluster of   23 atoms around iph =   0 in fmsie
    0   FMS matrix (LUD) at point   1, number of state kets = 207
     Doing FMS for a cluster of   17 atoms around iph =   1 in fmsie
    0   FMS matrix (LUD) at point   1, number of state kets = 153
     Doing FMS for a cluster of   31 atoms around iph =   2 in fmsie
    0   FMS matrix (LUD) at point   1, number of state kets = 279
     Doing FMS for a cluster of   23 atoms around iph =   3 in fmsie
    0   FMS matrix (LUD) at point   1, number of state kets = 207
  Electronic configuration
   iph    il      N_el
     0     0    1.785
     0     1    4.315
     0     2    0.118
     0     3    0.000
     1     0    0.286
     1     1    6.411
     1     2    1.034
     1     3    0.000
     2     0    0.685
     2     1    0.817
     2     2    7.175
     2     3    0.000
     3     0    1.790
     3     1    4.323
     3     2    0.116
     3     3    0.000
 mu_new=    -7.384
 Charge transfer:  iph  charge(iph)
       0   -0.228
       1    0.430
       2    0.268
       3   -0.241
negative dens  10  0-3426.798265 - usually due to harmless precision errors, but check DOS to make sure
negative dens  10  3-3554.136505 - usually due to harmless precision errors, but check DOS to make sure
              SCF ITERATION NUMBER 16  OUT OF  30
 Calculating energy and space dependent l-DOS.  It takes time ...
     point #   1  energy = -34.000
     Doing FMS for a cluster of   23 atoms around iph =   0 in fmsie
    0   FMS matrix (LUD) at point   1, number of state kets = 207
     Doing FMS for a cluster of   17 atoms around iph =   1 in fmsie
    0   FMS matrix (LUD) at point   1, number of state kets = 153
     Doing FMS for a cluster of   31 atoms around iph =   2 in fmsie
    0   FMS matrix (LUD) at point   1, number of state kets = 279
     Doing FMS for a cluster of   23 atoms around iph =   3 in fmsie
    0   FMS matrix (LUD) at point   1, number of state kets = 207
  Electronic configuration
   iph    il      N_el
     0     0    1.785
     0     1    4.330
     0     2    0.109
     0     3    0.000
     1     0    0.288
     1     1    6.422
     1     2    1.042
     1     3    0.000
     2     0    0.682
     2     1    0.815
     2     2    7.163
     2     3    0.000
     3     0    1.790
     3     1    4.336
     3     2    0.107
     3     3    0.000
 mu_new=    -7.287
 Charge transfer:  iph  charge(iph)
       0   -0.218
       1    0.276
       2    0.318
       3   -0.228
              SCF ITERATION NUMBER 17  OUT OF  30
 Calculating energy and space dependent l-DOS.  It takes time ...
     point #   1  energy = -34.000
     Doing FMS for a cluster of   23 atoms around iph =   0 in fmsie
    0   FMS matrix (LUD) at point   1, number of state kets = 207
     Doing FMS for a cluster of   17 atoms around iph =   1 in fmsie
    0   FMS matrix (LUD) at point   1, number of state kets = 153
     Doing FMS for a cluster of   31 atoms around iph =   2 in fmsie
    0   FMS matrix (LUD) at point   1, number of state kets = 279
     Doing FMS for a cluster of   23 atoms around iph =   3 in fmsie
    0   FMS matrix (LUD) at point   1, number of state kets = 207
  Electronic configuration
   iph    il      N_el
     0     0    1.784
     0     1    4.327
     0     2    0.108
     0     3    0.000
     1     0    0.280
     1     1    6.404
     1     2    0.969
     1     3    0.000
     2     0    0.683
     2     1    0.810
     2     2    7.217
     2     3    0.000
     3     0    1.789
     3     1    4.337
     3     2    0.105
     3     3    0.000
 mu_new=    -7.441
 Charge transfer:  iph  charge(iph)
       0   -0.221
       1    0.319
       2    0.304
       3   -0.232
              SCF ITERATION NUMBER 18  OUT OF  30
 Calculating energy and space dependent l-DOS.  It takes time ...
     point #   1  energy = -34.000
     Doing FMS for a cluster of   23 atoms around iph =   0 in fmsie
    0   FMS matrix (LUD) at point   1, number of state kets = 207
     Doing FMS for a cluster of   17 atoms around iph =   1 in fmsie
    0   FMS matrix (LUD) at point   1, number of state kets = 153
     Doing FMS for a cluster of   31 atoms around iph =   2 in fmsie
    0   FMS matrix (LUD) at point   1, number of state kets = 279
     Doing FMS for a cluster of   23 atoms around iph =   3 in fmsie
    0   FMS matrix (LUD) at point   1, number of state kets = 207
  Electronic configuration
   iph    il      N_el
     0     0    1.785
     0     1    4.328
     0     2    0.108
     0     3    0.000
     1     0    0.282
     1     1    6.409
     1     2    0.988
     1     3    0.000
     2     0    0.683
     2     1    0.811
     2     2    7.202
     2     3    0.000
     3     0    1.789
     3     1    4.337
     3     2    0.106
     3     3    0.000
 mu_new=    -7.397
 Charge transfer:  iph  charge(iph)
       0   -0.221
       1    0.320
       2    0.304
       3   -0.232
              SCF ITERATION NUMBER 19  OUT OF  30
 Calculating energy and space dependent l-DOS.  It takes time ...
     point #   1  energy = -34.000
     Doing FMS for a cluster of   23 atoms around iph =   0 in fmsie
    0   FMS matrix (LUD) at point   1, number of state kets = 207
     Doing FMS for a cluster of   17 atoms around iph =   1 in fmsie
    0   FMS matrix (LUD) at point   1, number of state kets = 153
     Doing FMS for a cluster of   31 atoms around iph =   2 in fmsie
    0   FMS matrix (LUD) at point   1, number of state kets = 279
     Doing FMS for a cluster of   23 atoms around iph =   3 in fmsie
    0   FMS matrix (LUD) at point   1, number of state kets = 207
  Electronic configuration
   iph    il      N_el
     0     0    1.784
     0     1    4.328
     0     2    0.109
     0     3    0.000
     1     0    0.282
     1     1    6.409
     1     2    0.989
     1     3    0.000
     2     0    0.683
     2     1    0.811
     2     2    7.202
     2     3    0.000
     3     0    1.789
     3     1    4.336
     3     2    0.106
     3     3    0.000
 mu_new=    -7.397
 Charge transfer:  iph  charge(iph)
       0   -0.221
       1    0.320
       2    0.304
       3   -0.232
              SCF ITERATION NUMBER 20  OUT OF  30
 Calculating energy and space dependent l-DOS.  It takes time ...
     point #   1  energy = -34.000
     Doing FMS for a cluster of   23 atoms around iph =   0 in fmsie
    0   FMS matrix (LUD) at point   1, number of state kets = 207
     Doing FMS for a cluster of   17 atoms around iph =   1 in fmsie
    0   FMS matrix (LUD) at point   1, number of state kets = 153
     Doing FMS for a cluster of   31 atoms around iph =   2 in fmsie
    0   FMS matrix (LUD) at point   1, number of state kets = 279
     Doing FMS for a cluster of   23 atoms around iph =   3 in fmsie
    0   FMS matrix (LUD) at point   1, number of state kets = 207
  Electronic configuration
   iph    il      N_el
     0     0    1.785
     0     1    4.328
     0     2    0.109
     0     3    0.000
     1     0    0.282
     1     1    6.409
     1     2    0.989
     1     3    0.000
     2     0    0.683
     2     1    0.811
     2     2    7.202
     2     3    0.000
     3     0    1.789
     3     1    4.336
     3     2    0.106
     3     3    0.000
 mu_new=    -7.397
 Charge transfer:  iph  charge(iph)
       0   -0.221
       1    0.319
       2    0.304
       3   -0.232
              SCF ITERATION NUMBER 21  OUT OF  30
 Calculating energy and space dependent l-DOS.  It takes time ...
     point #   1  energy = -34.000
     Doing FMS for a cluster of   23 atoms around iph =   0 in fmsie
    0   FMS matrix (LUD) at point   1, number of state kets = 207
     Doing FMS for a cluster of   17 atoms around iph =   1 in fmsie
    0   FMS matrix (LUD) at point   1, number of state kets = 153
     Doing FMS for a cluster of   31 atoms around iph =   2 in fmsie
    0   FMS matrix (LUD) at point   1, number of state kets = 279
     Doing FMS for a cluster of   23 atoms around iph =   3 in fmsie
    0   FMS matrix (LUD) at point   1, number of state kets = 207
  Electronic configuration
   iph    il      N_el
     0     0    1.785
     0     1    4.328
     0     2    0.109
     0     3    0.000
     1     0    0.282
     1     1    6.409
     1     2    0.990
     1     3    0.000
     2     0    0.683
     2     1    0.811
     2     2    7.201
     2     3    0.000
     3     0    1.789
     3     1    4.336
     3     2    0.106
     3     3    0.000
 mu_new=    -7.397
 Charge transfer:  iph  charge(iph)
       0   -0.221
       1    0.319
       2    0.304
       3   -0.232
              SCF ITERATION NUMBER 22  OUT OF  30
 Calculating energy and space dependent l-DOS.  It takes time ...
     point #   1  energy = -34.000
     Doing FMS for a cluster of   23 atoms around iph =   0 in fmsie
    0   FMS matrix (LUD) at point   1, number of state kets = 207
     Doing FMS for a cluster of   17 atoms around iph =   1 in fmsie
    0   FMS matrix (LUD) at point   1, number of state kets = 153
     Doing FMS for a cluster of   31 atoms around iph =   2 in fmsie
    0   FMS matrix (LUD) at point   1, number of state kets = 279
     Doing FMS for a cluster of   23 atoms around iph =   3 in fmsie
    0   FMS matrix (LUD) at point   1, number of state kets = 207
  Electronic configuration
   iph    il      N_el
     0     0    1.785
     0     1    4.327
     0     2    0.109
     0     3    0.000
     1     0    0.282
     1     1    6.409
     1     2    0.990
     1     3    0.000
     2     0    0.683
     2     1    0.811
     2     2    7.201
     2     3    0.000
     3     0    1.789
     3     1    4.336
     3     2    0.106
     3     3    0.000
 mu_new=    -7.397
 Charge transfer:  iph  charge(iph)
       0   -0.221
       1    0.319
       2    0.304
       3   -0.232
              SCF ITERATION NUMBER 23  OUT OF  30
 Calculating energy and space dependent l-DOS.  It takes time ...
     point #   1  energy = -34.000
     Doing FMS for a cluster of   23 atoms around iph =   0 in fmsie
    0   FMS matrix (LUD) at point   1, number of state kets = 207
     Doing FMS for a cluster of   17 atoms around iph =   1 in fmsie
    0   FMS matrix (LUD) at point   1, number of state kets = 153
     Doing FMS for a cluster of   31 atoms around iph =   2 in fmsie
    0   FMS matrix (LUD) at point   1, number of state kets = 279
     Doing FMS for a cluster of   23 atoms around iph =   3 in fmsie
    0   FMS matrix (LUD) at point   1, number of state kets = 207
  Electronic configuration
   iph    il      N_el
     0     0    1.785
     0     1    4.327
     0     2    0.109
     0     3    0.000
     1     0    0.282
     1     1    6.409
     1     2    0.991
     1     3    0.000
     2     0    0.683
     2     1    0.812
     2     2    7.201
     2     3    0.000
     3     0    1.789
     3     1    4.336
     3     2    0.106
     3     3    0.000
 mu_new=    -7.397
 Charge transfer:  iph  charge(iph)
       0   -0.221
       1    0.318
       2    0.304
       3   -0.232
              SCF ITERATION NUMBER 24  OUT OF  30
 Calculating energy and space dependent l-DOS.  It takes time ...
     point #   1  energy = -34.000
     Doing FMS for a cluster of   23 atoms around iph =   0 in fmsie
    0   FMS matrix (LUD) at point   1, number of state kets = 207
     Doing FMS for a cluster of   17 atoms around iph =   1 in fmsie
    0   FMS matrix (LUD) at point   1, number of state kets = 153
     Doing FMS for a cluster of   31 atoms around iph =   2 in fmsie
    0   FMS matrix (LUD) at point   1, number of state kets = 279
     Doing FMS for a cluster of   23 atoms around iph =   3 in fmsie
    0   FMS matrix (LUD) at point   1, number of state kets = 207
  Electronic configuration
   iph    il      N_el
     0     0    1.785
     0     1    4.327
     0     2    0.109
     0     3    0.000
     1     0    0.282
     1     1    6.409
     1     2    0.991
     1     3    0.000
     2     0    0.683
     2     1    0.812
     2     2    7.201
     2     3    0.000
     3     0    1.789
     3     1    4.336
     3     2    0.106
     3     3    0.000
 mu_new=    -7.397
 Charge transfer:  iph  charge(iph)
       0   -0.221
       1    0.319
       2    0.304
       3   -0.232
 Convergence reached.
 Done with module 1: potentials.
 total time       17.8204030990601     
 communicate time   3.73452615737915     
