 Number of processors =           12
 Calculating potentials ...
muffin tin radii and interstitial parameters
 iph, rnrm(iph)*bohr, rmt(iph)*bohr, folp(iph)
    0  1.05119E+00  9.85209E-01  1.15000E+00
    1  1.79533E+00  1.72659E+00  1.10241E+00
    2  1.45837E+00  1.31906E+00  1.15000E+00
    3  1.07586E+00  9.81474E-01  1.15000E+00
              Core-valence separation
 ecv=   -34.500
 mu_old=     1.940
              SCF ITERATION NUMBER  1  OUT OF  30
 Calculating energy and space dependent l-DOS.  It takes time ...
     point #   1  energy = -34.500
     Doing FMS for a cluster of   25 atoms around iph =   0 in fmsie
    0   FMS matrix (LUD) at point   1, number of state kets = 225
     Doing FMS for a cluster of   24 atoms around iph =   1 in fmsie
    0   FMS matrix (LUD) at point   1, number of state kets = 216
     Doing FMS for a cluster of   31 atoms around iph =   2 in fmsie
    0   FMS matrix (LUD) at point   1, number of state kets = 279
     Doing FMS for a cluster of   23 atoms around iph =   3 in fmsie
    0   FMS matrix (LUD) at point   1, number of state kets = 207
  Electronic configuration
   iph    il      N_el
     0     0    1.824
     0     1    4.769
     0     2    0.097
     0     3    0.000
     1     0    0.281
     1     1    6.364
     1     2    0.918
     1     3    0.000
     2     0    0.646
     2     1    0.761
     2     2    7.022
     2     3    0.000
     3     0    1.853
     3     1    4.443
     3     2    0.098
     3     3    0.000
 mu_new=    -8.317
 Charge transfer:  iph  charge(iph)
       0   -0.134
       1    0.089
       2    0.106
       3   -0.075
              SCF ITERATION NUMBER  2  OUT OF  30
 Calculating energy and space dependent l-DOS.  It takes time ...
     point #   1  energy = -34.500
     Doing FMS for a cluster of   25 atoms around iph =   0 in fmsie
    0   FMS matrix (LUD) at point   1, number of state kets = 225
     Doing FMS for a cluster of   24 atoms around iph =   1 in fmsie
    0   FMS matrix (LUD) at point   1, number of state kets = 216
     Doing FMS for a cluster of   31 atoms around iph =   2 in fmsie
    0   FMS matrix (LUD) at point   1, number of state kets = 279
     Doing FMS for a cluster of   23 atoms around iph =   3 in fmsie
    0   FMS matrix (LUD) at point   1, number of state kets = 207
  Electronic configuration
   iph    il      N_el
     0     0    1.806
     0     1    4.507
     0     2    0.096
     0     3    0.000
     1     0    0.293
     1     1    6.375
     1     2    0.959
     1     3    0.000
     2     0    0.678
     2     1    0.781
     2     2    7.346
     2     3    0.000
     3     0    1.845
     3     1    4.246
     3     2    0.100
     3     3    0.000
 mu_new=    -8.419
 Charge transfer:  iph  charge(iph)
       0   -0.383
       1    0.346
       2    0.190
       3   -0.181
              SCF ITERATION NUMBER  3  OUT OF  30
 Calculating energy and space dependent l-DOS.  It takes time ...
     point #   1  energy = -34.500
     Doing FMS for a cluster of   25 atoms around iph =   0 in fmsie
    0   FMS matrix (LUD) at point   1, number of state kets = 225
     Doing FMS for a cluster of   24 atoms around iph =   1 in fmsie
    0   FMS matrix (LUD) at point   1, number of state kets = 216
     Doing FMS for a cluster of   31 atoms around iph =   2 in fmsie
    0   FMS matrix (LUD) at point   1, number of state kets = 279
     Doing FMS for a cluster of   23 atoms around iph =   3 in fmsie
    0   FMS matrix (LUD) at point   1, number of state kets = 207
  Electronic configuration
   iph    il      N_el
     0     0    1.780
     0     1    4.108
     0     2    0.097
     0     3    0.000
     1     0    0.309
     1     1    6.393
     1     2    1.046
     1     3    0.000
     2     0    0.700
     2     1    0.808
     2     2    7.353
     2     3    0.000
     3     0    1.844
     3     1    4.185
     3     2    0.104
     3     3    0.000
 mu_new=    -7.935
 Charge transfer:  iph  charge(iph)
       0   -0.308
       1    0.337
       2    0.181
       3   -0.175
              SCF ITERATION NUMBER  4  OUT OF  30
 Calculating energy and space dependent l-DOS.  It takes time ...
     point #   1  energy = -34.500
     Doing FMS for a cluster of   25 atoms around iph =   0 in fmsie
    0   FMS matrix (LUD) at point   1, number of state kets = 225
     Doing FMS for a cluster of   24 atoms around iph =   1 in fmsie
    0   FMS matrix (LUD) at point   1, number of state kets = 216
     Doing FMS for a cluster of   31 atoms around iph =   2 in fmsie
    0   FMS matrix (LUD) at point   1, number of state kets = 279
     Doing FMS for a cluster of   23 atoms around iph =   3 in fmsie
    0   FMS matrix (LUD) at point   1, number of state kets = 207
  Electronic configuration
   iph    il      N_el
     0     0    1.794
     0     1    4.341
     0     2    0.097
     0     3    0.000
     1     0    0.302
     1     1    6.384
     1     2    1.014
     1     3    0.000
     2     0    0.691
     2     1    0.797
     2     2    7.347
     2     3    0.000
     3     0    1.844
     3     1    4.210
     3     2    0.103
     3     3    0.000
 mu_new=    -8.006
 Charge transfer:  iph  charge(iph)
       0   -0.290
       1    0.331
       2    0.177
       3   -0.171
              SCF ITERATION NUMBER  5  OUT OF  30
 Calculating energy and space dependent l-DOS.  It takes time ...
     point #   1  energy = -34.500
     Doing FMS for a cluster of   25 atoms around iph =   0 in fmsie
    0   FMS matrix (LUD) at point   1, number of state kets = 225
     Doing FMS for a cluster of   24 atoms around iph =   1 in fmsie
    0   FMS matrix (LUD) at point   1, number of state kets = 216
     Doing FMS for a cluster of   31 atoms around iph =   2 in fmsie
    0   FMS matrix (LUD) at point   1, number of state kets = 279
     Doing FMS for a cluster of   23 atoms around iph =   3 in fmsie
    0   FMS matrix (LUD) at point   1, number of state kets = 207
  Electronic configuration
   iph    il      N_el
     0     0    1.798
     0     1    4.382
     0     2    0.106
     0     3    0.000
     1     0    0.303
     1     1    6.383
     1     2    1.043
     1     3    0.000
     2     0    0.690
     2     1    0.799
     2     2    7.285
     2     3    0.000
     3     0    1.845
     3     1    4.224
     3     2    0.112
     3     3    0.000
 mu_new=    -8.006
 Charge transfer:  iph  charge(iph)
       0   -0.289
       1    0.320
       2    0.187
       3   -0.173
              SCF ITERATION NUMBER  6  OUT OF  30
 Calculating energy and space dependent l-DOS.  It takes time ...
     point #   1  energy = -34.500
     Doing FMS for a cluster of   25 atoms around iph =   0 in fmsie
    0   FMS matrix (LUD) at point   1, number of state kets = 225
     Doing FMS for a cluster of   24 atoms around iph =   1 in fmsie
    0   FMS matrix (LUD) at point   1, number of state kets = 216
     Doing FMS for a cluster of   31 atoms around iph =   2 in fmsie
    0   FMS matrix (LUD) at point   1, number of state kets = 279
     Doing FMS for a cluster of   23 atoms around iph =   3 in fmsie
    0   FMS matrix (LUD) at point   1, number of state kets = 207
  Electronic configuration
   iph    il      N_el
     0     0    1.798
     0     1    4.400
     0     2    0.097
     0     3    0.000
     1     0    0.298
     1     1    6.378
     1     2    0.991
     1     3    0.000
     2     0    0.689
     2     1    0.792
     2     2    7.361
     2     3    0.000
     3     0    1.844
     3     1    4.217
     3     2    0.102
     3     3    0.000
 mu_new=    -8.097
 Charge transfer:  iph  charge(iph)
       0   -0.290
       1    0.321
       2    0.183
       3   -0.172
              SCF ITERATION NUMBER  7  OUT OF  30
 Calculating energy and space dependent l-DOS.  It takes time ...
     point #   1  energy = -34.500
     Doing FMS for a cluster of   25 atoms around iph =   0 in fmsie
    0   FMS matrix (LUD) at point   1, number of state kets = 225
     Doing FMS for a cluster of   24 atoms around iph =   1 in fmsie
    0   FMS matrix (LUD) at point   1, number of state kets = 216
     Doing FMS for a cluster of   31 atoms around iph =   2 in fmsie
    0   FMS matrix (LUD) at point   1, number of state kets = 279
     Doing FMS for a cluster of   23 atoms around iph =   3 in fmsie
    0   FMS matrix (LUD) at point   1, number of state kets = 207
  Electronic configuration
   iph    il      N_el
     0     0    1.798
     0     1    4.400
     0     2    0.097
     0     3    0.000
     1     0    0.298
     1     1    6.378
     1     2    0.991
     1     3    0.000
     2     0    0.688
     2     1    0.791
     2     2    7.349
     2     3    0.000
     3     0    1.844
     3     1    4.223
     3     2    0.102
     3     3    0.000
 mu_new=    -8.097
 Charge transfer:  iph  charge(iph)
       0   -0.291
       1    0.324
       2    0.181
       3   -0.171
              SCF ITERATION NUMBER  8  OUT OF  30
 Calculating energy and space dependent l-DOS.  It takes time ...
     point #   1  energy = -34.500
     Doing FMS for a cluster of   25 atoms around iph =   0 in fmsie
    0   FMS matrix (LUD) at point   1, number of state kets = 225
     Doing FMS for a cluster of   24 atoms around iph =   1 in fmsie
    0   FMS matrix (LUD) at point   1, number of state kets = 216
     Doing FMS for a cluster of   31 atoms around iph =   2 in fmsie
    0   FMS matrix (LUD) at point   1, number of state kets = 279
     Doing FMS for a cluster of   23 atoms around iph =   3 in fmsie
    0   FMS matrix (LUD) at point   1, number of state kets = 207
  Electronic configuration
   iph    il      N_el
     0     0    1.798
     0     1    4.398
     0     2    0.097
     0     3    0.000
     1     0    0.298
     1     1    6.379
     1     2    0.992
     1     3    0.000
     2     0    0.687
     2     1    0.791
     2     2    7.344
     2     3    0.000
     3     0    1.844
     3     1    4.226
     3     2    0.102
     3     3    0.000
 mu_new=    -8.095
 Charge transfer:  iph  charge(iph)
       0   -0.292
       1    0.327
       2    0.180
       3   -0.172
              SCF ITERATION NUMBER  9  OUT OF  30
 Calculating energy and space dependent l-DOS.  It takes time ...
     point #   1  energy = -34.500
     Doing FMS for a cluster of   25 atoms around iph =   0 in fmsie
    0   FMS matrix (LUD) at point   1, number of state kets = 225
     Doing FMS for a cluster of   24 atoms around iph =   1 in fmsie
    0   FMS matrix (LUD) at point   1, number of state kets = 216
     Doing FMS for a cluster of   31 atoms around iph =   2 in fmsie
    0   FMS matrix (LUD) at point   1, number of state kets = 279
     Doing FMS for a cluster of   23 atoms around iph =   3 in fmsie
    0   FMS matrix (LUD) at point   1, number of state kets = 207
  Electronic configuration
   iph    il      N_el
     0     0    1.798
     0     1    4.397
     0     2    0.097
     0     3    0.000
     1     0    0.298
     1     1    6.379
     1     2    0.994
     1     3    0.000
     2     0    0.687
     2     1    0.791
     2     2    7.342
     2     3    0.000
     3     0    1.844
     3     1    4.226
     3     2    0.102
     3     3    0.000
 mu_new=    -8.095
 Charge transfer:  iph  charge(iph)
       0   -0.293
       1    0.328
       2    0.180
       3   -0.172
              SCF ITERATION NUMBER 10  OUT OF  30
 Calculating energy and space dependent l-DOS.  It takes time ...
     point #   1  energy = -34.500
     Doing FMS for a cluster of   25 atoms around iph =   0 in fmsie
    0   FMS matrix (LUD) at point   1, number of state kets = 225
     Doing FMS for a cluster of   24 atoms around iph =   1 in fmsie
    0   FMS matrix (LUD) at point   1, number of state kets = 216
     Doing FMS for a cluster of   31 atoms around iph =   2 in fmsie
    0   FMS matrix (LUD) at point   1, number of state kets = 279
     Doing FMS for a cluster of   23 atoms around iph =   3 in fmsie
    0   FMS matrix (LUD) at point   1, number of state kets = 207
  Electronic configuration
   iph    il      N_el
     0     0    1.798
     0     1    4.397
     0     2    0.098
     0     3    0.000
     1     0    0.299
     1     1    6.379
     1     2    0.997
     1     3    0.000
     2     0    0.687
     2     1    0.791
     2     2    7.339
     2     3    0.000
     3     0    1.844
     3     1    4.226
     3     2    0.102
     3     3    0.000
 mu_new=    -8.095
 Charge transfer:  iph  charge(iph)
       0   -0.293
       1    0.328
       2    0.180
       3   -0.172
              SCF ITERATION NUMBER 11  OUT OF  30
 Calculating energy and space dependent l-DOS.  It takes time ...
     point #   1  energy = -34.500
     Doing FMS for a cluster of   25 atoms around iph =   0 in fmsie
    0   FMS matrix (LUD) at point   1, number of state kets = 225
     Doing FMS for a cluster of   24 atoms around iph =   1 in fmsie
    0   FMS matrix (LUD) at point   1, number of state kets = 216
     Doing FMS for a cluster of   31 atoms around iph =   2 in fmsie
    0   FMS matrix (LUD) at point   1, number of state kets = 279
     Doing FMS for a cluster of   23 atoms around iph =   3 in fmsie
    0   FMS matrix (LUD) at point   1, number of state kets = 207
  Electronic configuration
   iph    il      N_el
     0     0    1.798
     0     1    4.396
     0     2    0.098
     0     3    0.000
     1     0    0.299
     1     1    6.379
     1     2    0.998
     1     3    0.000
     2     0    0.687
     2     1    0.791
     2     2    7.338
     2     3    0.000
     3     0    1.844
     3     1    4.225
     3     2    0.103
     3     3    0.000
 mu_new=    -8.095
 Charge transfer:  iph  charge(iph)
       0   -0.293
       1    0.329
       2    0.179
       3   -0.172
              SCF ITERATION NUMBER 12  OUT OF  30
 Calculating energy and space dependent l-DOS.  It takes time ...
     point #   1  energy = -34.500
     Doing FMS for a cluster of   25 atoms around iph =   0 in fmsie
    0   FMS matrix (LUD) at point   1, number of state kets = 225
     Doing FMS for a cluster of   24 atoms around iph =   1 in fmsie
    0   FMS matrix (LUD) at point   1, number of state kets = 216
     Doing FMS for a cluster of   31 atoms around iph =   2 in fmsie
    0   FMS matrix (LUD) at point   1, number of state kets = 279
     Doing FMS for a cluster of   23 atoms around iph =   3 in fmsie
    0   FMS matrix (LUD) at point   1, number of state kets = 207
  Electronic configuration
   iph    il      N_el
     0     0    1.798
     0     1    4.397
     0     2    0.098
     0     3    0.000
     1     0    0.299
     1     1    6.379
     1     2    0.997
     1     3    0.000
     2     0    0.687
     2     1    0.791
     2     2    7.339
     2     3    0.000
     3     0    1.844
     3     1    4.226
     3     2    0.102
     3     3    0.000
 mu_new=    -8.095
 Charge transfer:  iph  charge(iph)
       0   -0.293
       1    0.330
       2    0.179
       3   -0.172
              SCF ITERATION NUMBER 13  OUT OF  30
 Calculating energy and space dependent l-DOS.  It takes time ...
     point #   1  energy = -34.500
     Doing FMS for a cluster of   25 atoms around iph =   0 in fmsie
    0   FMS matrix (LUD) at point   1, number of state kets = 225
     Doing FMS for a cluster of   24 atoms around iph =   1 in fmsie
    0   FMS matrix (LUD) at point   1, number of state kets = 216
     Doing FMS for a cluster of   31 atoms around iph =   2 in fmsie
    0   FMS matrix (LUD) at point   1, number of state kets = 279
     Doing FMS for a cluster of   23 atoms around iph =   3 in fmsie
    0   FMS matrix (LUD) at point   1, number of state kets = 207
  Electronic configuration
   iph    il      N_el
     0     0    1.798
     0     1    4.398
     0     2    0.097
     0     3    0.000
     1     0    0.299
     1     1    6.379
     1     2    0.996
     1     3    0.000
     2     0    0.687
     2     1    0.791
     2     2    7.340
     2     3    0.000
     3     0    1.844
     3     1    4.226
     3     2    0.102
     3     3    0.000
 mu_new=    -8.095
 Charge transfer:  iph  charge(iph)
       0   -0.291
       1    0.318
       2    0.186
       3   -0.172
              SCF ITERATION NUMBER 14  OUT OF  30
 Calculating energy and space dependent l-DOS.  It takes time ...
     point #   1  energy = -34.500
     Doing FMS for a cluster of   25 atoms around iph =   0 in fmsie
    0   FMS matrix (LUD) at point   1, number of state kets = 225
     Doing FMS for a cluster of   24 atoms around iph =   1 in fmsie
    0   FMS matrix (LUD) at point   1, number of state kets = 216
     Doing FMS for a cluster of   31 atoms around iph =   2 in fmsie
    0   FMS matrix (LUD) at point   1, number of state kets = 279
     Doing FMS for a cluster of   23 atoms around iph =   3 in fmsie
    0   FMS matrix (LUD) at point   1, number of state kets = 207
  Electronic configuration
   iph    il      N_el
     0     0    1.798
     0     1    4.392
     0     2    0.101
     0     3    0.000
     1     0    0.299
     1     1    6.379
     1     2    1.008
     1     3    0.000
     2     0    0.688
     2     1    0.793
     2     2    7.330
     2     3    0.000
     3     0    1.844
     3     1    4.223
     3     2    0.106
     3     3    0.000
 mu_new=    -8.095
 Charge transfer:  iph  charge(iph)
       0   -0.294
       1    0.335
       2    0.176
       3   -0.172
              SCF ITERATION NUMBER 15  OUT OF  30
 Calculating energy and space dependent l-DOS.  It takes time ...
     point #   1  energy = -34.500
     Doing FMS for a cluster of   25 atoms around iph =   0 in fmsie
    0   FMS matrix (LUD) at point   1, number of state kets = 225
     Doing FMS for a cluster of   24 atoms around iph =   1 in fmsie
    0   FMS matrix (LUD) at point   1, number of state kets = 216
     Doing FMS for a cluster of   31 atoms around iph =   2 in fmsie
    0   FMS matrix (LUD) at point   1, number of state kets = 279
     Doing FMS for a cluster of   23 atoms around iph =   3 in fmsie
    0   FMS matrix (LUD) at point   1, number of state kets = 207
  Electronic configuration
   iph    il      N_el
     0     0    1.798
     0     1    4.397
     0     2    0.097
     0     3    0.000
     1     0    0.299
     1     1    6.380
     1     2    0.996
     1     3    0.000
     2     0    0.687
     2     1    0.791
     2     2    7.338
     2     3    0.000
     3     0    1.844
     3     1    4.228
     3     2    0.102
     3     3    0.000
 mu_new=    -8.089
 Charge transfer:  iph  charge(iph)
       0   -0.289
       1    0.302
       2    0.195
       3   -0.173
              SCF ITERATION NUMBER 16  OUT OF  30
 Calculating energy and space dependent l-DOS.  It takes time ...
     point #   1  energy = -34.500
     Doing FMS for a cluster of   25 atoms around iph =   0 in fmsie
    0   FMS matrix (LUD) at point   1, number of state kets = 225
     Doing FMS for a cluster of   24 atoms around iph =   1 in fmsie
    0   FMS matrix (LUD) at point   1, number of state kets = 216
     Doing FMS for a cluster of   31 atoms around iph =   2 in fmsie
    0   FMS matrix (LUD) at point   1, number of state kets = 279
     Doing FMS for a cluster of   23 atoms around iph =   3 in fmsie
    0   FMS matrix (LUD) at point   1, number of state kets = 207
  Electronic configuration
   iph    il      N_el
     0     0    1.799
     0     1    4.381
     0     2    0.107
     0     3    0.000
     1     0    0.301
     1     1    6.379
     1     2    1.034
     1     3    0.000
     2     0    0.690
     2     1    0.797
     2     2    7.306
     2     3    0.000
     3     0    1.844
     3     1    4.217
     3     2    0.113
     3     3    0.000
 mu_new=    -8.089
 Charge transfer:  iph  charge(iph)
       0   -0.301
       1    0.384
       2    0.149
       3   -0.170
negative dens  10  0-2254.295337 - usually due to harmless precision errors, but check DOS to make sure
negative dens  10  3-1722.423467 - usually due to harmless precision errors, but check DOS to make sure
              SCF ITERATION NUMBER 17  OUT OF  30
 Calculating energy and space dependent l-DOS.  It takes time ...
     point #   1  energy = -34.500
     Doing FMS for a cluster of   25 atoms around iph =   0 in fmsie
    0   FMS matrix (LUD) at point   1, number of state kets = 225
     Doing FMS for a cluster of   24 atoms around iph =   1 in fmsie
    0   FMS matrix (LUD) at point   1, number of state kets = 216
     Doing FMS for a cluster of   31 atoms around iph =   2 in fmsie
    0   FMS matrix (LUD) at point   1, number of state kets = 279
     Doing FMS for a cluster of   23 atoms around iph =   3 in fmsie
    0   FMS matrix (LUD) at point   1, number of state kets = 207
  Electronic configuration
   iph    il      N_el
     0     0    1.798
     0     1    4.393
     0     2    0.097
     0     3    0.000
     1     0    0.301
     1     1    6.385
     1     2    1.018
     1     3    0.000
     2     0    0.685
     2     1    0.792
     2     2    7.296
     2     3    0.000
     3     0    1.845
     3     1    4.240
     3     2    0.102
     3     3    0.000
 mu_new=    -8.015
 Charge transfer:  iph  charge(iph)
       0   -0.286
       1    0.282
       2    0.206
       3   -0.173
              SCF ITERATION NUMBER 18  OUT OF  30
 Calculating energy and space dependent l-DOS.  It takes time ...
     point #   1  energy = -34.500
     Doing FMS for a cluster of   25 atoms around iph =   0 in fmsie
    0   FMS matrix (LUD) at point   1, number of state kets = 225
     Doing FMS for a cluster of   24 atoms around iph =   1 in fmsie
    0   FMS matrix (LUD) at point   1, number of state kets = 216
     Doing FMS for a cluster of   31 atoms around iph =   2 in fmsie
    0   FMS matrix (LUD) at point   1, number of state kets = 279
     Doing FMS for a cluster of   23 atoms around iph =   3 in fmsie
    0   FMS matrix (LUD) at point   1, number of state kets = 207
  Electronic configuration
   iph    il      N_el
     0     0    1.799
     0     1    4.403
     0     2    0.097
     0     3    0.000
     1     0    0.296
     1     1    6.374
     1     2    0.973
     1     3    0.000
     2     0    0.689
     2     1    0.789
     2     2    7.383
     2     3    0.000
     3     0    1.844
     3     1    4.214
     3     2    0.101
     3     3    0.000
 mu_new=    -8.170
 Charge transfer:  iph  charge(iph)
       0   -0.292
       1    0.320
       2    0.185
       3   -0.172
              SCF ITERATION NUMBER 19  OUT OF  30
 Calculating energy and space dependent l-DOS.  It takes time ...
     point #   1  energy = -34.500
     Doing FMS for a cluster of   25 atoms around iph =   0 in fmsie
    0   FMS matrix (LUD) at point   1, number of state kets = 225
     Doing FMS for a cluster of   24 atoms around iph =   1 in fmsie
    0   FMS matrix (LUD) at point   1, number of state kets = 216
     Doing FMS for a cluster of   31 atoms around iph =   2 in fmsie
    0   FMS matrix (LUD) at point   1, number of state kets = 279
     Doing FMS for a cluster of   23 atoms around iph =   3 in fmsie
    0   FMS matrix (LUD) at point   1, number of state kets = 207
  Electronic configuration
   iph    il      N_el
     0     0    1.798
     0     1    4.399
     0     2    0.097
     0     3    0.000
     1     0    0.298
     1     1    6.378
     1     2    0.989
     1     3    0.000
     2     0    0.687
     2     1    0.790
     2     2    7.352
     2     3    0.000
     3     0    1.844
     3     1    4.223
     3     2    0.101
     3     3    0.000
 mu_new=    -8.114
 Charge transfer:  iph  charge(iph)
       0   -0.293
       1    0.327
       2    0.181
       3   -0.172
              SCF ITERATION NUMBER 20  OUT OF  30
 Calculating energy and space dependent l-DOS.  It takes time ...
     point #   1  energy = -34.500
     Doing FMS for a cluster of   25 atoms around iph =   0 in fmsie
    0   FMS matrix (LUD) at point   1, number of state kets = 225
     Doing FMS for a cluster of   24 atoms around iph =   1 in fmsie
    0   FMS matrix (LUD) at point   1, number of state kets = 216
     Doing FMS for a cluster of   31 atoms around iph =   2 in fmsie
    0   FMS matrix (LUD) at point   1, number of state kets = 279
     Doing FMS for a cluster of   23 atoms around iph =   3 in fmsie
    0   FMS matrix (LUD) at point   1, number of state kets = 207
  Electronic configuration
   iph    il      N_el
     0     0    1.798
     0     1    4.398
     0     2    0.097
     0     3    0.000
     1     0    0.298
     1     1    6.379
     1     2    0.992
     1     3    0.000
     2     0    0.687
     2     1    0.791
     2     2    7.346
     2     3    0.000
     3     0    1.844
     3     1    4.225
     3     2    0.101
     3     3    0.000
 mu_new=    -8.103
 Charge transfer:  iph  charge(iph)
       0   -0.292
       1    0.324
       2    0.183
       3   -0.172
              SCF ITERATION NUMBER 21  OUT OF  30
 Calculating energy and space dependent l-DOS.  It takes time ...
     point #   1  energy = -34.500
     Doing FMS for a cluster of   25 atoms around iph =   0 in fmsie
    0   FMS matrix (LUD) at point   1, number of state kets = 225
     Doing FMS for a cluster of   24 atoms around iph =   1 in fmsie
    0   FMS matrix (LUD) at point   1, number of state kets = 216
     Doing FMS for a cluster of   31 atoms around iph =   2 in fmsie
    0   FMS matrix (LUD) at point   1, number of state kets = 279
     Doing FMS for a cluster of   23 atoms around iph =   3 in fmsie
    0   FMS matrix (LUD) at point   1, number of state kets = 207
  Electronic configuration
   iph    il      N_el
     0     0    1.798
     0     1    4.397
     0     2    0.098
     0     3    0.000
     1     0    0.298
     1     1    6.379
     1     2    0.995
     1     3    0.000
     2     0    0.687
     2     1    0.791
     2     2    7.343
     2     3    0.000
     3     0    1.844
     3     1    4.224
     3     2    0.103
     3     3    0.000
 mu_new=    -8.103
 Charge transfer:  iph  charge(iph)
       0   -0.292
       1    0.321
       2    0.184
       3   -0.172
              SCF ITERATION NUMBER 22  OUT OF  30
 Calculating energy and space dependent l-DOS.  It takes time ...
     point #   1  energy = -34.500
     Doing FMS for a cluster of   25 atoms around iph =   0 in fmsie
    0   FMS matrix (LUD) at point   1, number of state kets = 225
     Doing FMS for a cluster of   24 atoms around iph =   1 in fmsie
    0   FMS matrix (LUD) at point   1, number of state kets = 216
     Doing FMS for a cluster of   31 atoms around iph =   2 in fmsie
    0   FMS matrix (LUD) at point   1, number of state kets = 279
     Doing FMS for a cluster of   23 atoms around iph =   3 in fmsie
    0   FMS matrix (LUD) at point   1, number of state kets = 207
  Electronic configuration
   iph    il      N_el
     0     0    1.798
     0     1    4.395
     0     2    0.099
     0     3    0.000
     1     0    0.298
     1     1    6.379
     1     2    0.998
     1     3    0.000
     2     0    0.688
     2     1    0.792
     2     2    7.341
     2     3    0.000
     3     0    1.844
     3     1    4.223
     3     2    0.103
     3     3    0.000
 mu_new=    -8.103
 Charge transfer:  iph  charge(iph)
       0   -0.291
       1    0.317
       2    0.187
       3   -0.172
              SCF ITERATION NUMBER 23  OUT OF  30
 Calculating energy and space dependent l-DOS.  It takes time ...
     point #   1  energy = -34.500
     Doing FMS for a cluster of   25 atoms around iph =   0 in fmsie
    0   FMS matrix (LUD) at point   1, number of state kets = 225
     Doing FMS for a cluster of   24 atoms around iph =   1 in fmsie
    0   FMS matrix (LUD) at point   1, number of state kets = 216
     Doing FMS for a cluster of   31 atoms around iph =   2 in fmsie
    0   FMS matrix (LUD) at point   1, number of state kets = 279
     Doing FMS for a cluster of   23 atoms around iph =   3 in fmsie
    0   FMS matrix (LUD) at point   1, number of state kets = 207
  Electronic configuration
   iph    il      N_el
     0     0    1.798
     0     1    4.394
     0     2    0.100
     0     3    0.000
     1     0    0.299
     1     1    6.378
     1     2    1.002
     1     3    0.000
     2     0    0.688
     2     1    0.792
     2     2    7.337
     2     3    0.000
     3     0    1.844
     3     1    4.222
     3     2    0.105
     3     3    0.000
 mu_new=    -8.103
 Charge transfer:  iph  charge(iph)
       0   -0.286
       1    0.285
       2    0.204
       3   -0.173
              SCF ITERATION NUMBER 24  OUT OF  30
 Calculating energy and space dependent l-DOS.  It takes time ...
     point #   1  energy = -34.500
     Doing FMS for a cluster of   25 atoms around iph =   0 in fmsie
    0   FMS matrix (LUD) at point   1, number of state kets = 225
     Doing FMS for a cluster of   24 atoms around iph =   1 in fmsie
    0   FMS matrix (LUD) at point   1, number of state kets = 216
     Doing FMS for a cluster of   31 atoms around iph =   2 in fmsie
    0   FMS matrix (LUD) at point   1, number of state kets = 279
     Doing FMS for a cluster of   23 atoms around iph =   3 in fmsie
    0   FMS matrix (LUD) at point   1, number of state kets = 207
  Electronic configuration
   iph    il      N_el
     0     0    1.798
     0     1    4.402
     0     2    0.097
     0     3    0.000
     1     0    0.296
     1     1    6.374
     1     2    0.975
     1     3    0.000
     2     0    0.689
     2     1    0.789
     2     2    7.382
     2     3    0.000
     3     0    1.844
     3     1    4.214
     3     2    0.101
     3     3    0.000
 mu_new=    -8.166
 Charge transfer:  iph  charge(iph)
       0   -0.293
       1    0.328
       2    0.180
       3   -0.172
              SCF ITERATION NUMBER 25  OUT OF  30
 Calculating energy and space dependent l-DOS.  It takes time ...
     point #   1  energy = -34.500
     Doing FMS for a cluster of   25 atoms around iph =   0 in fmsie
    0   FMS matrix (LUD) at point   1, number of state kets = 225
     Doing FMS for a cluster of   24 atoms around iph =   1 in fmsie
    0   FMS matrix (LUD) at point   1, number of state kets = 216
     Doing FMS for a cluster of   31 atoms around iph =   2 in fmsie
    0   FMS matrix (LUD) at point   1, number of state kets = 279
     Doing FMS for a cluster of   23 atoms around iph =   3 in fmsie
    0   FMS matrix (LUD) at point   1, number of state kets = 207
  Electronic configuration
   iph    il      N_el
     0     0    1.798
     0     1    4.398
     0     2    0.097
     0     3    0.000
     1     0    0.298
     1     1    6.379
     1     2    0.992
     1     3    0.000
     2     0    0.687
     2     1    0.791
     2     2    7.344
     2     3    0.000
     3     0    1.844
     3     1    4.226
     3     2    0.102
     3     3    0.000
 mu_new=    -8.101
 Charge transfer:  iph  charge(iph)
       0   -0.293
       1    0.332
       2    0.178
       3   -0.172
              SCF ITERATION NUMBER 26  OUT OF  30
 Calculating energy and space dependent l-DOS.  It takes time ...
     point #   1  energy = -34.500
     Doing FMS for a cluster of   25 atoms around iph =   0 in fmsie
    0   FMS matrix (LUD) at point   1, number of state kets = 225
     Doing FMS for a cluster of   24 atoms around iph =   1 in fmsie
    0   FMS matrix (LUD) at point   1, number of state kets = 216
     Doing FMS for a cluster of   31 atoms around iph =   2 in fmsie
    0   FMS matrix (LUD) at point   1, number of state kets = 279
     Doing FMS for a cluster of   23 atoms around iph =   3 in fmsie
    0   FMS matrix (LUD) at point   1, number of state kets = 207
  Electronic configuration
   iph    il      N_el
     0     0    1.798
     0     1    4.398
     0     2    0.097
     0     3    0.000
     1     0    0.298
     1     1    6.379
     1     2    0.994
     1     3    0.000
     2     0    0.687
     2     1    0.791
     2     2    7.341
     2     3    0.000
     3     0    1.844
     3     1    4.227
     3     2    0.102
     3     3    0.000
 mu_new=    -8.096
 Charge transfer:  iph  charge(iph)
       0   -0.293
       1    0.331
       2    0.178
       3   -0.172
              SCF ITERATION NUMBER 27  OUT OF  30
 Calculating energy and space dependent l-DOS.  It takes time ...
     point #   1  energy = -34.500
     Doing FMS for a cluster of   25 atoms around iph =   0 in fmsie
    0   FMS matrix (LUD) at point   1, number of state kets = 225
     Doing FMS for a cluster of   24 atoms around iph =   1 in fmsie
    0   FMS matrix (LUD) at point   1, number of state kets = 216
     Doing FMS for a cluster of   31 atoms around iph =   2 in fmsie
    0   FMS matrix (LUD) at point   1, number of state kets = 279
     Doing FMS for a cluster of   23 atoms around iph =   3 in fmsie
    0   FMS matrix (LUD) at point   1, number of state kets = 207
  Electronic configuration
   iph    il      N_el
     0     0    1.798
     0     1    4.398
     0     2    0.097
     0     3    0.000
     1     0    0.298
     1     1    6.379
     1     2    0.995
     1     3    0.000
     2     0    0.687
     2     1    0.791
     2     2    7.341
     2     3    0.000
     3     0    1.844
     3     1    4.226
     3     2    0.102
     3     3    0.000
 mu_new=    -8.096
 Charge transfer:  iph  charge(iph)
       0   -0.293
       1    0.330
       2    0.179
       3   -0.172
              SCF ITERATION NUMBER 28  OUT OF  30
 Calculating energy and space dependent l-DOS.  It takes time ...
     point #   1  energy = -34.500
     Doing FMS for a cluster of   25 atoms around iph =   0 in fmsie
    0   FMS matrix (LUD) at point   1, number of state kets = 225
     Doing FMS for a cluster of   24 atoms around iph =   1 in fmsie
    0   FMS matrix (LUD) at point   1, number of state kets = 216
     Doing FMS for a cluster of   31 atoms around iph =   2 in fmsie
    0   FMS matrix (LUD) at point   1, number of state kets = 279
     Doing FMS for a cluster of   23 atoms around iph =   3 in fmsie
    0   FMS matrix (LUD) at point   1, number of state kets = 207
  Electronic configuration
   iph    il      N_el
     0     0    1.798
     0     1    4.398
     0     2    0.097
     0     3    0.000
     1     0    0.298
     1     1    6.379
     1     2    0.995
     1     3    0.000
     2     0    0.687
     2     1    0.791
     2     2    7.340
     2     3    0.000
     3     0    1.844
     3     1    4.226
     3     2    0.102
     3     3    0.000
 mu_new=    -8.096
 Charge transfer:  iph  charge(iph)
       0   -0.293
       1    0.327
       2    0.181
       3   -0.172
              SCF ITERATION NUMBER 29  OUT OF  30
 Calculating energy and space dependent l-DOS.  It takes time ...
     point #   1  energy = -34.500
     Doing FMS for a cluster of   25 atoms around iph =   0 in fmsie
    0   FMS matrix (LUD) at point   1, number of state kets = 225
     Doing FMS for a cluster of   24 atoms around iph =   1 in fmsie
    0   FMS matrix (LUD) at point   1, number of state kets = 216
     Doing FMS for a cluster of   31 atoms around iph =   2 in fmsie
    0   FMS matrix (LUD) at point   1, number of state kets = 279
     Doing FMS for a cluster of   23 atoms around iph =   3 in fmsie
    0   FMS matrix (LUD) at point   1, number of state kets = 207
  Electronic configuration
   iph    il      N_el
     0     0    1.798
     0     1    4.396
     0     2    0.098
     0     3    0.000
     1     0    0.299
     1     1    6.379
     1     2    0.998
     1     3    0.000
     2     0    0.687
     2     1    0.791
     2     2    7.338
     2     3    0.000
     3     0    1.844
     3     1    4.225
     3     2    0.103
     3     3    0.000
 mu_new=    -8.096
 Charge transfer:  iph  charge(iph)
       0   -0.293
       1    0.325
       2    0.182
       3   -0.172
              SCF ITERATION NUMBER 30  OUT OF  30
 Calculating energy and space dependent l-DOS.  It takes time ...
     point #   1  energy = -34.500
     Doing FMS for a cluster of   25 atoms around iph =   0 in fmsie
    0   FMS matrix (LUD) at point   1, number of state kets = 225
     Doing FMS for a cluster of   24 atoms around iph =   1 in fmsie
    0   FMS matrix (LUD) at point   1, number of state kets = 216
     Doing FMS for a cluster of   31 atoms around iph =   2 in fmsie
    0   FMS matrix (LUD) at point   1, number of state kets = 279
     Doing FMS for a cluster of   23 atoms around iph =   3 in fmsie
    0   FMS matrix (LUD) at point   1, number of state kets = 207
  Electronic configuration
   iph    il      N_el
     0     0    1.798
     0     1    4.395
     0     2    0.099
     0     3    0.000
     1     0    0.299
     1     1    6.379
     1     2    1.001
     1     3    0.000
     2     0    0.688
     2     1    0.792
     2     2    7.336
     2     3    0.000
     3     0    1.844
     3     1    4.225
     3     2    0.104
     3     3    0.000
 mu_new=    -8.096
 Charge transfer:  iph  charge(iph)
       0   -0.296
       1    0.351
       2    0.167
       3   -0.171
:WARNING Convergence not reached; ran out of iterations.
 Done with module 1: potentials.
 total time       20.0157170295715     
 communicate time  0.247273683547974     
