 Number of processors =           12
 Calculating LDOS ...
              LDOS calculation for specified grid
 Calculating energy and space dependent l-DOS.
 It takes time ...
     potential type  0
     potential type  1
     potential type  2
     potential type  3
 Number of energy points = 101
 Doing FMS for a cluster of 132 atoms around iph =  0
    7   FMS matrix (LUD) at point  20, number of state kets =2112
    3   FMS matrix (LUD) at point  40, number of state kets =2112
   11   FMS matrix (LUD) at point  60, number of state kets =2112
    7   FMS matrix (LUD) at point  80, number of state kets =2112
    3   FMS matrix (LUD) at point 100, number of state kets =2112
 Number of energy points = 101
 Doing FMS for a cluster of 118 atoms around iph =  1
    7   FMS matrix (LUD) at point  20, number of state kets =1888
    3   FMS matrix (LUD) at point  40, number of state kets =1888
   11   FMS matrix (LUD) at point  60, number of state kets =1888
    7   FMS matrix (LUD) at point  80, number of state kets =1888
    3   FMS matrix (LUD) at point 100, number of state kets =1888
 Number of energy points = 101
 Doing FMS for a cluster of 130 atoms around iph =  2
    7   FMS matrix (LUD) at point  20, number of state kets =2080
    3   FMS matrix (LUD) at point  40, number of state kets =2080
   11   FMS matrix (LUD) at point  60, number of state kets =2080
    7   FMS matrix (LUD) at point  80, number of state kets =2080
    3   FMS matrix (LUD) at point 100, number of state kets =2080
 Number of energy points = 101
 Doing FMS for a cluster of 122 atoms around iph =  3
    7   FMS matrix (LUD) at point  20, number of state kets =1952
    3   FMS matrix (LUD) at point  40, number of state kets =1952
   11   FMS matrix (LUD) at point  60, number of state kets =1952
    7   FMS matrix (LUD) at point  80, number of state kets =1952
    3   FMS matrix (LUD) at point 100, number of state kets =1952
 Calculating chi and rho...    0
 Calculating chi and rho...    1
 Calculating chi and rho...    2
 Calculating chi and rho...    3
 Done with LDOS.
 total time       65.5290930271149     
 communicate time   2.30492401123047     
