 Number of processors =           12
 Calculating potentials ...
muffin tin radii and interstitial parameters
 iph, rnrm(iph)*bohr, rmt(iph)*bohr, folp(iph)
    0  1.05876E+00  9.93543E-01  1.15000E+00
    1  1.84434E+00  1.77098E+00  1.10699E+00
    2  1.42780E+00  1.33336E+00  1.15000E+00
    3  1.03009E+00  9.45341E-01  1.15000E+00
              Core-valence separation
 ecv=   -33.000
 mu_old=     5.157
              SCF ITERATION NUMBER  1  OUT OF  30
 Calculating energy and space dependent l-DOS.  It takes time ...
     point #   1  energy = -33.000
     Doing FMS for a cluster of   25 atoms around iph =   0 in fmsie
    0   FMS matrix (LUD) at point   1, number of state kets = 225
     Doing FMS for a cluster of   28 atoms around iph =   1 in fmsie
    0   FMS matrix (LUD) at point   1, number of state kets = 252
     Doing FMS for a cluster of   27 atoms around iph =   2 in fmsie
    0   FMS matrix (LUD) at point   1, number of state kets = 243
     Doing FMS for a cluster of   28 atoms around iph =   3 in fmsie
    0   FMS matrix (LUD) at point   1, number of state kets = 252
     point # 100  energy =  -6.190
  Electronic configuration
   iph    il      N_el
     0     0    1.836
     0     1    4.524
     0     2    0.108
     0     3    0.000
     1     0    0.370
     1     1    6.471
     1     2    1.255
     1     3    0.000
     2     0    0.574
     2     1    0.786
     2     2    6.767
     2     3    0.000
     3     0    1.784
     3     1    4.517
     3     2    0.131
     3     3    0.000
 mu_new=    -5.939
 Charge transfer:  iph  charge(iph)
       0   -0.089
       1   -0.016
       2    0.165
       3   -0.082
              SCF ITERATION NUMBER  2  OUT OF  30
 Calculating energy and space dependent l-DOS.  It takes time ...
     point #   1  energy = -33.000
     Doing FMS for a cluster of   25 atoms around iph =   0 in fmsie
    0   FMS matrix (LUD) at point   1, number of state kets = 225
     Doing FMS for a cluster of   28 atoms around iph =   1 in fmsie
    0   FMS matrix (LUD) at point   1, number of state kets = 252
     Doing FMS for a cluster of   27 atoms around iph =   2 in fmsie
    0   FMS matrix (LUD) at point   1, number of state kets = 243
     Doing FMS for a cluster of   28 atoms around iph =   3 in fmsie
    0   FMS matrix (LUD) at point   1, number of state kets = 252
  Electronic configuration
   iph    il      N_el
     0     0    1.821
     0     1    4.308
     0     2    0.105
     0     3    0.000
     1     0    0.370
     1     1    6.477
     1     2    1.189
     1     3    0.000
     2     0    0.613
     2     1    0.827
     2     2    7.121
     2     3    0.000
     3     0    1.770
     3     1    4.319
     3     2    0.128
     3     3    0.000
 mu_new=    -6.160
 Charge transfer:  iph  charge(iph)
       0   -0.221
       1   -0.031
       2    0.414
       3   -0.205
              SCF ITERATION NUMBER  3  OUT OF  30
 Calculating energy and space dependent l-DOS.  It takes time ...
     point #   1  energy = -33.000
     Doing FMS for a cluster of   25 atoms around iph =   0 in fmsie
    0   FMS matrix (LUD) at point   1, number of state kets = 225
     Doing FMS for a cluster of   28 atoms around iph =   1 in fmsie
    0   FMS matrix (LUD) at point   1, number of state kets = 252
     Doing FMS for a cluster of   27 atoms around iph =   2 in fmsie
    0   FMS matrix (LUD) at point   1, number of state kets = 243
     Doing FMS for a cluster of   28 atoms around iph =   3 in fmsie
    0   FMS matrix (LUD) at point   1, number of state kets = 252
  Electronic configuration
   iph    il      N_el
     0     0    1.812
     0     1    4.167
     0     2    0.106
     0     3    0.000
     1     0    0.381
     1     1    6.487
     1     2    1.204
     1     3    0.000
     2     0    0.653
     2     1    0.869
     2     2    7.408
     2     3    0.000
     3     0    1.759
     3     1    4.143
     3     2    0.129
     3     3    0.000
 mu_new=    -5.908
 Charge transfer:  iph  charge(iph)
       0   -0.196
       1   -0.043
       2    0.349
       3   -0.172
              SCF ITERATION NUMBER  4  OUT OF  30
 Calculating energy and space dependent l-DOS.  It takes time ...
     point #   1  energy = -33.000
     Doing FMS for a cluster of   25 atoms around iph =   0 in fmsie
    0   FMS matrix (LUD) at point   1, number of state kets = 225
     Doing FMS for a cluster of   28 atoms around iph =   1 in fmsie
    0   FMS matrix (LUD) at point   1, number of state kets = 252
     Doing FMS for a cluster of   27 atoms around iph =   2 in fmsie
    0   FMS matrix (LUD) at point   1, number of state kets = 243
     Doing FMS for a cluster of   28 atoms around iph =   3 in fmsie
    0   FMS matrix (LUD) at point   1, number of state kets = 252
  Electronic configuration
   iph    il      N_el
     0     0    1.818
     0     1    4.267
     0     2    0.107
     0     3    0.000
     1     0    0.377
     1     1    6.481
     1     2    1.200
     1     3    0.000
     2     0    0.633
     2     1    0.848
     2     2    7.225
     2     3    0.000
     3     0    1.764
     3     1    4.249
     3     2    0.130
     3     3    0.000
 mu_new=    -5.761
 Charge transfer:  iph  charge(iph)
       0   -0.197
       1   -0.047
       2    0.337
       3   -0.166
              SCF ITERATION NUMBER  5  OUT OF  30
 Calculating energy and space dependent l-DOS.  It takes time ...
     point #   1  energy = -33.000
     Doing FMS for a cluster of   25 atoms around iph =   0 in fmsie
    0   FMS matrix (LUD) at point   1, number of state kets = 225
     Doing FMS for a cluster of   28 atoms around iph =   1 in fmsie
    0   FMS matrix (LUD) at point   1, number of state kets = 252
     Doing FMS for a cluster of   27 atoms around iph =   2 in fmsie
    0   FMS matrix (LUD) at point   1, number of state kets = 243
     Doing FMS for a cluster of   28 atoms around iph =   3 in fmsie
    0   FMS matrix (LUD) at point   1, number of state kets = 252
  Electronic configuration
   iph    il      N_el
     0     0    1.819
     0     1    4.274
     0     2    0.114
     0     3    0.000
     1     0    0.379
     1     1    6.482
     1     2    1.240
     1     3    0.000
     2     0    0.630
     2     1    0.846
     2     2    7.174
     2     3    0.000
     3     0    1.767
     3     1    4.266
     3     2    0.137
     3     3    0.000
 mu_new=    -5.761
 Charge transfer:  iph  charge(iph)
       0   -0.199
       1   -0.058
       2    0.340
       3   -0.167
              SCF ITERATION NUMBER  6  OUT OF  30
 Calculating energy and space dependent l-DOS.  It takes time ...
     point #   1  energy = -33.000
     Doing FMS for a cluster of   25 atoms around iph =   0 in fmsie
    0   FMS matrix (LUD) at point   1, number of state kets = 225
     Doing FMS for a cluster of   28 atoms around iph =   1 in fmsie
    0   FMS matrix (LUD) at point   1, number of state kets = 252
     Doing FMS for a cluster of   27 atoms around iph =   2 in fmsie
    0   FMS matrix (LUD) at point   1, number of state kets = 243
     Doing FMS for a cluster of   28 atoms around iph =   3 in fmsie
    0   FMS matrix (LUD) at point   1, number of state kets = 252
  Electronic configuration
   iph    il      N_el
     0     0    1.817
     0     1    4.273
     0     2    0.106
     0     3    0.000
     1     0    0.374
     1     1    6.476
     1     2    1.182
     1     3    0.000
     2     0    0.629
     2     1    0.843
     2     2    7.194
     2     3    0.000
     3     0    1.766
     3     1    4.270
     3     2    0.130
     3     3    0.000
 mu_new=    -5.798
 Charge transfer:  iph  charge(iph)
       0   -0.199
       1   -0.055
       2    0.339
       3   -0.167
              SCF ITERATION NUMBER  7  OUT OF  30
 Calculating energy and space dependent l-DOS.  It takes time ...
     point #   1  energy = -33.000
     Doing FMS for a cluster of   25 atoms around iph =   0 in fmsie
    0   FMS matrix (LUD) at point   1, number of state kets = 225
     Doing FMS for a cluster of   28 atoms around iph =   1 in fmsie
    0   FMS matrix (LUD) at point   1, number of state kets = 252
     Doing FMS for a cluster of   27 atoms around iph =   2 in fmsie
    0   FMS matrix (LUD) at point   1, number of state kets = 243
     Doing FMS for a cluster of   28 atoms around iph =   3 in fmsie
    0   FMS matrix (LUD) at point   1, number of state kets = 252
  Electronic configuration
   iph    il      N_el
     0     0    1.817
     0     1    4.274
     0     2    0.106
     0     3    0.000
     1     0    0.373
     1     1    6.476
     1     2    1.180
     1     3    0.000
     2     0    0.629
     2     1    0.843
     2     2    7.192
     2     3    0.000
     3     0    1.766
     3     1    4.271
     3     2    0.130
     3     3    0.000
 mu_new=    -5.816
 Charge transfer:  iph  charge(iph)
       0   -0.199
       1   -0.048
       2    0.339
       3   -0.167
              SCF ITERATION NUMBER  8  OUT OF  30
 Calculating energy and space dependent l-DOS.  It takes time ...
     point #   1  energy = -33.000
     Doing FMS for a cluster of   25 atoms around iph =   0 in fmsie
    0   FMS matrix (LUD) at point   1, number of state kets = 225
     Doing FMS for a cluster of   28 atoms around iph =   1 in fmsie
    0   FMS matrix (LUD) at point   1, number of state kets = 252
     Doing FMS for a cluster of   27 atoms around iph =   2 in fmsie
    0   FMS matrix (LUD) at point   1, number of state kets = 243
     Doing FMS for a cluster of   28 atoms around iph =   3 in fmsie
    0   FMS matrix (LUD) at point   1, number of state kets = 252
  Electronic configuration
   iph    il      N_el
     0     0    1.817
     0     1    4.275
     0     2    0.106
     0     3    0.000
     1     0    0.373
     1     1    6.476
     1     2    1.181
     1     3    0.000
     2     0    0.628
     2     1    0.842
     2     2    7.193
     2     3    0.000
     3     0    1.766
     3     1    4.271
     3     2    0.130
     3     3    0.000
 mu_new=    -5.834
 Charge transfer:  iph  charge(iph)
       0   -0.199
       1   -0.040
       2    0.338
       3   -0.167
              SCF ITERATION NUMBER  9  OUT OF  30
 Calculating energy and space dependent l-DOS.  It takes time ...
     point #   1  energy = -33.000
     Doing FMS for a cluster of   25 atoms around iph =   0 in fmsie
    0   FMS matrix (LUD) at point   1, number of state kets = 225
     Doing FMS for a cluster of   28 atoms around iph =   1 in fmsie
    0   FMS matrix (LUD) at point   1, number of state kets = 252
     Doing FMS for a cluster of   27 atoms around iph =   2 in fmsie
    0   FMS matrix (LUD) at point   1, number of state kets = 243
     Doing FMS for a cluster of   28 atoms around iph =   3 in fmsie
    0   FMS matrix (LUD) at point   1, number of state kets = 252
  Electronic configuration
   iph    il      N_el
     0     0    1.819
     0     1    4.268
     0     2    0.119
     0     3    0.000
     1     0    0.380
     1     1    6.483
     1     2    1.272
     1     3    0.000
     2     0    0.630
     2     1    0.846
     2     2    7.167
     2     3    0.000
     3     0    1.769
     3     1    4.261
     3     2    0.141
     3     3    0.000
 mu_new=    -5.834
 Charge transfer:  iph  charge(iph)
       0   -0.199
       1   -0.042
       2    0.339
       3   -0.167
              SCF ITERATION NUMBER 10  OUT OF  30
 Calculating energy and space dependent l-DOS.  It takes time ...
     point #   1  energy = -33.000
     Doing FMS for a cluster of   25 atoms around iph =   0 in fmsie
    0   FMS matrix (LUD) at point   1, number of state kets = 225
     Doing FMS for a cluster of   28 atoms around iph =   1 in fmsie
    0   FMS matrix (LUD) at point   1, number of state kets = 252
     Doing FMS for a cluster of   27 atoms around iph =   2 in fmsie
    0   FMS matrix (LUD) at point   1, number of state kets = 243
     Doing FMS for a cluster of   28 atoms around iph =   3 in fmsie
    0   FMS matrix (LUD) at point   1, number of state kets = 252
  Electronic configuration
   iph    il      N_el
     0     0    1.817
     0     1    4.275
     0     2    0.106
     0     3    0.000
     1     0    0.373
     1     1    6.476
     1     2    1.181
     1     3    0.000
     2     0    0.628
     2     1    0.842
     2     2    7.194
     2     3    0.000
     3     0    1.766
     3     1    4.271
     3     2    0.129
     3     3    0.000
 mu_new=    -5.852
 Charge transfer:  iph  charge(iph)
       0   -0.199
       1   -0.042
       2    0.339
       3   -0.167
              SCF ITERATION NUMBER 11  OUT OF  30
 Calculating energy and space dependent l-DOS.  It takes time ...
     point #   1  energy = -33.000
     Doing FMS for a cluster of   25 atoms around iph =   0 in fmsie
    0   FMS matrix (LUD) at point   1, number of state kets = 225
     Doing FMS for a cluster of   28 atoms around iph =   1 in fmsie
    0   FMS matrix (LUD) at point   1, number of state kets = 252
     Doing FMS for a cluster of   27 atoms around iph =   2 in fmsie
    0   FMS matrix (LUD) at point   1, number of state kets = 243
     Doing FMS for a cluster of   28 atoms around iph =   3 in fmsie
    0   FMS matrix (LUD) at point   1, number of state kets = 252
  Electronic configuration
   iph    il      N_el
     0     0    1.817
     0     1    4.274
     0     2    0.107
     0     3    0.000
     1     0    0.374
     1     1    6.476
     1     2    1.190
     1     3    0.000
     2     0    0.628
     2     1    0.842
     2     2    7.191
     2     3    0.000
     3     0    1.766
     3     1    4.270
     3     2    0.131
     3     3    0.000
 mu_new=    -5.852
 Charge transfer:  iph  charge(iph)
       0   -0.199
       1   -0.042
       2    0.339
       3   -0.167
              SCF ITERATION NUMBER 12  OUT OF  30
 Calculating energy and space dependent l-DOS.  It takes time ...
     point #   1  energy = -33.000
     Doing FMS for a cluster of   25 atoms around iph =   0 in fmsie
    0   FMS matrix (LUD) at point   1, number of state kets = 225
     Doing FMS for a cluster of   28 atoms around iph =   1 in fmsie
    0   FMS matrix (LUD) at point   1, number of state kets = 252
     Doing FMS for a cluster of   27 atoms around iph =   2 in fmsie
    0   FMS matrix (LUD) at point   1, number of state kets = 243
     Doing FMS for a cluster of   28 atoms around iph =   3 in fmsie
    0   FMS matrix (LUD) at point   1, number of state kets = 252
  Electronic configuration
   iph    il      N_el
     0     0    1.817
     0     1    4.274
     0     2    0.107
     0     3    0.000
     1     0    0.374
     1     1    6.476
     1     2    1.191
     1     3    0.000
     2     0    0.628
     2     1    0.842
     2     2    7.191
     2     3    0.000
     3     0    1.766
     3     1    4.270
     3     2    0.131
     3     3    0.000
 mu_new=    -5.852
 Charge transfer:  iph  charge(iph)
       0   -0.199
       1   -0.042
       2    0.339
       3   -0.167
              SCF ITERATION NUMBER 13  OUT OF  30
 Calculating energy and space dependent l-DOS.  It takes time ...
     point #   1  energy = -33.000
     Doing FMS for a cluster of   25 atoms around iph =   0 in fmsie
    0   FMS matrix (LUD) at point   1, number of state kets = 225
     Doing FMS for a cluster of   28 atoms around iph =   1 in fmsie
    0   FMS matrix (LUD) at point   1, number of state kets = 252
     Doing FMS for a cluster of   27 atoms around iph =   2 in fmsie
    0   FMS matrix (LUD) at point   1, number of state kets = 243
     Doing FMS for a cluster of   28 atoms around iph =   3 in fmsie
    0   FMS matrix (LUD) at point   1, number of state kets = 252
  Electronic configuration
   iph    il      N_el
     0     0    1.817
     0     1    4.274
     0     2    0.107
     0     3    0.000
     1     0    0.374
     1     1    6.476
     1     2    1.191
     1     3    0.000
     2     0    0.628
     2     1    0.842
     2     2    7.191
     2     3    0.000
     3     0    1.766
     3     1    4.270
     3     2    0.131
     3     3    0.000
 mu_new=    -5.852
 Charge transfer:  iph  charge(iph)
       0   -0.199
       1   -0.042
       2    0.339
       3   -0.167
              SCF ITERATION NUMBER 14  OUT OF  30
 Calculating energy and space dependent l-DOS.  It takes time ...
     point #   1  energy = -33.000
     Doing FMS for a cluster of   25 atoms around iph =   0 in fmsie
    0   FMS matrix (LUD) at point   1, number of state kets = 225
     Doing FMS for a cluster of   28 atoms around iph =   1 in fmsie
    0   FMS matrix (LUD) at point   1, number of state kets = 252
     Doing FMS for a cluster of   27 atoms around iph =   2 in fmsie
    0   FMS matrix (LUD) at point   1, number of state kets = 243
     Doing FMS for a cluster of   28 atoms around iph =   3 in fmsie
    0   FMS matrix (LUD) at point   1, number of state kets = 252
  Electronic configuration
   iph    il      N_el
     0     0    1.817
     0     1    4.274
     0     2    0.107
     0     3    0.000
     1     0    0.374
     1     1    6.476
     1     2    1.191
     1     3    0.000
     2     0    0.628
     2     1    0.842
     2     2    7.191
     2     3    0.000
     3     0    1.766
     3     1    4.270
     3     2    0.131
     3     3    0.000
 mu_new=    -5.852
 Charge transfer:  iph  charge(iph)
       0   -0.199
       1   -0.042
       2    0.339
       3   -0.167
 Convergence reached.
 Done with module 1: potentials.
 total time       20.4263620376587     
 communicate time  0.852624654769897     
