 Number of processors =           12
 Calculating potentials ...
muffin tin radii and interstitial parameters
 iph, rnrm(iph)*bohr, rmt(iph)*bohr, folp(iph)
    0  1.02842E+00  9.44895E-01  1.15000E+00
    1  1.84424E+00  1.77077E+00  1.10719E+00
    2  1.42722E+00  1.32094E+00  1.15000E+00
    3  1.06301E+00  1.01807E+00  1.11484E+00
              Core-valence separation
 ecv=   -34.000
 mu_old=     3.049
              SCF ITERATION NUMBER  1  OUT OF  30
 Calculating energy and space dependent l-DOS.  It takes time ...
     point #   1  energy = -34.000
     Doing FMS for a cluster of   32 atoms around iph =   0 in fmsie
    0   FMS matrix (LUD) at point   1, number of state kets = 288
     Doing FMS for a cluster of   28 atoms around iph =   1 in fmsie
    0   FMS matrix (LUD) at point   1, number of state kets = 252
     Doing FMS for a cluster of   26 atoms around iph =   2 in fmsie
    0   FMS matrix (LUD) at point   1, number of state kets = 234
     Doing FMS for a cluster of   29 atoms around iph =   3 in fmsie
    0   FMS matrix (LUD) at point   1, number of state kets = 261
  Electronic configuration
   iph    il      N_el
     0     0    1.776
     0     1    4.439
     0     2    0.129
     0     3    0.000
     1     0    0.341
     1     1    6.437
     1     2    1.089
     1     3    0.000
     2     0    0.557
     2     1    0.773
     2     2    6.431
     2     3    0.000
     3     0    1.825
     3     1    4.719
     3     2    0.082
     3     3    0.000
 mu_new=    -6.575
 Charge transfer:  iph  charge(iph)
       0   -0.064
       1    0.030
       2    0.238
       3   -0.120
              SCF ITERATION NUMBER  2  OUT OF  30
 Calculating energy and space dependent l-DOS.  It takes time ...
     point #   1  energy = -34.000
     Doing FMS for a cluster of   32 atoms around iph =   0 in fmsie
    0   FMS matrix (LUD) at point   1, number of state kets = 288
     Doing FMS for a cluster of   28 atoms around iph =   1 in fmsie
    0   FMS matrix (LUD) at point   1, number of state kets = 252
     Doing FMS for a cluster of   26 atoms around iph =   2 in fmsie
    0   FMS matrix (LUD) at point   1, number of state kets = 234
     Doing FMS for a cluster of   29 atoms around iph =   3 in fmsie
    0   FMS matrix (LUD) at point   1, number of state kets = 261
  Electronic configuration
   iph    il      N_el
     0     0    1.764
     0     1    4.225
     0     2    0.123
     0     3    0.000
     1     0    0.339
     1     1    6.436
     1     2    1.011
     1     3    0.000
     2     0    0.606
     2     1    0.820
     2     2    6.888
     2     3    0.000
     3     0    1.810
     3     1    4.466
     3     2    0.078
     3     3    0.000
 mu_new=    -7.260
 Charge transfer:  iph  charge(iph)
       0   -0.108
       1    0.191
       2    0.628
       3   -0.323
              SCF ITERATION NUMBER  3  OUT OF  30
 Calculating energy and space dependent l-DOS.  It takes time ...
     point #   1  energy = -34.000
     Doing FMS for a cluster of   32 atoms around iph =   0 in fmsie
    0   FMS matrix (LUD) at point   1, number of state kets = 288
     Doing FMS for a cluster of   28 atoms around iph =   1 in fmsie
    0   FMS matrix (LUD) at point   1, number of state kets = 252
     Doing FMS for a cluster of   26 atoms around iph =   2 in fmsie
    0   FMS matrix (LUD) at point   1, number of state kets = 234
     Doing FMS for a cluster of   29 atoms around iph =   3 in fmsie
    0   FMS matrix (LUD) at point   1, number of state kets = 261
  Electronic configuration
   iph    il      N_el
     0     0    1.765
     0     1    4.104
     0     2    0.121
     0     3    0.000
     1     0    0.356
     1     1    6.447
     1     2    1.039
     1     3    0.000
     2     0    0.665
     2     1    0.876
     2     2    7.424
     2     3    0.000
     3     0    1.795
     3     1    4.153
     3     2    0.078
     3     3    0.000
 mu_new=    -7.611
 Charge transfer:  iph  charge(iph)
       0   -0.082
       1    0.192
       2    0.515
       3   -0.267
              SCF ITERATION NUMBER  4  OUT OF  30
 Calculating energy and space dependent l-DOS.  It takes time ...
     point #   1  energy = -34.000
     Doing FMS for a cluster of   32 atoms around iph =   0 in fmsie
    0   FMS matrix (LUD) at point   1, number of state kets = 288
     Doing FMS for a cluster of   28 atoms around iph =   1 in fmsie
    0   FMS matrix (LUD) at point   1, number of state kets = 252
     Doing FMS for a cluster of   26 atoms around iph =   2 in fmsie
    0   FMS matrix (LUD) at point   1, number of state kets = 234
     Doing FMS for a cluster of   29 atoms around iph =   3 in fmsie
    0   FMS matrix (LUD) at point   1, number of state kets = 261
  Electronic configuration
   iph    il      N_el
     0     0    1.766
     0     1    4.204
     0     2    0.122
     0     3    0.000
     1     0    0.344
     1     1    6.436
     1     2    1.018
     1     3    0.000
     2     0    0.632
     2     1    0.844
     2     2    7.092
     2     3    0.000
     3     0    1.803
     3     1    4.345
     3     2    0.078
     3     3    0.000
 mu_new=    -7.321
 Charge transfer:  iph  charge(iph)
       0   -0.085
       1    0.201
       2    0.501
       3   -0.261
              SCF ITERATION NUMBER  5  OUT OF  30
 Calculating energy and space dependent l-DOS.  It takes time ...
     point #   1  energy = -34.000
     Doing FMS for a cluster of   32 atoms around iph =   0 in fmsie
    0   FMS matrix (LUD) at point   1, number of state kets = 288
     Doing FMS for a cluster of   28 atoms around iph =   1 in fmsie
    0   FMS matrix (LUD) at point   1, number of state kets = 252
     Doing FMS for a cluster of   26 atoms around iph =   2 in fmsie
    0   FMS matrix (LUD) at point   1, number of state kets = 234
     Doing FMS for a cluster of   29 atoms around iph =   3 in fmsie
    0   FMS matrix (LUD) at point   1, number of state kets = 261
  Electronic configuration
   iph    il      N_el
     0     0    1.765
     0     1    4.204
     0     2    0.122
     0     3    0.000
     1     0    0.342
     1     1    6.434
     1     2    1.013
     1     3    0.000
     2     0    0.626
     2     1    0.838
     2     2    7.033
     2     3    0.000
     3     0    1.805
     3     1    4.379
     3     2    0.078
     3     3    0.000
 mu_new=    -7.276
 Charge transfer:  iph  charge(iph)
       0   -0.086
       1    0.202
       2    0.502
       3   -0.261
              SCF ITERATION NUMBER  6  OUT OF  30
 Calculating energy and space dependent l-DOS.  It takes time ...
     point #   1  energy = -34.000
     Doing FMS for a cluster of   32 atoms around iph =   0 in fmsie
    0   FMS matrix (LUD) at point   1, number of state kets = 288
     Doing FMS for a cluster of   28 atoms around iph =   1 in fmsie
    0   FMS matrix (LUD) at point   1, number of state kets = 252
     Doing FMS for a cluster of   26 atoms around iph =   2 in fmsie
    0   FMS matrix (LUD) at point   1, number of state kets = 234
     Doing FMS for a cluster of   29 atoms around iph =   3 in fmsie
    0   FMS matrix (LUD) at point   1, number of state kets = 261
  Electronic configuration
   iph    il      N_el
     0     0    1.765
     0     1    4.198
     0     2    0.124
     0     3    0.000
     1     0    0.343
     1     1    6.435
     1     2    1.028
     1     3    0.000
     2     0    0.627
     2     1    0.839
     2     2    7.032
     2     3    0.000
     3     0    1.805
     3     1    4.375
     3     2    0.080
     3     3    0.000
 mu_new=    -7.276
 Charge transfer:  iph  charge(iph)
       0   -0.086
       1    0.200
       2    0.502
       3   -0.261
              SCF ITERATION NUMBER  7  OUT OF  30
 Calculating energy and space dependent l-DOS.  It takes time ...
     point #   1  energy = -34.000
     Doing FMS for a cluster of   32 atoms around iph =   0 in fmsie
    0   FMS matrix (LUD) at point   1, number of state kets = 288
     Doing FMS for a cluster of   28 atoms around iph =   1 in fmsie
    0   FMS matrix (LUD) at point   1, number of state kets = 252
     Doing FMS for a cluster of   26 atoms around iph =   2 in fmsie
    0   FMS matrix (LUD) at point   1, number of state kets = 234
     Doing FMS for a cluster of   29 atoms around iph =   3 in fmsie
    0   FMS matrix (LUD) at point   1, number of state kets = 261
  Electronic configuration
   iph    il      N_el
     0     0    1.765
     0     1    4.193
     0     2    0.127
     0     3    0.000
     1     0    0.344
     1     1    6.436
     1     2    1.041
     1     3    0.000
     2     0    0.627
     2     1    0.840
     2     2    7.028
     2     3    0.000
     3     0    1.805
     3     1    4.373
     3     2    0.083
     3     3    0.000
 mu_new=    -7.276
 Charge transfer:  iph  charge(iph)
       0   -0.086
       1    0.198
       2    0.502
       3   -0.261
              SCF ITERATION NUMBER  8  OUT OF  30
 Calculating energy and space dependent l-DOS.  It takes time ...
     point #   1  energy = -34.000
     Doing FMS for a cluster of   32 atoms around iph =   0 in fmsie
    0   FMS matrix (LUD) at point   1, number of state kets = 288
     Doing FMS for a cluster of   28 atoms around iph =   1 in fmsie
    0   FMS matrix (LUD) at point   1, number of state kets = 252
     Doing FMS for a cluster of   26 atoms around iph =   2 in fmsie
    0   FMS matrix (LUD) at point   1, number of state kets = 234
     Doing FMS for a cluster of   29 atoms around iph =   3 in fmsie
    0   FMS matrix (LUD) at point   1, number of state kets = 261
  Electronic configuration
   iph    il      N_el
     0     0    1.765
     0     1    4.193
     0     2    0.127
     0     3    0.000
     1     0    0.344
     1     1    6.436
     1     2    1.045
     1     3    0.000
     2     0    0.627
     2     1    0.840
     2     2    7.028
     2     3    0.000
     3     0    1.806
     3     1    4.372
     3     2    0.084
     3     3    0.000
 mu_new=    -7.276
 Charge transfer:  iph  charge(iph)
       0   -0.086
       1    0.193
       2    0.503
       3   -0.261
              SCF ITERATION NUMBER  9  OUT OF  30
 Calculating energy and space dependent l-DOS.  It takes time ...
     point #   1  energy = -34.000
     Doing FMS for a cluster of   32 atoms around iph =   0 in fmsie
    0   FMS matrix (LUD) at point   1, number of state kets = 288
     Doing FMS for a cluster of   28 atoms around iph =   1 in fmsie
    0   FMS matrix (LUD) at point   1, number of state kets = 252
     Doing FMS for a cluster of   26 atoms around iph =   2 in fmsie
    0   FMS matrix (LUD) at point   1, number of state kets = 234
     Doing FMS for a cluster of   29 atoms around iph =   3 in fmsie
    0   FMS matrix (LUD) at point   1, number of state kets = 261
  Electronic configuration
   iph    il      N_el
     0     0    1.765
     0     1    4.192
     0     2    0.128
     0     3    0.000
     1     0    0.344
     1     1    6.436
     1     2    1.047
     1     3    0.000
     2     0    0.627
     2     1    0.840
     2     2    7.027
     2     3    0.000
     3     0    1.806
     3     1    4.371
     3     2    0.084
     3     3    0.000
 mu_new=    -7.276
 Charge transfer:  iph  charge(iph)
       0   -0.083
       1    0.147
       2    0.510
       3   -0.262
              SCF ITERATION NUMBER 10  OUT OF  30
 Calculating energy and space dependent l-DOS.  It takes time ...
     point #   1  energy = -34.000
     Doing FMS for a cluster of   32 atoms around iph =   0 in fmsie
    0   FMS matrix (LUD) at point   1, number of state kets = 288
     Doing FMS for a cluster of   28 atoms around iph =   1 in fmsie
    0   FMS matrix (LUD) at point   1, number of state kets = 252
     Doing FMS for a cluster of   26 atoms around iph =   2 in fmsie
    0   FMS matrix (LUD) at point   1, number of state kets = 234
     Doing FMS for a cluster of   29 atoms around iph =   3 in fmsie
    0   FMS matrix (LUD) at point   1, number of state kets = 261
  Electronic configuration
   iph    il      N_el
     0     0    1.766
     0     1    4.184
     0     2    0.134
     0     3    0.000
     1     0    0.345
     1     1    6.435
     1     2    1.074
     1     3    0.000
     2     0    0.629
     2     1    0.843
     2     2    7.018
     2     3    0.000
     3     0    1.807
     3     1    4.364
     3     2    0.092
     3     3    0.000
 mu_new=    -7.276
 Charge transfer:  iph  charge(iph)
       0   -0.084
       1    0.145
       2    0.510
       3   -0.262
              SCF ITERATION NUMBER 11  OUT OF  30
 Calculating energy and space dependent l-DOS.  It takes time ...
     point #   1  energy = -34.000
     Doing FMS for a cluster of   32 atoms around iph =   0 in fmsie
    0   FMS matrix (LUD) at point   1, number of state kets = 288
     Doing FMS for a cluster of   28 atoms around iph =   1 in fmsie
    0   FMS matrix (LUD) at point   1, number of state kets = 252
     Doing FMS for a cluster of   26 atoms around iph =   2 in fmsie
    0   FMS matrix (LUD) at point   1, number of state kets = 234
     Doing FMS for a cluster of   29 atoms around iph =   3 in fmsie
    0   FMS matrix (LUD) at point   1, number of state kets = 261
  Electronic configuration
   iph    il      N_el
     0     0    1.766
     0     1    4.183
     0     2    0.134
     0     3    0.000
     1     0    0.345
     1     1    6.435
     1     2    1.074
     1     3    0.000
     2     0    0.629
     2     1    0.843
     2     2    7.018
     2     3    0.000
     3     0    1.807
     3     1    4.364
     3     2    0.092
     3     3    0.000
 mu_new=    -7.276
 Charge transfer:  iph  charge(iph)
       0   -0.084
       1    0.146
       2    0.510
       3   -0.262
              SCF ITERATION NUMBER 12  OUT OF  30
 Calculating energy and space dependent l-DOS.  It takes time ...
     point #   1  energy = -34.000
     Doing FMS for a cluster of   32 atoms around iph =   0 in fmsie
    0   FMS matrix (LUD) at point   1, number of state kets = 288
     Doing FMS for a cluster of   28 atoms around iph =   1 in fmsie
    0   FMS matrix (LUD) at point   1, number of state kets = 252
     Doing FMS for a cluster of   26 atoms around iph =   2 in fmsie
    0   FMS matrix (LUD) at point   1, number of state kets = 234
     Doing FMS for a cluster of   29 atoms around iph =   3 in fmsie
    0   FMS matrix (LUD) at point   1, number of state kets = 261
  Electronic configuration
   iph    il      N_el
     0     0    1.766
     0     1    4.183
     0     2    0.134
     0     3    0.000
     1     0    0.345
     1     1    6.435
     1     2    1.073
     1     3    0.000
     2     0    0.628
     2     1    0.843
     2     2    7.018
     2     3    0.000
     3     0    1.807
     3     1    4.364
     3     2    0.092
     3     3    0.000
 mu_new=    -7.276
 Charge transfer:  iph  charge(iph)
       0   -0.084
       1    0.147
       2    0.510
       3   -0.262
              SCF ITERATION NUMBER 13  OUT OF  30
 Calculating energy and space dependent l-DOS.  It takes time ...
     point #   1  energy = -34.000
     Doing FMS for a cluster of   32 atoms around iph =   0 in fmsie
    0   FMS matrix (LUD) at point   1, number of state kets = 288
     Doing FMS for a cluster of   28 atoms around iph =   1 in fmsie
    0   FMS matrix (LUD) at point   1, number of state kets = 252
     Doing FMS for a cluster of   26 atoms around iph =   2 in fmsie
    0   FMS matrix (LUD) at point   1, number of state kets = 234
     Doing FMS for a cluster of   29 atoms around iph =   3 in fmsie
    0   FMS matrix (LUD) at point   1, number of state kets = 261
  Electronic configuration
   iph    il      N_el
     0     0    1.766
     0     1    4.183
     0     2    0.134
     0     3    0.000
     1     0    0.345
     1     1    6.435
     1     2    1.073
     1     3    0.000
     2     0    0.628
     2     1    0.843
     2     2    7.018
     2     3    0.000
     3     0    1.807
     3     1    4.364
     3     2    0.092
     3     3    0.000
 mu_new=    -7.276
 Charge transfer:  iph  charge(iph)
       0   -0.084
       1    0.147
       2    0.510
       3   -0.262
 Convergence reached.
 Done with module 1: potentials.
 total time       10.5079581737518     
 communicate time  0.279480695724487     
