 Number of processors =           12
 Calculating LDOS ...
              LDOS calculation for specified grid
 Calculating energy and space dependent l-DOS.
 It takes time ...
     potential type  0
     potential type  1
     potential type  2
     potential type  3
 Number of energy points = 101
 Doing FMS for a cluster of 119 atoms around iph =  0
    7   FMS matrix (LUD) at point  20, number of state kets =1904
    3   FMS matrix (LUD) at point  40, number of state kets =1904
   11   FMS matrix (LUD) at point  60, number of state kets =1904
    7   FMS matrix (LUD) at point  80, number of state kets =1904
    3   FMS matrix (LUD) at point 100, number of state kets =1904
 Number of energy points = 101
 Doing FMS for a cluster of 117 atoms around iph =  1
    7   FMS matrix (LUD) at point  20, number of state kets =1872
    3   FMS matrix (LUD) at point  40, number of state kets =1872
   11   FMS matrix (LUD) at point  60, number of state kets =1872
    7   FMS matrix (LUD) at point  80, number of state kets =1872
    3   FMS matrix (LUD) at point 100, number of state kets =1872
 Number of energy points = 101
 Doing FMS for a cluster of 114 atoms around iph =  2
    7   FMS matrix (LUD) at point  20, number of state kets =1824
    3   FMS matrix (LUD) at point  40, number of state kets =1824
   11   FMS matrix (LUD) at point  60, number of state kets =1824
    7   FMS matrix (LUD) at point  80, number of state kets =1824
    3   FMS matrix (LUD) at point 100, number of state kets =1824
 Number of energy points = 101
 Doing FMS for a cluster of 113 atoms around iph =  3
    7   FMS matrix (LUD) at point  20, number of state kets =1808
    3   FMS matrix (LUD) at point  40, number of state kets =1808
   11   FMS matrix (LUD) at point  60, number of state kets =1808
    7   FMS matrix (LUD) at point  80, number of state kets =1808
    3   FMS matrix (LUD) at point 100, number of state kets =1808
 Calculating chi and rho...    0
 Calculating chi and rho...    1
 Calculating chi and rho...    2
 Calculating chi and rho...    3
 Done with LDOS.
 total time       54.1580469608307     
 communicate time   3.35743999481201     
