 Number of processors =           12
 Calculating potentials ...
muffin tin radii and interstitial parameters
 iph, rnrm(iph)*bohr, rmt(iph)*bohr, folp(iph)
    0  1.02535E+00  9.09176E-01  1.15000E+00
    1  1.84714E+00  1.78912E+00  1.08186E+00
    2  1.43755E+00  1.27134E+00  1.15000E+00
    3  1.03289E+00  9.15070E-01  1.15000E+00
              Core-valence separation
 ecv=   -33.500
 mu_old=     2.899
              SCF ITERATION NUMBER  1  OUT OF  30
 Calculating energy and space dependent l-DOS.  It takes time ...
     point #   1  energy = -33.500
     Doing FMS for a cluster of   24 atoms around iph =   0 in fmsie
    0   FMS matrix (LUD) at point   1, number of state kets = 216
     Doing FMS for a cluster of   24 atoms around iph =   1 in fmsie
    0   FMS matrix (LUD) at point   1, number of state kets = 216
     Doing FMS for a cluster of   24 atoms around iph =   2 in fmsie
    0   FMS matrix (LUD) at point   1, number of state kets = 216
     Doing FMS for a cluster of   28 atoms around iph =   3 in fmsie
    0   FMS matrix (LUD) at point   1, number of state kets = 252
     point # 100  energy =  -7.415
  Electronic configuration
   iph    il      N_el
     0     0    1.797
     0     1    4.591
     0     2    0.115
     0     3    0.000
     1     0    0.294
     1     1    6.399
     1     2    0.913
     1     3    0.000
     2     0    0.703
     2     1    0.756
     2     2    6.757
     2     3    0.000
     3     0    1.805
     3     1    4.582
     3     2    0.104
     3     3    0.000
 mu_new=    -7.657
 Charge transfer:  iph  charge(iph)
       0   -0.097
       1    0.082
       2    0.147
       3   -0.094
              SCF ITERATION NUMBER  2  OUT OF  30
 Calculating energy and space dependent l-DOS.  It takes time ...
     point #   1  energy = -33.500
     Doing FMS for a cluster of   24 atoms around iph =   0 in fmsie
    0   FMS matrix (LUD) at point   1, number of state kets = 216
     Doing FMS for a cluster of   24 atoms around iph =   1 in fmsie
    0   FMS matrix (LUD) at point   1, number of state kets = 216
     Doing FMS for a cluster of   24 atoms around iph =   2 in fmsie
    0   FMS matrix (LUD) at point   1, number of state kets = 216
     Doing FMS for a cluster of   28 atoms around iph =   3 in fmsie
    0   FMS matrix (LUD) at point   1, number of state kets = 252
  Electronic configuration
   iph    il      N_el
     0     0    1.781
     0     1    4.355
     0     2    0.114
     0     3    0.000
     1     0    0.297
     1     1    6.403
     1     2    0.923
     1     3    0.000
     2     0    0.719
     2     1    0.756
     2     2    7.260
     2     3    0.000
     3     0    1.786
     3     1    4.336
     3     2    0.104
     3     3    0.000
 mu_new=    -7.879
 Charge transfer:  iph  charge(iph)
       0   -0.236
       1    0.349
       2    0.257
       3   -0.216
              SCF ITERATION NUMBER  3  OUT OF  30
 Calculating energy and space dependent l-DOS.  It takes time ...
     point #   1  energy = -33.500
     Doing FMS for a cluster of   24 atoms around iph =   0 in fmsie
    0   FMS matrix (LUD) at point   1, number of state kets = 216
     Doing FMS for a cluster of   24 atoms around iph =   1 in fmsie
    0   FMS matrix (LUD) at point   1, number of state kets = 216
     Doing FMS for a cluster of   24 atoms around iph =   2 in fmsie
    0   FMS matrix (LUD) at point   1, number of state kets = 216
     Doing FMS for a cluster of   28 atoms around iph =   3 in fmsie
    0   FMS matrix (LUD) at point   1, number of state kets = 252
  Electronic configuration
   iph    il      N_el
     0     0    1.765
     0     1    4.132
     0     2    0.118
     0     3    0.000
     1     0    0.323
     1     1    6.440
     1     2    1.065
     1     3    0.000
     2     0    0.746
     2     1    0.786
     2     2    7.448
     2     3    0.000
     3     0    1.776
     3     1    4.169
     3     2    0.108
     3     3    0.000
 mu_new=    -7.176
 Charge transfer:  iph  charge(iph)
       0   -0.193
       1    0.322
       2    0.208
       3   -0.184
              SCF ITERATION NUMBER  4  OUT OF  30
 Calculating energy and space dependent l-DOS.  It takes time ...
     point #   1  energy = -33.500
     Doing FMS for a cluster of   24 atoms around iph =   0 in fmsie
    0   FMS matrix (LUD) at point   1, number of state kets = 216
     Doing FMS for a cluster of   24 atoms around iph =   1 in fmsie
    0   FMS matrix (LUD) at point   1, number of state kets = 216
     Doing FMS for a cluster of   24 atoms around iph =   2 in fmsie
    0   FMS matrix (LUD) at point   1, number of state kets = 216
     Doing FMS for a cluster of   28 atoms around iph =   3 in fmsie
    0   FMS matrix (LUD) at point   1, number of state kets = 252
  Electronic configuration
   iph    il      N_el
     0     0    1.773
     0     1    4.259
     0     2    0.118
     0     3    0.000
     1     0    0.317
     1     1    6.432
     1     2    1.038
     1     3    0.000
     2     0    0.737
     2     1    0.781
     2     2    7.274
     2     3    0.000
     3     0    1.782
     3     1    4.267
     3     2    0.108
     3     3    0.000
 mu_new=    -7.132
 Charge transfer:  iph  charge(iph)
       0   -0.184
       1    0.297
       2    0.209
       3   -0.179
              SCF ITERATION NUMBER  5  OUT OF  30
 Calculating energy and space dependent l-DOS.  It takes time ...
     point #   1  energy = -33.500
     Doing FMS for a cluster of   24 atoms around iph =   0 in fmsie
    0   FMS matrix (LUD) at point   1, number of state kets = 216
     Doing FMS for a cluster of   24 atoms around iph =   1 in fmsie
    0   FMS matrix (LUD) at point   1, number of state kets = 216
     Doing FMS for a cluster of   24 atoms around iph =   2 in fmsie
    0   FMS matrix (LUD) at point   1, number of state kets = 216
     Doing FMS for a cluster of   28 atoms around iph =   3 in fmsie
    0   FMS matrix (LUD) at point   1, number of state kets = 252
  Electronic configuration
   iph    il      N_el
     0     0    1.775
     0     1    4.286
     0     2    0.117
     0     3    0.000
     1     0    0.313
     1     1    6.424
     1     2    1.012
     1     3    0.000
     2     0    0.734
     2     1    0.776
     2     2    7.272
     2     3    0.000
     3     0    1.783
     3     1    4.282
     3     2    0.107
     3     3    0.000
 mu_new=    -7.217
 Charge transfer:  iph  charge(iph)
       0   -0.182
       1    0.283
       2    0.212
       3   -0.177
              SCF ITERATION NUMBER  6  OUT OF  30
 Calculating energy and space dependent l-DOS.  It takes time ...
     point #   1  energy = -33.500
     Doing FMS for a cluster of   24 atoms around iph =   0 in fmsie
    0   FMS matrix (LUD) at point   1, number of state kets = 216
     Doing FMS for a cluster of   24 atoms around iph =   1 in fmsie
    0   FMS matrix (LUD) at point   1, number of state kets = 216
     Doing FMS for a cluster of   24 atoms around iph =   2 in fmsie
    0   FMS matrix (LUD) at point   1, number of state kets = 216
     Doing FMS for a cluster of   28 atoms around iph =   3 in fmsie
    0   FMS matrix (LUD) at point   1, number of state kets = 252
  Electronic configuration
   iph    il      N_el
     0     0    1.776
     0     1    4.290
     0     2    0.117
     0     3    0.000
     1     0    0.310
     1     1    6.420
     1     2    0.997
     1     3    0.000
     2     0    0.732
     2     1    0.773
     2     2    7.280
     2     3    0.000
     3     0    1.783
     3     1    4.286
     3     2    0.107
     3     3    0.000
 mu_new=    -7.280
 Charge transfer:  iph  charge(iph)
       0   -0.181
       1    0.278
       2    0.213
       3   -0.176
              SCF ITERATION NUMBER  7  OUT OF  30
 Calculating energy and space dependent l-DOS.  It takes time ...
     point #   1  energy = -33.500
     Doing FMS for a cluster of   24 atoms around iph =   0 in fmsie
    0   FMS matrix (LUD) at point   1, number of state kets = 216
     Doing FMS for a cluster of   24 atoms around iph =   1 in fmsie
    0   FMS matrix (LUD) at point   1, number of state kets = 216
     Doing FMS for a cluster of   24 atoms around iph =   2 in fmsie
    0   FMS matrix (LUD) at point   1, number of state kets = 216
     Doing FMS for a cluster of   28 atoms around iph =   3 in fmsie
    0   FMS matrix (LUD) at point   1, number of state kets = 252
  Electronic configuration
   iph    il      N_el
     0     0    1.776
     0     1    4.290
     0     2    0.116
     0     3    0.000
     1     0    0.309
     1     1    6.418
     1     2    0.991
     1     3    0.000
     2     0    0.732
     2     1    0.771
     2     2    7.284
     2     3    0.000
     3     0    1.783
     3     1    4.287
     3     2    0.107
     3     3    0.000
 mu_new=    -7.314
 Charge transfer:  iph  charge(iph)
       0   -0.182
       1    0.279
       2    0.213
       3   -0.176
              SCF ITERATION NUMBER  8  OUT OF  30
 Calculating energy and space dependent l-DOS.  It takes time ...
     point #   1  energy = -33.500
     Doing FMS for a cluster of   24 atoms around iph =   0 in fmsie
    0   FMS matrix (LUD) at point   1, number of state kets = 216
     Doing FMS for a cluster of   24 atoms around iph =   1 in fmsie
    0   FMS matrix (LUD) at point   1, number of state kets = 216
     Doing FMS for a cluster of   24 atoms around iph =   2 in fmsie
    0   FMS matrix (LUD) at point   1, number of state kets = 216
     Doing FMS for a cluster of   28 atoms around iph =   3 in fmsie
    0   FMS matrix (LUD) at point   1, number of state kets = 252
  Electronic configuration
   iph    il      N_el
     0     0    1.776
     0     1    4.290
     0     2    0.116
     0     3    0.000
     1     0    0.309
     1     1    6.419
     1     2    0.991
     1     3    0.000
     2     0    0.732
     2     1    0.771
     2     2    7.283
     2     3    0.000
     3     0    1.783
     3     1    4.288
     3     2    0.107
     3     3    0.000
 mu_new=    -7.314
 Charge transfer:  iph  charge(iph)
       0   -0.182
       1    0.281
       2    0.214
       3   -0.177
              SCF ITERATION NUMBER  9  OUT OF  30
 Calculating energy and space dependent l-DOS.  It takes time ...
     point #   1  energy = -33.500
     Doing FMS for a cluster of   24 atoms around iph =   0 in fmsie
    0   FMS matrix (LUD) at point   1, number of state kets = 216
     Doing FMS for a cluster of   24 atoms around iph =   1 in fmsie
    0   FMS matrix (LUD) at point   1, number of state kets = 216
     Doing FMS for a cluster of   24 atoms around iph =   2 in fmsie
    0   FMS matrix (LUD) at point   1, number of state kets = 216
     Doing FMS for a cluster of   28 atoms around iph =   3 in fmsie
    0   FMS matrix (LUD) at point   1, number of state kets = 252
  Electronic configuration
   iph    il      N_el
     0     0    1.776
     0     1    4.281
     0     2    0.121
     0     3    0.000
     1     0    0.311
     1     1    6.420
     1     2    1.017
     1     3    0.000
     2     0    0.732
     2     1    0.774
     2     2    7.276
     2     3    0.000
     3     0    1.783
     3     1    4.277
     3     2    0.111
     3     3    0.000
 mu_new=    -7.314
 Charge transfer:  iph  charge(iph)
       0   -0.182
       1    0.280
       2    0.214
       3   -0.177
              SCF ITERATION NUMBER 10  OUT OF  30
 Calculating energy and space dependent l-DOS.  It takes time ...
     point #   1  energy = -33.500
     Doing FMS for a cluster of   24 atoms around iph =   0 in fmsie
    0   FMS matrix (LUD) at point   1, number of state kets = 216
     Doing FMS for a cluster of   24 atoms around iph =   1 in fmsie
    0   FMS matrix (LUD) at point   1, number of state kets = 216
     Doing FMS for a cluster of   24 atoms around iph =   2 in fmsie
    0   FMS matrix (LUD) at point   1, number of state kets = 216
     Doing FMS for a cluster of   28 atoms around iph =   3 in fmsie
    0   FMS matrix (LUD) at point   1, number of state kets = 252
  Electronic configuration
   iph    il      N_el
     0     0    1.776
     0     1    4.279
     0     2    0.121
     0     3    0.000
     1     0    0.312
     1     1    6.421
     1     2    1.020
     1     3    0.000
     2     0    0.732
     2     1    0.775
     2     2    7.275
     2     3    0.000
     3     0    1.783
     3     1    4.276
     3     2    0.112
     3     3    0.000
 mu_new=    -7.314
 Charge transfer:  iph  charge(iph)
       0   -0.183
       1    0.286
       2    0.212
       3   -0.177
              SCF ITERATION NUMBER 11  OUT OF  30
 Calculating energy and space dependent l-DOS.  It takes time ...
     point #   1  energy = -33.500
     Doing FMS for a cluster of   24 atoms around iph =   0 in fmsie
    0   FMS matrix (LUD) at point   1, number of state kets = 216
     Doing FMS for a cluster of   24 atoms around iph =   1 in fmsie
    0   FMS matrix (LUD) at point   1, number of state kets = 216
     Doing FMS for a cluster of   24 atoms around iph =   2 in fmsie
    0   FMS matrix (LUD) at point   1, number of state kets = 216
     Doing FMS for a cluster of   28 atoms around iph =   3 in fmsie
    0   FMS matrix (LUD) at point   1, number of state kets = 252
  Electronic configuration
   iph    il      N_el
     0     0    1.776
     0     1    4.290
     0     2    0.116
     0     3    0.000
     1     0    0.310
     1     1    6.420
     1     2    0.995
     1     3    0.000
     2     0    0.732
     2     1    0.771
     2     2    7.282
     2     3    0.000
     3     0    1.783
     3     1    4.287
     3     2    0.107
     3     3    0.000
 mu_new=    -7.312
 Charge transfer:  iph  charge(iph)
       0   -0.183
       1    0.289
       2    0.211
       3   -0.178
              SCF ITERATION NUMBER 12  OUT OF  30
 Calculating energy and space dependent l-DOS.  It takes time ...
     point #   1  energy = -33.500
     Doing FMS for a cluster of   24 atoms around iph =   0 in fmsie
    0   FMS matrix (LUD) at point   1, number of state kets = 216
     Doing FMS for a cluster of   24 atoms around iph =   1 in fmsie
    0   FMS matrix (LUD) at point   1, number of state kets = 216
     Doing FMS for a cluster of   24 atoms around iph =   2 in fmsie
    0   FMS matrix (LUD) at point   1, number of state kets = 216
     Doing FMS for a cluster of   28 atoms around iph =   3 in fmsie
    0   FMS matrix (LUD) at point   1, number of state kets = 252
  Electronic configuration
   iph    il      N_el
     0     0    1.776
     0     1    4.289
     0     2    0.116
     0     3    0.000
     1     0    0.310
     1     1    6.420
     1     2    0.996
     1     3    0.000
     2     0    0.732
     2     1    0.772
     2     2    7.282
     2     3    0.000
     3     0    1.783
     3     1    4.286
     3     2    0.107
     3     3    0.000
 mu_new=    -7.310
 Charge transfer:  iph  charge(iph)
       0   -0.182
       1    0.281
       2    0.213
       3   -0.177
              SCF ITERATION NUMBER 13  OUT OF  30
 Calculating energy and space dependent l-DOS.  It takes time ...
     point #   1  energy = -33.500
     Doing FMS for a cluster of   24 atoms around iph =   0 in fmsie
    0   FMS matrix (LUD) at point   1, number of state kets = 216
     Doing FMS for a cluster of   24 atoms around iph =   1 in fmsie
    0   FMS matrix (LUD) at point   1, number of state kets = 216
     Doing FMS for a cluster of   24 atoms around iph =   2 in fmsie
    0   FMS matrix (LUD) at point   1, number of state kets = 216
     Doing FMS for a cluster of   28 atoms around iph =   3 in fmsie
    0   FMS matrix (LUD) at point   1, number of state kets = 252
  Electronic configuration
   iph    il      N_el
     0     0    1.776
     0     1    4.282
     0     2    0.120
     0     3    0.000
     1     0    0.311
     1     1    6.421
     1     2    1.015
     1     3    0.000
     2     0    0.732
     2     1    0.774
     2     2    7.275
     2     3    0.000
     3     0    1.783
     3     1    4.279
     3     2    0.111
     3     3    0.000
 mu_new=    -7.310
 Charge transfer:  iph  charge(iph)
       0   -0.184
       1    0.296
       2    0.210
       3   -0.179
              SCF ITERATION NUMBER 14  OUT OF  30
 Calculating energy and space dependent l-DOS.  It takes time ...
     point #   1  energy = -33.500
     Doing FMS for a cluster of   24 atoms around iph =   0 in fmsie
    0   FMS matrix (LUD) at point   1, number of state kets = 216
     Doing FMS for a cluster of   24 atoms around iph =   1 in fmsie
    0   FMS matrix (LUD) at point   1, number of state kets = 216
     Doing FMS for a cluster of   24 atoms around iph =   2 in fmsie
    0   FMS matrix (LUD) at point   1, number of state kets = 216
     Doing FMS for a cluster of   28 atoms around iph =   3 in fmsie
    0   FMS matrix (LUD) at point   1, number of state kets = 252
  Electronic configuration
   iph    il      N_el
     0     0    1.776
     0     1    4.288
     0     2    0.116
     0     3    0.000
     1     0    0.310
     1     1    6.421
     1     2    0.999
     1     3    0.000
     2     0    0.732
     2     1    0.772
     2     2    7.282
     2     3    0.000
     3     0    1.783
     3     1    4.286
     3     2    0.107
     3     3    0.000
 mu_new=    -7.306
 Charge transfer:  iph  charge(iph)
       0   -0.207
       1    0.446
       2    0.176
       3   -0.199
negative dens  10  0************ - usually due to harmless precision errors, but check DOS to make sure
negative dens  10  3************ - usually due to harmless precision errors, but check DOS to make sure
              SCF ITERATION NUMBER 15  OUT OF  30
 Calculating energy and space dependent l-DOS.  It takes time ...
     point #   1  energy = -33.500
     Doing FMS for a cluster of   24 atoms around iph =   0 in fmsie
    0   FMS matrix (LUD) at point   1, number of state kets = 216
     Doing FMS for a cluster of   24 atoms around iph =   1 in fmsie
    0   FMS matrix (LUD) at point   1, number of state kets = 216
     Doing FMS for a cluster of   24 atoms around iph =   2 in fmsie
    0   FMS matrix (LUD) at point   1, number of state kets = 216
     Doing FMS for a cluster of   28 atoms around iph =   3 in fmsie
    0   FMS matrix (LUD) at point   1, number of state kets = 252
  Electronic configuration
   iph    il      N_el
     0     0    1.775
     0     1    4.270
     0     2    0.117
     0     3    0.000
     1     0    0.320
     1     1    6.439
     1     2    1.068
     1     3    0.000
     2     0    0.734
     2     1    0.778
     2     2    7.260
     2     3    0.000
     3     0    1.782
     3     1    4.268
     3     2    0.107
     3     3    0.000
 mu_new=    -7.211
 Charge transfer:  iph  charge(iph)
       0   -0.183
       1    0.285
       2    0.212
       3   -0.177
              SCF ITERATION NUMBER 16  OUT OF  30
 Calculating energy and space dependent l-DOS.  It takes time ...
     point #   1  energy = -33.500
     Doing FMS for a cluster of   24 atoms around iph =   0 in fmsie
    0   FMS matrix (LUD) at point   1, number of state kets = 216
     Doing FMS for a cluster of   24 atoms around iph =   1 in fmsie
    0   FMS matrix (LUD) at point   1, number of state kets = 216
     Doing FMS for a cluster of   24 atoms around iph =   2 in fmsie
    0   FMS matrix (LUD) at point   1, number of state kets = 216
     Doing FMS for a cluster of   28 atoms around iph =   3 in fmsie
    0   FMS matrix (LUD) at point   1, number of state kets = 252
  Electronic configuration
   iph    il      N_el
     0     0    1.776
     0     1    4.289
     0     2    0.116
     0     3    0.000
     1     0    0.309
     1     1    6.419
     1     2    0.994
     1     3    0.000
     2     0    0.732
     2     1    0.771
     2     2    7.285
     2     3    0.000
     3     0    1.783
     3     1    4.286
     3     2    0.106
     3     3    0.000
 mu_new=    -7.316
 Charge transfer:  iph  charge(iph)
       0   -0.182
       1    0.283
       2    0.212
       3   -0.177
              SCF ITERATION NUMBER 17  OUT OF  30
 Calculating energy and space dependent l-DOS.  It takes time ...
     point #   1  energy = -33.500
     Doing FMS for a cluster of   24 atoms around iph =   0 in fmsie
    0   FMS matrix (LUD) at point   1, number of state kets = 216
     Doing FMS for a cluster of   24 atoms around iph =   1 in fmsie
    0   FMS matrix (LUD) at point   1, number of state kets = 216
     Doing FMS for a cluster of   24 atoms around iph =   2 in fmsie
    0   FMS matrix (LUD) at point   1, number of state kets = 216
     Doing FMS for a cluster of   28 atoms around iph =   3 in fmsie
    0   FMS matrix (LUD) at point   1, number of state kets = 252
  Electronic configuration
   iph    il      N_el
     0     0    1.776
     0     1    4.290
     0     2    0.116
     0     3    0.000
     1     0    0.309
     1     1    6.419
     1     2    0.993
     1     3    0.000
     2     0    0.732
     2     1    0.771
     2     2    7.283
     2     3    0.000
     3     0    1.783
     3     1    4.287
     3     2    0.107
     3     3    0.000
 mu_new=    -7.316
 Charge transfer:  iph  charge(iph)
       0   -0.183
       1    0.287
       2    0.212
       3   -0.178
              SCF ITERATION NUMBER 18  OUT OF  30
 Calculating energy and space dependent l-DOS.  It takes time ...
     point #   1  energy = -33.500
     Doing FMS for a cluster of   24 atoms around iph =   0 in fmsie
    0   FMS matrix (LUD) at point   1, number of state kets = 216
     Doing FMS for a cluster of   24 atoms around iph =   1 in fmsie
    0   FMS matrix (LUD) at point   1, number of state kets = 216
     Doing FMS for a cluster of   24 atoms around iph =   2 in fmsie
    0   FMS matrix (LUD) at point   1, number of state kets = 216
     Doing FMS for a cluster of   28 atoms around iph =   3 in fmsie
    0   FMS matrix (LUD) at point   1, number of state kets = 252
  Electronic configuration
   iph    il      N_el
     0     0    1.776
     0     1    4.289
     0     2    0.116
     0     3    0.000
     1     0    0.310
     1     1    6.419
     1     2    0.994
     1     3    0.000
     2     0    0.732
     2     1    0.771
     2     2    7.283
     2     3    0.000
     3     0    1.783
     3     1    4.287
     3     2    0.107
     3     3    0.000
 mu_new=    -7.314
 Charge transfer:  iph  charge(iph)
       0   -0.183
       1    0.287
       2    0.212
       3   -0.177
              SCF ITERATION NUMBER 19  OUT OF  30
 Calculating energy and space dependent l-DOS.  It takes time ...
     point #   1  energy = -33.500
     Doing FMS for a cluster of   24 atoms around iph =   0 in fmsie
    0   FMS matrix (LUD) at point   1, number of state kets = 216
     Doing FMS for a cluster of   24 atoms around iph =   1 in fmsie
    0   FMS matrix (LUD) at point   1, number of state kets = 216
     Doing FMS for a cluster of   24 atoms around iph =   2 in fmsie
    0   FMS matrix (LUD) at point   1, number of state kets = 216
     Doing FMS for a cluster of   28 atoms around iph =   3 in fmsie
    0   FMS matrix (LUD) at point   1, number of state kets = 252
  Electronic configuration
   iph    il      N_el
     0     0    1.776
     0     1    4.290
     0     2    0.116
     0     3    0.000
     1     0    0.310
     1     1    6.419
     1     2    0.994
     1     3    0.000
     2     0    0.732
     2     1    0.771
     2     2    7.283
     2     3    0.000
     3     0    1.783
     3     1    4.287
     3     2    0.107
     3     3    0.000
 mu_new=    -7.314
 Charge transfer:  iph  charge(iph)
       0   -0.184
       1    0.293
       2    0.210
       3   -0.178
              SCF ITERATION NUMBER 20  OUT OF  30
 Calculating energy and space dependent l-DOS.  It takes time ...
     point #   1  energy = -33.500
     Doing FMS for a cluster of   24 atoms around iph =   0 in fmsie
    0   FMS matrix (LUD) at point   1, number of state kets = 216
     Doing FMS for a cluster of   24 atoms around iph =   1 in fmsie
    0   FMS matrix (LUD) at point   1, number of state kets = 216
     Doing FMS for a cluster of   24 atoms around iph =   2 in fmsie
    0   FMS matrix (LUD) at point   1, number of state kets = 216
     Doing FMS for a cluster of   28 atoms around iph =   3 in fmsie
    0   FMS matrix (LUD) at point   1, number of state kets = 252
  Electronic configuration
   iph    il      N_el
     0     0    1.776
     0     1    4.289
     0     2    0.116
     0     3    0.000
     1     0    0.310
     1     1    6.420
     1     2    0.998
     1     3    0.000
     2     0    0.732
     2     1    0.772
     2     2    7.281
     2     3    0.000
     3     0    1.783
     3     1    4.286
     3     2    0.107
     3     3    0.000
 mu_new=    -7.308
 Charge transfer:  iph  charge(iph)
       0   -0.182
       1    0.282
       2    0.213
       3   -0.177
              SCF ITERATION NUMBER 21  OUT OF  30
 Calculating energy and space dependent l-DOS.  It takes time ...
     point #   1  energy = -33.500
     Doing FMS for a cluster of   24 atoms around iph =   0 in fmsie
    0   FMS matrix (LUD) at point   1, number of state kets = 216
     Doing FMS for a cluster of   24 atoms around iph =   1 in fmsie
    0   FMS matrix (LUD) at point   1, number of state kets = 216
     Doing FMS for a cluster of   24 atoms around iph =   2 in fmsie
    0   FMS matrix (LUD) at point   1, number of state kets = 216
     Doing FMS for a cluster of   28 atoms around iph =   3 in fmsie
    0   FMS matrix (LUD) at point   1, number of state kets = 252
  Electronic configuration
   iph    il      N_el
     0     0    1.776
     0     1    4.278
     0     2    0.122
     0     3    0.000
     1     0    0.312
     1     1    6.421
     1     2    1.027
     1     3    0.000
     2     0    0.732
     2     1    0.776
     2     2    7.270
     2     3    0.000
     3     0    1.783
     3     1    4.275
     3     2    0.113
     3     3    0.000
 mu_new=    -7.308
 Charge transfer:  iph  charge(iph)
       0   -0.186
       1    0.305
       2    0.208
       3   -0.180
              SCF ITERATION NUMBER 22  OUT OF  30
 Calculating energy and space dependent l-DOS.  It takes time ...
     point #   1  energy = -33.500
     Doing FMS for a cluster of   24 atoms around iph =   0 in fmsie
    0   FMS matrix (LUD) at point   1, number of state kets = 216
     Doing FMS for a cluster of   24 atoms around iph =   1 in fmsie
    0   FMS matrix (LUD) at point   1, number of state kets = 216
     Doing FMS for a cluster of   24 atoms around iph =   2 in fmsie
    0   FMS matrix (LUD) at point   1, number of state kets = 216
     Doing FMS for a cluster of   28 atoms around iph =   3 in fmsie
    0   FMS matrix (LUD) at point   1, number of state kets = 252
  Electronic configuration
   iph    il      N_el
     0     0    1.776
     0     1    4.287
     0     2    0.116
     0     3    0.000
     1     0    0.311
     1     1    6.422
     1     2    1.002
     1     3    0.000
     2     0    0.732
     2     1    0.772
     2     2    7.281
     2     3    0.000
     3     0    1.783
     3     1    4.285
     3     2    0.107
     3     3    0.000
 mu_new=    -7.302
 Charge transfer:  iph  charge(iph)
       0   -0.216
       1    0.521
       2    0.156
       3   -0.208
negative dens  10  0************ - usually due to harmless precision errors, but check DOS to make sure
negative dens  20  0-1137.196550 - usually due to harmless precision errors, but check DOS to make sure
negative dens  10  3************ - usually due to harmless precision errors, but check DOS to make sure
negative dens  20  3-1066.962912 - usually due to harmless precision errors, but check DOS to make sure
              SCF ITERATION NUMBER 23  OUT OF  30
 Calculating energy and space dependent l-DOS.  It takes time ...
     point #   1  energy = -33.500
     Doing FMS for a cluster of   24 atoms around iph =   0 in fmsie
    0   FMS matrix (LUD) at point   1, number of state kets = 216
     Doing FMS for a cluster of   24 atoms around iph =   1 in fmsie
    0   FMS matrix (LUD) at point   1, number of state kets = 216
     Doing FMS for a cluster of   24 atoms around iph =   2 in fmsie
    0   FMS matrix (LUD) at point   1, number of state kets = 216
     Doing FMS for a cluster of   28 atoms around iph =   3 in fmsie
    0   FMS matrix (LUD) at point   1, number of state kets = 252
  Electronic configuration
   iph    il      N_el
     0     0    1.774
     0     1    4.261
     0     2    0.117
     0     3    0.000
     1     0    0.326
     1     1    6.449
     1     2    1.114
     1     3    0.000
     2     0    0.734
     2     1    0.781
     2     2    7.242
     2     3    0.000
     3     0    1.782
     3     1    4.259
     3     2    0.107
     3     3    0.000
 mu_new=    -7.157
 Charge transfer:  iph  charge(iph)
       0   -0.182
       1    0.281
       2    0.213
       3   -0.177
              SCF ITERATION NUMBER 24  OUT OF  30
 Calculating energy and space dependent l-DOS.  It takes time ...
     point #   1  energy = -33.500
     Doing FMS for a cluster of   24 atoms around iph =   0 in fmsie
    0   FMS matrix (LUD) at point   1, number of state kets = 216
     Doing FMS for a cluster of   24 atoms around iph =   1 in fmsie
    0   FMS matrix (LUD) at point   1, number of state kets = 216
     Doing FMS for a cluster of   24 atoms around iph =   2 in fmsie
    0   FMS matrix (LUD) at point   1, number of state kets = 216
     Doing FMS for a cluster of   28 atoms around iph =   3 in fmsie
    0   FMS matrix (LUD) at point   1, number of state kets = 252
  Electronic configuration
   iph    il      N_el
     0     0    1.776
     0     1    4.289
     0     2    0.116
     0     3    0.000
     1     0    0.309
     1     1    6.419
     1     2    0.992
     1     3    0.000
     2     0    0.731
     2     1    0.771
     2     2    7.286
     2     3    0.000
     3     0    1.783
     3     1    4.286
     3     2    0.106
     3     3    0.000
 mu_new=    -7.320
 Charge transfer:  iph  charge(iph)
       0   -0.182
       1    0.281
       2    0.213
       3   -0.177
              SCF ITERATION NUMBER 25  OUT OF  30
 Calculating energy and space dependent l-DOS.  It takes time ...
     point #   1  energy = -33.500
     Doing FMS for a cluster of   24 atoms around iph =   0 in fmsie
    0   FMS matrix (LUD) at point   1, number of state kets = 216
     Doing FMS for a cluster of   24 atoms around iph =   1 in fmsie
    0   FMS matrix (LUD) at point   1, number of state kets = 216
     Doing FMS for a cluster of   24 atoms around iph =   2 in fmsie
    0   FMS matrix (LUD) at point   1, number of state kets = 216
     Doing FMS for a cluster of   28 atoms around iph =   3 in fmsie
    0   FMS matrix (LUD) at point   1, number of state kets = 252
  Electronic configuration
   iph    il      N_el
     0     0    1.776
     0     1    4.291
     0     2    0.116
     0     3    0.000
     1     0    0.309
     1     1    6.419
     1     2    0.992
     1     3    0.000
     2     0    0.732
     2     1    0.771
     2     2    7.282
     2     3    0.000
     3     0    1.783
     3     1    4.288
     3     2    0.106
     3     3    0.000
 mu_new=    -7.316
 Charge transfer:  iph  charge(iph)
       0   -0.182
       1    0.282
       2    0.213
       3   -0.177
              SCF ITERATION NUMBER 26  OUT OF  30
 Calculating energy and space dependent l-DOS.  It takes time ...
     point #   1  energy = -33.500
     Doing FMS for a cluster of   24 atoms around iph =   0 in fmsie
    0   FMS matrix (LUD) at point   1, number of state kets = 216
     Doing FMS for a cluster of   24 atoms around iph =   1 in fmsie
    0   FMS matrix (LUD) at point   1, number of state kets = 216
     Doing FMS for a cluster of   24 atoms around iph =   2 in fmsie
    0   FMS matrix (LUD) at point   1, number of state kets = 216
     Doing FMS for a cluster of   28 atoms around iph =   3 in fmsie
    0   FMS matrix (LUD) at point   1, number of state kets = 252
  Electronic configuration
   iph    il      N_el
     0     0    1.776
     0     1    4.289
     0     2    0.117
     0     3    0.000
     1     0    0.309
     1     1    6.419
     1     2    0.995
     1     3    0.000
     2     0    0.732
     2     1    0.771
     2     2    7.282
     2     3    0.000
     3     0    1.783
     3     1    4.287
     3     2    0.107
     3     3    0.000
 mu_new=    -7.316
 Charge transfer:  iph  charge(iph)
       0   -0.182
       1    0.282
       2    0.213
       3   -0.177
              SCF ITERATION NUMBER 27  OUT OF  30
 Calculating energy and space dependent l-DOS.  It takes time ...
     point #   1  energy = -33.500
     Doing FMS for a cluster of   24 atoms around iph =   0 in fmsie
    0   FMS matrix (LUD) at point   1, number of state kets = 216
     Doing FMS for a cluster of   24 atoms around iph =   1 in fmsie
    0   FMS matrix (LUD) at point   1, number of state kets = 216
     Doing FMS for a cluster of   24 atoms around iph =   2 in fmsie
    0   FMS matrix (LUD) at point   1, number of state kets = 216
     Doing FMS for a cluster of   28 atoms around iph =   3 in fmsie
    0   FMS matrix (LUD) at point   1, number of state kets = 252
  Electronic configuration
   iph    il      N_el
     0     0    1.776
     0     1    4.290
     0     2    0.117
     0     3    0.000
     1     0    0.309
     1     1    6.419
     1     2    0.994
     1     3    0.000
     2     0    0.732
     2     1    0.771
     2     2    7.283
     2     3    0.000
     3     0    1.783
     3     1    4.287
     3     2    0.107
     3     3    0.000
 mu_new=    -7.316
 Charge transfer:  iph  charge(iph)
       0   -0.183
       1    0.285
       2    0.212
       3   -0.177
              SCF ITERATION NUMBER 28  OUT OF  30
 Calculating energy and space dependent l-DOS.  It takes time ...
     point #   1  energy = -33.500
     Doing FMS for a cluster of   24 atoms around iph =   0 in fmsie
    0   FMS matrix (LUD) at point   1, number of state kets = 216
     Doing FMS for a cluster of   24 atoms around iph =   1 in fmsie
    0   FMS matrix (LUD) at point   1, number of state kets = 216
     Doing FMS for a cluster of   24 atoms around iph =   2 in fmsie
    0   FMS matrix (LUD) at point   1, number of state kets = 216
     Doing FMS for a cluster of   28 atoms around iph =   3 in fmsie
    0   FMS matrix (LUD) at point   1, number of state kets = 252
  Electronic configuration
   iph    il      N_el
     0     0    1.776
     0     1    4.290
     0     2    0.116
     0     3    0.000
     1     0    0.309
     1     1    6.419
     1     2    0.993
     1     3    0.000
     2     0    0.732
     2     1    0.771
     2     2    7.283
     2     3    0.000
     3     0    1.783
     3     1    4.287
     3     2    0.107
     3     3    0.000
 mu_new=    -7.315
 Charge transfer:  iph  charge(iph)
       0   -0.182
       1    0.278
       2    0.214
       3   -0.176
              SCF ITERATION NUMBER 29  OUT OF  30
 Calculating energy and space dependent l-DOS.  It takes time ...
     point #   1  energy = -33.500
     Doing FMS for a cluster of   24 atoms around iph =   0 in fmsie
    0   FMS matrix (LUD) at point   1, number of state kets = 216
     Doing FMS for a cluster of   24 atoms around iph =   1 in fmsie
    0   FMS matrix (LUD) at point   1, number of state kets = 216
     Doing FMS for a cluster of   24 atoms around iph =   2 in fmsie
    0   FMS matrix (LUD) at point   1, number of state kets = 216
     Doing FMS for a cluster of   28 atoms around iph =   3 in fmsie
    0   FMS matrix (LUD) at point   1, number of state kets = 252
  Electronic configuration
   iph    il      N_el
     0     0    1.776
     0     1    4.285
     0     2    0.119
     0     3    0.000
     1     0    0.310
     1     1    6.420
     1     2    1.007
     1     3    0.000
     2     0    0.732
     2     1    0.773
     2     2    7.278
     2     3    0.000
     3     0    1.783
     3     1    4.282
     3     2    0.109
     3     3    0.000
 mu_new=    -7.315
 Charge transfer:  iph  charge(iph)
       0   -0.184
       1    0.291
       2    0.211
       3   -0.178
              SCF ITERATION NUMBER 30  OUT OF  30
 Calculating energy and space dependent l-DOS.  It takes time ...
     point #   1  energy = -33.500
     Doing FMS for a cluster of   24 atoms around iph =   0 in fmsie
    0   FMS matrix (LUD) at point   1, number of state kets = 216
     Doing FMS for a cluster of   24 atoms around iph =   1 in fmsie
    0   FMS matrix (LUD) at point   1, number of state kets = 216
     Doing FMS for a cluster of   24 atoms around iph =   2 in fmsie
    0   FMS matrix (LUD) at point   1, number of state kets = 216
     Doing FMS for a cluster of   28 atoms around iph =   3 in fmsie
    0   FMS matrix (LUD) at point   1, number of state kets = 252
  Electronic configuration
   iph    il      N_el
     0     0    1.776
     0     1    4.289
     0     2    0.116
     0     3    0.000
     1     0    0.310
     1     1    6.420
     1     2    0.996
     1     3    0.000
     2     0    0.732
     2     1    0.772
     2     2    7.282
     2     3    0.000
     3     0    1.783
     3     1    4.286
     3     2    0.107
     3     3    0.000
 mu_new=    -7.311
 Charge transfer:  iph  charge(iph)
       0   -0.171
       1    0.208
       2    0.229
       3   -0.166
:WARNING Convergence not reached; ran out of iterations.
 Done with module 1: potentials.
 total time       19.0591351985931     
 communicate time   1.09405112266541     
