 Number of processors =           12
 Calculating LDOS ...
              LDOS calculation for specified grid
 Calculating energy and space dependent l-DOS.
 It takes time ...
     potential type  0
     potential type  1
     potential type  2
     potential type  3
 Number of energy points = 101
 Doing FMS for a cluster of 136 atoms around iph =  0
    7   FMS matrix (LUD) at point  20, number of state kets =2176
   11   FMS matrix (LUD) at point  60, number of state kets =2176
    7   FMS matrix (LUD) at point  80, number of state kets =2176
    3   FMS matrix (LUD) at point  40, number of state kets =2176
    3   FMS matrix (LUD) at point 100, number of state kets =2176
 Number of energy points = 101
 Doing FMS for a cluster of 125 atoms around iph =  1
    7   FMS matrix (LUD) at point  20, number of state kets =2000
    3   FMS matrix (LUD) at point  40, number of state kets =2000
   11   FMS matrix (LUD) at point  60, number of state kets =2000
    7   FMS matrix (LUD) at point  80, number of state kets =2000
    3   FMS matrix (LUD) at point 100, number of state kets =2000
 Number of energy points = 101
 Doing FMS for a cluster of 133 atoms around iph =  2
    7   FMS matrix (LUD) at point  20, number of state kets =2128
    3   FMS matrix (LUD) at point  40, number of state kets =2128
   11   FMS matrix (LUD) at point  60, number of state kets =2128
    7   FMS matrix (LUD) at point  80, number of state kets =2128
    3   FMS matrix (LUD) at point 100, number of state kets =2128
 Number of energy points = 101
 Doing FMS for a cluster of 118 atoms around iph =  3
    7   FMS matrix (LUD) at point  20, number of state kets =1888
    3   FMS matrix (LUD) at point  40, number of state kets =1888
   11   FMS matrix (LUD) at point  60, number of state kets =1888
    7   FMS matrix (LUD) at point  80, number of state kets =1888
    3   FMS matrix (LUD) at point 100, number of state kets =1888
 Calculating chi and rho...    0
 Calculating chi and rho...    1
 Calculating chi and rho...    2
 Calculating chi and rho...    3
 Done with LDOS.
 total time       78.1984140872955     
 communicate time   10.3046114444733     
