 Number of processors =           12
 Calculating potentials ...
muffin tin radii and interstitial parameters
 iph, rnrm(iph)*bohr, rmt(iph)*bohr, folp(iph)
    0  1.04694E+00  9.16412E-01  1.15000E+00
    1  1.78616E+00  1.72373E+00  1.09231E+00
    2  1.42009E+00  1.24303E+00  1.15000E+00
    3  1.04688E+00  9.16317E-01  1.15000E+00
              Core-valence separation
 ecv=   -32.000
 mu_old=     4.816
              SCF ITERATION NUMBER  1  OUT OF  30
 Calculating energy and space dependent l-DOS.  It takes time ...
     point #   1  energy = -32.000
     Doing FMS for a cluster of   23 atoms around iph =   0 in fmsie
    0   FMS matrix (LUD) at point   1, number of state kets = 207
     Doing FMS for a cluster of   26 atoms around iph =   1 in fmsie
    0   FMS matrix (LUD) at point   1, number of state kets = 234
     Doing FMS for a cluster of   27 atoms around iph =   2 in fmsie
    0   FMS matrix (LUD) at point   1, number of state kets = 243
     Doing FMS for a cluster of   23 atoms around iph =   3 in fmsie
    0   FMS matrix (LUD) at point   1, number of state kets = 207
  Electronic configuration
   iph    il      N_el
     0     0    1.824
     0     1    4.645
     0     2    0.117
     0     3    0.000
     1     0    0.341
     1     1    6.421
     1     2    1.230
     1     3    0.000
     2     0    0.655
     2     1    0.817
     2     2    6.356
     2     3    0.000
     3     0    1.824
     3     1    4.646
     3     2    0.117
     3     3    0.000
 mu_new=    -6.442
 Charge transfer:  iph  charge(iph)
       0   -0.113
       1    0.004
       2    0.224
       3   -0.113
              SCF ITERATION NUMBER  2  OUT OF  30
 Calculating energy and space dependent l-DOS.  It takes time ...
     point #   1  energy = -32.000
     Doing FMS for a cluster of   23 atoms around iph =   0 in fmsie
    0   FMS matrix (LUD) at point   1, number of state kets = 207
     Doing FMS for a cluster of   26 atoms around iph =   1 in fmsie
    0   FMS matrix (LUD) at point   1, number of state kets = 234
     Doing FMS for a cluster of   27 atoms around iph =   2 in fmsie
    0   FMS matrix (LUD) at point   1, number of state kets = 243
     Doing FMS for a cluster of   23 atoms around iph =   3 in fmsie
    0   FMS matrix (LUD) at point   1, number of state kets = 207
  Electronic configuration
   iph    il      N_el
     0     0    1.803
     0     1    4.287
     0     2    0.114
     0     3    0.000
     1     0    0.329
     1     1    6.406
     1     2    1.164
     1     3    0.000
     2     0    0.686
     2     1    0.829
     2     2    7.128
     2     3    0.000
     3     0    1.803
     3     1    4.287
     3     2    0.114
     3     3    0.000
 mu_new=    -6.891
 Charge transfer:  iph  charge(iph)
       0   -0.183
       1    0.078
       2    0.327
       3   -0.183
              SCF ITERATION NUMBER  3  OUT OF  30
 Calculating energy and space dependent l-DOS.  It takes time ...
     point #   1  energy = -32.000
     Doing FMS for a cluster of   23 atoms around iph =   0 in fmsie
    0   FMS matrix (LUD) at point   1, number of state kets = 207
     Doing FMS for a cluster of   26 atoms around iph =   1 in fmsie
    0   FMS matrix (LUD) at point   1, number of state kets = 234
     Doing FMS for a cluster of   27 atoms around iph =   2 in fmsie
    0   FMS matrix (LUD) at point   1, number of state kets = 243
     Doing FMS for a cluster of   23 atoms around iph =   3 in fmsie
    0   FMS matrix (LUD) at point   1, number of state kets = 207
  Electronic configuration
   iph    il      N_el
     0     0    1.801
     0     1    4.253
     0     2    0.116
     0     3    0.000
     1     0    0.340
     1     1    6.415
     1     2    1.225
     1     3    0.000
     2     0    0.696
     2     1    0.842
     2     2    7.128
     2     3    0.000
     3     0    1.801
     3     1    4.254
     3     2    0.116
     3     3    0.000
 mu_new=    -6.358
 Charge transfer:  iph  charge(iph)
       0   -0.194
       1    0.078
       2    0.348
       3   -0.194
              SCF ITERATION NUMBER  4  OUT OF  30
 Calculating energy and space dependent l-DOS.  It takes time ...
     point #   1  energy = -32.000
     Doing FMS for a cluster of   23 atoms around iph =   0 in fmsie
    0   FMS matrix (LUD) at point   1, number of state kets = 207
     Doing FMS for a cluster of   26 atoms around iph =   1 in fmsie
    0   FMS matrix (LUD) at point   1, number of state kets = 234
     Doing FMS for a cluster of   27 atoms around iph =   2 in fmsie
    0   FMS matrix (LUD) at point   1, number of state kets = 243
     Doing FMS for a cluster of   23 atoms around iph =   3 in fmsie
    0   FMS matrix (LUD) at point   1, number of state kets = 207
  Electronic configuration
   iph    il      N_el
     0     0    1.802
     0     1    4.272
     0     2    0.117
     0     3    0.000
     1     0    0.338
     1     1    6.412
     1     2    1.217
     1     3    0.000
     2     0    0.696
     2     1    0.842
     2     2    7.098
     2     3    0.000
     3     0    1.802
     3     1    4.272
     3     2    0.117
     3     3    0.000
 mu_new=    -6.270
 Charge transfer:  iph  charge(iph)
       0   -0.194
       1    0.069
       2    0.353
       3   -0.193
              SCF ITERATION NUMBER  5  OUT OF  30
 Calculating energy and space dependent l-DOS.  It takes time ...
     point #   1  energy = -32.000
     Doing FMS for a cluster of   23 atoms around iph =   0 in fmsie
    0   FMS matrix (LUD) at point   1, number of state kets = 207
     Doing FMS for a cluster of   26 atoms around iph =   1 in fmsie
    0   FMS matrix (LUD) at point   1, number of state kets = 234
     Doing FMS for a cluster of   27 atoms around iph =   2 in fmsie
    0   FMS matrix (LUD) at point   1, number of state kets = 243
     Doing FMS for a cluster of   23 atoms around iph =   3 in fmsie
    0   FMS matrix (LUD) at point   1, number of state kets = 207
  Electronic configuration
   iph    il      N_el
     0     0    1.802
     0     1    4.271
     0     2    0.116
     0     3    0.000
     1     0    0.336
     1     1    6.409
     1     2    1.203
     1     3    0.000
     2     0    0.696
     2     1    0.840
     2     2    7.111
     2     3    0.000
     3     0    1.802
     3     1    4.271
     3     2    0.116
     3     3    0.000
 mu_new=    -6.321
 Charge transfer:  iph  charge(iph)
       0   -0.192
       1    0.062
       2    0.353
       3   -0.192
              SCF ITERATION NUMBER  6  OUT OF  30
 Calculating energy and space dependent l-DOS.  It takes time ...
     point #   1  energy = -32.000
     Doing FMS for a cluster of   23 atoms around iph =   0 in fmsie
    0   FMS matrix (LUD) at point   1, number of state kets = 207
     Doing FMS for a cluster of   26 atoms around iph =   1 in fmsie
    0   FMS matrix (LUD) at point   1, number of state kets = 234
     Doing FMS for a cluster of   27 atoms around iph =   2 in fmsie
    0   FMS matrix (LUD) at point   1, number of state kets = 243
     Doing FMS for a cluster of   23 atoms around iph =   3 in fmsie
    0   FMS matrix (LUD) at point   1, number of state kets = 207
  Electronic configuration
   iph    il      N_el
     0     0    1.802
     0     1    4.276
     0     2    0.116
     0     3    0.000
     1     0    0.334
     1     1    6.407
     1     2    1.191
     1     3    0.000
     2     0    0.695
     2     1    0.838
     2     2    7.114
     2     3    0.000
     3     0    1.802
     3     1    4.275
     3     2    0.116
     3     3    0.000
 mu_new=    -6.376
 Charge transfer:  iph  charge(iph)
       0   -0.192
       1    0.063
       2    0.353
       3   -0.192
              SCF ITERATION NUMBER  7  OUT OF  30
 Calculating energy and space dependent l-DOS.  It takes time ...
     point #   1  energy = -32.000
     Doing FMS for a cluster of   23 atoms around iph =   0 in fmsie
    0   FMS matrix (LUD) at point   1, number of state kets = 207
     Doing FMS for a cluster of   26 atoms around iph =   1 in fmsie
    0   FMS matrix (LUD) at point   1, number of state kets = 234
     Doing FMS for a cluster of   27 atoms around iph =   2 in fmsie
    0   FMS matrix (LUD) at point   1, number of state kets = 243
     Doing FMS for a cluster of   23 atoms around iph =   3 in fmsie
    0   FMS matrix (LUD) at point   1, number of state kets = 207
  Electronic configuration
   iph    il      N_el
     0     0    1.802
     0     1    4.261
     0     2    0.124
     0     3    0.000
     1     0    0.338
     1     1    6.411
     1     2    1.239
     1     3    0.000
     2     0    0.696
     2     1    0.842
     2     2    7.094
     2     3    0.000
     3     0    1.802
     3     1    4.261
     3     2    0.124
     3     3    0.000
 mu_new=    -6.376
 Charge transfer:  iph  charge(iph)
       0   -0.192
       1    0.061
       2    0.354
       3   -0.192
              SCF ITERATION NUMBER  8  OUT OF  30
 Calculating energy and space dependent l-DOS.  It takes time ...
     point #   1  energy = -32.000
     Doing FMS for a cluster of   23 atoms around iph =   0 in fmsie
    0   FMS matrix (LUD) at point   1, number of state kets = 207
     Doing FMS for a cluster of   26 atoms around iph =   1 in fmsie
    0   FMS matrix (LUD) at point   1, number of state kets = 234
     Doing FMS for a cluster of   27 atoms around iph =   2 in fmsie
    0   FMS matrix (LUD) at point   1, number of state kets = 243
     Doing FMS for a cluster of   23 atoms around iph =   3 in fmsie
    0   FMS matrix (LUD) at point   1, number of state kets = 207
  Electronic configuration
   iph    il      N_el
     0     0    1.802
     0     1    4.257
     0     2    0.126
     0     3    0.000
     1     0    0.339
     1     1    6.411
     1     2    1.251
     1     3    0.000
     2     0    0.696
     2     1    0.843
     2     2    7.089
     2     3    0.000
     3     0    1.802
     3     1    4.257
     3     2    0.126
     3     3    0.000
 mu_new=    -6.376
 Charge transfer:  iph  charge(iph)
       0   -0.193
       1    0.069
       2    0.352
       3   -0.193
              SCF ITERATION NUMBER  9  OUT OF  30
 Calculating energy and space dependent l-DOS.  It takes time ...
     point #   1  energy = -32.000
     Doing FMS for a cluster of   23 atoms around iph =   0 in fmsie
    0   FMS matrix (LUD) at point   1, number of state kets = 207
     Doing FMS for a cluster of   26 atoms around iph =   1 in fmsie
    0   FMS matrix (LUD) at point   1, number of state kets = 234
     Doing FMS for a cluster of   27 atoms around iph =   2 in fmsie
    0   FMS matrix (LUD) at point   1, number of state kets = 243
     Doing FMS for a cluster of   23 atoms around iph =   3 in fmsie
    0   FMS matrix (LUD) at point   1, number of state kets = 207
  Electronic configuration
   iph    il      N_el
     0     0    1.802
     0     1    4.266
     0     2    0.121
     0     3    0.000
     1     0    0.337
     1     1    6.410
     1     2    1.225
     1     3    0.000
     2     0    0.695
     2     1    0.841
     2     2    7.100
     2     3    0.000
     3     0    1.802
     3     1    4.266
     3     2    0.121
     3     3    0.000
 mu_new=    -6.376
 Charge transfer:  iph  charge(iph)
       0   -0.195
       1    0.082
       2    0.348
       3   -0.194
              SCF ITERATION NUMBER 10  OUT OF  30
 Calculating energy and space dependent l-DOS.  It takes time ...
     point #   1  energy = -32.000
     Doing FMS for a cluster of   23 atoms around iph =   0 in fmsie
    0   FMS matrix (LUD) at point   1, number of state kets = 207
     Doing FMS for a cluster of   26 atoms around iph =   1 in fmsie
    0   FMS matrix (LUD) at point   1, number of state kets = 234
     Doing FMS for a cluster of   27 atoms around iph =   2 in fmsie
    0   FMS matrix (LUD) at point   1, number of state kets = 243
     Doing FMS for a cluster of   23 atoms around iph =   3 in fmsie
    0   FMS matrix (LUD) at point   1, number of state kets = 207
  Electronic configuration
   iph    il      N_el
     0     0    1.802
     0     1    4.268
     0     2    0.119
     0     3    0.000
     1     0    0.337
     1     1    6.411
     1     2    1.222
     1     3    0.000
     2     0    0.695
     2     1    0.840
     2     2    7.101
     2     3    0.000
     3     0    1.802
     3     1    4.268
     3     2    0.119
     3     3    0.000
 mu_new=    -6.376
 Charge transfer:  iph  charge(iph)
       0   -0.190
       1    0.047
       2    0.358
       3   -0.190
              SCF ITERATION NUMBER 11  OUT OF  30
 Calculating energy and space dependent l-DOS.  It takes time ...
     point #   1  energy = -32.000
     Doing FMS for a cluster of   23 atoms around iph =   0 in fmsie
    0   FMS matrix (LUD) at point   1, number of state kets = 207
     Doing FMS for a cluster of   26 atoms around iph =   1 in fmsie
    0   FMS matrix (LUD) at point   1, number of state kets = 234
     Doing FMS for a cluster of   27 atoms around iph =   2 in fmsie
    0   FMS matrix (LUD) at point   1, number of state kets = 243
     Doing FMS for a cluster of   23 atoms around iph =   3 in fmsie
    0   FMS matrix (LUD) at point   1, number of state kets = 207
  Electronic configuration
   iph    il      N_el
     0     0    1.802
     0     1    4.277
     0     2    0.116
     0     3    0.000
     1     0    0.332
     1     1    6.404
     1     2    1.179
     1     3    0.000
     2     0    0.694
     2     1    0.837
     2     2    7.122
     2     3    0.000
     3     0    1.802
     3     1    4.276
     3     2    0.116
     3     3    0.000
 mu_new=    -6.409
 Charge transfer:  iph  charge(iph)
       0   -0.193
       1    0.069
       2    0.351
       3   -0.193
              SCF ITERATION NUMBER 12  OUT OF  30
 Calculating energy and space dependent l-DOS.  It takes time ...
     point #   1  energy = -32.000
     Doing FMS for a cluster of   23 atoms around iph =   0 in fmsie
    0   FMS matrix (LUD) at point   1, number of state kets = 207
     Doing FMS for a cluster of   26 atoms around iph =   1 in fmsie
    0   FMS matrix (LUD) at point   1, number of state kets = 234
     Doing FMS for a cluster of   27 atoms around iph =   2 in fmsie
    0   FMS matrix (LUD) at point   1, number of state kets = 243
     Doing FMS for a cluster of   23 atoms around iph =   3 in fmsie
    0   FMS matrix (LUD) at point   1, number of state kets = 207
  Electronic configuration
   iph    il      N_el
     0     0    1.802
     0     1    4.275
     0     2    0.116
     0     3    0.000
     1     0    0.334
     1     1    6.407
     1     2    1.193
     1     3    0.000
     2     0    0.695
     2     1    0.838
     2     2    7.115
     2     3    0.000
     3     0    1.802
     3     1    4.275
     3     2    0.116
     3     3    0.000
 mu_new=    -6.396
 Charge transfer:  iph  charge(iph)
       0   -0.193
       1    0.072
       2    0.351
       3   -0.193
              SCF ITERATION NUMBER 13  OUT OF  30
 Calculating energy and space dependent l-DOS.  It takes time ...
     point #   1  energy = -32.000
     Doing FMS for a cluster of   23 atoms around iph =   0 in fmsie
    0   FMS matrix (LUD) at point   1, number of state kets = 207
     Doing FMS for a cluster of   26 atoms around iph =   1 in fmsie
    0   FMS matrix (LUD) at point   1, number of state kets = 234
     Doing FMS for a cluster of   27 atoms around iph =   2 in fmsie
    0   FMS matrix (LUD) at point   1, number of state kets = 243
     Doing FMS for a cluster of   23 atoms around iph =   3 in fmsie
    0   FMS matrix (LUD) at point   1, number of state kets = 207
  Electronic configuration
   iph    il      N_el
     0     0    1.802
     0     1    4.274
     0     2    0.116
     0     3    0.000
     1     0    0.334
     1     1    6.408
     1     2    1.196
     1     3    0.000
     2     0    0.695
     2     1    0.838
     2     2    7.115
     2     3    0.000
     3     0    1.802
     3     1    4.274
     3     2    0.116
     3     3    0.000
 mu_new=    -6.396
 Charge transfer:  iph  charge(iph)
       0   -0.193
       1    0.072
       2    0.351
       3   -0.193
              SCF ITERATION NUMBER 14  OUT OF  30
 Calculating energy and space dependent l-DOS.  It takes time ...
     point #   1  energy = -32.000
     Doing FMS for a cluster of   23 atoms around iph =   0 in fmsie
    0   FMS matrix (LUD) at point   1, number of state kets = 207
     Doing FMS for a cluster of   26 atoms around iph =   1 in fmsie
    0   FMS matrix (LUD) at point   1, number of state kets = 234
     Doing FMS for a cluster of   27 atoms around iph =   2 in fmsie
    0   FMS matrix (LUD) at point   1, number of state kets = 243
     Doing FMS for a cluster of   23 atoms around iph =   3 in fmsie
    0   FMS matrix (LUD) at point   1, number of state kets = 207
  Electronic configuration
   iph    il      N_el
     0     0    1.802
     0     1    4.274
     0     2    0.116
     0     3    0.000
     1     0    0.334
     1     1    6.408
     1     2    1.196
     1     3    0.000
     2     0    0.695
     2     1    0.838
     2     2    7.115
     2     3    0.000
     3     0    1.802
     3     1    4.274
     3     2    0.116
     3     3    0.000
 mu_new=    -6.396
 Charge transfer:  iph  charge(iph)
       0   -0.193
       1    0.071
       2    0.351
       3   -0.193
              SCF ITERATION NUMBER 15  OUT OF  30
 Calculating energy and space dependent l-DOS.  It takes time ...
     point #   1  energy = -32.000
     Doing FMS for a cluster of   23 atoms around iph =   0 in fmsie
    0   FMS matrix (LUD) at point   1, number of state kets = 207
     Doing FMS for a cluster of   26 atoms around iph =   1 in fmsie
    0   FMS matrix (LUD) at point   1, number of state kets = 234
     Doing FMS for a cluster of   27 atoms around iph =   2 in fmsie
    0   FMS matrix (LUD) at point   1, number of state kets = 243
     Doing FMS for a cluster of   23 atoms around iph =   3 in fmsie
    0   FMS matrix (LUD) at point   1, number of state kets = 207
  Electronic configuration
   iph    il      N_el
     0     0    1.802
     0     1    4.273
     0     2    0.116
     0     3    0.000
     1     0    0.335
     1     1    6.408
     1     2    1.198
     1     3    0.000
     2     0    0.695
     2     1    0.838
     2     2    7.114
     2     3    0.000
     3     0    1.802
     3     1    4.273
     3     2    0.116
     3     3    0.000
 mu_new=    -6.396
 Charge transfer:  iph  charge(iph)
       0   -0.194
       1    0.079
       2    0.349
       3   -0.194
              SCF ITERATION NUMBER 16  OUT OF  30
 Calculating energy and space dependent l-DOS.  It takes time ...
     point #   1  energy = -32.000
     Doing FMS for a cluster of   23 atoms around iph =   0 in fmsie
    0   FMS matrix (LUD) at point   1, number of state kets = 207
     Doing FMS for a cluster of   26 atoms around iph =   1 in fmsie
    0   FMS matrix (LUD) at point   1, number of state kets = 234
     Doing FMS for a cluster of   27 atoms around iph =   2 in fmsie
    0   FMS matrix (LUD) at point   1, number of state kets = 243
     Doing FMS for a cluster of   23 atoms around iph =   3 in fmsie
    0   FMS matrix (LUD) at point   1, number of state kets = 207
  Electronic configuration
   iph    il      N_el
     0     0    1.802
     0     1    4.274
     0     2    0.116
     0     3    0.000
     1     0    0.335
     1     1    6.409
     1     2    1.199
     1     3    0.000
     2     0    0.695
     2     1    0.838
     2     2    7.113
     2     3    0.000
     3     0    1.802
     3     1    4.274
     3     2    0.116
     3     3    0.000
 mu_new=    -6.393
 Charge transfer:  iph  charge(iph)
       0   -0.192
       1    0.061
       2    0.353
       3   -0.192
              SCF ITERATION NUMBER 17  OUT OF  30
 Calculating energy and space dependent l-DOS.  It takes time ...
     point #   1  energy = -32.000
     Doing FMS for a cluster of   23 atoms around iph =   0 in fmsie
    0   FMS matrix (LUD) at point   1, number of state kets = 207
     Doing FMS for a cluster of   26 atoms around iph =   1 in fmsie
    0   FMS matrix (LUD) at point   1, number of state kets = 234
     Doing FMS for a cluster of   27 atoms around iph =   2 in fmsie
    0   FMS matrix (LUD) at point   1, number of state kets = 243
     Doing FMS for a cluster of   23 atoms around iph =   3 in fmsie
    0   FMS matrix (LUD) at point   1, number of state kets = 207
  Electronic configuration
   iph    il      N_el
     0     0    1.802
     0     1    4.266
     0     2    0.121
     0     3    0.000
     1     0    0.336
     1     1    6.409
     1     2    1.219
     1     3    0.000
     2     0    0.695
     2     1    0.840
     2     2    7.104
     2     3    0.000
     3     0    1.802
     3     1    4.266
     3     2    0.121
     3     3    0.000
 mu_new=    -6.393
 Charge transfer:  iph  charge(iph)
       0   -0.199
       1    0.115
       2    0.341
       3   -0.199
negative dens  10  0 -780.371233 - usually due to harmless precision errors, but check DOS to make sure
negative dens  10  3 -780.790813 - usually due to harmless precision errors, but check DOS to make sure
              SCF ITERATION NUMBER 18  OUT OF  30
 Calculating energy and space dependent l-DOS.  It takes time ...
     point #   1  energy = -32.000
     Doing FMS for a cluster of   23 atoms around iph =   0 in fmsie
    0   FMS matrix (LUD) at point   1, number of state kets = 207
     Doing FMS for a cluster of   26 atoms around iph =   1 in fmsie
    0   FMS matrix (LUD) at point   1, number of state kets = 234
     Doing FMS for a cluster of   27 atoms around iph =   2 in fmsie
    0   FMS matrix (LUD) at point   1, number of state kets = 243
     Doing FMS for a cluster of   23 atoms around iph =   3 in fmsie
    0   FMS matrix (LUD) at point   1, number of state kets = 207
  Electronic configuration
   iph    il      N_el
     0     0    1.802
     0     1    4.271
     0     2    0.116
     0     3    0.000
     1     0    0.338
     1     1    6.413
     1     2    1.221
     1     3    0.000
     2     0    0.695
     2     1    0.839
     2     2    7.102
     2     3    0.000
     3     0    1.802
     3     1    4.271
     3     2    0.116
     3     3    0.000
 mu_new=    -6.369
 Charge transfer:  iph  charge(iph)
       0   -0.189
       1    0.041
       2    0.358
       3   -0.189
              SCF ITERATION NUMBER 19  OUT OF  30
 Calculating energy and space dependent l-DOS.  It takes time ...
     point #   1  energy = -32.000
     Doing FMS for a cluster of   23 atoms around iph =   0 in fmsie
    0   FMS matrix (LUD) at point   1, number of state kets = 207
     Doing FMS for a cluster of   26 atoms around iph =   1 in fmsie
    0   FMS matrix (LUD) at point   1, number of state kets = 234
     Doing FMS for a cluster of   27 atoms around iph =   2 in fmsie
    0   FMS matrix (LUD) at point   1, number of state kets = 243
     Doing FMS for a cluster of   23 atoms around iph =   3 in fmsie
    0   FMS matrix (LUD) at point   1, number of state kets = 207
  Electronic configuration
   iph    il      N_el
     0     0    1.802
     0     1    4.277
     0     2    0.115
     0     3    0.000
     1     0    0.332
     1     1    6.404
     1     2    1.175
     1     3    0.000
     2     0    0.694
     2     1    0.837
     2     2    7.124
     2     3    0.000
     3     0    1.802
     3     1    4.277
     3     2    0.116
     3     3    0.000
 mu_new=    -6.418
 Charge transfer:  iph  charge(iph)
       0   -0.192
       1    0.063
       2    0.353
       3   -0.192
              SCF ITERATION NUMBER 20  OUT OF  30
 Calculating energy and space dependent l-DOS.  It takes time ...
     point #   1  energy = -32.000
     Doing FMS for a cluster of   23 atoms around iph =   0 in fmsie
    0   FMS matrix (LUD) at point   1, number of state kets = 207
     Doing FMS for a cluster of   26 atoms around iph =   1 in fmsie
    0   FMS matrix (LUD) at point   1, number of state kets = 234
     Doing FMS for a cluster of   27 atoms around iph =   2 in fmsie
    0   FMS matrix (LUD) at point   1, number of state kets = 243
     Doing FMS for a cluster of   23 atoms around iph =   3 in fmsie
    0   FMS matrix (LUD) at point   1, number of state kets = 207
  Electronic configuration
   iph    il      N_el
     0     0    1.802
     0     1    4.276
     0     2    0.116
     0     3    0.000
     1     0    0.333
     1     1    6.406
     1     2    1.189
     1     3    0.000
     2     0    0.694
     2     1    0.837
     2     2    7.117
     2     3    0.000
     3     0    1.802
     3     1    4.276
     3     2    0.116
     3     3    0.000
 mu_new=    -6.403
 Charge transfer:  iph  charge(iph)
       0   -0.193
       1    0.067
       2    0.352
       3   -0.193
              SCF ITERATION NUMBER 21  OUT OF  30
 Calculating energy and space dependent l-DOS.  It takes time ...
     point #   1  energy = -32.000
     Doing FMS for a cluster of   23 atoms around iph =   0 in fmsie
    0   FMS matrix (LUD) at point   1, number of state kets = 207
     Doing FMS for a cluster of   26 atoms around iph =   1 in fmsie
    0   FMS matrix (LUD) at point   1, number of state kets = 234
     Doing FMS for a cluster of   27 atoms around iph =   2 in fmsie
    0   FMS matrix (LUD) at point   1, number of state kets = 243
     Doing FMS for a cluster of   23 atoms around iph =   3 in fmsie
    0   FMS matrix (LUD) at point   1, number of state kets = 207
  Electronic configuration
   iph    il      N_el
     0     0    1.802
     0     1    4.275
     0     2    0.116
     0     3    0.000
     1     0    0.334
     1     1    6.407
     1     2    1.191
     1     3    0.000
     2     0    0.695
     2     1    0.838
     2     2    7.117
     2     3    0.000
     3     0    1.802
     3     1    4.275
     3     2    0.116
     3     3    0.000
 mu_new=    -6.400
 Charge transfer:  iph  charge(iph)
       0   -0.192
       1    0.065
       2    0.352
       3   -0.192
              SCF ITERATION NUMBER 22  OUT OF  30
 Calculating energy and space dependent l-DOS.  It takes time ...
     point #   1  energy = -32.000
     Doing FMS for a cluster of   23 atoms around iph =   0 in fmsie
    0   FMS matrix (LUD) at point   1, number of state kets = 207
     Doing FMS for a cluster of   26 atoms around iph =   1 in fmsie
    0   FMS matrix (LUD) at point   1, number of state kets = 234
     Doing FMS for a cluster of   27 atoms around iph =   2 in fmsie
    0   FMS matrix (LUD) at point   1, number of state kets = 243
     Doing FMS for a cluster of   23 atoms around iph =   3 in fmsie
    0   FMS matrix (LUD) at point   1, number of state kets = 207
  Electronic configuration
   iph    il      N_el
     0     0    1.802
     0     1    4.274
     0     2    0.116
     0     3    0.000
     1     0    0.334
     1     1    6.407
     1     2    1.193
     1     3    0.000
     2     0    0.695
     2     1    0.838
     2     2    7.116
     2     3    0.000
     3     0    1.802
     3     1    4.274
     3     2    0.116
     3     3    0.000
 mu_new=    -6.400
 Charge transfer:  iph  charge(iph)
       0   -0.192
       1    0.065
       2    0.352
       3   -0.192
              SCF ITERATION NUMBER 23  OUT OF  30
 Calculating energy and space dependent l-DOS.  It takes time ...
     point #   1  energy = -32.000
     Doing FMS for a cluster of   23 atoms around iph =   0 in fmsie
    0   FMS matrix (LUD) at point   1, number of state kets = 207
     Doing FMS for a cluster of   26 atoms around iph =   1 in fmsie
    0   FMS matrix (LUD) at point   1, number of state kets = 234
     Doing FMS for a cluster of   27 atoms around iph =   2 in fmsie
    0   FMS matrix (LUD) at point   1, number of state kets = 243
     Doing FMS for a cluster of   23 atoms around iph =   3 in fmsie
    0   FMS matrix (LUD) at point   1, number of state kets = 207
  Electronic configuration
   iph    il      N_el
     0     0    1.802
     0     1    4.275
     0     2    0.116
     0     3    0.000
     1     0    0.334
     1     1    6.407
     1     2    1.192
     1     3    0.000
     2     0    0.695
     2     1    0.838
     2     2    7.116
     2     3    0.000
     3     0    1.802
     3     1    4.274
     3     2    0.116
     3     3    0.000
 mu_new=    -6.400
 Charge transfer:  iph  charge(iph)
       0   -0.192
       1    0.065
       2    0.352
       3   -0.192
              SCF ITERATION NUMBER 24  OUT OF  30
 Calculating energy and space dependent l-DOS.  It takes time ...
     point #   1  energy = -32.000
     Doing FMS for a cluster of   23 atoms around iph =   0 in fmsie
    0   FMS matrix (LUD) at point   1, number of state kets = 207
     Doing FMS for a cluster of   26 atoms around iph =   1 in fmsie
    0   FMS matrix (LUD) at point   1, number of state kets = 234
     Doing FMS for a cluster of   27 atoms around iph =   2 in fmsie
    0   FMS matrix (LUD) at point   1, number of state kets = 243
     Doing FMS for a cluster of   23 atoms around iph =   3 in fmsie
    0   FMS matrix (LUD) at point   1, number of state kets = 207
  Electronic configuration
   iph    il      N_el
     0     0    1.802
     0     1    4.274
     0     2    0.116
     0     3    0.000
     1     0    0.334
     1     1    6.407
     1     2    1.194
     1     3    0.000
     2     0    0.695
     2     1    0.838
     2     2    7.116
     2     3    0.000
     3     0    1.802
     3     1    4.274
     3     2    0.116
     3     3    0.000
 mu_new=    -6.400
 Charge transfer:  iph  charge(iph)
       0   -0.192
       1    0.063
       2    0.353
       3   -0.192
              SCF ITERATION NUMBER 25  OUT OF  30
 Calculating energy and space dependent l-DOS.  It takes time ...
     point #   1  energy = -32.000
     Doing FMS for a cluster of   23 atoms around iph =   0 in fmsie
    0   FMS matrix (LUD) at point   1, number of state kets = 207
     Doing FMS for a cluster of   26 atoms around iph =   1 in fmsie
    0   FMS matrix (LUD) at point   1, number of state kets = 234
     Doing FMS for a cluster of   27 atoms around iph =   2 in fmsie
    0   FMS matrix (LUD) at point   1, number of state kets = 243
     Doing FMS for a cluster of   23 atoms around iph =   3 in fmsie
    0   FMS matrix (LUD) at point   1, number of state kets = 207
  Electronic configuration
   iph    il      N_el
     0     0    1.802
     0     1    4.274
     0     2    0.117
     0     3    0.000
     1     0    0.334
     1     1    6.407
     1     2    1.195
     1     3    0.000
     2     0    0.695
     2     1    0.838
     2     2    7.115
     2     3    0.000
     3     0    1.802
     3     1    4.273
     3     2    0.117
     3     3    0.000
 mu_new=    -6.400
 Charge transfer:  iph  charge(iph)
       0   -0.192
       1    0.060
       2    0.353
       3   -0.192
              SCF ITERATION NUMBER 26  OUT OF  30
 Calculating energy and space dependent l-DOS.  It takes time ...
     point #   1  energy = -32.000
     Doing FMS for a cluster of   23 atoms around iph =   0 in fmsie
    0   FMS matrix (LUD) at point   1, number of state kets = 207
     Doing FMS for a cluster of   26 atoms around iph =   1 in fmsie
    0   FMS matrix (LUD) at point   1, number of state kets = 234
     Doing FMS for a cluster of   27 atoms around iph =   2 in fmsie
    0   FMS matrix (LUD) at point   1, number of state kets = 243
     Doing FMS for a cluster of   23 atoms around iph =   3 in fmsie
    0   FMS matrix (LUD) at point   1, number of state kets = 207
  Electronic configuration
   iph    il      N_el
     0     0    1.802
     0     1    4.272
     0     2    0.117
     0     3    0.000
     1     0    0.334
     1     1    6.407
     1     2    1.198
     1     3    0.000
     2     0    0.695
     2     1    0.838
     2     2    7.114
     2     3    0.000
     3     0    1.802
     3     1    4.272
     3     2    0.117
     3     3    0.000
 mu_new=    -6.400
 Charge transfer:  iph  charge(iph)
       0   -0.192
       1    0.061
       2    0.353
       3   -0.192
              SCF ITERATION NUMBER 27  OUT OF  30
 Calculating energy and space dependent l-DOS.  It takes time ...
     point #   1  energy = -32.000
     Doing FMS for a cluster of   23 atoms around iph =   0 in fmsie
    0   FMS matrix (LUD) at point   1, number of state kets = 207
     Doing FMS for a cluster of   26 atoms around iph =   1 in fmsie
    0   FMS matrix (LUD) at point   1, number of state kets = 234
     Doing FMS for a cluster of   27 atoms around iph =   2 in fmsie
    0   FMS matrix (LUD) at point   1, number of state kets = 243
     Doing FMS for a cluster of   23 atoms around iph =   3 in fmsie
    0   FMS matrix (LUD) at point   1, number of state kets = 207
  Electronic configuration
   iph    il      N_el
     0     0    1.802
     0     1    4.272
     0     2    0.117
     0     3    0.000
     1     0    0.334
     1     1    6.407
     1     2    1.198
     1     3    0.000
     2     0    0.695
     2     1    0.838
     2     2    7.114
     2     3    0.000
     3     0    1.802
     3     1    4.272
     3     2    0.117
     3     3    0.000
 mu_new=    -6.400
 Charge transfer:  iph  charge(iph)
       0   -0.192
       1    0.060
       2    0.353
       3   -0.192
 Convergence reached.
 Done with module 1: potentials.
 total time       16.0373189449310     
 communicate time  0.183754444122314     
